30.0 APEX_CODE,FINEST;APEX_PROFILING,INFO;CALLOUT,INFO;DB,INFO;SYSTEM,DEBUG;VALIDATION,INFO;VISUALFORCE,INFO;WORKFLOW,INFO
14:40:00.0 (357386)|USER_INFO|[EXTERNAL]|00557000005jeEC|p7s1.bschneider@factory42.com.kam|Mitteleuropäische Normalzeit|GMT+02:00
14:40:00.0 (398690)|EXECUTION_STARTED
14:40:00.0 (405963)|CODE_UNIT_STARTED|[EXTERNAL]|066D0000000V3u3|VF: /apex/vfp_P7S1_User_ChangeProfile
14:40:00.0 (10090335)|SYSTEM_MODE_ENTER|true
14:40:00.0 (10410941)|VARIABLE_SCOPE_BEGIN|[4]|cls_P7S1_User_ChangeProfile.PAGE_URL|String|false|true
14:40:00.0 (10420619)|VARIABLE_SCOPE_BEGIN|[5]|cls_P7S1_User_ChangeProfile.SITE_NAME|String|false|true
14:40:00.0 (10620907)|HEAP_ALLOCATE|[72]|Bytes:3
14:40:00.0 (10682200)|HEAP_ALLOCATE|[77]|Bytes:152
14:40:00.0 (10704951)|HEAP_ALLOCATE|[342]|Bytes:408
14:40:00.0 (10728263)|HEAP_ALLOCATE|[355]|Bytes:408
14:40:00.0 (10749329)|HEAP_ALLOCATE|[467]|Bytes:48
14:40:00.0 (10789323)|HEAP_ALLOCATE|[139]|Bytes:6
14:40:00.0 (10813812)|HEAP_ALLOCATE|[EXTERNAL]|Bytes:328
14:40:00.0 (10820172)|HEAP_ALLOCATE|[EXTERNAL]|Bytes:73
14:40:00.0 (10823518)|HEAP_ALLOCATE|[EXTERNAL]|Bytes:26
14:40:00.0 (10826674)|HEAP_ALLOCATE|[EXTERNAL]|Bytes:28
14:40:00.0 (10865810)|VARIABLE_ASSIGNMENT|[EXTERNAL]|cls_P7S1_User_ChangeProfile.PAGE_URL|"/vfp_P7S1_User_Chang (8 more) ..."
14:40:00.0 (10870338)|HEAP_ALLOCATE|[EXTERNAL]|Bytes:13
14:40:00.0 (10877522)|VARIABLE_ASSIGNMENT|[EXTERNAL]|cls_P7S1_User_ChangeProfile.SITE_NAME|"ChangeProfile"
14:40:00.0 (10892871)|METHOD_ENTRY|[1]|01pD0000000KT71|cls_P7S1_User_ChangeProfile.cls_P7S1_User_ChangeProfile()
14:40:00.0 (10896955)|STATEMENT_EXECUTE|[1]
14:40:00.0 (10901689)|STATEMENT_EXECUTE|[1]
14:40:00.0 (10947330)|HEAP_ALLOCATE|[50]|Bytes:5
14:40:00.0 (10987026)|HEAP_ALLOCATE|[56]|Bytes:5
14:40:00.0 (11003091)|HEAP_ALLOCATE|[64]|Bytes:7
14:40:00.0 (11042837)|HEAP_ALLOCATE|[EXTERNAL]|Bytes:5
14:40:00.0 (11060185)|METHOD_EXIT|[1]|cls_P7S1_User_ChangeProfile
14:40:00.0 (11066851)|HEAP_ALLOCATE|[EXTERNAL]|Bytes:52
14:40:00.0 (11074916)|VARIABLE_SCOPE_BEGIN|[43]|this|cls_P7S1_User_ChangeProfile|true|false
14:40:00.0 (11387982)|VARIABLE_ASSIGNMENT|[43]|this|{}|0x30984b4b
14:40:00.0 (11401088)|HEAP_ALLOCATE|[EXTERNAL]|Bytes:5
14:40:00.0 (11404897)|STATEMENT_EXECUTE|[1]
14:40:00.0 (11407764)|HEAP_ALLOCATE|[EXTERNAL]|Bytes:5
14:40:00.0 (11409784)|STATEMENT_EXECUTE|[6]
14:40:00.0 (11411827)|STATEMENT_EXECUTE|[8]
14:40:00.0 (11412700)|STATEMENT_EXECUTE|[9]
14:40:00.0 (11413841)|STATEMENT_EXECUTE|[10]
14:40:00.0 (11415127)|STATEMENT_EXECUTE|[12]
14:40:00.0 (11416047)|STATEMENT_EXECUTE|[13]
14:40:00.0 (11416998)|STATEMENT_EXECUTE|[14]
14:40:00.0 (11417998)|STATEMENT_EXECUTE|[38]
14:40:00.0 (11419207)|STATEMENT_EXECUTE|[39]
14:40:00.0 (11420192)|STATEMENT_EXECUTE|[40]
14:40:00.0 (11421114)|STATEMENT_EXECUTE|[100]
14:40:00.0 (11422330)|STATEMENT_EXECUTE|[113]
14:40:00.0 (11431820)|HEAP_ALLOCATE|[EXTERNAL]|Bytes:6
14:40:00.0 (11459850)|STATEMENT_EXECUTE|[43]
14:40:00.0 (11615648)|HEAP_ALLOCATE|[EXTERNAL]|Bytes:52
14:40:00.0 (11624753)|VARIABLE_SCOPE_BEGIN|[46]|this|cls_P7S1_User_ChangeProfile|true|false
14:40:00.0 (11654917)|VARIABLE_ASSIGNMENT|[46]|this|{}|0x30984b4b
14:40:00.0 (11674550)|HEAP_ALLOCATE|[47]|Bytes:5
14:40:00.0 (11681024)|STATEMENT_EXECUTE|[46]
14:40:00.0 (11683114)|STATEMENT_EXECUTE|[47]
14:40:00.0 (11880300)|HEAP_ALLOCATE|[47]|Bytes:248
14:40:00.0 (11966679)|HEAP_ALLOCATE|[47]|Bytes:211
14:40:00.0 (11988057)|HEAP_ALLOCATE|[47]|Bytes:9
14:40:00.0 (12014374)|VARIABLE_SCOPE_BEGIN|[47]|profileId|String|false|false
14:40:00.0 (12023970)|VARIABLE_ASSIGNMENT|[47]|profileId|null
14:40:00.0 (12026672)|STATEMENT_EXECUTE|[48]
14:40:00.0 (12046272)|METHOD_ENTRY|[48]|01pD0000000KT71|cls_P7S1_User_ChangeProfile.initializeView()
14:40:00.0 (12076420)|VARIABLE_SCOPE_BEGIN|[51]|this|cls_P7S1_User_ChangeProfile|true|false
14:40:00.0 (12105432)|VARIABLE_ASSIGNMENT|[51]|this|{}|0x30984b4b
14:40:00.0 (12114476)|HEAP_ALLOCATE|[52]|Bytes:5
14:40:00.0 (12118511)|STATEMENT_EXECUTE|[51]
14:40:00.0 (12119736)|STATEMENT_EXECUTE|[52]
14:40:00.0 (12192531)|VARIABLE_ASSIGNMENT|[EXTERNAL]|this|{}|0x30984b4b
14:40:00.0 (12200485)|VARIABLE_ASSIGNMENT|[EXTERNAL]|value|null
14:40:00.0 (12211509)|VARIABLE_ASSIGNMENT|[14]|this.ShowPanel|null|0x30984b4b
14:40:00.0 (12219110)|STATEMENT_EXECUTE|[53]
14:40:00.0 (12222711)|HEAP_ALLOCATE|[53]|Bytes:7
14:40:00.0 (12271086)|USER_DEBUG|[53]|DEBUG|###View
14:40:00.0 (12278725)|STATEMENT_EXECUTE|[54]
14:40:00.0 (12282044)|HEAP_ALLOCATE|[54]|Bytes:145
14:40:00.0 (12292688)|HEAP_ALLOCATE|[54]|Bytes:4
14:40:00.0 (12303835)|HEAP_ALLOCATE|[54]|Bytes:7
14:40:00.0 (12351637)|HEAP_ALLOCATE|[57]|Bytes:85
14:40:00.0 (12365043)|SYSTEM_METHOD_ENTRY|[1]|UserInfo.UserInfo()
14:40:00.0 (12368043)|STATEMENT_EXECUTE|[1]
14:40:00.0 (12375646)|SYSTEM_METHOD_EXIT|[1]|UserInfo
14:40:00.0 (12386675)|METHOD_ENTRY|[57]||System.UserInfo.getUserId()
14:40:00.0 (12435186)|METHOD_EXIT|[57]||System.UserInfo.getUserId()
14:40:00.0 (16697272)|SOQL_EXECUTE_BEGIN|[54]|Aggregations:0|SELECT Id, Name, UserName, ProfileId, Profile.UserLicenseId, Profile.Name, Email, P7S1_ShowTestuserLinks__c FROM User WHERE Id = :tmpVar1 LIMIT 1
14:40:00.0 (55711484)|SOQL_EXECUTE_END|[54]|Rows:1
14:40:00.0 (55757296)|HEAP_ALLOCATE|[54]|Bytes:8
14:40:00.0 (55786170)|HEAP_ALLOCATE|[54]|Bytes:320
14:40:00.0 (55846588)|HEAP_ALLOCATE|[54]|Bytes:8
14:40:00.0 (55869319)|HEAP_ALLOCATE|[54]|Bytes:30
14:40:00.0 (55979058)|HEAP_ALLOCATE|[54]|Bytes:36
14:40:00.0 (56092017)|VARIABLE_ASSIGNMENT|[EXTERNAL]|this|{}|0x30984b4b
14:40:00.0 (56138656)|VARIABLE_ASSIGNMENT|[EXTERNAL]|value|{"s":1,"v":{"Id":"00557000005jeECAAY","Name":"Benjamin Schneider","Username":"p7s1.bschneider@fact (13 more) ...","ProfileId":"00e20000000lfOjAAI","Email":"bschneider@factory42 (4 more) ...","P7S1_ShowTestuserLin (5 more) ...":true,"CurrencyIsoCode":"EUR","Profile":{"s":2,"v":{"UserLicenseId":"100200000009H1sAAE","Name":"Systemadministrator","Id":"00e20000000lfOjAAI"}}}}|0x7aff57c7
14:40:00.0 (56168013)|VARIABLE_ASSIGNMENT|[8]|this.currentUser|{"s":1,"v":{"Id":"00557000005jeECAAY","Name":"Benjamin Schneider","Username":"p7s1.bschneider@fact (13 more) ...","ProfileId":"00e20000000lfOjAAI","Email":"bschneider@factory42 (4 more) ...","P7S1_ShowTestuserLin (5 more) ...":true,"CurrencyIsoCode":"EUR","Profile":{"s":2,"v":{"UserLicenseId":"100200000009H1sAAE","Name":"Systemadministrator","Id":"00e20000000lfOjAAI"}}}}|0x30984b4b
14:40:00.0 (56195686)|METHOD_ENTRY|[61]||System.UserInfo.getProfileId()
14:40:00.0 (56295299)|METHOD_EXIT|[61]||System.UserInfo.getProfileId()
14:40:00.0 (56317310)|HEAP_ALLOCATE|[61]|Bytes:4
14:40:00.0 (56323056)|HEAP_ALLOCATE|[61]|Bytes:18
14:40:00.0 (56349868)|HEAP_ALLOCATE|[61]|Bytes:4
14:40:00.0 (56385043)|STATEMENT_EXECUTE|[61]
14:40:00.0 (56387321)|STATEMENT_EXECUTE|[62]
14:40:00.0 (56390766)|HEAP_ALLOCATE|[62]|Bytes:5
14:40:00.0 (56454349)|VARIABLE_ASSIGNMENT|[EXTERNAL]|this|{"currentUser":"0x7aff57c7"}|0x30984b4b
14:40:00.0 (56461647)|VARIABLE_ASSIGNMENT|[EXTERNAL]|value|"Admin"
14:40:00.0 (56472068)|VARIABLE_ASSIGNMENT|[14]|this.ShowPanel|"Admin"|0x30984b4b
14:40:00.0 (56479587)|STATEMENT_EXECUTE|[63]
14:40:00.0 (56483266)|HEAP_ALLOCATE|[63]|Bytes:128
14:40:00.0 (56494536)|HEAP_ALLOCATE|[63]|Bytes:4
14:40:00.0 (56911905)|SOQL_EXECUTE_BEGIN|[63]|Aggregations:0|SELECT Id, Name FROM User WHERE (P7S1_UserType__c = 'System_Tester' AND isActive = TRUE) ORDER BY Name ASC NULLS FIRST LIMIT 100
14:40:00.0 (67740077)|SOQL_EXECUTE_END|[63]|Rows:25
14:40:00.0 (67770160)|HEAP_ALLOCATE|[63]|Bytes:104
14:40:00.0 (67815793)|HEAP_ALLOCATE|[63]|Bytes:1973
14:40:00.0 (67838070)|HEAP_ALLOCATE|[63]|Bytes:104
14:40:00.0 (67925452)|VARIABLE_ASSIGNMENT|[EXTERNAL]|this|{"currentUser":"0x7aff57c7","ShowPanel":"Admin"}|0x30984b4b
14:40:00.0 (67956499)|VARIABLE_ASSIGNMENT|[EXTERNAL]|value|{"s":1,"v":"List of size 25 too large to display"}|0x54929c0e
14:40:00.0 (67972867)|VARIABLE_ASSIGNMENT|[10]|this.userList|{"s":1,"v":"List of size 25 too large to display"}|0x30984b4b
14:40:00.0 (67983725)|STATEMENT_EXECUTE|[88]
14:40:00.0 (67997911)|METHOD_EXIT|[48]|01pD0000000KT71|cls_P7S1_User_ChangeProfile.initializeView()
14:40:00.0 (69138625)|SYSTEM_MODE_ENTER|true
14:40:00.69 (69605452)|USER_INFO|[EXTERNAL]|00557000005jeEC|p7s1.bschneider@factory42.com.kam|Mitteleuropäische Normalzeit|GMT+02:00
14:40:00.69 (69626292)|SYSTEM_MODE_ENTER|true
14:40:00.69 (69681684)|HEAP_ALLOCATE|[EXTERNAL]|Bytes:120
14:40:00.69 (69688517)|HEAP_ALLOCATE|[EXTERNAL]|Bytes:10
14:40:00.69 (69700873)|SYSTEM_METHOD_ENTRY|[1]|pagemessagecomponentcontroller.pagemessagecomponentcontroller()
14:40:00.69 (69704439)|STATEMENT_EXECUTE|[1]
14:40:00.69 (69915189)|USER_INFO|[EXTERNAL]|00557000005jeEC|p7s1.bschneider@factory42.com.kam|Mitteleuropäische Normalzeit|GMT+02:00
14:40:00.70 (70136477)|USER_INFO|[EXTERNAL]|00557000005jeEC|p7s1.bschneider@factory42.com.kam|Mitteleuropäische Normalzeit|GMT+02:00
14:40:00.70 (70299740)|USER_INFO|[EXTERNAL]|00557000005jeEC|p7s1.bschneider@factory42.com.kam|Mitteleuropäische Normalzeit|GMT+02:00
14:40:00.77 (77202527)|USER_INFO|[EXTERNAL]|00557000005jeEC|p7s1.bschneider@factory42.com.kam|Mitteleuropäische Normalzeit|GMT+02:00
14:40:00.77 (77395487)|USER_INFO|[EXTERNAL]|00557000005jeEC|p7s1.bschneider@factory42.com.kam|Mitteleuropäische Normalzeit|GMT+02:00
14:40:00.77 (77532897)|USER_INFO|[EXTERNAL]|00557000005jeEC|p7s1.bschneider@factory42.com.kam|Mitteleuropäische Normalzeit|GMT+02:00
14:40:00.77 (77760458)|USER_INFO|[EXTERNAL]|00557000005jeEC|p7s1.bschneider@factory42.com.kam|Mitteleuropäische Normalzeit|GMT+02:00
14:40:00.78 (78631005)|USER_INFO|[EXTERNAL]|00557000005jeEC|p7s1.bschneider@factory42.com.kam|Mitteleuropäische Normalzeit|GMT+02:00
14:40:00.79 (79010180)|USER_INFO|[EXTERNAL]|00557000005jeEC|p7s1.bschneider@factory42.com.kam|Mitteleuropäische Normalzeit|GMT+02:00
14:40:00.0 (79643970)|HEAP_ALLOCATE|[105]|Bytes:5
14:40:00.0 (79650994)|STATEMENT_EXECUTE|[104]
14:40:00.0 (79652793)|STATEMENT_EXECUTE|[105]
14:40:00.0 (79664969)|VARIABLE_ASSIGNMENT|[105]|this.selUserId|null|0x30984b4b
14:40:00.0 (79667728)|STATEMENT_EXECUTE|[106]
14:40:00.0 (79674085)|HEAP_ALLOCATE|[106]|Bytes:4
14:40:00.0 (79715860)|VARIABLE_SCOPE_BEGIN|[106]|options|List<System.SelectOption>|true|false
14:40:00.0 (79744882)|HEAP_ALLOCATE|[EXTERNAL]|Bytes:4
14:40:00.0 (79761939)|VARIABLE_ASSIGNMENT|[106]|options|{"s":1,"v":[]}|0x2c2ec66
14:40:00.0 (79765464)|STATEMENT_EXECUTE|[107]
14:40:00.0 (79777822)|HEAP_ALLOCATE|[107]|Bytes:10
14:40:00.0 (79860627)|HEAP_ALLOCATE|[EXTERNAL]|Bytes:4
14:40:00.0 (79939012)|VARIABLE_ASSIGNMENT|[EXTERNAL]|this|{"currentUser":"0x7aff57c7","ShowPanel":"Admin","userList":"0x54929c0e"}|0x30984b4b
14:40:00.0 (80170645)|HEAP_ALLOCATE|[108]|Bytes:5
14:40:00.0 (80203265)|HEAP_ALLOCATE|[108]|Bytes:16
14:40:00.0 (80216478)|VARIABLE_SCOPE_BEGIN|[108]|u|User|true|false
14:40:00.0 (80237487)|VARIABLE_ASSIGNMENT|[108]|u|{"s":1,"v":{"Id":"005D0000002QDFYIA4","Name":"Aer_Default Tester","CurrencyIsoCode":"EUR"}}|0xa41d8ab
14:40:00.0 (80241380)|STATEMENT_EXECUTE|[108]
14:40:00.0 (80242718)|STATEMENT_EXECUTE|[109]
14:40:00.0 (80275813)|HEAP_ALLOCATE|[109]|Bytes:18
14:40:00.0 (80351190)|HEAP_ALLOCATE|[EXTERNAL]|Bytes:4
14:40:00.0 (80368009)|HEAP_ALLOCATE|[108]|Bytes:5
14:40:00.0 (80390204)|HEAP_ALLOCATE|[108]|Bytes:16
14:40:00.0 (80398451)|VARIABLE_SCOPE_BEGIN|[108]|u|User|true|false
14:40:00.0 (80414314)|VARIABLE_ASSIGNMENT|[108]|u|{"s":1,"v":{"Id":"00557000005jeLcAAI","Name":"MA_Default Tester","CurrencyIsoCode":"EUR"}}|0x52103f17
14:40:00.0 (80418043)|STATEMENT_EXECUTE|[108]
14:40:00.0 (80419242)|STATEMENT_EXECUTE|[109]
14:40:00.0 (80431496)|HEAP_ALLOCATE|[109]|Bytes:18
14:40:00.0 (80454703)|HEAP_ALLOCATE|[EXTERNAL]|Bytes:4
14:40:00.0 (80467211)|HEAP_ALLOCATE|[108]|Bytes:5
14:40:00.0 (80487478)|HEAP_ALLOCATE|[108]|Bytes:16
14:40:00.0 (80495076)|VARIABLE_SCOPE_BEGIN|[108]|u|User|true|false
14:40:00.0 (80512265)|VARIABLE_ASSIGNMENT|[108]|u|{"s":1,"v":{"Id":"005D00000047YCbIAM","Name":"P7S1_Interface Teste (1 more) ...","CurrencyIsoCode":"EUR"}}|0x37b1a0f
14:40:00.0 (80515537)|STATEMENT_EXECUTE|[108]
14:40:00.0 (80516718)|STATEMENT_EXECUTE|[109]
14:40:00.0 (80528286)|HEAP_ALLOCATE|[109]|Bytes:18
14:40:00.0 (80545221)|HEAP_ALLOCATE|[EXTERNAL]|Bytes:4
14:40:00.0 (80557124)|HEAP_ALLOCATE|[108]|Bytes:5
14:40:00.0 (80576983)|HEAP_ALLOCATE|[108]|Bytes:16
14:40:00.0 (80584418)|VARIABLE_SCOPE_BEGIN|[108]|u|User|true|false
14:40:00.0 (80598854)|VARIABLE_ASSIGNMENT|[108]|u|{"s":1,"v":{"Id":"005D0000004qFkAIAU","Name":"Sgn_Default Tester","CurrencyIsoCode":"EUR"}}|0x27ab4c34
14:40:00.0 (80602149)|STATEMENT_EXECUTE|[108]
14:40:00.0 (80603351)|STATEMENT_EXECUTE|[109]
14:40:00.0 (80614427)|HEAP_ALLOCATE|[109]|Bytes:18
14:40:00.0 (80630336)|HEAP_ALLOCATE|[EXTERNAL]|Bytes:4
14:40:00.0 (80641830)|HEAP_ALLOCATE|[108]|Bytes:5
14:40:00.0 (80677888)|HEAP_ALLOCATE|[108]|Bytes:16
14:40:00.0 (80686797)|VARIABLE_SCOPE_BEGIN|[108]|u|User|true|false
14:40:00.0 (80701568)|VARIABLE_ASSIGNMENT|[108]|u|{"s":1,"v":{"Id":"005D00000052oAVIAY","Name":"SomAt Tester","CurrencyIsoCode":"EUR"}}|0x232b5cea
14:40:00.0 (80704815)|STATEMENT_EXECUTE|[108]
14:40:00.0 (80705930)|STATEMENT_EXECUTE|[109]
14:40:00.0 (80717689)|HEAP_ALLOCATE|[109]|Bytes:18
14:40:00.0 (80733996)|HEAP_ALLOCATE|[EXTERNAL]|Bytes:4
14:40:00.0 (80745765)|HEAP_ALLOCATE|[108]|Bytes:5
14:40:00.0 (80768388)|HEAP_ALLOCATE|[108]|Bytes:16
14:40:00.0 (80776028)|VARIABLE_SCOPE_BEGIN|[108]|u|User|true|false
14:40:00.0 (80790223)|VARIABLE_ASSIGNMENT|[108]|u|{"s":1,"v":{"Id":"005D0000002jJFZIA2","Name":"SomDig_AdTech Tester","CurrencyIsoCode":"EUR"}}|0x7090271f
14:40:00.0 (80793793)|STATEMENT_EXECUTE|[108]
14:40:00.0 (80794890)|STATEMENT_EXECUTE|[109]
14:40:00.0 (80808119)|HEAP_ALLOCATE|[109]|Bytes:18
14:40:00.0 (80824316)|HEAP_ALLOCATE|[EXTERNAL]|Bytes:4
14:40:00.0 (80836100)|HEAP_ALLOCATE|[108]|Bytes:5
14:40:00.0 (80855836)|HEAP_ALLOCATE|[108]|Bytes:16
14:40:00.0 (80863235)|VARIABLE_SCOPE_BEGIN|[108]|u|User|true|false
14:40:00.0 (80880496)|VARIABLE_ASSIGNMENT|[108]|u|{"s":1,"v":{"Id":"005D00000049FIoIAM","Name":"SomDig_Billing Teste (1 more) ...","CurrencyIsoCode":"EUR"}}|0x2be0f060
14:40:00.0 (80883924)|STATEMENT_EXECUTE|[108]
14:40:00.0 (80885502)|STATEMENT_EXECUTE|[109]
14:40:00.0 (80896784)|HEAP_ALLOCATE|[109]|Bytes:18
14:40:00.0 (80912795)|HEAP_ALLOCATE|[EXTERNAL]|Bytes:4
14:40:00.0 (80924309)|HEAP_ALLOCATE|[108]|Bytes:5
14:40:00.0 (80944341)|HEAP_ALLOCATE|[108]|Bytes:16
14:40:00.0 (80951646)|VARIABLE_SCOPE_BEGIN|[108]|u|User|true|false
14:40:00.0 (80965621)|VARIABLE_ASSIGNMENT|[108]|u|{"s":1,"v":{"Id":"005D00000049FIpIAM","Name":"SomDig_PAM Tester","CurrencyIsoCode":"EUR"}}|0x56d7d3c4
14:40:00.0 (80968945)|STATEMENT_EXECUTE|[108]
14:40:00.0 (80970060)|STATEMENT_EXECUTE|[109]
14:40:00.0 (80980969)|HEAP_ALLOCATE|[109]|Bytes:18
14:40:00.0 (80996598)|HEAP_ALLOCATE|[EXTERNAL]|Bytes:4
14:40:00.0 (81007733)|HEAP_ALLOCATE|[108]|Bytes:5
14:40:00.0 (81027995)|HEAP_ALLOCATE|[108]|Bytes:16
14:40:00.0 (81035377)|VARIABLE_SCOPE_BEGIN|[108]|u|User|true|false
14:40:00.0 (81049467)|VARIABLE_ASSIGNMENT|[108]|u|{"s":1,"v":{"Id":"005D00000049FIqIAM","Name":"SomDig_PM Tester","CurrencyIsoCode":"EUR"}}|0x2fe209f8
14:40:00.0 (81052770)|STATEMENT_EXECUTE|[108]
14:40:00.0 (81054121)|STATEMENT_EXECUTE|[109]
14:40:00.0 (81064768)|HEAP_ALLOCATE|[109]|Bytes:18
14:40:00.0 (81080346)|HEAP_ALLOCATE|[EXTERNAL]|Bytes:4
14:40:00.0 (81091573)|HEAP_ALLOCATE|[108]|Bytes:5
14:40:00.0 (81110568)|HEAP_ALLOCATE|[108]|Bytes:16
14:40:00.0 (81117835)|VARIABLE_SCOPE_BEGIN|[108]|u|User|true|false
14:40:00.0 (81131375)|VARIABLE_ASSIGNMENT|[108]|u|{"s":1,"v":{"Id":"005D0000001VrNRIA0","Name":"SomDig_Sales Tester","CurrencyIsoCode":"EUR"}}|0x5e3b7bc4
14:40:00.0 (81134506)|STATEMENT_EXECUTE|[108]
14:40:00.0 (81135652)|STATEMENT_EXECUTE|[109]
14:40:00.0 (81146202)|HEAP_ALLOCATE|[109]|Bytes:18
14:40:00.0 (81161801)|HEAP_ALLOCATE|[EXTERNAL]|Bytes:4
14:40:00.0 (81173184)|HEAP_ALLOCATE|[108]|Bytes:5
14:40:00.0 (81192201)|HEAP_ALLOCATE|[108]|Bytes:16
14:40:00.0 (81199518)|VARIABLE_SCOPE_BEGIN|[108]|u|User|true|false
14:40:00.0 (81213490)|VARIABLE_ASSIGNMENT|[108]|u|{"s":1,"v":{"Id":"005D0000004rQF5IAM","Name":"Som_ReadOnly Tester","CurrencyIsoCode":"EUR"}}|0x7274e393
14:40:00.0 (81216703)|STATEMENT_EXECUTE|[108]
14:40:00.0 (81218126)|STATEMENT_EXECUTE|[109]
14:40:00.0 (81228596)|HEAP_ALLOCATE|[109]|Bytes:18
14:40:00.0 (81244350)|HEAP_ALLOCATE|[EXTERNAL]|Bytes:4
14:40:00.0 (81255526)|HEAP_ALLOCATE|[108]|Bytes:5
14:40:00.0 (81274450)|HEAP_ALLOCATE|[108]|Bytes:16
14:40:00.0 (81281709)|VARIABLE_SCOPE_BEGIN|[108]|u|User|true|false
14:40:00.0 (81296731)|VARIABLE_ASSIGNMENT|[108]|u|{"s":1,"v":{"Id":"005D00000049FIrIAM","Name":"SomTv_ADFactory Test (2 more) ...","CurrencyIsoCode":"EUR"}}|0x1a5557ea
14:40:00.0 (81300205)|STATEMENT_EXECUTE|[108]
14:40:00.0 (81301257)|STATEMENT_EXECUTE|[109]
14:40:00.0 (81311964)|HEAP_ALLOCATE|[109]|Bytes:18
14:40:00.0 (81327348)|HEAP_ALLOCATE|[EXTERNAL]|Bytes:4
14:40:00.0 (81338601)|HEAP_ALLOCATE|[108]|Bytes:5
14:40:00.0 (81357676)|HEAP_ALLOCATE|[108]|Bytes:16
14:40:00.0 (81364914)|VARIABLE_SCOPE_BEGIN|[108]|u|User|true|false
14:40:00.0 (81379252)|VARIABLE_ASSIGNMENT|[108]|u|{"s":1,"v":{"Id":"005D00000049FItIAM","Name":"SomTv_Marketing Test (2 more) ...","CurrencyIsoCode":"EUR"}}|0x25c73091
14:40:00.0 (81382885)|STATEMENT_EXECUTE|[108]
14:40:00.0 (81383986)|STATEMENT_EXECUTE|[109]
14:40:00.0 (81394418)|HEAP_ALLOCATE|[109]|Bytes:18
14:40:00.0 (81409942)|HEAP_ALLOCATE|[EXTERNAL]|Bytes:4
14:40:00.0 (81421185)|HEAP_ALLOCATE|[108]|Bytes:5
14:40:00.0 (81440369)|HEAP_ALLOCATE|[108]|Bytes:16
14:40:00.0 (81451628)|VARIABLE_SCOPE_BEGIN|[108]|u|User|true|false
14:40:00.0 (81465186)|VARIABLE_ASSIGNMENT|[108]|u|{"s":1,"v":{"Id":"005D00000049FIuIAM","Name":"SomTv_RM Tester","CurrencyIsoCode":"EUR"}}|0x20a78ab6
14:40:00.0 (81468676)|STATEMENT_EXECUTE|[108]
14:40:00.0 (81469768)|STATEMENT_EXECUTE|[109]
14:40:00.0 (81480697)|HEAP_ALLOCATE|[109]|Bytes:18
14:40:00.0 (81496454)|HEAP_ALLOCATE|[EXTERNAL]|Bytes:4
14:40:00.0 (81507916)|HEAP_ALLOCATE|[108]|Bytes:5
14:40:00.0 (81527416)|HEAP_ALLOCATE|[108]|Bytes:16
14:40:00.0 (81534766)|VARIABLE_SCOPE_BEGIN|[108]|u|User|true|false
14:40:00.0 (81548090)|VARIABLE_ASSIGNMENT|[108]|u|{"s":1,"v":{"Id":"005D00000049FIvIAM","Name":"SomTv_Sales Tester","CurrencyIsoCode":"EUR"}}|0x751a8d4a
14:40:00.0 (81551423)|STATEMENT_EXECUTE|[108]
14:40:00.0 (81552550)|STATEMENT_EXECUTE|[109]
14:40:00.0 (81563128)|HEAP_ALLOCATE|[109]|Bytes:18
14:40:00.0 (81578552)|HEAP_ALLOCATE|[EXTERNAL]|Bytes:4
14:40:00.0 (81589942)|HEAP_ALLOCATE|[108]|Bytes:5
14:40:00.0 (81608488)|HEAP_ALLOCATE|[108]|Bytes:16
14:40:00.0 (81615639)|VARIABLE_SCOPE_BEGIN|[108]|u|User|true|false
14:40:00.0 (81629938)|VARIABLE_ASSIGNMENT|[108]|u|{"s":1,"v":{"Id":"005D00000049FIyIAM","Name":"SomTv_SalesManagemen (8 more) ...","CurrencyIsoCode":"EUR"}}|0x45406e04
14:40:00.0 (81633423)|STATEMENT_EXECUTE|[108]
14:40:00.0 (81634547)|STATEMENT_EXECUTE|[109]
14:40:00.0 (81645412)|HEAP_ALLOCATE|[109]|Bytes:18
14:40:00.0 (81660811)|HEAP_ALLOCATE|[EXTERNAL]|Bytes:4
14:40:00.0 (81671931)|HEAP_ALLOCATE|[108]|Bytes:5
14:40:00.0 (81690996)|HEAP_ALLOCATE|[108]|Bytes:16
14:40:00.0 (81698184)|VARIABLE_SCOPE_BEGIN|[108]|u|User|true|false
14:40:00.0 (81712506)|VARIABLE_ASSIGNMENT|[108]|u|{"s":1,"v":{"Id":"005D00000049FIzIAM","Name":"SomTv_SalesSteering  (6 more) ...","CurrencyIsoCode":"EUR"}}|0x591f8d85
14:40:00.0 (81716131)|STATEMENT_EXECUTE|[108]
14:40:00.0 (81717243)|STATEMENT_EXECUTE|[109]
14:40:00.0 (81727765)|HEAP_ALLOCATE|[109]|Bytes:18
14:40:00.0 (81743210)|HEAP_ALLOCATE|[EXTERNAL]|Bytes:4
14:40:00.0 (81754489)|HEAP_ALLOCATE|[108]|Bytes:5
14:40:00.0 (81773315)|HEAP_ALLOCATE|[108]|Bytes:16
14:40:00.0 (81780529)|VARIABLE_SCOPE_BEGIN|[108]|u|User|true|false
14:40:00.0 (81794066)|VARIABLE_ASSIGNMENT|[108]|u|{"s":1,"v":{"Id":"005D00000049FJ0IAM","Name":"SomTv_TeamCRM Tester","CurrencyIsoCode":"EUR"}}|0x45715e2a
14:40:00.0 (81797361)|STATEMENT_EXECUTE|[108]
14:40:00.0 (81798412)|STATEMENT_EXECUTE|[109]
14:40:00.0 (81809098)|HEAP_ALLOCATE|[109]|Bytes:18
14:40:00.0 (81824547)|HEAP_ALLOCATE|[EXTERNAL]|Bytes:4
14:40:00.0 (81835831)|HEAP_ALLOCATE|[108]|Bytes:5
14:40:00.0 (81854633)|HEAP_ALLOCATE|[108]|Bytes:16
14:40:00.0 (81861813)|VARIABLE_SCOPE_BEGIN|[108]|u|User|true|false
14:40:00.0 (81875705)|VARIABLE_ASSIGNMENT|[108]|u|{"s":1,"v":{"Id":"005D00000049FJ2IAM","Name":"Ven_Controlling Test (2 more) ...","CurrencyIsoCode":"EUR"}}|0x64a0fb13
14:40:00.0 (81879754)|STATEMENT_EXECUTE|[108]
14:40:00.0 (81880870)|STATEMENT_EXECUTE|[109]
14:40:00.0 (81891511)|HEAP_ALLOCATE|[109]|Bytes:18
14:40:00.0 (81907043)|HEAP_ALLOCATE|[EXTERNAL]|Bytes:4
14:40:00.0 (81918325)|HEAP_ALLOCATE|[108]|Bytes:5
14:40:00.0 (81937617)|HEAP_ALLOCATE|[108]|Bytes:16
14:40:00.0 (81944886)|VARIABLE_SCOPE_BEGIN|[108]|u|User|true|false
14:40:00.0 (81958751)|VARIABLE_ASSIGNMENT|[108]|u|{"s":1,"v":{"Id":"005D0000002jIReIAM","Name":"Ven_DataManager Test (2 more) ...","CurrencyIsoCode":"EUR"}}|0x225699cd
14:40:00.0 (81961571)|STATEMENT_EXECUTE|[108]
14:40:00.0 (81962670)|STATEMENT_EXECUTE|[109]
14:40:00.0 (81973309)|HEAP_ALLOCATE|[109]|Bytes:18
14:40:00.0 (81988737)|HEAP_ALLOCATE|[EXTERNAL]|Bytes:4
14:40:00.0 (82000082)|HEAP_ALLOCATE|[108]|Bytes:5
14:40:00.0 (82020500)|HEAP_ALLOCATE|[108]|Bytes:16
14:40:00.0 (82027872)|VARIABLE_SCOPE_BEGIN|[108]|u|User|true|false
14:40:00.0 (82041837)|VARIABLE_ASSIGNMENT|[108]|u|{"s":1,"v":{"Id":"005D000000410gaIAA","Name":"Ven_Extern Tester","CurrencyIsoCode":"EUR"}}|0x7004ba7
14:40:00.0 (82045162)|STATEMENT_EXECUTE|[108]
14:40:00.0 (82046258)|STATEMENT_EXECUTE|[109]
14:40:00.0 (82056889)|HEAP_ALLOCATE|[109]|Bytes:18
14:40:00.0 (82072261)|HEAP_ALLOCATE|[EXTERNAL]|Bytes:4
14:40:00.0 (82083615)|HEAP_ALLOCATE|[108]|Bytes:5
14:40:00.0 (82102751)|HEAP_ALLOCATE|[108]|Bytes:16
14:40:00.0 (82110075)|VARIABLE_SCOPE_BEGIN|[108]|u|User|true|false
14:40:00.0 (82124003)|VARIABLE_ASSIGNMENT|[108]|u|{"s":1,"v":{"Id":"005D00000049FJ3IAM","Name":"Ven_InvestmentManage (8 more) ...","CurrencyIsoCode":"EUR"}}|0x484fc563
14:40:00.0 (82127192)|STATEMENT_EXECUTE|[108]
14:40:00.0 (82128358)|STATEMENT_EXECUTE|[109]
14:40:00.0 (82138926)|HEAP_ALLOCATE|[109]|Bytes:18
14:40:00.0 (82154431)|HEAP_ALLOCATE|[EXTERNAL]|Bytes:4
14:40:00.0 (82165967)|HEAP_ALLOCATE|[108]|Bytes:5
14:40:00.0 (82184849)|HEAP_ALLOCATE|[108]|Bytes:16
14:40:00.0 (82192002)|VARIABLE_SCOPE_BEGIN|[108]|u|User|true|false
14:40:00.0 (82206504)|VARIABLE_ASSIGNMENT|[108]|u|{"s":1,"v":{"Id":"005D00000049FJ4IAM","Name":"Ven_MediaExpert Test (2 more) ...","CurrencyIsoCode":"EUR"}}|0x2bd4c71a
14:40:00.0 (82209602)|STATEMENT_EXECUTE|[108]
14:40:00.0 (82210678)|STATEMENT_EXECUTE|[109]
14:40:00.0 (82221355)|HEAP_ALLOCATE|[109]|Bytes:18
14:40:00.0 (82236945)|HEAP_ALLOCATE|[EXTERNAL]|Bytes:4
14:40:00.0 (82248311)|HEAP_ALLOCATE|[108]|Bytes:5
14:40:00.0 (82267732)|HEAP_ALLOCATE|[108]|Bytes:16
14:40:00.0 (82274875)|VARIABLE_SCOPE_BEGIN|[108]|u|User|true|false
14:40:00.0 (82288516)|VARIABLE_ASSIGNMENT|[108]|u|{"s":1,"v":{"Id":"005D00000049FJ5IAM","Name":"Ven_ReadOnly Tester","CurrencyIsoCode":"EUR"}}|0x3ddaab5c
14:40:00.0 (82291680)|STATEMENT_EXECUTE|[108]
14:40:00.0 (82292784)|STATEMENT_EXECUTE|[109]
14:40:00.0 (82303279)|HEAP_ALLOCATE|[109]|Bytes:18
14:40:00.0 (82318650)|HEAP_ALLOCATE|[EXTERNAL]|Bytes:4
14:40:00.0 (82329788)|HEAP_ALLOCATE|[108]|Bytes:5
14:40:00.0 (82348516)|HEAP_ALLOCATE|[108]|Bytes:16
14:40:00.0 (82355782)|VARIABLE_SCOPE_BEGIN|[108]|u|User|true|false
14:40:00.0 (82369606)|VARIABLE_ASSIGNMENT|[108]|u|{"s":1,"v":{"Id":"005D00000049FJ6IAM","Name":"Ven_Standard Tester","CurrencyIsoCode":"EUR"}}|0x38829233
14:40:00.0 (82372865)|STATEMENT_EXECUTE|[108]
14:40:00.0 (82373980)|STATEMENT_EXECUTE|[109]
14:40:00.0 (82384754)|HEAP_ALLOCATE|[109]|Bytes:18
14:40:00.0 (82400322)|HEAP_ALLOCATE|[EXTERNAL]|Bytes:4
14:40:00.0 (82411627)|HEAP_ALLOCATE|[108]|Bytes:5
14:40:00.0 (82422353)|VARIABLE_ASSIGNMENT|[108]|u|null|
14:40:00.0 (82425278)|STATEMENT_EXECUTE|[111]
14:40:00.0 (82736146)|SYSTEM_MODE_ENTER|true
14:40:00.0 (82789830)|HEAP_ALLOCATE|[EXTERNAL]|Bytes:52
14:40:00.0 (82797747)|VARIABLE_SCOPE_BEGIN|[114]|this|cls_P7S1_User_ChangeProfile|true|false
14:40:00.0 (82833123)|VARIABLE_ASSIGNMENT|[114]|this|{"currentUser":"0x7aff57c7","ShowPanel":"Admin","userList":"0x54929c0e"}|0x30984b4b
14:40:00.0 (82844925)|HEAP_ALLOCATE|[114]|Bytes:5
14:40:00.0 (82848801)|STATEMENT_EXECUTE|[114]
14:40:00.0 (82850283)|STATEMENT_EXECUTE|[114]
14:40:00.0 (85089292)|VF_SERIALIZE_VIEWSTATE_BEGIN|066D0000000V3u3
14:40:00.0 (88753390)|VF_SERIALIZE_VIEWSTATE_END
14:40:00.93 (93406620)|CUMULATIVE_LIMIT_USAGE
14:40:00.93 (93406620)|LIMIT_USAGE_FOR_NS|(default)|
  Number of SOQL queries: 2 out of 100
  Number of query rows: 26 out of 50000
  Number of SOSL queries: 0 out of 20
  Number of DML statements: 0 out of 150
  Number of DML rows: 0 out of 10000
  Maximum CPU time: 0 out of 10000
  Maximum heap size: 0 out of 6000000
  Number of callouts: 0 out of 100
  Number of Email Invocations: 0 out of 10
  Number of future calls: 0 out of 50
  Number of queueable jobs added to the queue: 0 out of 50
  Number of Mobile Apex push calls: 0 out of 10

14:40:00.93 (93406620)|CUMULATIVE_LIMIT_USAGE_END

14:40:00.0 (93461437)|CODE_UNIT_FINISHED|VF: /apex/vfp_P7S1_User_ChangeProfile
14:40:00.0 (94941567)|EXECUTION_FINISHED
