30.0 APEX_CODE,FINEST;APEX_PROFILING,INFO;CALLOUT,INFO;DB,INFO;SYSTEM,DEBUG;VALIDATION,INFO;VISUALFORCE,INFO;WORKFLOW,INFO
13:45:08.0 (340424)|USER_INFO|[EXTERNAL]|00557000005jeEC|p7s1.bschneider@factory42.com.kam|Mitteleuropäische Normalzeit|GMT+02:00
13:45:08.0 (373296)|EXECUTION_STARTED
13:45:08.0 (379988)|CODE_UNIT_STARTED|[EXTERNAL]|066D0000000V3u3|VF: /apex/vfp_P7S1_User_ChangeProfile
13:45:08.0 (9078326)|SYSTEM_MODE_ENTER|true
13:45:08.0 (9406557)|VARIABLE_SCOPE_BEGIN|[4]|cls_P7S1_User_ChangeProfile.PAGE_URL|String|false|true
13:45:08.0 (9415933)|VARIABLE_SCOPE_BEGIN|[5]|cls_P7S1_User_ChangeProfile.SITE_NAME|String|false|true
13:45:08.0 (9573073)|HEAP_ALLOCATE|[72]|Bytes:3
13:45:08.0 (9627295)|HEAP_ALLOCATE|[77]|Bytes:152
13:45:08.0 (9652343)|HEAP_ALLOCATE|[342]|Bytes:408
13:45:08.0 (9673407)|HEAP_ALLOCATE|[355]|Bytes:408
13:45:08.0 (9690889)|HEAP_ALLOCATE|[467]|Bytes:48
13:45:08.0 (9728024)|HEAP_ALLOCATE|[139]|Bytes:6
13:45:08.0 (9751964)|HEAP_ALLOCATE|[EXTERNAL]|Bytes:328
13:45:08.0 (9757531)|HEAP_ALLOCATE|[EXTERNAL]|Bytes:73
13:45:08.0 (9760240)|HEAP_ALLOCATE|[EXTERNAL]|Bytes:26
13:45:08.0 (9763211)|HEAP_ALLOCATE|[EXTERNAL]|Bytes:28
13:45:08.0 (9800731)|VARIABLE_ASSIGNMENT|[EXTERNAL]|cls_P7S1_User_ChangeProfile.PAGE_URL|"/vfp_P7S1_User_Chang (8 more) ..."
13:45:08.0 (9805537)|HEAP_ALLOCATE|[EXTERNAL]|Bytes:13
13:45:08.0 (9812583)|VARIABLE_ASSIGNMENT|[EXTERNAL]|cls_P7S1_User_ChangeProfile.SITE_NAME|"ChangeProfile"
13:45:08.0 (9824384)|METHOD_ENTRY|[1]|01pD0000000KT71|cls_P7S1_User_ChangeProfile.cls_P7S1_User_ChangeProfile()
13:45:08.0 (9827825)|STATEMENT_EXECUTE|[1]
13:45:08.0 (9832198)|STATEMENT_EXECUTE|[1]
13:45:08.0 (9869522)|HEAP_ALLOCATE|[50]|Bytes:5
13:45:08.0 (9895958)|HEAP_ALLOCATE|[56]|Bytes:5
13:45:08.0 (9905728)|HEAP_ALLOCATE|[64]|Bytes:7
13:45:08.0 (9941491)|HEAP_ALLOCATE|[EXTERNAL]|Bytes:5
13:45:08.0 (9956048)|METHOD_EXIT|[1]|cls_P7S1_User_ChangeProfile
13:45:08.0 (10171821)|HEAP_ALLOCATE|[EXTERNAL]|Bytes:52
13:45:08.0 (10185800)|VARIABLE_SCOPE_BEGIN|[43]|this|cls_P7S1_User_ChangeProfile|true|false
13:45:08.0 (10271810)|VARIABLE_ASSIGNMENT|[43]|this|{}|0x559867e0
13:45:08.0 (10283804)|HEAP_ALLOCATE|[EXTERNAL]|Bytes:5
13:45:08.0 (10287657)|STATEMENT_EXECUTE|[1]
13:45:08.0 (10290573)|HEAP_ALLOCATE|[EXTERNAL]|Bytes:5
13:45:08.0 (10292300)|STATEMENT_EXECUTE|[6]
13:45:08.0 (10293660)|STATEMENT_EXECUTE|[8]
13:45:08.0 (10294553)|STATEMENT_EXECUTE|[9]
13:45:08.0 (10295414)|STATEMENT_EXECUTE|[10]
13:45:08.0 (10296463)|STATEMENT_EXECUTE|[12]
13:45:08.0 (10297350)|STATEMENT_EXECUTE|[13]
13:45:08.0 (10298212)|STATEMENT_EXECUTE|[14]
13:45:08.0 (10299073)|STATEMENT_EXECUTE|[38]
13:45:08.0 (10300380)|STATEMENT_EXECUTE|[39]
13:45:08.0 (10301509)|STATEMENT_EXECUTE|[40]
13:45:08.0 (10302401)|STATEMENT_EXECUTE|[100]
13:45:08.0 (10303405)|STATEMENT_EXECUTE|[113]
13:45:08.0 (10312401)|HEAP_ALLOCATE|[EXTERNAL]|Bytes:6
13:45:08.0 (10335697)|STATEMENT_EXECUTE|[43]
13:45:08.0 (10508406)|HEAP_ALLOCATE|[EXTERNAL]|Bytes:52
13:45:08.0 (10518402)|VARIABLE_SCOPE_BEGIN|[46]|this|cls_P7S1_User_ChangeProfile|true|false
13:45:08.0 (10544153)|VARIABLE_ASSIGNMENT|[46]|this|{}|0x559867e0
13:45:08.0 (10559076)|HEAP_ALLOCATE|[47]|Bytes:5
13:45:08.0 (10562987)|STATEMENT_EXECUTE|[46]
13:45:08.0 (10564185)|STATEMENT_EXECUTE|[47]
13:45:08.0 (10682885)|HEAP_ALLOCATE|[47]|Bytes:294
13:45:08.0 (10755546)|HEAP_ALLOCATE|[47]|Bytes:257
13:45:08.0 (10774977)|HEAP_ALLOCATE|[47]|Bytes:9
13:45:08.0 (10799453)|VARIABLE_SCOPE_BEGIN|[47]|profileId|String|false|false
13:45:08.0 (10807454)|VARIABLE_ASSIGNMENT|[47]|profileId|null
13:45:08.0 (10810039)|STATEMENT_EXECUTE|[48]
13:45:08.0 (10836924)|METHOD_ENTRY|[48]|01pD0000000KT71|cls_P7S1_User_ChangeProfile.initializeView()
13:45:08.0 (10856579)|VARIABLE_SCOPE_BEGIN|[51]|this|cls_P7S1_User_ChangeProfile|true|false
13:45:08.0 (10881825)|VARIABLE_ASSIGNMENT|[51]|this|{}|0x559867e0
13:45:08.0 (10890846)|HEAP_ALLOCATE|[52]|Bytes:5
13:45:08.0 (10894557)|STATEMENT_EXECUTE|[51]
13:45:08.0 (10895590)|STATEMENT_EXECUTE|[52]
13:45:08.0 (10959431)|VARIABLE_ASSIGNMENT|[EXTERNAL]|this|{}|0x559867e0
13:45:08.0 (10967068)|VARIABLE_ASSIGNMENT|[EXTERNAL]|value|null
13:45:08.0 (10977542)|VARIABLE_ASSIGNMENT|[14]|this.ShowPanel|null|0x559867e0
13:45:08.0 (10985047)|STATEMENT_EXECUTE|[53]
13:45:08.0 (10988807)|HEAP_ALLOCATE|[53]|Bytes:7
13:45:08.0 (11025587)|USER_DEBUG|[53]|DEBUG|###View
13:45:08.0 (11033081)|STATEMENT_EXECUTE|[54]
13:45:08.0 (11036291)|HEAP_ALLOCATE|[54]|Bytes:145
13:45:08.0 (11046279)|HEAP_ALLOCATE|[54]|Bytes:4
13:45:08.0 (11056466)|HEAP_ALLOCATE|[54]|Bytes:7
13:45:08.0 (11099907)|HEAP_ALLOCATE|[57]|Bytes:85
13:45:08.0 (11110264)|SYSTEM_METHOD_ENTRY|[1]|UserInfo.UserInfo()
13:45:08.0 (11112725)|STATEMENT_EXECUTE|[1]
13:45:08.0 (11122078)|SYSTEM_METHOD_EXIT|[1]|UserInfo
13:45:08.0 (11134128)|METHOD_ENTRY|[57]||System.UserInfo.getUserId()
13:45:08.0 (11176010)|METHOD_EXIT|[57]||System.UserInfo.getUserId()
13:45:08.0 (14540001)|SOQL_EXECUTE_BEGIN|[54]|Aggregations:0|SELECT Id, Name, UserName, ProfileId, Profile.UserLicenseId, Profile.Name, Email, P7S1_ShowTestuserLinks__c FROM User WHERE Id = :tmpVar1 LIMIT 1
13:45:08.0 (44851843)|SOQL_EXECUTE_END|[54]|Rows:1
13:45:08.0 (44891658)|HEAP_ALLOCATE|[54]|Bytes:8
13:45:08.0 (44917757)|HEAP_ALLOCATE|[54]|Bytes:320
13:45:08.0 (44970031)|HEAP_ALLOCATE|[54]|Bytes:8
13:45:08.0 (44990573)|HEAP_ALLOCATE|[54]|Bytes:30
13:45:08.0 (45088429)|HEAP_ALLOCATE|[54]|Bytes:36
13:45:08.0 (45195122)|VARIABLE_ASSIGNMENT|[EXTERNAL]|this|{}|0x559867e0
13:45:08.0 (45241562)|VARIABLE_ASSIGNMENT|[EXTERNAL]|value|{"s":1,"v":{"Id":"00557000005jeECAAY","Name":"Benjamin Schneider","Username":"p7s1.bschneider@fact (13 more) ...","ProfileId":"00e20000000lfOjAAI","Email":"bschneider@factory42 (4 more) ...","P7S1_ShowTestuserLin (5 more) ...":true,"CurrencyIsoCode":"EUR","Profile":{"s":2,"v":{"UserLicenseId":"100200000009H1sAAE","Name":"Systemadministrator","Id":"00e20000000lfOjAAI"}}}}|0x64644904
13:45:08.0 (45271656)|VARIABLE_ASSIGNMENT|[8]|this.currentUser|{"s":1,"v":{"Id":"00557000005jeECAAY","Name":"Benjamin Schneider","Username":"p7s1.bschneider@fact (13 more) ...","ProfileId":"00e20000000lfOjAAI","Email":"bschneider@factory42 (4 more) ...","P7S1_ShowTestuserLin (5 more) ...":true,"CurrencyIsoCode":"EUR","Profile":{"s":2,"v":{"UserLicenseId":"100200000009H1sAAE","Name":"Systemadministrator","Id":"00e20000000lfOjAAI"}}}}|0x559867e0
13:45:08.0 (45299696)|METHOD_ENTRY|[61]||System.UserInfo.getProfileId()
13:45:08.0 (45364449)|METHOD_EXIT|[61]||System.UserInfo.getProfileId()
13:45:08.0 (45386064)|HEAP_ALLOCATE|[61]|Bytes:4
13:45:08.0 (45391926)|HEAP_ALLOCATE|[61]|Bytes:18
13:45:08.0 (45418797)|HEAP_ALLOCATE|[61]|Bytes:4
13:45:08.0 (45453634)|STATEMENT_EXECUTE|[61]
13:45:08.0 (45455948)|STATEMENT_EXECUTE|[62]
13:45:08.0 (45459565)|HEAP_ALLOCATE|[62]|Bytes:5
13:45:08.0 (45505408)|VARIABLE_ASSIGNMENT|[EXTERNAL]|this|{"currentUser":"0x64644904"}|0x559867e0
13:45:08.0 (45511208)|VARIABLE_ASSIGNMENT|[EXTERNAL]|value|"Admin"
13:45:08.0 (45519720)|VARIABLE_ASSIGNMENT|[14]|this.ShowPanel|"Admin"|0x559867e0
13:45:08.0 (45526810)|STATEMENT_EXECUTE|[63]
13:45:08.0 (45530649)|HEAP_ALLOCATE|[63]|Bytes:128
13:45:08.0 (45541648)|HEAP_ALLOCATE|[63]|Bytes:4
13:45:08.0 (45885805)|SOQL_EXECUTE_BEGIN|[63]|Aggregations:0|SELECT Id, Name FROM User WHERE (P7S1_UserType__c = 'System_Tester' AND isActive = TRUE) ORDER BY Name ASC NULLS FIRST LIMIT 100
13:45:08.0 (53808715)|SOQL_EXECUTE_END|[63]|Rows:25
13:45:08.0 (53828128)|HEAP_ALLOCATE|[63]|Bytes:104
13:45:08.0 (53872531)|HEAP_ALLOCATE|[63]|Bytes:1973
13:45:08.0 (53887847)|HEAP_ALLOCATE|[63]|Bytes:104
13:45:08.0 (53953202)|VARIABLE_ASSIGNMENT|[EXTERNAL]|this|{"currentUser":"0x64644904","ShowPanel":"Admin"}|0x559867e0
13:45:08.0 (53976454)|VARIABLE_ASSIGNMENT|[EXTERNAL]|value|{"s":1,"v":"List of size 25 too large to display"}|0x28a859c9
13:45:08.0 (53990551)|VARIABLE_ASSIGNMENT|[10]|this.userList|{"s":1,"v":"List of size 25 too large to display"}|0x559867e0
13:45:08.0 (53999827)|STATEMENT_EXECUTE|[88]
13:45:08.0 (54008990)|METHOD_EXIT|[48]|01pD0000000KT71|cls_P7S1_User_ChangeProfile.initializeView()
13:45:08.0 (54970098)|SYSTEM_MODE_ENTER|true
13:45:08.0 (68456258)|SYSTEM_MODE_ENTER|true
13:45:08.0 (69129266)|SYSTEM_MODE_ENTER|true
13:45:08.0 (69169019)|HEAP_ALLOCATE|[EXTERNAL]|Bytes:52
13:45:08.0 (69183031)|VARIABLE_SCOPE_BEGIN|[104]|this|cls_P7S1_User_ChangeProfile|true|false
13:45:08.0 (69229022)|VARIABLE_ASSIGNMENT|[104]|this|{"currentUser":"0x64644904","ShowPanel":"Admin","userList":"0x28a859c9"}|0x559867e0
13:45:08.0 (69242265)|HEAP_ALLOCATE|[105]|Bytes:5
13:45:08.0 (69248033)|STATEMENT_EXECUTE|[104]
13:45:08.0 (69249778)|STATEMENT_EXECUTE|[105]
13:45:08.0 (69259809)|VARIABLE_ASSIGNMENT|[105]|this.selUserId|null|0x559867e0
13:45:08.0 (69262385)|STATEMENT_EXECUTE|[106]
13:45:08.0 (69267306)|HEAP_ALLOCATE|[106]|Bytes:4
13:45:08.0 (69304403)|VARIABLE_SCOPE_BEGIN|[106]|options|List<System.SelectOption>|true|false
13:45:08.0 (69336422)|HEAP_ALLOCATE|[EXTERNAL]|Bytes:4
13:45:08.0 (69350886)|VARIABLE_ASSIGNMENT|[106]|options|{"s":1,"v":[]}|0x23838c0e
13:45:08.0 (69353693)|STATEMENT_EXECUTE|[107]
13:45:08.0 (69367351)|HEAP_ALLOCATE|[107]|Bytes:10
13:45:08.0 (69435812)|HEAP_ALLOCATE|[EXTERNAL]|Bytes:4
13:45:08.0 (69504646)|VARIABLE_ASSIGNMENT|[EXTERNAL]|this|{"currentUser":"0x64644904","ShowPanel":"Admin","userList":"0x28a859c9"}|0x559867e0
13:45:08.0 (69716865)|HEAP_ALLOCATE|[108]|Bytes:5
13:45:08.0 (69750522)|HEAP_ALLOCATE|[108]|Bytes:16
13:45:08.0 (69763236)|VARIABLE_SCOPE_BEGIN|[108]|u|User|true|false
13:45:08.0 (69783011)|VARIABLE_ASSIGNMENT|[108]|u|{"s":1,"v":{"Id":"005D0000002QDFYIA4","Name":"Aer_Default Tester","CurrencyIsoCode":"EUR"}}|0x2b61a5ae
13:45:08.0 (69786918)|STATEMENT_EXECUTE|[108]
13:45:08.0 (69788321)|STATEMENT_EXECUTE|[109]
13:45:08.0 (69826490)|HEAP_ALLOCATE|[109]|Bytes:18
13:45:08.0 (69886448)|HEAP_ALLOCATE|[EXTERNAL]|Bytes:4
13:45:08.0 (69902597)|HEAP_ALLOCATE|[108]|Bytes:5
13:45:08.0 (69924513)|HEAP_ALLOCATE|[108]|Bytes:16
13:45:08.0 (69933033)|VARIABLE_SCOPE_BEGIN|[108]|u|User|true|false
13:45:08.0 (69949221)|VARIABLE_ASSIGNMENT|[108]|u|{"s":1,"v":{"Id":"00557000005jeLcAAI","Name":"MA_Default Tester","CurrencyIsoCode":"EUR"}}|0x1e26ccd3
13:45:08.0 (69952564)|STATEMENT_EXECUTE|[108]
13:45:08.0 (69953747)|STATEMENT_EXECUTE|[109]
13:45:08.0 (69966333)|HEAP_ALLOCATE|[109]|Bytes:18
13:45:08.0 (69983724)|HEAP_ALLOCATE|[EXTERNAL]|Bytes:4
13:45:08.0 (69995827)|HEAP_ALLOCATE|[108]|Bytes:5
13:45:08.0 (70015159)|HEAP_ALLOCATE|[108]|Bytes:16
13:45:08.0 (70024377)|VARIABLE_SCOPE_BEGIN|[108]|u|User|true|false
13:45:08.0 (70041569)|VARIABLE_ASSIGNMENT|[108]|u|{"s":1,"v":{"Id":"005D00000047YCbIAM","Name":"P7S1_Interface Teste (1 more) ...","CurrencyIsoCode":"EUR"}}|0x79a0274b
13:45:08.0 (70044768)|STATEMENT_EXECUTE|[108]
13:45:08.0 (70046242)|STATEMENT_EXECUTE|[109]
13:45:08.0 (70058321)|HEAP_ALLOCATE|[109]|Bytes:18
13:45:08.0 (70074726)|HEAP_ALLOCATE|[EXTERNAL]|Bytes:4
13:45:08.0 (70086664)|HEAP_ALLOCATE|[108]|Bytes:5
13:45:08.0 (70105707)|HEAP_ALLOCATE|[108]|Bytes:16
13:45:08.0 (70113268)|VARIABLE_SCOPE_BEGIN|[108]|u|User|true|false
13:45:08.0 (70127678)|VARIABLE_ASSIGNMENT|[108]|u|{"s":1,"v":{"Id":"005D0000004qFkAIAU","Name":"Sgn_Default Tester","CurrencyIsoCode":"EUR"}}|0x5714d788
13:45:08.0 (70130893)|STATEMENT_EXECUTE|[108]
13:45:08.0 (70131905)|STATEMENT_EXECUTE|[109]
13:45:08.0 (70143078)|HEAP_ALLOCATE|[109]|Bytes:18
13:45:08.0 (70158743)|HEAP_ALLOCATE|[EXTERNAL]|Bytes:4
13:45:08.0 (70170447)|HEAP_ALLOCATE|[108]|Bytes:5
13:45:08.0 (70188998)|HEAP_ALLOCATE|[108]|Bytes:16
13:45:08.0 (70196694)|VARIABLE_SCOPE_BEGIN|[108]|u|User|true|false
13:45:08.0 (70210314)|VARIABLE_ASSIGNMENT|[108]|u|{"s":1,"v":{"Id":"005D00000052oAVIAY","Name":"SomAt Tester","CurrencyIsoCode":"EUR"}}|0x71fe5411
13:45:08.0 (70213166)|STATEMENT_EXECUTE|[108]
13:45:08.0 (70214689)|STATEMENT_EXECUTE|[109]
13:45:08.0 (70226003)|HEAP_ALLOCATE|[109]|Bytes:18
13:45:08.0 (70241412)|HEAP_ALLOCATE|[EXTERNAL]|Bytes:4
13:45:08.0 (70252862)|HEAP_ALLOCATE|[108]|Bytes:5
13:45:08.0 (70271691)|HEAP_ALLOCATE|[108]|Bytes:16
13:45:08.0 (70279332)|VARIABLE_SCOPE_BEGIN|[108]|u|User|true|false
13:45:08.0 (70293467)|VARIABLE_ASSIGNMENT|[108]|u|{"s":1,"v":{"Id":"005D0000002jJFZIA2","Name":"SomDig_AdTech Tester","CurrencyIsoCode":"EUR"}}|0x59964ea9
13:45:08.0 (70296793)|STATEMENT_EXECUTE|[108]
13:45:08.0 (70297865)|STATEMENT_EXECUTE|[109]
13:45:08.0 (70308968)|HEAP_ALLOCATE|[109]|Bytes:18
13:45:08.0 (70324276)|HEAP_ALLOCATE|[EXTERNAL]|Bytes:4
13:45:08.0 (70335701)|HEAP_ALLOCATE|[108]|Bytes:5
13:45:08.0 (70354107)|HEAP_ALLOCATE|[108]|Bytes:16
13:45:08.0 (70361779)|VARIABLE_SCOPE_BEGIN|[108]|u|User|true|false
13:45:08.0 (70376458)|VARIABLE_ASSIGNMENT|[108]|u|{"s":1,"v":{"Id":"005D00000049FIoIAM","Name":"SomDig_Billing Teste (1 more) ...","CurrencyIsoCode":"EUR"}}|0x21f4a0af
13:45:08.0 (70379967)|STATEMENT_EXECUTE|[108]
13:45:08.0 (70380978)|STATEMENT_EXECUTE|[109]
13:45:08.0 (70392081)|HEAP_ALLOCATE|[109]|Bytes:18
13:45:08.0 (70407580)|HEAP_ALLOCATE|[EXTERNAL]|Bytes:4
13:45:08.0 (70419113)|HEAP_ALLOCATE|[108]|Bytes:5
13:45:08.0 (70437842)|HEAP_ALLOCATE|[108]|Bytes:16
13:45:08.0 (70456112)|VARIABLE_SCOPE_BEGIN|[108]|u|User|true|false
13:45:08.0 (70471103)|VARIABLE_ASSIGNMENT|[108]|u|{"s":1,"v":{"Id":"005D00000049FIpIAM","Name":"SomDig_PAM Tester","CurrencyIsoCode":"EUR"}}|0x502d8b8e
13:45:08.0 (70474521)|STATEMENT_EXECUTE|[108]
13:45:08.0 (70475635)|STATEMENT_EXECUTE|[109]
13:45:08.0 (70487801)|HEAP_ALLOCATE|[109]|Bytes:18
13:45:08.0 (70503846)|HEAP_ALLOCATE|[EXTERNAL]|Bytes:4
13:45:08.0 (70515500)|HEAP_ALLOCATE|[108]|Bytes:5
13:45:08.0 (70534897)|HEAP_ALLOCATE|[108]|Bytes:16
13:45:08.0 (70542483)|VARIABLE_SCOPE_BEGIN|[108]|u|User|true|false
13:45:08.0 (70555849)|VARIABLE_ASSIGNMENT|[108]|u|{"s":1,"v":{"Id":"005D00000049FIqIAM","Name":"SomDig_PM Tester","CurrencyIsoCode":"EUR"}}|0x53f01346
13:45:08.0 (70559244)|STATEMENT_EXECUTE|[108]
13:45:08.0 (70560288)|STATEMENT_EXECUTE|[109]
13:45:08.0 (70571274)|HEAP_ALLOCATE|[109]|Bytes:18
13:45:08.0 (70586761)|HEAP_ALLOCATE|[EXTERNAL]|Bytes:4
13:45:08.0 (70598427)|HEAP_ALLOCATE|[108]|Bytes:5
13:45:08.0 (70616879)|HEAP_ALLOCATE|[108]|Bytes:16
13:45:08.0 (70624335)|VARIABLE_SCOPE_BEGIN|[108]|u|User|true|false
13:45:08.0 (70638042)|VARIABLE_ASSIGNMENT|[108]|u|{"s":1,"v":{"Id":"005D0000001VrNRIA0","Name":"SomDig_Sales Tester","CurrencyIsoCode":"EUR"}}|0x38f8fc97
13:45:08.0 (70641080)|STATEMENT_EXECUTE|[108]
13:45:08.0 (70642149)|STATEMENT_EXECUTE|[109]
13:45:08.0 (70653087)|HEAP_ALLOCATE|[109]|Bytes:18
13:45:08.0 (70668310)|HEAP_ALLOCATE|[EXTERNAL]|Bytes:4
13:45:08.0 (70679809)|HEAP_ALLOCATE|[108]|Bytes:5
13:45:08.0 (70698005)|HEAP_ALLOCATE|[108]|Bytes:16
13:45:08.0 (70705347)|VARIABLE_SCOPE_BEGIN|[108]|u|User|true|false
13:45:08.0 (70718894)|VARIABLE_ASSIGNMENT|[108]|u|{"s":1,"v":{"Id":"005D0000004rQF5IAM","Name":"Som_ReadOnly Tester","CurrencyIsoCode":"EUR"}}|0x3c0dc2ff
13:45:08.0 (70722160)|STATEMENT_EXECUTE|[108]
13:45:08.0 (70723423)|STATEMENT_EXECUTE|[109]
13:45:08.0 (70734560)|HEAP_ALLOCATE|[109]|Bytes:18
13:45:08.0 (70749821)|HEAP_ALLOCATE|[EXTERNAL]|Bytes:4
13:45:08.0 (70761113)|HEAP_ALLOCATE|[108]|Bytes:5
13:45:08.0 (70779500)|HEAP_ALLOCATE|[108]|Bytes:16
13:45:08.0 (70786952)|VARIABLE_SCOPE_BEGIN|[108]|u|User|true|false
13:45:08.0 (70801231)|VARIABLE_ASSIGNMENT|[108]|u|{"s":1,"v":{"Id":"005D00000049FIrIAM","Name":"SomTv_ADFactory Test (2 more) ...","CurrencyIsoCode":"EUR"}}|0xc05f0b
13:45:08.0 (70804347)|STATEMENT_EXECUTE|[108]
13:45:08.0 (70805379)|STATEMENT_EXECUTE|[109]
13:45:08.0 (70816275)|HEAP_ALLOCATE|[109]|Bytes:18
13:45:08.0 (70831653)|HEAP_ALLOCATE|[EXTERNAL]|Bytes:4
13:45:08.0 (70843149)|HEAP_ALLOCATE|[108]|Bytes:5
13:45:08.0 (70861598)|HEAP_ALLOCATE|[108]|Bytes:16
13:45:08.0 (70868974)|VARIABLE_SCOPE_BEGIN|[108]|u|User|true|false
13:45:08.0 (70882807)|VARIABLE_ASSIGNMENT|[108]|u|{"s":1,"v":{"Id":"005D00000049FItIAM","Name":"SomTv_Marketing Test (2 more) ...","CurrencyIsoCode":"EUR"}}|0x53791676
13:45:08.0 (70886103)|STATEMENT_EXECUTE|[108]
13:45:08.0 (70887364)|STATEMENT_EXECUTE|[109]
13:45:08.0 (70898335)|HEAP_ALLOCATE|[109]|Bytes:18
13:45:08.0 (70913630)|HEAP_ALLOCATE|[EXTERNAL]|Bytes:4
13:45:08.0 (70925033)|HEAP_ALLOCATE|[108]|Bytes:5
13:45:08.0 (70943535)|HEAP_ALLOCATE|[108]|Bytes:16
13:45:08.0 (70951023)|VARIABLE_SCOPE_BEGIN|[108]|u|User|true|false
13:45:08.0 (70964283)|VARIABLE_ASSIGNMENT|[108]|u|{"s":1,"v":{"Id":"005D00000049FIuIAM","Name":"SomTv_RM Tester","CurrencyIsoCode":"EUR"}}|0x2c1a54ca
13:45:08.0 (70967596)|STATEMENT_EXECUTE|[108]
13:45:08.0 (70968664)|STATEMENT_EXECUTE|[109]
13:45:08.0 (70979488)|HEAP_ALLOCATE|[109]|Bytes:18
13:45:08.0 (70994663)|HEAP_ALLOCATE|[EXTERNAL]|Bytes:4
13:45:08.0 (71006074)|HEAP_ALLOCATE|[108]|Bytes:5
13:45:08.0 (71025891)|HEAP_ALLOCATE|[108]|Bytes:16
13:45:08.0 (71033459)|VARIABLE_SCOPE_BEGIN|[108]|u|User|true|false
13:45:08.0 (71046999)|VARIABLE_ASSIGNMENT|[108]|u|{"s":1,"v":{"Id":"005D00000049FIvIAM","Name":"SomTv_Sales Tester","CurrencyIsoCode":"EUR"}}|0x7ed2618c
13:45:08.0 (71050459)|STATEMENT_EXECUTE|[108]
13:45:08.0 (71051492)|STATEMENT_EXECUTE|[109]
13:45:08.0 (71062614)|HEAP_ALLOCATE|[109]|Bytes:18
13:45:08.0 (71077822)|HEAP_ALLOCATE|[EXTERNAL]|Bytes:4
13:45:08.0 (71089395)|HEAP_ALLOCATE|[108]|Bytes:5
13:45:08.0 (71107949)|HEAP_ALLOCATE|[108]|Bytes:16
13:45:08.0 (71115252)|VARIABLE_SCOPE_BEGIN|[108]|u|User|true|false
13:45:08.0 (71129516)|VARIABLE_ASSIGNMENT|[108]|u|{"s":1,"v":{"Id":"005D00000049FIyIAM","Name":"SomTv_SalesManagemen (8 more) ...","CurrencyIsoCode":"EUR"}}|0x7ce8515a
13:45:08.0 (71132843)|STATEMENT_EXECUTE|[108]
13:45:08.0 (71133831)|STATEMENT_EXECUTE|[109]
13:45:08.0 (71144698)|HEAP_ALLOCATE|[109]|Bytes:18
13:45:08.0 (71159842)|HEAP_ALLOCATE|[EXTERNAL]|Bytes:4
13:45:08.0 (71171271)|HEAP_ALLOCATE|[108]|Bytes:5
13:45:08.0 (71189766)|HEAP_ALLOCATE|[108]|Bytes:16
13:45:08.0 (71197301)|VARIABLE_SCOPE_BEGIN|[108]|u|User|true|false
13:45:08.0 (71211442)|VARIABLE_ASSIGNMENT|[108]|u|{"s":1,"v":{"Id":"005D00000049FIzIAM","Name":"SomTv_SalesSteering  (6 more) ...","CurrencyIsoCode":"EUR"}}|0x67393217
13:45:08.0 (71214607)|STATEMENT_EXECUTE|[108]
13:45:08.0 (71215987)|STATEMENT_EXECUTE|[109]
13:45:08.0 (71226980)|HEAP_ALLOCATE|[109]|Bytes:18
13:45:08.0 (71242325)|HEAP_ALLOCATE|[EXTERNAL]|Bytes:4
13:45:08.0 (71253896)|HEAP_ALLOCATE|[108]|Bytes:5
13:45:08.0 (71272242)|HEAP_ALLOCATE|[108]|Bytes:16
13:45:08.0 (71279746)|VARIABLE_SCOPE_BEGIN|[108]|u|User|true|false
13:45:08.0 (71293081)|VARIABLE_ASSIGNMENT|[108]|u|{"s":1,"v":{"Id":"005D00000049FJ0IAM","Name":"SomTv_TeamCRM Tester","CurrencyIsoCode":"EUR"}}|0x19fb863e
13:45:08.0 (71296342)|STATEMENT_EXECUTE|[108]
13:45:08.0 (71297337)|STATEMENT_EXECUTE|[109]
13:45:08.0 (71308121)|HEAP_ALLOCATE|[109]|Bytes:18
13:45:08.0 (71323323)|HEAP_ALLOCATE|[EXTERNAL]|Bytes:4
13:45:08.0 (71334588)|HEAP_ALLOCATE|[108]|Bytes:5
13:45:08.0 (71353108)|HEAP_ALLOCATE|[108]|Bytes:16
13:45:08.0 (71360460)|VARIABLE_SCOPE_BEGIN|[108]|u|User|true|false
13:45:08.0 (71374362)|VARIABLE_ASSIGNMENT|[108]|u|{"s":1,"v":{"Id":"005D00000049FJ2IAM","Name":"Ven_Controlling Test (2 more) ...","CurrencyIsoCode":"EUR"}}|0x74c85a8c
13:45:08.0 (71377633)|STATEMENT_EXECUTE|[108]
13:45:08.0 (71378620)|STATEMENT_EXECUTE|[109]
13:45:08.0 (71389623)|HEAP_ALLOCATE|[109]|Bytes:18
13:45:08.0 (71404820)|HEAP_ALLOCATE|[EXTERNAL]|Bytes:4
13:45:08.0 (71416176)|HEAP_ALLOCATE|[108]|Bytes:5
13:45:08.0 (71434837)|HEAP_ALLOCATE|[108]|Bytes:16
13:45:08.0 (71445736)|VARIABLE_SCOPE_BEGIN|[108]|u|User|true|false
13:45:08.0 (71460540)|VARIABLE_ASSIGNMENT|[108]|u|{"s":1,"v":{"Id":"005D0000002jIReIAM","Name":"Ven_DataManager Test (2 more) ...","CurrencyIsoCode":"EUR"}}|0x4a94a7ce
13:45:08.0 (71463722)|STATEMENT_EXECUTE|[108]
13:45:08.0 (71464702)|STATEMENT_EXECUTE|[109]
13:45:08.0 (71476051)|HEAP_ALLOCATE|[109]|Bytes:18
13:45:08.0 (71491690)|HEAP_ALLOCATE|[EXTERNAL]|Bytes:4
13:45:08.0 (71503350)|HEAP_ALLOCATE|[108]|Bytes:5
13:45:08.0 (71522245)|HEAP_ALLOCATE|[108]|Bytes:16
13:45:08.0 (71529882)|VARIABLE_SCOPE_BEGIN|[108]|u|User|true|false
13:45:08.0 (71543681)|VARIABLE_ASSIGNMENT|[108]|u|{"s":1,"v":{"Id":"005D000000410gaIAA","Name":"Ven_Extern Tester","CurrencyIsoCode":"EUR"}}|0x64939d01
13:45:08.0 (71546618)|STATEMENT_EXECUTE|[108]
13:45:08.0 (71547630)|STATEMENT_EXECUTE|[109]
13:45:08.0 (71558588)|HEAP_ALLOCATE|[109]|Bytes:18
13:45:08.0 (71573964)|HEAP_ALLOCATE|[EXTERNAL]|Bytes:4
13:45:08.0 (71585378)|HEAP_ALLOCATE|[108]|Bytes:5
13:45:08.0 (71603388)|HEAP_ALLOCATE|[108]|Bytes:16
13:45:08.0 (71610893)|VARIABLE_SCOPE_BEGIN|[108]|u|User|true|false
13:45:08.0 (71624845)|VARIABLE_ASSIGNMENT|[108]|u|{"s":1,"v":{"Id":"005D00000049FJ3IAM","Name":"Ven_InvestmentManage (8 more) ...","CurrencyIsoCode":"EUR"}}|0x219c2ddb
13:45:08.0 (71627870)|STATEMENT_EXECUTE|[108]
13:45:08.0 (71629000)|STATEMENT_EXECUTE|[109]
13:45:08.0 (71640112)|HEAP_ALLOCATE|[109]|Bytes:18
13:45:08.0 (71655417)|HEAP_ALLOCATE|[EXTERNAL]|Bytes:4
13:45:08.0 (71666868)|HEAP_ALLOCATE|[108]|Bytes:5
13:45:08.0 (71685569)|HEAP_ALLOCATE|[108]|Bytes:16
13:45:08.0 (71692976)|VARIABLE_SCOPE_BEGIN|[108]|u|User|true|false
13:45:08.0 (71707713)|VARIABLE_ASSIGNMENT|[108]|u|{"s":1,"v":{"Id":"005D00000049FJ4IAM","Name":"Ven_MediaExpert Test (2 more) ...","CurrencyIsoCode":"EUR"}}|0x17361f5e
13:45:08.0 (71710617)|STATEMENT_EXECUTE|[108]
13:45:08.0 (71711623)|STATEMENT_EXECUTE|[109]
13:45:08.0 (71722630)|HEAP_ALLOCATE|[109]|Bytes:18
13:45:08.0 (71738002)|HEAP_ALLOCATE|[EXTERNAL]|Bytes:4
13:45:08.0 (71749403)|HEAP_ALLOCATE|[108]|Bytes:5
13:45:08.0 (71768052)|HEAP_ALLOCATE|[108]|Bytes:16
13:45:08.0 (71775412)|VARIABLE_SCOPE_BEGIN|[108]|u|User|true|false
13:45:08.0 (71788949)|VARIABLE_ASSIGNMENT|[108]|u|{"s":1,"v":{"Id":"005D00000049FJ5IAM","Name":"Ven_ReadOnly Tester","CurrencyIsoCode":"EUR"}}|0x78f360a1
13:45:08.0 (71791924)|STATEMENT_EXECUTE|[108]
13:45:08.0 (71792928)|STATEMENT_EXECUTE|[109]
13:45:08.0 (71803772)|HEAP_ALLOCATE|[109]|Bytes:18
13:45:08.0 (71818848)|HEAP_ALLOCATE|[EXTERNAL]|Bytes:4
13:45:08.0 (71830093)|HEAP_ALLOCATE|[108]|Bytes:5
13:45:08.0 (71848450)|HEAP_ALLOCATE|[108]|Bytes:16
13:45:08.0 (71856349)|VARIABLE_SCOPE_BEGIN|[108]|u|User|true|false
13:45:08.0 (71869864)|VARIABLE_ASSIGNMENT|[108]|u|{"s":1,"v":{"Id":"005D00000049FJ6IAM","Name":"Ven_Standard Tester","CurrencyIsoCode":"EUR"}}|0x70812b
13:45:08.0 (71873021)|STATEMENT_EXECUTE|[108]
13:45:08.0 (71873996)|STATEMENT_EXECUTE|[109]
13:45:08.0 (71884852)|HEAP_ALLOCATE|[109]|Bytes:18
13:45:08.0 (71900346)|HEAP_ALLOCATE|[EXTERNAL]|Bytes:4
13:45:08.0 (71911815)|HEAP_ALLOCATE|[108]|Bytes:5
13:45:08.0 (71922975)|VARIABLE_ASSIGNMENT|[108]|u|null|
13:45:08.0 (71926007)|STATEMENT_EXECUTE|[111]
13:45:08.0 (72233642)|SYSTEM_MODE_ENTER|true
13:45:08.0 (72270588)|HEAP_ALLOCATE|[EXTERNAL]|Bytes:52
13:45:08.0 (72280234)|VARIABLE_SCOPE_BEGIN|[114]|this|cls_P7S1_User_ChangeProfile|true|false
13:45:08.0 (72313004)|VARIABLE_ASSIGNMENT|[114]|this|{"currentUser":"0x64644904","ShowPanel":"Admin","userList":"0x28a859c9"}|0x559867e0
13:45:08.0 (72324876)|HEAP_ALLOCATE|[114]|Bytes:5
13:45:08.0 (72328645)|STATEMENT_EXECUTE|[114]
13:45:08.0 (72330365)|STATEMENT_EXECUTE|[114]
13:45:08.0 (74597464)|VF_SERIALIZE_VIEWSTATE_BEGIN|066D0000000V3u3
13:45:08.0 (82325375)|VF_SERIALIZE_VIEWSTATE_END
13:45:08.86 (86201949)|CUMULATIVE_LIMIT_USAGE
13:45:08.86 (86201949)|LIMIT_USAGE_FOR_NS|(default)|
  Number of SOQL queries: 2 out of 100
  Number of query rows: 26 out of 50000
  Number of SOSL queries: 0 out of 20
  Number of DML statements: 0 out of 150
  Number of DML rows: 0 out of 10000
  Maximum CPU time: 0 out of 10000
  Maximum heap size: 0 out of 6000000
  Number of callouts: 0 out of 100
  Number of Email Invocations: 0 out of 10
  Number of future calls: 0 out of 50
  Number of queueable jobs added to the queue: 0 out of 50
  Number of Mobile Apex push calls: 0 out of 10

13:45:08.86 (86201949)|CUMULATIVE_LIMIT_USAGE_END

13:45:08.0 (86245253)|CODE_UNIT_FINISHED|VF: /apex/vfp_P7S1_User_ChangeProfile
13:45:08.0 (87617955)|EXECUTION_FINISHED
