38.0 APEX_CODE,FINEST;APEX_PROFILING,INFO;CALLOUT,INFO;DB,INFO;SYSTEM,DEBUG;VALIDATION,INFO;VISUALFORCE,INFO;WORKFLOW,INFO
15:34:56.0 (338409)|USER_INFO|[EXTERNAL]|00557000005jeEC|p7s1.bschneider@factory42.com.kam|Mitteleuropäische Normalzeit|GMT+02:00
15:34:56.0 (382285)|EXECUTION_STARTED
15:34:56.0 (391236)|CODE_UNIT_STARTED|[EXTERNAL]|VisualForce View State
15:34:56.0 (298154405)|HEAP_ALLOCATE|[72]|Bytes:3
15:34:56.0 (298227106)|HEAP_ALLOCATE|[77]|Bytes:152
15:34:56.0 (298246263)|HEAP_ALLOCATE|[342]|Bytes:408
15:34:56.0 (298264847)|HEAP_ALLOCATE|[355]|Bytes:408
15:34:56.0 (298282920)|HEAP_ALLOCATE|[467]|Bytes:48
15:34:56.0 (298317447)|HEAP_ALLOCATE|[139]|Bytes:6
15:34:56.0 (298350408)|HEAP_ALLOCATE|[50]|Bytes:5
15:34:56.0 (298372901)|HEAP_ALLOCATE|[56]|Bytes:5
15:34:56.0 (298381369)|HEAP_ALLOCATE|[64]|Bytes:7
15:34:56.0 (300001977)|CODE_UNIT_FINISHED|VisualForce View State
15:34:56.0 (300210377)|EXECUTION_FINISHED
15:34:56.304 (304571194)|USER_INFO|[EXTERNAL]|00557000005jeEC|p7s1.bschneider@factory42.com.kam|Mitteleuropäische Normalzeit|GMT+02:00
15:34:56.307 (307581907)|CUMULATIVE_LIMIT_USAGE
15:34:56.307 (307581907)|LIMIT_USAGE_FOR_NS|(default)|
  Number of SOQL queries: 0 out of 100
  Number of query rows: 0 out of 50000
  Number of SOSL queries: 0 out of 20
  Number of DML statements: 0 out of 150
  Number of DML rows: 0 out of 10000
  Maximum CPU time: 0 out of 10000
  Maximum heap size: 0 out of 6000000
  Number of callouts: 0 out of 100
  Number of Email Invocations: 0 out of 10
  Number of future calls: 0 out of 50
  Number of queueable jobs added to the queue: 0 out of 50
  Number of Mobile Apex push calls: 0 out of 10

15:34:56.307 (307581907)|CUMULATIVE_LIMIT_USAGE_END

