30.0 APEX_CODE,FINEST;APEX_PROFILING,INFO;CALLOUT,INFO;DB,INFO;SYSTEM,DEBUG;VALIDATION,INFO;VISUALFORCE,INFO;WORKFLOW,INFO
14:51:34.0 (355428)|USER_INFO|[EXTERNAL]|00557000005jeEC|p7s1.bschneider@factory42.com.kam|Mitteleuropäische Normalzeit|GMT+02:00
14:51:34.0 (394357)|EXECUTION_STARTED
14:51:34.0 (401608)|CODE_UNIT_STARTED|[EXTERNAL]|066D0000000V3u3|VF: /apex/vfp_P7S1_User_ChangeProfile
14:51:34.0 (17481297)|SYSTEM_MODE_ENTER|true
14:51:34.0 (17819121)|VARIABLE_SCOPE_BEGIN|[4]|cls_P7S1_User_ChangeProfile.PAGE_URL|String|false|true
14:51:34.0 (17827315)|VARIABLE_SCOPE_BEGIN|[5]|cls_P7S1_User_ChangeProfile.SITE_NAME|String|false|true
14:51:34.0 (17984699)|HEAP_ALLOCATE|[72]|Bytes:3
14:51:34.0 (18034374)|HEAP_ALLOCATE|[77]|Bytes:152
14:51:34.0 (18052270)|HEAP_ALLOCATE|[342]|Bytes:408
14:51:34.0 (18069319)|HEAP_ALLOCATE|[355]|Bytes:408
14:51:34.0 (18086725)|HEAP_ALLOCATE|[467]|Bytes:48
14:51:34.0 (18120010)|HEAP_ALLOCATE|[139]|Bytes:6
14:51:34.0 (18143564)|HEAP_ALLOCATE|[EXTERNAL]|Bytes:328
14:51:34.0 (18150023)|HEAP_ALLOCATE|[EXTERNAL]|Bytes:73
14:51:34.0 (18153226)|HEAP_ALLOCATE|[EXTERNAL]|Bytes:26
14:51:34.0 (18156622)|HEAP_ALLOCATE|[EXTERNAL]|Bytes:28
14:51:34.0 (18189880)|VARIABLE_ASSIGNMENT|[EXTERNAL]|cls_P7S1_User_ChangeProfile.PAGE_URL|"/vfp_P7S1_User_Chang (8 more) ..."
14:51:34.0 (18194002)|HEAP_ALLOCATE|[EXTERNAL]|Bytes:13
14:51:34.0 (18201453)|VARIABLE_ASSIGNMENT|[EXTERNAL]|cls_P7S1_User_ChangeProfile.SITE_NAME|"ChangeProfile"
14:51:34.0 (18210849)|METHOD_ENTRY|[1]|01pD0000000KT71|cls_P7S1_User_ChangeProfile.cls_P7S1_User_ChangeProfile()
14:51:34.0 (18214499)|STATEMENT_EXECUTE|[1]
14:51:34.0 (18219807)|STATEMENT_EXECUTE|[1]
14:51:34.0 (18258297)|HEAP_ALLOCATE|[50]|Bytes:5
14:51:34.0 (18284507)|HEAP_ALLOCATE|[56]|Bytes:5
14:51:34.0 (18292879)|HEAP_ALLOCATE|[64]|Bytes:7
14:51:34.0 (18327525)|HEAP_ALLOCATE|[EXTERNAL]|Bytes:5
14:51:34.0 (18339629)|METHOD_EXIT|[1]|cls_P7S1_User_ChangeProfile
14:51:34.0 (18549396)|HEAP_ALLOCATE|[EXTERNAL]|Bytes:52
14:51:34.0 (18561246)|VARIABLE_SCOPE_BEGIN|[43]|this|cls_P7S1_User_ChangeProfile|true|false
14:51:34.0 (18645104)|VARIABLE_ASSIGNMENT|[43]|this|{}|0x1e3369c0
14:51:34.0 (18657101)|HEAP_ALLOCATE|[EXTERNAL]|Bytes:5
14:51:34.0 (18660711)|STATEMENT_EXECUTE|[1]
14:51:34.0 (18663358)|HEAP_ALLOCATE|[EXTERNAL]|Bytes:5
14:51:34.0 (18665058)|STATEMENT_EXECUTE|[6]
14:51:34.0 (18666378)|STATEMENT_EXECUTE|[8]
14:51:34.0 (18667447)|STATEMENT_EXECUTE|[9]
14:51:34.0 (18668445)|STATEMENT_EXECUTE|[10]
14:51:34.0 (18669543)|STATEMENT_EXECUTE|[12]
14:51:34.0 (18670512)|STATEMENT_EXECUTE|[13]
14:51:34.0 (18671486)|STATEMENT_EXECUTE|[14]
14:51:34.0 (18672452)|STATEMENT_EXECUTE|[38]
14:51:34.0 (18673822)|STATEMENT_EXECUTE|[39]
14:51:34.0 (18674984)|STATEMENT_EXECUTE|[40]
14:51:34.0 (18675963)|STATEMENT_EXECUTE|[100]
14:51:34.0 (18677126)|STATEMENT_EXECUTE|[113]
14:51:34.0 (18686219)|HEAP_ALLOCATE|[EXTERNAL]|Bytes:6
14:51:34.0 (18707397)|STATEMENT_EXECUTE|[43]
14:51:34.0 (18873197)|HEAP_ALLOCATE|[EXTERNAL]|Bytes:52
14:51:34.0 (18882841)|VARIABLE_SCOPE_BEGIN|[46]|this|cls_P7S1_User_ChangeProfile|true|false
14:51:34.0 (18908031)|VARIABLE_ASSIGNMENT|[46]|this|{}|0x1e3369c0
14:51:34.0 (18922249)|HEAP_ALLOCATE|[47]|Bytes:5
14:51:34.0 (18925868)|STATEMENT_EXECUTE|[46]
14:51:34.0 (18927195)|STATEMENT_EXECUTE|[47]
14:51:34.0 (19037583)|HEAP_ALLOCATE|[47]|Bytes:285
14:51:34.0 (19111043)|HEAP_ALLOCATE|[47]|Bytes:248
14:51:34.0 (19130652)|HEAP_ALLOCATE|[47]|Bytes:9
14:51:34.0 (19155628)|VARIABLE_SCOPE_BEGIN|[47]|profileId|String|false|false
14:51:34.0 (19163454)|VARIABLE_ASSIGNMENT|[47]|profileId|null
14:51:34.0 (19166223)|STATEMENT_EXECUTE|[48]
14:51:34.0 (19194055)|METHOD_ENTRY|[48]|01pD0000000KT71|cls_P7S1_User_ChangeProfile.initializeView()
14:51:34.0 (19212269)|VARIABLE_SCOPE_BEGIN|[51]|this|cls_P7S1_User_ChangeProfile|true|false
14:51:34.0 (19237261)|VARIABLE_ASSIGNMENT|[51]|this|{}|0x1e3369c0
14:51:34.0 (19245733)|HEAP_ALLOCATE|[52]|Bytes:5
14:51:34.0 (19249145)|STATEMENT_EXECUTE|[51]
14:51:34.0 (19250420)|STATEMENT_EXECUTE|[52]
14:51:34.0 (19307115)|VARIABLE_ASSIGNMENT|[EXTERNAL]|this|{}|0x1e3369c0
14:51:34.0 (19314452)|VARIABLE_ASSIGNMENT|[EXTERNAL]|value|null
14:51:34.0 (19326785)|VARIABLE_ASSIGNMENT|[14]|this.ShowPanel|null|0x1e3369c0
14:51:34.0 (19334053)|STATEMENT_EXECUTE|[53]
14:51:34.0 (19337615)|HEAP_ALLOCATE|[53]|Bytes:7
14:51:34.0 (19374520)|USER_DEBUG|[53]|DEBUG|###View
14:51:34.0 (19381362)|STATEMENT_EXECUTE|[54]
14:51:34.0 (19384574)|HEAP_ALLOCATE|[54]|Bytes:145
14:51:34.0 (19399518)|HEAP_ALLOCATE|[54]|Bytes:4
14:51:34.0 (19410031)|HEAP_ALLOCATE|[54]|Bytes:7
14:51:34.0 (19454082)|HEAP_ALLOCATE|[57]|Bytes:85
14:51:34.0 (19464243)|SYSTEM_METHOD_ENTRY|[1]|UserInfo.UserInfo()
14:51:34.0 (19466901)|STATEMENT_EXECUTE|[1]
14:51:34.0 (19472376)|SYSTEM_METHOD_EXIT|[1]|UserInfo
14:51:34.0 (19483962)|METHOD_ENTRY|[57]||System.UserInfo.getUserId()
14:51:34.0 (19520469)|METHOD_EXIT|[57]||System.UserInfo.getUserId()
14:51:34.0 (23227415)|SOQL_EXECUTE_BEGIN|[54]|Aggregations:0|SELECT Id, Name, UserName, ProfileId, Profile.UserLicenseId, Profile.Name, Email, P7S1_ShowTestuserLinks__c FROM User WHERE Id = :tmpVar1 LIMIT 1
14:51:34.0 (55542465)|SOQL_EXECUTE_END|[54]|Rows:1
14:51:34.0 (55575658)|HEAP_ALLOCATE|[54]|Bytes:8
14:51:34.0 (55605211)|HEAP_ALLOCATE|[54]|Bytes:320
14:51:34.0 (55660114)|HEAP_ALLOCATE|[54]|Bytes:8
14:51:34.0 (55680092)|HEAP_ALLOCATE|[54]|Bytes:30
14:51:34.0 (55782958)|HEAP_ALLOCATE|[54]|Bytes:36
14:51:34.0 (55885138)|VARIABLE_ASSIGNMENT|[EXTERNAL]|this|{}|0x1e3369c0
14:51:34.0 (55923807)|VARIABLE_ASSIGNMENT|[EXTERNAL]|value|{"s":1,"v":{"Id":"00557000005jeECAAY","Name":"Benjamin Schneider","Username":"p7s1.bschneider@fact (13 more) ...","ProfileId":"00e20000000lfOjAAI","Email":"bschneider@factory42 (4 more) ...","P7S1_ShowTestuserLin (5 more) ...":true,"CurrencyIsoCode":"EUR","Profile":{"s":2,"v":{"UserLicenseId":"100200000009H1sAAE","Name":"Systemadministrator","Id":"00e20000000lfOjAAI"}}}}|0x503db24a
14:51:34.0 (55954021)|VARIABLE_ASSIGNMENT|[8]|this.currentUser|{"s":1,"v":{"Id":"00557000005jeECAAY","Name":"Benjamin Schneider","Username":"p7s1.bschneider@fact (13 more) ...","ProfileId":"00e20000000lfOjAAI","Email":"bschneider@factory42 (4 more) ...","P7S1_ShowTestuserLin (5 more) ...":true,"CurrencyIsoCode":"EUR","Profile":{"s":2,"v":{"UserLicenseId":"100200000009H1sAAE","Name":"Systemadministrator","Id":"00e20000000lfOjAAI"}}}}|0x1e3369c0
14:51:34.0 (55981313)|METHOD_ENTRY|[61]||System.UserInfo.getProfileId()
14:51:34.0 (56037195)|METHOD_EXIT|[61]||System.UserInfo.getProfileId()
14:51:34.0 (56063185)|HEAP_ALLOCATE|[61]|Bytes:4
14:51:34.0 (56068751)|HEAP_ALLOCATE|[61]|Bytes:18
14:51:34.0 (56088986)|HEAP_ALLOCATE|[61]|Bytes:4
14:51:34.0 (56119097)|STATEMENT_EXECUTE|[61]
14:51:34.0 (56121566)|STATEMENT_EXECUTE|[62]
14:51:34.0 (56124612)|HEAP_ALLOCATE|[62]|Bytes:5
14:51:34.0 (56168948)|VARIABLE_ASSIGNMENT|[EXTERNAL]|this|{"currentUser":"0x503db24a"}|0x1e3369c0
14:51:34.0 (56174974)|VARIABLE_ASSIGNMENT|[EXTERNAL]|value|"Admin"
14:51:34.0 (56184789)|VARIABLE_ASSIGNMENT|[14]|this.ShowPanel|"Admin"|0x1e3369c0
14:51:34.0 (56191701)|STATEMENT_EXECUTE|[63]
14:51:34.0 (56195465)|HEAP_ALLOCATE|[63]|Bytes:128
14:51:34.0 (56205848)|HEAP_ALLOCATE|[63]|Bytes:4
14:51:34.0 (56548301)|SOQL_EXECUTE_BEGIN|[63]|Aggregations:0|SELECT Id, Name FROM User WHERE (P7S1_UserType__c = 'System_Tester' AND isActive = TRUE) ORDER BY Name ASC NULLS FIRST LIMIT 100
14:51:34.0 (63762678)|SOQL_EXECUTE_END|[63]|Rows:25
14:51:34.0 (63781596)|HEAP_ALLOCATE|[63]|Bytes:104
14:51:34.0 (63827675)|HEAP_ALLOCATE|[63]|Bytes:1973
14:51:34.0 (63843756)|HEAP_ALLOCATE|[63]|Bytes:104
14:51:34.0 (63908662)|VARIABLE_ASSIGNMENT|[EXTERNAL]|this|{"currentUser":"0x503db24a","ShowPanel":"Admin"}|0x1e3369c0
14:51:34.0 (63928410)|VARIABLE_ASSIGNMENT|[EXTERNAL]|value|{"s":1,"v":"List of size 25 too large to display"}|0x3ec99a3d
14:51:34.0 (63942930)|VARIABLE_ASSIGNMENT|[10]|this.userList|{"s":1,"v":"List of size 25 too large to display"}|0x1e3369c0
14:51:34.0 (63952001)|STATEMENT_EXECUTE|[88]
14:51:34.0 (63963376)|METHOD_EXIT|[48]|01pD0000000KT71|cls_P7S1_User_ChangeProfile.initializeView()
14:51:34.0 (64879826)|SYSTEM_MODE_ENTER|true
14:51:34.65 (65299875)|SYSTEM_MODE_ENTER|true
14:51:34.65 (65344683)|HEAP_ALLOCATE|[EXTERNAL]|Bytes:120
14:51:34.65 (65351647)|HEAP_ALLOCATE|[EXTERNAL]|Bytes:10
14:51:34.65 (65362874)|SYSTEM_METHOD_ENTRY|[1]|pagemessagecomponentcontroller.pagemessagecomponentcontroller()
14:51:34.65 (65366483)|STATEMENT_EXECUTE|[1]
14:51:34.0 (77928168)|HEAP_ALLOCATE|[105]|Bytes:5
14:51:34.0 (77936539)|STATEMENT_EXECUTE|[104]
14:51:34.0 (77938368)|STATEMENT_EXECUTE|[105]
14:51:34.0 (77950787)|VARIABLE_ASSIGNMENT|[105]|this.selUserId|null|0x1e3369c0
14:51:34.0 (77953112)|STATEMENT_EXECUTE|[106]
14:51:34.0 (77959047)|HEAP_ALLOCATE|[106]|Bytes:4
14:51:34.0 (77997577)|VARIABLE_SCOPE_BEGIN|[106]|options|List<System.SelectOption>|true|false
14:51:34.0 (78032025)|HEAP_ALLOCATE|[EXTERNAL]|Bytes:4
14:51:34.0 (78047197)|VARIABLE_ASSIGNMENT|[106]|options|{"s":1,"v":[]}|0x68955250
14:51:34.0 (78050622)|STATEMENT_EXECUTE|[107]
14:51:34.0 (78065538)|HEAP_ALLOCATE|[107]|Bytes:10
14:51:34.0 (78131066)|HEAP_ALLOCATE|[EXTERNAL]|Bytes:4
14:51:34.0 (78193296)|VARIABLE_ASSIGNMENT|[EXTERNAL]|this|{"currentUser":"0x503db24a","ShowPanel":"Admin","userList":"0x3ec99a3d"}|0x1e3369c0
14:51:34.0 (78384458)|HEAP_ALLOCATE|[108]|Bytes:5
14:51:34.0 (78422400)|HEAP_ALLOCATE|[108]|Bytes:16
14:51:34.0 (78433525)|VARIABLE_SCOPE_BEGIN|[108]|u|User|true|false
14:51:34.0 (78451646)|VARIABLE_ASSIGNMENT|[108]|u|{"s":1,"v":{"Id":"005D0000002QDFYIA4","Name":"Aer_Default Tester","CurrencyIsoCode":"EUR"}}|0x466d989e
14:51:34.0 (78456099)|STATEMENT_EXECUTE|[108]
14:51:34.0 (78457495)|STATEMENT_EXECUTE|[109]
14:51:34.0 (78494619)|HEAP_ALLOCATE|[109]|Bytes:18
14:51:34.0 (78551586)|HEAP_ALLOCATE|[EXTERNAL]|Bytes:4
14:51:34.0 (78566343)|HEAP_ALLOCATE|[108]|Bytes:5
14:51:34.0 (78588293)|HEAP_ALLOCATE|[108]|Bytes:16
14:51:34.0 (78596190)|VARIABLE_SCOPE_BEGIN|[108]|u|User|true|false
14:51:34.0 (78612276)|VARIABLE_ASSIGNMENT|[108]|u|{"s":1,"v":{"Id":"00557000005jeLcAAI","Name":"MA_Default Tester","CurrencyIsoCode":"EUR"}}|0x56591ac3
14:51:34.0 (78615826)|STATEMENT_EXECUTE|[108]
14:51:34.0 (78617075)|STATEMENT_EXECUTE|[109]
14:51:34.0 (78629378)|HEAP_ALLOCATE|[109]|Bytes:18
14:51:34.0 (78644531)|HEAP_ALLOCATE|[EXTERNAL]|Bytes:4
14:51:34.0 (78655718)|HEAP_ALLOCATE|[108]|Bytes:5
14:51:34.0 (78675499)|HEAP_ALLOCATE|[108]|Bytes:16
14:51:34.0 (78682591)|VARIABLE_SCOPE_BEGIN|[108]|u|User|true|false
14:51:34.0 (78698001)|VARIABLE_ASSIGNMENT|[108]|u|{"s":1,"v":{"Id":"005D00000047YCbIAM","Name":"P7S1_Interface Teste (1 more) ...","CurrencyIsoCode":"EUR"}}|0x692c0322
14:51:34.0 (78701669)|STATEMENT_EXECUTE|[108]
14:51:34.0 (78702800)|STATEMENT_EXECUTE|[109]
14:51:34.0 (78714173)|HEAP_ALLOCATE|[109]|Bytes:18
14:51:34.0 (78728063)|HEAP_ALLOCATE|[EXTERNAL]|Bytes:4
14:51:34.0 (78739332)|HEAP_ALLOCATE|[108]|Bytes:5
14:51:34.0 (78758515)|HEAP_ALLOCATE|[108]|Bytes:16
14:51:34.0 (78765656)|VARIABLE_SCOPE_BEGIN|[108]|u|User|true|false
14:51:34.0 (78779296)|VARIABLE_ASSIGNMENT|[108]|u|{"s":1,"v":{"Id":"005D0000004qFkAIAU","Name":"Sgn_Default Tester","CurrencyIsoCode":"EUR"}}|0x4b013ef1
14:51:34.0 (78782842)|STATEMENT_EXECUTE|[108]
14:51:34.0 (78784027)|STATEMENT_EXECUTE|[109]
14:51:34.0 (78794515)|HEAP_ALLOCATE|[109]|Bytes:18
14:51:34.0 (78808044)|HEAP_ALLOCATE|[EXTERNAL]|Bytes:4
14:51:34.0 (78818570)|HEAP_ALLOCATE|[108]|Bytes:5
14:51:34.0 (78838011)|HEAP_ALLOCATE|[108]|Bytes:16
14:51:34.0 (78845143)|VARIABLE_SCOPE_BEGIN|[108]|u|User|true|false
14:51:34.0 (78858492)|VARIABLE_ASSIGNMENT|[108]|u|{"s":1,"v":{"Id":"005D00000052oAVIAY","Name":"SomAt Tester","CurrencyIsoCode":"EUR"}}|0x6182f667
14:51:34.0 (78862033)|STATEMENT_EXECUTE|[108]
14:51:34.0 (78863219)|STATEMENT_EXECUTE|[109]
14:51:34.0 (78873855)|HEAP_ALLOCATE|[109]|Bytes:18
14:51:34.0 (78887037)|HEAP_ALLOCATE|[EXTERNAL]|Bytes:4
14:51:34.0 (78897715)|HEAP_ALLOCATE|[108]|Bytes:5
14:51:34.0 (78916835)|HEAP_ALLOCATE|[108]|Bytes:16
14:51:34.0 (78923853)|VARIABLE_SCOPE_BEGIN|[108]|u|User|true|false
14:51:34.0 (78937521)|VARIABLE_ASSIGNMENT|[108]|u|{"s":1,"v":{"Id":"005D0000002jJFZIA2","Name":"SomDig_AdTech Tester","CurrencyIsoCode":"EUR"}}|0x7f937796
14:51:34.0 (78940733)|STATEMENT_EXECUTE|[108]
14:51:34.0 (78941884)|STATEMENT_EXECUTE|[109]
14:51:34.0 (78952211)|HEAP_ALLOCATE|[109]|Bytes:18
14:51:34.0 (78965482)|HEAP_ALLOCATE|[EXTERNAL]|Bytes:4
14:51:34.0 (78975920)|HEAP_ALLOCATE|[108]|Bytes:5
14:51:34.0 (78994582)|HEAP_ALLOCATE|[108]|Bytes:16
14:51:34.0 (79001471)|VARIABLE_SCOPE_BEGIN|[108]|u|User|true|false
14:51:34.0 (79017044)|VARIABLE_ASSIGNMENT|[108]|u|{"s":1,"v":{"Id":"005D00000049FIoIAM","Name":"SomDig_Billing Teste (1 more) ...","CurrencyIsoCode":"EUR"}}|0x762f4e55
14:51:34.0 (79020775)|STATEMENT_EXECUTE|[108]
14:51:34.0 (79022182)|STATEMENT_EXECUTE|[109]
14:51:34.0 (79032657)|HEAP_ALLOCATE|[109]|Bytes:18
14:51:34.0 (79046078)|HEAP_ALLOCATE|[EXTERNAL]|Bytes:4
14:51:34.0 (79056583)|HEAP_ALLOCATE|[108]|Bytes:5
14:51:34.0 (79075802)|HEAP_ALLOCATE|[108]|Bytes:16
14:51:34.0 (79082658)|VARIABLE_SCOPE_BEGIN|[108]|u|User|true|false
14:51:34.0 (79095930)|VARIABLE_ASSIGNMENT|[108]|u|{"s":1,"v":{"Id":"005D00000049FIpIAM","Name":"SomDig_PAM Tester","CurrencyIsoCode":"EUR"}}|0x349b00d7
14:51:34.0 (79099164)|STATEMENT_EXECUTE|[108]
14:51:34.0 (79100405)|STATEMENT_EXECUTE|[109]
14:51:34.0 (79110784)|HEAP_ALLOCATE|[109]|Bytes:18
14:51:34.0 (79123935)|HEAP_ALLOCATE|[EXTERNAL]|Bytes:4
14:51:34.0 (79134391)|HEAP_ALLOCATE|[108]|Bytes:5
14:51:34.0 (79153032)|HEAP_ALLOCATE|[108]|Bytes:16
14:51:34.0 (79159867)|VARIABLE_SCOPE_BEGIN|[108]|u|User|true|false
14:51:34.0 (79172461)|VARIABLE_ASSIGNMENT|[108]|u|{"s":1,"v":{"Id":"005D00000049FIqIAM","Name":"SomDig_PM Tester","CurrencyIsoCode":"EUR"}}|0x42dcf9ed
14:51:34.0 (79175644)|STATEMENT_EXECUTE|[108]
14:51:34.0 (79177142)|STATEMENT_EXECUTE|[109]
14:51:34.0 (79187520)|HEAP_ALLOCATE|[109]|Bytes:18
14:51:34.0 (79200812)|HEAP_ALLOCATE|[EXTERNAL]|Bytes:4
14:51:34.0 (79210969)|HEAP_ALLOCATE|[108]|Bytes:5
14:51:34.0 (79229741)|HEAP_ALLOCATE|[108]|Bytes:16
14:51:34.0 (79236727)|VARIABLE_SCOPE_BEGIN|[108]|u|User|true|false
14:51:34.0 (79249470)|VARIABLE_ASSIGNMENT|[108]|u|{"s":1,"v":{"Id":"005D0000001VrNRIA0","Name":"SomDig_Sales Tester","CurrencyIsoCode":"EUR"}}|0x269719e7
14:51:34.0 (79252893)|STATEMENT_EXECUTE|[108]
14:51:34.0 (79254014)|STATEMENT_EXECUTE|[109]
14:51:34.0 (79264308)|HEAP_ALLOCATE|[109]|Bytes:18
14:51:34.0 (79277384)|HEAP_ALLOCATE|[EXTERNAL]|Bytes:4
14:51:34.0 (79287751)|HEAP_ALLOCATE|[108]|Bytes:5
14:51:34.0 (79306490)|HEAP_ALLOCATE|[108]|Bytes:16
14:51:34.0 (79313393)|VARIABLE_SCOPE_BEGIN|[108]|u|User|true|false
14:51:34.0 (79326325)|VARIABLE_ASSIGNMENT|[108]|u|{"s":1,"v":{"Id":"005D0000004rQF5IAM","Name":"Som_ReadOnly Tester","CurrencyIsoCode":"EUR"}}|0x2ac6a686
14:51:34.0 (79329449)|STATEMENT_EXECUTE|[108]
14:51:34.0 (79330964)|STATEMENT_EXECUTE|[109]
14:51:34.0 (79341098)|HEAP_ALLOCATE|[109]|Bytes:18
14:51:34.0 (79354044)|HEAP_ALLOCATE|[EXTERNAL]|Bytes:4
14:51:34.0 (79364406)|HEAP_ALLOCATE|[108]|Bytes:5
14:51:34.0 (79382961)|HEAP_ALLOCATE|[108]|Bytes:16
14:51:34.0 (79393983)|VARIABLE_SCOPE_BEGIN|[108]|u|User|true|false
14:51:34.0 (79408580)|VARIABLE_ASSIGNMENT|[108]|u|{"s":1,"v":{"Id":"005D00000049FIrIAM","Name":"SomTv_ADFactory Test (2 more) ...","CurrencyIsoCode":"EUR"}}|0x46b786b1
14:51:34.0 (79412296)|STATEMENT_EXECUTE|[108]
14:51:34.0 (79413415)|STATEMENT_EXECUTE|[109]
14:51:34.0 (79424127)|HEAP_ALLOCATE|[109]|Bytes:18
14:51:34.0 (79437411)|HEAP_ALLOCATE|[EXTERNAL]|Bytes:4
14:51:34.0 (79447802)|HEAP_ALLOCATE|[108]|Bytes:5
14:51:34.0 (79466662)|HEAP_ALLOCATE|[108]|Bytes:16
14:51:34.0 (79473518)|VARIABLE_SCOPE_BEGIN|[108]|u|User|true|false
14:51:34.0 (79487287)|VARIABLE_ASSIGNMENT|[108]|u|{"s":1,"v":{"Id":"005D00000049FItIAM","Name":"SomTv_Marketing Test (2 more) ...","CurrencyIsoCode":"EUR"}}|0x63011c1b
14:51:34.0 (79491318)|STATEMENT_EXECUTE|[108]
14:51:34.0 (79492646)|STATEMENT_EXECUTE|[109]
14:51:34.0 (79503013)|HEAP_ALLOCATE|[109]|Bytes:18
14:51:34.0 (79516001)|HEAP_ALLOCATE|[EXTERNAL]|Bytes:4
14:51:34.0 (79526261)|HEAP_ALLOCATE|[108]|Bytes:5
14:51:34.0 (79544778)|HEAP_ALLOCATE|[108]|Bytes:16
14:51:34.0 (79551692)|VARIABLE_SCOPE_BEGIN|[108]|u|User|true|false
14:51:34.0 (79564349)|VARIABLE_ASSIGNMENT|[108]|u|{"s":1,"v":{"Id":"005D00000049FIuIAM","Name":"SomTv_RM Tester","CurrencyIsoCode":"EUR"}}|0x7dc769bd
14:51:34.0 (79567988)|STATEMENT_EXECUTE|[108]
14:51:34.0 (79569109)|STATEMENT_EXECUTE|[109]
14:51:34.0 (79579377)|HEAP_ALLOCATE|[109]|Bytes:18
14:51:34.0 (79592354)|HEAP_ALLOCATE|[EXTERNAL]|Bytes:4
14:51:34.0 (79602644)|HEAP_ALLOCATE|[108]|Bytes:5
14:51:34.0 (79621118)|HEAP_ALLOCATE|[108]|Bytes:16
14:51:34.0 (79627944)|VARIABLE_SCOPE_BEGIN|[108]|u|User|true|false
14:51:34.0 (79640329)|VARIABLE_ASSIGNMENT|[108]|u|{"s":1,"v":{"Id":"005D00000049FIvIAM","Name":"SomTv_Sales Tester","CurrencyIsoCode":"EUR"}}|0x622a1215
14:51:34.0 (79643887)|STATEMENT_EXECUTE|[108]
14:51:34.0 (79645427)|STATEMENT_EXECUTE|[109]
14:51:34.0 (79655700)|HEAP_ALLOCATE|[109]|Bytes:18
14:51:34.0 (79668737)|HEAP_ALLOCATE|[EXTERNAL]|Bytes:4
14:51:34.0 (79679195)|HEAP_ALLOCATE|[108]|Bytes:5
14:51:34.0 (79697797)|HEAP_ALLOCATE|[108]|Bytes:16
14:51:34.0 (79704695)|VARIABLE_SCOPE_BEGIN|[108]|u|User|true|false
14:51:34.0 (79718214)|VARIABLE_ASSIGNMENT|[108]|u|{"s":1,"v":{"Id":"005D00000049FIyIAM","Name":"SomTv_SalesManagemen (8 more) ...","CurrencyIsoCode":"EUR"}}|0x18d282ef
14:51:34.0 (79721495)|STATEMENT_EXECUTE|[108]
14:51:34.0 (79722615)|STATEMENT_EXECUTE|[109]
14:51:34.0 (79732925)|HEAP_ALLOCATE|[109]|Bytes:18
14:51:34.0 (79745977)|HEAP_ALLOCATE|[EXTERNAL]|Bytes:4
14:51:34.0 (79756197)|HEAP_ALLOCATE|[108]|Bytes:5
14:51:34.0 (79774853)|HEAP_ALLOCATE|[108]|Bytes:16
14:51:34.0 (79781646)|VARIABLE_SCOPE_BEGIN|[108]|u|User|true|false
14:51:34.0 (79794902)|VARIABLE_ASSIGNMENT|[108]|u|{"s":1,"v":{"Id":"005D00000049FIzIAM","Name":"SomTv_SalesSteering  (6 more) ...","CurrencyIsoCode":"EUR"}}|0x7358b42a
14:51:34.0 (79798315)|STATEMENT_EXECUTE|[108]
14:51:34.0 (79799609)|STATEMENT_EXECUTE|[109]
14:51:34.0 (79809915)|HEAP_ALLOCATE|[109]|Bytes:18
14:51:34.0 (79822865)|HEAP_ALLOCATE|[EXTERNAL]|Bytes:4
14:51:34.0 (79833158)|HEAP_ALLOCATE|[108]|Bytes:5
14:51:34.0 (79851946)|HEAP_ALLOCATE|[108]|Bytes:16
14:51:34.0 (79858768)|VARIABLE_SCOPE_BEGIN|[108]|u|User|true|false
14:51:34.0 (79871742)|VARIABLE_ASSIGNMENT|[108]|u|{"s":1,"v":{"Id":"005D00000049FJ0IAM","Name":"SomTv_TeamCRM Tester","CurrencyIsoCode":"EUR"}}|0x3514a17d
14:51:34.0 (79875106)|STATEMENT_EXECUTE|[108]
14:51:34.0 (79876262)|STATEMENT_EXECUTE|[109]
14:51:34.0 (79886604)|HEAP_ALLOCATE|[109]|Bytes:18
14:51:34.0 (79899588)|HEAP_ALLOCATE|[EXTERNAL]|Bytes:4
14:51:34.0 (79909789)|HEAP_ALLOCATE|[108]|Bytes:5
14:51:34.0 (79928428)|HEAP_ALLOCATE|[108]|Bytes:16
14:51:34.0 (79935276)|VARIABLE_SCOPE_BEGIN|[108]|u|User|true|false
14:51:34.0 (79948583)|VARIABLE_ASSIGNMENT|[108]|u|{"s":1,"v":{"Id":"005D00000049FJ2IAM","Name":"Ven_Controlling Test (2 more) ...","CurrencyIsoCode":"EUR"}}|0x71ca770
14:51:34.0 (79952236)|STATEMENT_EXECUTE|[108]
14:51:34.0 (79953539)|STATEMENT_EXECUTE|[109]
14:51:34.0 (79963828)|HEAP_ALLOCATE|[109]|Bytes:18
14:51:34.0 (79976973)|HEAP_ALLOCATE|[EXTERNAL]|Bytes:4
14:51:34.0 (79987213)|HEAP_ALLOCATE|[108]|Bytes:5
14:51:34.0 (80005815)|HEAP_ALLOCATE|[108]|Bytes:16
14:51:34.0 (80013622)|VARIABLE_SCOPE_BEGIN|[108]|u|User|true|false
14:51:34.0 (80027170)|VARIABLE_ASSIGNMENT|[108]|u|{"s":1,"v":{"Id":"005D0000002jIReIAM","Name":"Ven_DataManager Test (2 more) ...","CurrencyIsoCode":"EUR"}}|0xbd58886
14:51:34.0 (80030473)|STATEMENT_EXECUTE|[108]
14:51:34.0 (80031634)|STATEMENT_EXECUTE|[109]
14:51:34.0 (80042064)|HEAP_ALLOCATE|[109]|Bytes:18
14:51:34.0 (80055548)|HEAP_ALLOCATE|[EXTERNAL]|Bytes:4
14:51:34.0 (80066044)|HEAP_ALLOCATE|[108]|Bytes:5
14:51:34.0 (80084609)|HEAP_ALLOCATE|[108]|Bytes:16
14:51:34.0 (80091391)|VARIABLE_SCOPE_BEGIN|[108]|u|User|true|false
14:51:34.0 (80104476)|VARIABLE_ASSIGNMENT|[108]|u|{"s":1,"v":{"Id":"005D000000410gaIAA","Name":"Ven_Extern Tester","CurrencyIsoCode":"EUR"}}|0x3d1a8432
14:51:34.0 (80107938)|STATEMENT_EXECUTE|[108]
14:51:34.0 (80109072)|STATEMENT_EXECUTE|[109]
14:51:34.0 (80119164)|HEAP_ALLOCATE|[109]|Bytes:18
14:51:34.0 (80132330)|HEAP_ALLOCATE|[EXTERNAL]|Bytes:4
14:51:34.0 (80142814)|HEAP_ALLOCATE|[108]|Bytes:5
14:51:34.0 (80161360)|HEAP_ALLOCATE|[108]|Bytes:16
14:51:34.0 (80168404)|VARIABLE_SCOPE_BEGIN|[108]|u|User|true|false
14:51:34.0 (80182086)|VARIABLE_ASSIGNMENT|[108]|u|{"s":1,"v":{"Id":"005D00000049FJ3IAM","Name":"Ven_InvestmentManage (8 more) ...","CurrencyIsoCode":"EUR"}}|0x2d95c5a5
14:51:34.0 (80185288)|STATEMENT_EXECUTE|[108]
14:51:34.0 (80186530)|STATEMENT_EXECUTE|[109]
14:51:34.0 (80196723)|HEAP_ALLOCATE|[109]|Bytes:18
14:51:34.0 (80209799)|HEAP_ALLOCATE|[EXTERNAL]|Bytes:4
14:51:34.0 (80220342)|HEAP_ALLOCATE|[108]|Bytes:5
14:51:34.0 (80239088)|HEAP_ALLOCATE|[108]|Bytes:16
14:51:34.0 (80245987)|VARIABLE_SCOPE_BEGIN|[108]|u|User|true|false
14:51:34.0 (80259747)|VARIABLE_ASSIGNMENT|[108]|u|{"s":1,"v":{"Id":"005D00000049FJ4IAM","Name":"Ven_MediaExpert Test (2 more) ...","CurrencyIsoCode":"EUR"}}|0x4fd0c040
14:51:34.0 (80263284)|STATEMENT_EXECUTE|[108]
14:51:34.0 (80264438)|STATEMENT_EXECUTE|[109]
14:51:34.0 (80274772)|HEAP_ALLOCATE|[109]|Bytes:18
14:51:34.0 (80287810)|HEAP_ALLOCATE|[EXTERNAL]|Bytes:4
14:51:34.0 (80298165)|HEAP_ALLOCATE|[108]|Bytes:5
14:51:34.0 (80317038)|HEAP_ALLOCATE|[108]|Bytes:16
14:51:34.0 (80323870)|VARIABLE_SCOPE_BEGIN|[108]|u|User|true|false
14:51:34.0 (80336453)|VARIABLE_ASSIGNMENT|[108]|u|{"s":1,"v":{"Id":"005D00000049FJ5IAM","Name":"Ven_ReadOnly Tester","CurrencyIsoCode":"EUR"}}|0x6866e084
14:51:34.0 (80339896)|STATEMENT_EXECUTE|[108]
14:51:34.0 (80341042)|STATEMENT_EXECUTE|[109]
14:51:34.0 (80351446)|HEAP_ALLOCATE|[109]|Bytes:18
14:51:34.0 (80364428)|HEAP_ALLOCATE|[EXTERNAL]|Bytes:4
14:51:34.0 (80374792)|HEAP_ALLOCATE|[108]|Bytes:5
14:51:34.0 (80406817)|HEAP_ALLOCATE|[108]|Bytes:16
14:51:34.0 (80414321)|VARIABLE_SCOPE_BEGIN|[108]|u|User|true|false
14:51:34.0 (80427459)|VARIABLE_ASSIGNMENT|[108]|u|{"s":1,"v":{"Id":"005D00000049FJ6IAM","Name":"Ven_Standard Tester","CurrencyIsoCode":"EUR"}}|0x134c2ae
14:51:34.0 (80430557)|STATEMENT_EXECUTE|[108]
14:51:34.0 (80431875)|STATEMENT_EXECUTE|[109]
14:51:34.0 (80442453)|HEAP_ALLOCATE|[109]|Bytes:18
14:51:34.0 (80455861)|HEAP_ALLOCATE|[EXTERNAL]|Bytes:4
14:51:34.0 (80466389)|HEAP_ALLOCATE|[108]|Bytes:5
14:51:34.0 (80476861)|VARIABLE_ASSIGNMENT|[108]|u|null|
14:51:34.0 (80480030)|STATEMENT_EXECUTE|[111]
14:51:34.0 (80739265)|SYSTEM_MODE_ENTER|true
14:51:34.0 (80771944)|HEAP_ALLOCATE|[EXTERNAL]|Bytes:52
14:51:34.0 (80781387)|VARIABLE_SCOPE_BEGIN|[114]|this|cls_P7S1_User_ChangeProfile|true|false
14:51:34.0 (80812513)|VARIABLE_ASSIGNMENT|[114]|this|{"currentUser":"0x503db24a","ShowPanel":"Admin","userList":"0x3ec99a3d"}|0x1e3369c0
14:51:34.0 (80823187)|HEAP_ALLOCATE|[114]|Bytes:5
14:51:34.0 (80826691)|STATEMENT_EXECUTE|[114]
14:51:34.0 (80828073)|STATEMENT_EXECUTE|[114]
14:51:34.0 (82449810)|VF_SERIALIZE_VIEWSTATE_BEGIN|066D0000000V3u3
14:51:34.0 (91397381)|VF_SERIALIZE_VIEWSTATE_END
14:51:34.94 (94625231)|CUMULATIVE_LIMIT_USAGE
14:51:34.94 (94625231)|LIMIT_USAGE_FOR_NS|(default)|
  Number of SOQL queries: 2 out of 100
  Number of query rows: 26 out of 50000
  Number of SOSL queries: 0 out of 20
  Number of DML statements: 0 out of 150
  Number of DML rows: 0 out of 10000
  Maximum CPU time: 0 out of 10000
  Maximum heap size: 0 out of 6000000
  Number of callouts: 0 out of 100
  Number of Email Invocations: 0 out of 10
  Number of future calls: 0 out of 50
  Number of queueable jobs added to the queue: 0 out of 50
  Number of Mobile Apex push calls: 0 out of 10

14:51:34.94 (94625231)|CUMULATIVE_LIMIT_USAGE_END

14:51:34.0 (94667515)|CODE_UNIT_FINISHED|VF: /apex/vfp_P7S1_User_ChangeProfile
14:51:34.0 (95605243)|EXECUTION_FINISHED
