38.0 APEX_CODE,FINEST;APEX_PROFILING,INFO;CALLOUT,INFO;DB,INFO;SYSTEM,DEBUG;VALIDATION,INFO;VISUALFORCE,INFO;WORKFLOW,INFO
16:46:34.0 (411768)|USER_INFO|[EXTERNAL]|00557000005jeEC|p7s1.bschneider@factory42.com.kam|Mitteleuropäische Normalzeit|GMT+02:00
16:46:34.0 (452665)|EXECUTION_STARTED
16:46:34.0 (462869)|CODE_UNIT_STARTED|[EXTERNAL]|aura
16:46:34.0 (857075)|HEAP_ALLOCATE|[72]|Bytes:3
16:46:34.0 (929376)|HEAP_ALLOCATE|[77]|Bytes:152
16:46:34.0 (950448)|HEAP_ALLOCATE|[342]|Bytes:408
16:46:34.0 (972596)|HEAP_ALLOCATE|[355]|Bytes:408
16:46:34.0 (989517)|HEAP_ALLOCATE|[467]|Bytes:48
16:46:34.0 (1023426)|HEAP_ALLOCATE|[139]|Bytes:6
16:46:34.0 (1056263)|HEAP_ALLOCATE|[EXTERNAL]|Bytes:18
16:46:34.0 (1072967)|HEAP_ALLOCATE|[EXTERNAL]|Bytes:18
16:46:34.0 (16826411)|HEAP_ALLOCATE|[EXTERNAL]|Bytes:18
16:46:34.0 (16846751)|HEAP_ALLOCATE|[EXTERNAL]|Bytes:18
16:46:34.0 (16900602)|HEAP_ALLOCATE|[EXTERNAL]|Bytes:37
16:46:34.0 (16910135)|HEAP_ALLOCATE|[EXTERNAL]|Bytes:37
16:46:34.0 (18577008)|CODE_UNIT_STARTED|[EXTERNAL]|01p3E0000004a8n|Som_Kam_CmpCtrl.inviteForKickoff
16:46:34.0 (19497948)|HEAP_ALLOCATE|[EXTERNAL]|Bytes:89
16:46:34.0 (19507130)|HEAP_ALLOCATE|[EXTERNAL]|Bytes:83
16:46:34.0 (19510044)|HEAP_ALLOCATE|[EXTERNAL]|Bytes:56
16:46:34.0 (19532019)|METHOD_ENTRY|[14]|01p3E0000004a8n|Som_Kam_CmpCtrl.Som_Kam_CmpCtrl()
16:46:34.0 (19536958)|STATEMENT_EXECUTE|[14]
16:46:34.0 (19544082)|STATEMENT_EXECUTE|[14]
16:46:34.0 (19590324)|HEAP_ALLOCATE|[50]|Bytes:5
16:46:34.0 (19625279)|HEAP_ALLOCATE|[56]|Bytes:5
16:46:34.0 (19634621)|HEAP_ALLOCATE|[64]|Bytes:7
16:46:34.0 (19679849)|SYSTEM_MODE_ENTER|true
16:46:34.0 (19710724)|HEAP_ALLOCATE|[EXTERNAL]|Bytes:5
16:46:34.0 (19717135)|STATEMENT_EXECUTE|[1017]
16:46:34.0 (19719058)|STATEMENT_EXECUTE|[1053]
16:46:34.0 (19720153)|STATEMENT_EXECUTE|[1075]
16:46:34.0 (19721325)|STATEMENT_EXECUTE|[1124]
16:46:34.0 (19722559)|STATEMENT_EXECUTE|[1157]
16:46:34.0 (19733176)|SYSTEM_MODE_EXIT|true
16:46:34.0 (19745490)|METHOD_EXIT|[14]|Som_Kam_CmpCtrl
16:46:34.0 (19777427)|HEAP_ALLOCATE|[EXTERNAL]|Bytes:16
16:46:34.0 (19780682)|HEAP_ALLOCATE|[EXTERNAL]|Bytes:18
16:46:34.0 (19790325)|HEAP_ALLOCATE|[EXTERNAL]|Bytes:40
16:46:34.0 (19791844)|HEAP_ALLOCATE|[EXTERNAL]|Bytes:18
16:46:34.0 (19792998)|HEAP_ALLOCATE|[EXTERNAL]|Bytes:37
16:46:34.0 (19820388)|HEAP_ALLOCATE|[EXTERNAL]|Bytes:28
16:46:34.0 (19828701)|SYSTEM_MODE_ENTER|false
16:46:34.0 (19841958)|VARIABLE_SCOPE_BEGIN|[697]|accPlanTeamIds|List<String>|true|false
16:46:34.0 (19900500)|VARIABLE_ASSIGNMENT|[697]|accPlanTeamIds|{"s":1,"v":["a1P3E0000008a35UAA","a1P3E0000008iPVUAY","a1P3E0000008iD5UAI"]}|0x32b45ddb
16:46:34.0 (19907495)|VARIABLE_SCOPE_BEGIN|[697]|accPlanId|String|false|false
16:46:34.0 (19913401)|VARIABLE_ASSIGNMENT|[697]|accPlanId|"a093E000000sCLFQA2"
16:46:34.0 (19917364)|VARIABLE_SCOPE_BEGIN|[697]|accPlan|Som_Kam__c|true|false
16:46:34.0 (19964994)|VARIABLE_ASSIGNMENT|[697]|accPlan|{"Som_EmailText__c":"Das ist ein Test.Tex (73 more) ...","Som_EmailSubject__c":"Account Plan Test-Ac (40 more) ...","Som_Review__c":"2016-08-05T00:00:00.000Z","Som_Year__c":2016,"Som_Account__r":{"Id":"0013E000006KJGeQAO","Name":"Test-Account RH"},"Id":"a093E000000sCLFQA2","Som_Account__c":"0013E000006KJGeQAO","Som_Kickoff__c":"2016-07-30T00:00:00.000Z","Name":"AP_2016-000004"}|0x28862f24
16:46:34.0 (19972007)|VARIABLE_SCOPE_BEGIN|[697]|accId|String|false|false
16:46:34.0 (19976085)|VARIABLE_ASSIGNMENT|[697]|accId|"0013E000006KJGeQAO"
16:46:34.0 (19978892)|VARIABLE_SCOPE_BEGIN|[697]|hostUrl|String|false|false
16:46:34.0 (19983656)|VARIABLE_ASSIGNMENT|[697]|hostUrl|"https://p7s1--kam.li (17 more) ..."
16:46:34.0 (19986622)|VARIABLE_SCOPE_BEGIN|[697]|selectedYear|String|false|false
16:46:34.0 (19992812)|VARIABLE_ASSIGNMENT|[697]|selectedYear|2016
16:46:34.0 (20007709)|SYSTEM_MODE_ENTER|true
16:46:34.0 (20014285)|HEAP_ALLOCATE|[698]|Bytes:5
16:46:34.0 (20018414)|STATEMENT_EXECUTE|[697]
16:46:34.0 (20019914)|STATEMENT_EXECUTE|[698]
16:46:34.0 (20025913)|VARIABLE_SCOPE_BEGIN|[698]|resp|P7S1_ApexResponse|true|false
16:46:34.0 (20031434)|VARIABLE_ASSIGNMENT|[698]|resp|null|
16:46:34.0 (20033145)|STATEMENT_EXECUTE|[699]
16:46:34.0 (20419084)|SAVEPOINT_SET|[699]|SavepointValue0
16:46:34.0 (20435811)|HEAP_ALLOCATE|[699]|Bytes:16
16:46:34.0 (20451004)|VARIABLE_SCOPE_BEGIN|[699]|sp|System.Savepoint|true|false
16:46:34.0 (20559900)|VARIABLE_ASSIGNMENT|[699]|sp|"common.apex.runtime.impl.ApexUserSavepoint@736d8718"|0x736d8718
16:46:34.0 (20564790)|STATEMENT_EXECUTE|[701]
16:46:34.0 (20566060)|STATEMENT_EXECUTE|[701]
16:46:34.0 (20567325)|STATEMENT_EXECUTE|[702]
16:46:34.0 (20598312)|METHOD_ENTRY|[702]|01p3E0000004a8n|Som_Kam_CmpCtrl.sendMails(String, Som_Kam__c, List<String>, String, Boolean)
16:46:34.0 (20628872)|VARIABLE_SCOPE_BEGIN|[605]|accPlanId|String|false|false
16:46:34.0 (20636157)|VARIABLE_ASSIGNMENT|[605]|accPlanId|"a093E000000sCLFQA2"
16:46:34.0 (20640277)|VARIABLE_SCOPE_BEGIN|[605]|accPlanFromCmp|Som_Kam__c|true|false
16:46:34.0 (20669974)|VARIABLE_ASSIGNMENT|[605]|accPlanFromCmp|{"Som_EmailText__c":"Das ist ein Test.Tex (73 more) ...","Som_EmailSubject__c":"Account Plan Test-Ac (40 more) ...","Som_Review__c":"2016-08-05T00:00:00.000Z","Som_Year__c":2016,"Som_Account__r":{"Id":"0013E000006KJGeQAO","Name":"Test-Account RH"},"Id":"a093E000000sCLFQA2","Som_Account__c":"0013E000006KJGeQAO","Som_Kickoff__c":"2016-07-30T00:00:00.000Z","Name":"AP_2016-000004"}|0x28862f24
16:46:34.0 (20676327)|VARIABLE_SCOPE_BEGIN|[605]|accPlanTeamIds|List<String>|true|false
16:46:34.0 (20686422)|VARIABLE_ASSIGNMENT|[605]|accPlanTeamIds|{"s":1,"v":["a1P3E0000008a35UAA","a1P3E0000008iPVUAY","a1P3E0000008iD5UAI"]}|0x32b45ddb
16:46:34.0 (20689919)|VARIABLE_SCOPE_BEGIN|[605]|hostUrl|String|false|false
16:46:34.0 (20694725)|VARIABLE_ASSIGNMENT|[605]|hostUrl|"https://p7s1--kam.li (17 more) ..."
16:46:34.0 (20700874)|VARIABLE_SCOPE_BEGIN|[605]|isKickoff|Boolean|false|false
16:46:34.0 (20706009)|VARIABLE_ASSIGNMENT|[605]|isKickoff|true
16:46:34.0 (20713881)|HEAP_ALLOCATE|[608]|Bytes:5
16:46:34.0 (20718425)|STATEMENT_EXECUTE|[605]
16:46:34.0 (20719662)|STATEMENT_EXECUTE|[608]
16:46:34.0 (20808119)|USER_DEBUG|[608]|DEBUG|2016-07-30 00:00:00
16:46:34.0 (20825249)|STATEMENT_EXECUTE|[609]
16:46:34.0 (20873572)|USER_DEBUG|[609]|DEBUG|2016-08-05 00:00:00
16:46:34.0 (20881538)|STATEMENT_EXECUTE|[610]
16:46:34.0 (20920932)|USER_DEBUG|[610]|DEBUG|Das ist ein Test.Text für die Review Email.
Bitte ersetzen!

Freundliche Grüße
{{Sender}}
16:46:34.0 (20929079)|STATEMENT_EXECUTE|[611]
16:46:34.0 (20966377)|USER_DEBUG|[611]|DEBUG|Account Plan Test-Account RH: Kickoff {{TeamName}} 30.7.2016
16:46:34.0 (20973456)|STATEMENT_EXECUTE|[613]
16:46:34.0 (20978119)|HEAP_ALLOCATE|[613]|Bytes:160
16:46:34.0 (20990357)|HEAP_ALLOCATE|[613]|Bytes:4
16:46:34.0 (21002765)|HEAP_ALLOCATE|[613]|Bytes:7
16:46:34.0 (21537858)|SOQL_EXECUTE_BEGIN|[613]|Aggregations:0|SELECT Id, Som_Kickoff__c, Som_Review__c, Som_EmailText__c, Som_EmailSubject__c, Som_Account__c, Som_Account__r.Name FROM Som_Kam__c WHERE Id = :tmpVar1 LIMIT 1
16:46:34.0 (27588906)|SOQL_EXECUTE_END|[613]|Rows:1
16:46:34.0 (27620593)|HEAP_ALLOCATE|[613]|Bytes:8
16:46:34.0 (27637650)|HEAP_ALLOCATE|[613]|Bytes:245
16:46:34.0 (27701981)|HEAP_ALLOCATE|[613]|Bytes:8
16:46:34.0 (27820911)|HEAP_ALLOCATE|[627]|Bytes:32
16:46:34.0 (27837254)|VARIABLE_SCOPE_BEGIN|[613]|accPlan|Som_Kam__c|true|false
16:46:34.0 (27890109)|VARIABLE_ASSIGNMENT|[613]|accPlan|{"s":1,"v":{"Id":"a093E000000sCLFQA2","Som_Kickoff__c":"2016-07-30T00:00:00.000Z","Som_Review__c":"2016-08-05T00:00:00.000Z","Som_EmailText__c":"ghghhhh Test","Som_EmailSubject__c":"Email-Test 22","Som_Account__c":"0013E000006KJGeQAO","Som_Account__r":{"s":2,"v":{"Name":"Test-Account RH","Id":"0013E000006KJGeQAO"}}}}|0x70802932
16:46:34.0 (27895570)|STATEMENT_EXECUTE|[629]
16:46:34.0 (27900864)|HEAP_ALLOCATE|[629]|Bytes:162
16:46:34.0 (27910233)|HEAP_ALLOCATE|[629]|Bytes:4
16:46:34.0 (27935053)|HEAP_ALLOCATE|[629]|Bytes:7
16:46:34.0 (30731481)|SOQL_EXECUTE_BEGIN|[629]|Aggregations:0|SELECT Id, Som_Kam__c, Som_KamTeamMember__c, Som_KamTeam__r.Name, Som_Status__c FROM Som_KamDetail__c WHERE (Som_Kam__c = :tmpVar1 AND Som_KamTeam__c IN :tmpVar2)
16:46:34.0 (36797716)|SOQL_EXECUTE_END|[629]|Rows:3
16:46:34.0 (36842215)|HEAP_ALLOCATE|[629]|Bytes:16
16:46:34.0 (36877504)|HEAP_ALLOCATE|[629]|Bytes:680
16:46:34.0 (37003705)|HEAP_ALLOCATE|[629]|Bytes:16
16:46:34.0 (37032601)|VARIABLE_SCOPE_BEGIN|[629]|apds|List<Som_KamDetail__c>|true|false
16:46:34.0 (37108133)|VARIABLE_ASSIGNMENT|[629]|apds|{"s":1,"v":[{"s":2,"v":{"Id":"a2U3E0000004floUAA","Som_Kam__c":"a093E000000sCLFQA2","Som_KamTeamMember__c":"00557000006CIAuAAO","Som_KamTeam__c":"a1P3E0000008a35UAA","Som_Status__c":"Kickoff","Som_KamTeam__r":{"s":3,"v":{"Name":"maxdome","Id":"a1P3E0000008a35UAA"}}}},{"s":4,"v":{"Id":"a2U3E0000004ffsUAA","Som_Kam__c":"a093E000000sCLFQA2","Som_KamTeamMember__c":"00557000005jeECAAY","Som_KamTeam__c":"a1P3E0000008iD5UAI","Som_Status__c":"Kickoff","Som_KamTeam__r":{"s":5,"v":{"Name":"Test Team ABC","Id":"a1P3E0000008iD5UAI"}}}},{"s":6,"v":{"Id":"a2U3E0000004iv8UAA","Som_Kam__c":"a093E000000sCLFQA2","Som_KamTeamMember__c":"005D0000002i780IAA","Som_KamTeam__c":"a1P3E0000008iPVUAY","Som_Status__c":"Invited","Som_KamTeam__r":{"s":7,"v":{"Name":"Starwatch","Id":"a1P3E0000008iPVUAY"}}}}]}|0x3f323240
16:46:34.0 (37117290)|STATEMENT_EXECUTE|[642]
16:46:34.0 (37205661)|HEAP_ALLOCATE|[642]|Bytes:4
16:46:34.0 (37340828)|VARIABLE_SCOPE_BEGIN|[642]|messages|List<Messaging.SingleEmailMessage>|true|false
16:46:34.0 (37371083)|HEAP_ALLOCATE|[EXTERNAL]|Bytes:4
16:46:34.0 (37385059)|VARIABLE_ASSIGNMENT|[642]|messages|{"s":1,"v":[]}|0x3326233
16:46:34.0 (37388348)|STATEMENT_EXECUTE|[644]
16:46:34.0 (37394780)|VARIABLE_SCOPE_BEGIN|[644]|accDetailUrl|String|false|false
16:46:34.0 (37400575)|VARIABLE_ASSIGNMENT|[644]|accDetailUrl|null
16:46:34.0 (37402540)|STATEMENT_EXECUTE|[646]
16:46:34.0 (37421181)|VARIABLE_SCOPE_BEGIN|[646]|emailText|String|false|false
16:46:34.0 (37432080)|VARIABLE_ASSIGNMENT|[646]|emailText|"Das ist ein Test.Tex (73 more) ..."
16:46:34.0 (37434134)|STATEMENT_EXECUTE|[647]
16:46:34.0 (37436294)|VARIABLE_SCOPE_BEGIN|[647]|htmlBody|String|false|false
16:46:34.0 (37440225)|VARIABLE_ASSIGNMENT|[647]|htmlBody|null
16:46:34.0 (37441694)|STATEMENT_EXECUTE|[648]
16:46:34.0 (37443539)|VARIABLE_SCOPE_BEGIN|[648]|meetingDate|String|false|false
16:46:34.0 (37447394)|VARIABLE_ASSIGNMENT|[648]|meetingDate|null
16:46:34.0 (37784687)|HEAP_ALLOCATE|[650]|Bytes:5
16:46:34.0 (37845373)|HEAP_ALLOCATE|[650]|Bytes:28
16:46:34.0 (37860153)|VARIABLE_SCOPE_BEGIN|[650]|apd|Som_KamDetail__c|true|false
16:46:34.0 (37890842)|VARIABLE_ASSIGNMENT|[650]|apd|{"s":1,"v":{"Id":"a2U3E0000004floUAA","Som_Kam__c":"a093E000000sCLFQA2","Som_KamTeamMember__c":"00557000006CIAuAAO","Som_KamTeam__c":"a1P3E0000008a35UAA","Som_Status__c":"Kickoff","Som_KamTeam__r":{"s":2,"v":{"Name":"maxdome","Id":"a1P3E0000008a35UAA"}}}}|0x36d02f9f
16:46:34.0 (37896587)|STATEMENT_EXECUTE|[650]
16:46:34.0 (37898060)|STATEMENT_EXECUTE|[652]
16:46:34.0 (37904419)|HEAP_ALLOCATE|[652]|Bytes:24
16:46:34.0 (38010263)|HEAP_ALLOCATE|[652]|Bytes:18
16:46:34.0 (38024834)|HEAP_ALLOCATE|[652]|Bytes:17
16:46:34.0 (38063541)|HEAP_ALLOCATE|[652]|Bytes:18
16:46:34.0 (38086459)|HEAP_ALLOCATE|[652]|Bytes:114
16:46:34.0 (38097436)|VARIABLE_ASSIGNMENT|[652]|accDetailUrl|"https://p7s1--kam.li (94 more) ..."
16:46:34.0 (38100416)|STATEMENT_EXECUTE|[653]
16:46:34.0 (38103548)|HEAP_ALLOCATE|[653]|Bytes:1
16:46:34.0 (38106866)|HEAP_ALLOCATE|[653]|Bytes:9
16:46:34.0 (38166266)|HEAP_ALLOCATE|[653]|Bytes:125
16:46:34.0 (38179297)|HEAP_ALLOCATE|[653]|Bytes:27
16:46:34.0 (38182733)|HEAP_ALLOCATE|[653]|Bytes:31
16:46:34.0 (38192781)|HEAP_ALLOCATE|[653]|Bytes:297
16:46:34.0 (38202408)|VARIABLE_ASSIGNMENT|[653]|htmlBody|"Das ist ein Test.Tex (277 more) ..."
16:46:34.0 (38205178)|STATEMENT_EXECUTE|[655]
16:46:34.0 (38309252)|VARIABLE_SCOPE_BEGIN|[655]|message|Messaging.SingleEmailMessage|true|false
16:46:34.0 (38399640)|VARIABLE_ASSIGNMENT|[655]|message|"common.api.soap.wsdl.SingleEmailMessage@6cfaace8"|0x201058d4
16:46:34.0 (38404467)|STATEMENT_EXECUTE|[656]
16:46:34.0 (38410394)|HEAP_ALLOCATE|[656]|Bytes:4
16:46:34.0 (38472913)|HEAP_ALLOCATE|[656]|Bytes:18
16:46:34.0 (38530517)|HEAP_ALLOCATE|[EXTERNAL]|Bytes:8
16:46:34.0 (38573431)|STATEMENT_EXECUTE|[659]
16:46:34.0 (38584011)|HEAP_ALLOCATE|[659]|Bytes:12
16:46:34.0 (38709776)|HEAP_ALLOCATE|[659]|Bytes:55
16:46:34.0 (38777515)|STATEMENT_EXECUTE|[662]
16:46:34.0 (38780220)|STATEMENT_EXECUTE|[667]
16:46:34.0 (38784535)|HEAP_ALLOCATE|[667]|Bytes:7
16:46:34.0 (38868574)|VARIABLE_ASSIGNMENT|[667]|this.Som_Status__c|"Invited"|0x36d02f9f
16:46:34.0 (38874084)|STATEMENT_EXECUTE|[678]
16:46:34.0 (38906044)|STATEMENT_EXECUTE|[679]
16:46:34.0 (38940401)|HEAP_ALLOCATE|[EXTERNAL]|Bytes:4
16:46:34.0 (38948781)|STATEMENT_EXECUTE|[681]
16:46:34.0 (38986965)|HEAP_ALLOCATE|[681]|Bytes:55
16:46:34.0 (39032539)|USER_DEBUG|[681]|DEBUG|Account Plan Test-Account RH: Kickoff maxdome 30.7.2016
16:46:34.0 (39042081)|STATEMENT_EXECUTE|[682]
16:46:34.0 (39060879)|HEAP_ALLOCATE|[682]|Bytes:297
16:46:34.0 (39084294)|USER_DEBUG|[682]|DEBUG|Das ist ein Test.Text für die Review Email.
<br></br>Bitte ersetzen!
<br></br>
<br></br>Freundliche Grüße
<br></br>{{Sender}}<br></br><br></br><a href="https://p7s1--kam.lightning.force.com/c/Som_KamApp.app?accId=0013E000006KJGeQAO&accPlanDetailId=a2U3E0000004floUAA">Go to Account Plan Detail</a>
16:46:34.0 (39103740)|HEAP_ALLOCATE|[650]|Bytes:5
16:46:34.0 (39129941)|HEAP_ALLOCATE|[650]|Bytes:28
16:46:34.0 (39138999)|VARIABLE_SCOPE_BEGIN|[650]|apd|Som_KamDetail__c|true|false
16:46:34.0 (39160930)|VARIABLE_ASSIGNMENT|[650]|apd|{"s":1,"v":{"Id":"a2U3E0000004ffsUAA","Som_Kam__c":"a093E000000sCLFQA2","Som_KamTeamMember__c":"00557000005jeECAAY","Som_KamTeam__c":"a1P3E0000008iD5UAI","Som_Status__c":"Kickoff","Som_KamTeam__r":{"s":2,"v":{"Name":"Test Team ABC","Id":"a1P3E0000008iD5UAI"}}}}|0x38bffafb
16:46:34.0 (39165011)|STATEMENT_EXECUTE|[650]
16:46:34.0 (39166259)|STATEMENT_EXECUTE|[652]
16:46:34.0 (39186320)|HEAP_ALLOCATE|[652]|Bytes:18
16:46:34.0 (39205810)|HEAP_ALLOCATE|[652]|Bytes:18
16:46:34.0 (39216951)|HEAP_ALLOCATE|[652]|Bytes:114
16:46:34.0 (39226462)|VARIABLE_ASSIGNMENT|[652]|accDetailUrl|"https://p7s1--kam.li (94 more) ..."
16:46:34.0 (39229012)|STATEMENT_EXECUTE|[653]
16:46:34.0 (39246046)|HEAP_ALLOCATE|[653]|Bytes:125
16:46:34.0 (39257456)|HEAP_ALLOCATE|[653]|Bytes:297
16:46:34.0 (39265515)|VARIABLE_ASSIGNMENT|[653]|htmlBody|"Das ist ein Test.Tex (277 more) ..."
16:46:34.0 (39267795)|STATEMENT_EXECUTE|[655]
16:46:34.0 (39280149)|VARIABLE_SCOPE_BEGIN|[655]|message|Messaging.SingleEmailMessage|true|false
16:46:34.0 (39334941)|VARIABLE_ASSIGNMENT|[655]|message|"common.api.soap.wsdl.SingleEmailMessage@4c4f7ce0"|0xcc26802
16:46:34.0 (39339324)|STATEMENT_EXECUTE|[656]
16:46:34.0 (39343510)|HEAP_ALLOCATE|[656]|Bytes:4
16:46:34.0 (39362250)|HEAP_ALLOCATE|[656]|Bytes:18
16:46:34.0 (39376995)|HEAP_ALLOCATE|[EXTERNAL]|Bytes:8
16:46:34.0 (39398488)|STATEMENT_EXECUTE|[659]
16:46:34.0 (39439149)|HEAP_ALLOCATE|[659]|Bytes:61
16:46:34.0 (39464672)|STATEMENT_EXECUTE|[662]
16:46:34.0 (39466741)|STATEMENT_EXECUTE|[667]
16:46:34.0 (39510127)|VARIABLE_ASSIGNMENT|[667]|this.Som_Status__c|"Invited"|0x38bffafb
16:46:34.0 (39514100)|STATEMENT_EXECUTE|[678]
16:46:34.0 (39528829)|STATEMENT_EXECUTE|[679]
16:46:34.0 (39539521)|HEAP_ALLOCATE|[EXTERNAL]|Bytes:4
16:46:34.0 (39545164)|STATEMENT_EXECUTE|[681]
16:46:34.0 (39557815)|HEAP_ALLOCATE|[681]|Bytes:61
16:46:34.0 (39571834)|USER_DEBUG|[681]|DEBUG|Account Plan Test-Account RH: Kickoff Test Team ABC 30.7.2016
16:46:34.0 (39578281)|STATEMENT_EXECUTE|[682]
16:46:34.0 (39588372)|HEAP_ALLOCATE|[682]|Bytes:297
16:46:34.0 (39599414)|USER_DEBUG|[682]|DEBUG|Das ist ein Test.Text für die Review Email.
<br></br>Bitte ersetzen!
<br></br>
<br></br>Freundliche Grüße
<br></br>{{Sender}}<br></br><br></br><a href="https://p7s1--kam.lightning.force.com/c/Som_KamApp.app?accId=0013E000006KJGeQAO&accPlanDetailId=a2U3E0000004ffsUAA">Go to Account Plan Detail</a>
16:46:34.0 (39616463)|HEAP_ALLOCATE|[650]|Bytes:5
16:46:34.0 (39640924)|HEAP_ALLOCATE|[650]|Bytes:28
16:46:34.0 (39649621)|VARIABLE_SCOPE_BEGIN|[650]|apd|Som_KamDetail__c|true|false
16:46:34.0 (39671288)|VARIABLE_ASSIGNMENT|[650]|apd|{"s":1,"v":{"Id":"a2U3E0000004iv8UAA","Som_Kam__c":"a093E000000sCLFQA2","Som_KamTeamMember__c":"005D0000002i780IAA","Som_KamTeam__c":"a1P3E0000008iPVUAY","Som_Status__c":"Invited","Som_KamTeam__r":{"s":2,"v":{"Name":"Starwatch","Id":"a1P3E0000008iPVUAY"}}}}|0x6954c12b
16:46:34.0 (39675654)|STATEMENT_EXECUTE|[650]
16:46:34.0 (39677207)|STATEMENT_EXECUTE|[652]
16:46:34.0 (39696183)|HEAP_ALLOCATE|[652]|Bytes:18
16:46:34.0 (39715034)|HEAP_ALLOCATE|[652]|Bytes:18
16:46:34.0 (39726140)|HEAP_ALLOCATE|[652]|Bytes:114
16:46:34.0 (39735464)|VARIABLE_ASSIGNMENT|[652]|accDetailUrl|"https://p7s1--kam.li (94 more) ..."
16:46:34.0 (39737824)|STATEMENT_EXECUTE|[653]
16:46:34.0 (39754280)|HEAP_ALLOCATE|[653]|Bytes:125
16:46:34.0 (39765692)|HEAP_ALLOCATE|[653]|Bytes:297
16:46:34.0 (39773528)|VARIABLE_ASSIGNMENT|[653]|htmlBody|"Das ist ein Test.Tex (277 more) ..."
16:46:34.0 (39775890)|STATEMENT_EXECUTE|[655]
16:46:34.0 (39787745)|VARIABLE_SCOPE_BEGIN|[655]|message|Messaging.SingleEmailMessage|true|false
16:46:34.0 (39846151)|VARIABLE_ASSIGNMENT|[655]|message|"common.api.soap.wsdl.SingleEmailMessage@22549522"|0x16234564
16:46:34.0 (39850737)|STATEMENT_EXECUTE|[656]
16:46:34.0 (39854879)|HEAP_ALLOCATE|[656]|Bytes:4
16:46:34.0 (39873366)|HEAP_ALLOCATE|[656]|Bytes:18
16:46:34.0 (39887704)|HEAP_ALLOCATE|[EXTERNAL]|Bytes:8
16:46:34.0 (39909494)|STATEMENT_EXECUTE|[659]
16:46:34.0 (39949936)|HEAP_ALLOCATE|[659]|Bytes:57
16:46:34.0 (39974860)|STATEMENT_EXECUTE|[662]
16:46:34.0 (39976904)|STATEMENT_EXECUTE|[667]
16:46:34.0 (40018951)|VARIABLE_ASSIGNMENT|[667]|this.Som_Status__c|"Invited"|0x6954c12b
16:46:34.0 (40023761)|STATEMENT_EXECUTE|[678]
16:46:34.0 (40038388)|STATEMENT_EXECUTE|[679]
16:46:34.0 (40048982)|HEAP_ALLOCATE|[EXTERNAL]|Bytes:4
16:46:34.0 (40054596)|STATEMENT_EXECUTE|[681]
16:46:34.0 (40067076)|HEAP_ALLOCATE|[681]|Bytes:57
16:46:34.0 (40080547)|USER_DEBUG|[681]|DEBUG|Account Plan Test-Account RH: Kickoff Starwatch 30.7.2016
16:46:34.0 (40086785)|STATEMENT_EXECUTE|[682]
16:46:34.0 (40096485)|HEAP_ALLOCATE|[682]|Bytes:297
16:46:34.0 (40107137)|USER_DEBUG|[682]|DEBUG|Das ist ein Test.Text für die Review Email.
<br></br>Bitte ersetzen!
<br></br>
<br></br>Freundliche Grüße
<br></br>{{Sender}}<br></br><br></br><a href="https://p7s1--kam.lightning.force.com/c/Som_KamApp.app?accId=0013E000006KJGeQAO&accPlanDetailId=a2U3E0000004iv8UAA">Go to Account Plan Detail</a>
16:46:34.0 (40124199)|HEAP_ALLOCATE|[650]|Bytes:5
16:46:34.0 (40137104)|VARIABLE_ASSIGNMENT|[650]|apd|null|
16:46:34.0 (40141295)|STATEMENT_EXECUTE|[689]
16:46:34.0 (40209805)|DML_BEGIN|[689]|Op:Update|Type:Som_KamDetail__c|Rows:3
16:46:34.0 (40249661)|HEAP_ALLOCATE|[EXTERNAL]|Bytes:16
16:46:34.0 (57371085)|CODE_UNIT_STARTED|[EXTERNAL]|01q3E0000004F1v|Som_KamDetail on Som_KamDetail trigger event BeforeUpdate for [a2U3E0000004ffs, a2U3E0000004flo, a2U3E0000004iv8]
16:46:34.0 (57436346)|HEAP_ALLOCATE|[EXTERNAL]|Bytes:16
16:46:34.0 (57473959)|HEAP_ALLOCATE|[EXTERNAL]|Bytes:16
16:46:34.0 (57613928)|HEAP_ALLOCATE|[EXTERNAL]|Bytes:4
16:46:34.0 (57630997)|VARIABLE_SCOPE_BEGIN|[14]|this|Som_KamDetail|true|false
16:46:34.0 (57717172)|VARIABLE_ASSIGNMENT|[14]|this|{}|0xe3e51fe
16:46:34.0 (57781351)|HEAP_ALLOCATE|[EXTERNAL]|Bytes:4
16:46:34.0 (57790832)|VARIABLE_SCOPE_BEGIN|[14]|this|Som_KamDetail|true|false
16:46:34.0 (57804540)|VARIABLE_ASSIGNMENT|[14]|this|{}|0xe3e51fe
16:46:34.0 (57813453)|STATEMENT_EXECUTE|[14]
16:46:34.0 (57815043)|STATEMENT_EXECUTE|[19]
16:46:34.0 (61250691)|HEAP_ALLOCATE|[16]|Bytes:8
16:46:34.0 (61302178)|METHOD_ENTRY|[14]|01p3E0000004aBm|Som_KamDetail.Som_KamDetail()
16:46:34.0 (61307202)|STATEMENT_EXECUTE|[14]
16:46:34.0 (61311818)|STATEMENT_EXECUTE|[14]
16:46:34.0 (61323967)|HEAP_ALLOCATE|[16]|Bytes:5
16:46:34.0 (61340528)|METHOD_EXIT|[14]|Som_KamDetail
16:46:34.0 (61372296)|HEAP_ALLOCATE|[16]|Bytes:44
16:46:34.0 (61537422)|CONSTRUCTOR_ENTRY|[16]|01p3E0000004aBm|<init>(Boolean,Boolean,Boolean,Boolean,Boolean,Boolean,List<SObject>,Map<Id,SObject>,List<SObject>,Map<Id,SObject>)
16:46:34.0 (61578826)|VARIABLE_SCOPE_BEGIN|[16]|this|Som_KamDetail|true|false
16:46:34.0 (61615077)|VARIABLE_ASSIGNMENT|[16]|this|{}|0x771f98fb
16:46:34.0 (61623770)|VARIABLE_SCOPE_BEGIN|[16]|isAfter|Boolean|false|false
16:46:34.0 (61630981)|VARIABLE_ASSIGNMENT|[16]|isAfter|false
16:46:34.0 (61634897)|VARIABLE_SCOPE_BEGIN|[16]|isBefore|Boolean|false|false
16:46:34.0 (61638050)|VARIABLE_ASSIGNMENT|[16]|isBefore|true
16:46:34.0 (61641343)|VARIABLE_SCOPE_BEGIN|[16]|isDelete|Boolean|false|false
16:46:34.0 (61644033)|VARIABLE_ASSIGNMENT|[16]|isDelete|false
16:46:34.0 (61647252)|VARIABLE_SCOPE_BEGIN|[16]|isInsert|Boolean|false|false
16:46:34.0 (61649947)|VARIABLE_ASSIGNMENT|[16]|isInsert|false
16:46:34.0 (61652928)|VARIABLE_SCOPE_BEGIN|[16]|isUndelete|Boolean|false|false
16:46:34.0 (61655789)|VARIABLE_ASSIGNMENT|[16]|isUndelete|false
16:46:34.0 (61658942)|VARIABLE_SCOPE_BEGIN|[16]|isUpdate|Boolean|false|false
16:46:34.0 (61661712)|VARIABLE_ASSIGNMENT|[16]|isUpdate|true
16:46:34.0 (61664865)|VARIABLE_SCOPE_BEGIN|[16]|lstNewItems|List<SObject>|true|false
16:46:34.0 (72798395)|VARIABLE_ASSIGNMENT|[16]|lstNewItems|{"s":1,"v":[{"Som_PreviousCashExte (12 more) ...":2,"LastModifiedDate":"2016-10-13T12:52:54.000Z","Som_PreviousCashIn__ (1 more) ...":150000.00,"IsDeleted":false,"Som_KamTeamMember__c":"00557000005jeECAAY","Som_KamTeam__c":"a1P3E0000008iD5UAI","Som_RatingDealLearni (6 more) ...":"sgsdg","Som_Kam__c":"a093E000000sCLFQA2","Som_TargetCashIn__c":120000.00,"CurrencyIsoCode":"EUR","Som_DaysUntilReview_ (2 more) ...":-73,"Som_Account__c":"Test-Account RH","Som_DaysUnitlKickoff (3 more) ...":-79,"Name":"APD_2016-000097","SystemModstamp":"2016-10-13T12:52:54.000Z","Som_Status__c":"Invited","CreatedById":"00557000005jeECAAY","CreatedDate":"2016-07-20T12:47:41.000Z","Som_Year__c":"2016","Id":"a2U3E0000004ffsUAA","LastModifiedById":"00557000005jeECAAY"},{"Som_PreviousCashExte (12 more) ...":57,"LastModifiedDate":"2016-10-13T12:52:54.000Z","Som_PreviousCashIn__ (1 more) ...":500000.00,"IsDeleted":false,"Som_KamTeamMember__c":"00557000006CIAuAAO","Som_KamTeam__c":"a1P3E0000008a35UAA","Som_RatingDealLearni (6 more) ...":"jhgkuzgzu","Som_Kam__c":"a093E000000sCLFQA2","Som_TargetCashIn__c":650000.00,"CurrencyIsoCode":"EUR","Som_DaysUntilReview_ (2 more) ...":-73,"Som_Account__c":"Test-Account RH","Som_DaysUnitlKickoff (3 more) ...":-79,"Name":"APD_2016-000098","SystemModstamp":"2016-10-13T12:52:54.000Z","Som_Status__c":"Invited","CreatedById":"00557000005jeDxAAI","CreatedDate":"2016-07-21T11:37:14.000Z","Som_Year__c":"2016","Id":"a2U3E0000004floUAA","LastModifiedById":"00557000005jeECAAY"},{"Som_PreviousCashExte (12 more) ...":67,"LastModifiedDate":"2016-10-13T12:52:54.000Z","Som_PreviousCashIn__ (1 more) ...":100000.00,"IsDeleted":false,"Som_KamTeamMember__c":"005D0000002i780IAA","Som_KamTeam__c":"a1P3E0000008iPVUAY","Som_RatingDealLearni (6 more) ...":"TEST 1","Som_Kam__c":"a093E000000sCLFQA2","Som_TargetCashIn__c":150000.00,"CurrencyIsoCode":"EUR","Som_DaysUntilReview_ (2 more) ...":-73,"Som_Account__c":"Test-Account RH","Som_DaysUnitlKickoff (3 more) ...":-79,"Name":"APD_2016-000111","SystemModstamp":"2016-10-13T12:52:54.000Z","Som_Status__c":"Invited","CreatedById":"00557000005jeDxAAI","CreatedDate":"2016-07-29T07:56:13.000Z","Som_Year__c":"2016","Id":"a2U3E0000004iv8UAA","LastModifiedById":"00557000005jeECAAY"}]}|0x19717253
16:46:34.0 (72828600)|VARIABLE_SCOPE_BEGIN|[16]|mapNewItems|Map<Id,SObject>|true|false
16:46:34.0 (73190697)|VARIABLE_ASSIGNMENT|[16]|mapNewItems|{"s":1,"v":{"a2U3E0000004ffsUAA":{"Som_PreviousCashExte (12 more) ...":2,"LastModifiedDate":"2016-10-13T12:52:54.000Z","Som_PreviousCashIn__ (1 more) ...":150000.00,"IsDeleted":false,"Som_KamTeamMember__c":"00557000005jeECAAY","Som_KamTeam__c":"a1P3E0000008iD5UAI","Som_RatingDealLearni (6 more) ...":"sgsdg","Som_Kam__c":"a093E000000sCLFQA2","Som_TargetCashIn__c":120000.00,"CurrencyIsoCode":"EUR","Som_DaysUntilReview_ (2 more) ...":-73,"Som_Account__c":"Test-Account RH","Som_DaysUnitlKickoff (3 more) ...":-79,"Name":"APD_2016-000097","SystemModstamp":"2016-10-13T12:52:54.000Z","Som_Status__c":"Invited","CreatedById":"00557000005jeECAAY","CreatedDate":"2016-07-20T12:47:41.000Z","Som_Year__c":"2016","Id":"a2U3E0000004ffsUAA","LastModifiedById":"00557000005jeECAAY"},"a2U3E0000004floUAA":{"Som_PreviousCashExte (12 more) ...":57,"LastModifiedDate":"2016-10-13T12:52:54.000Z","Som_PreviousCashIn__ (1 more) ...":500000.00,"IsDeleted":false,"Som_KamTeamMember__c":"00557000006CIAuAAO","Som_KamTeam__c":"a1P3E0000008a35UAA","Som_RatingDealLearni (6 more) ...":"jhgkuzgzu","Som_Kam__c":"a093E000000sCLFQA2","Som_TargetCashIn__c":650000.00,"CurrencyIsoCode":"EUR","Som_DaysUntilReview_ (2 more) ...":-73,"Som_Account__c":"Test-Account RH","Som_DaysUnitlKickoff (3 more) ...":-79,"Name":"APD_2016-000098","SystemModstamp":"2016-10-13T12:52:54.000Z","Som_Status__c":"Invited","CreatedById":"00557000005jeDxAAI","CreatedDate":"2016-07-21T11:37:14.000Z","Som_Year__c":"2016","Id":"a2U3E0000004floUAA","LastModifiedById":"00557000005jeECAAY"},"a2U3E0000004iv8UAA":{"Som_PreviousCashExte (12 more) ...":67,"LastModifiedDate":"2016-10-13T12:52:54.000Z","Som_PreviousCashIn__ (1 more) ...":100000.00,"IsDeleted":false,"Som_KamTeamMember__c":"005D0000002i780IAA","Som_KamTeam__c":"a1P3E0000008iPVUAY","Som_RatingDealLearni (6 more) ...":"TEST 1","Som_Kam__c":"a093E000000sCLFQA2","Som_TargetCashIn__c":150000.00,"CurrencyIsoCode":"EUR","Som_DaysUntilReview_ (2 more) ...":-73,"Som_Account__c":"Test-Account RH","Som_DaysUnitlKickoff (3 more) ...":-79,"Name":"APD_2016-000111","SystemModstamp":"2016-10-13T12:52:54.000Z","Som_Status__c":"Invited","CreatedById":"00557000005jeDxAAI","CreatedDate":"2016-07-29T07:56:13.000Z","Som_Year__c":"2016","Id":"a2U3E0000004iv8UAA","LastModifiedById":"00557000005jeECAAY"}}}|0x117876e4
16:46:34.0 (73209126)|VARIABLE_SCOPE_BEGIN|[16]|lstOldItems|List<SObject>|true|false
16:46:34.0 (75031360)|VARIABLE_ASSIGNMENT|[16]|lstOldItems|{"s":1,"v":[{"Som_PreviousCashExte (12 more) ...":2,"LastModifiedDate":"2016-10-13T12:52:54.000Z","Som_PreviousCashIn__ (1 more) ...":150000.00,"IsDeleted":false,"Som_KamTeamMember__c":"00557000005jeECAAY","Som_KamTeam__c":"a1P3E0000008iD5UAI","Som_RatingDealLearni (6 more) ...":"sgsdg","Som_Kam__c":"a093E000000sCLFQA2","Som_TargetCashIn__c":120000.00,"CurrencyIsoCode":"EUR","Som_DaysUntilReview_ (2 more) ...":-73,"Som_Account__c":"Test-Account RH","Som_DaysUnitlKickoff (3 more) ...":-79,"Name":"APD_2016-000097","SystemModstamp":"2016-10-13T12:52:54.000Z","Som_Status__c":"Kickoff","CreatedById":"00557000005jeECAAY","CreatedDate":"2016-07-20T12:47:41.000Z","Som_Year__c":"2016","Id":"a2U3E0000004ffsUAA","LastModifiedById":"00557000005jeECAAY"},{"Som_PreviousCashExte (12 more) ...":57,"LastModifiedDate":"2016-10-13T12:52:54.000Z","Som_PreviousCashIn__ (1 more) ...":500000.00,"IsDeleted":false,"Som_KamTeamMember__c":"00557000006CIAuAAO","Som_KamTeam__c":"a1P3E0000008a35UAA","Som_RatingDealLearni (6 more) ...":"jhgkuzgzu","Som_Kam__c":"a093E000000sCLFQA2","Som_TargetCashIn__c":650000.00,"CurrencyIsoCode":"EUR","Som_DaysUntilReview_ (2 more) ...":-73,"Som_Account__c":"Test-Account RH","Som_DaysUnitlKickoff (3 more) ...":-79,"Name":"APD_2016-000098","SystemModstamp":"2016-10-13T12:52:54.000Z","Som_Status__c":"Kickoff","CreatedById":"00557000005jeDxAAI","CreatedDate":"2016-07-21T11:37:14.000Z","Som_Year__c":"2016","Id":"a2U3E0000004floUAA","LastModifiedById":"00557000005jeECAAY"},{"Som_PreviousCashExte (12 more) ...":67,"LastModifiedDate":"2016-10-13T12:52:54.000Z","Som_PreviousCashIn__ (1 more) ...":100000.00,"IsDeleted":false,"Som_KamTeamMember__c":"005D0000002i780IAA","Som_KamTeam__c":"a1P3E0000008iPVUAY","Som_RatingDealLearni (6 more) ...":"TEST 1","Som_Kam__c":"a093E000000sCLFQA2","Som_TargetCashIn__c":150000.00,"CurrencyIsoCode":"EUR","Som_DaysUntilReview_ (2 more) ...":-73,"Som_Account__c":"Test-Account RH","Som_DaysUnitlKickoff (3 more) ...":-79,"Name":"APD_2016-000111","SystemModstamp":"2016-10-13T12:52:54.000Z","Som_Status__c":"Invited","CreatedById":"00557000005jeDxAAI","CreatedDate":"2016-07-29T07:56:13.000Z","Som_Year__c":"2016","Id":"a2U3E0000004iv8UAA","LastModifiedById":"00557000005jeECAAY"}]}|0x427c3e6c
16:46:34.0 (75049468)|VARIABLE_SCOPE_BEGIN|[16]|mapOldItems|Map<Id,SObject>|true|false
16:46:34.0 (75385155)|VARIABLE_ASSIGNMENT|[16]|mapOldItems|{"s":1,"v":{"a2U3E0000004ffsUAA":{"Som_PreviousCashExte (12 more) ...":2,"LastModifiedDate":"2016-10-13T12:52:54.000Z","Som_PreviousCashIn__ (1 more) ...":150000.00,"IsDeleted":false,"Som_KamTeamMember__c":"00557000005jeECAAY","Som_KamTeam__c":"a1P3E0000008iD5UAI","Som_RatingDealLearni (6 more) ...":"sgsdg","Som_Kam__c":"a093E000000sCLFQA2","Som_TargetCashIn__c":120000.00,"CurrencyIsoCode":"EUR","Som_DaysUntilReview_ (2 more) ...":-73,"Som_Account__c":"Test-Account RH","Som_DaysUnitlKickoff (3 more) ...":-79,"Name":"APD_2016-000097","SystemModstamp":"2016-10-13T12:52:54.000Z","Som_Status__c":"Kickoff","CreatedById":"00557000005jeECAAY","CreatedDate":"2016-07-20T12:47:41.000Z","Som_Year__c":"2016","Id":"a2U3E0000004ffsUAA","LastModifiedById":"00557000005jeECAAY"},"a2U3E0000004floUAA":{"Som_PreviousCashExte (12 more) ...":57,"LastModifiedDate":"2016-10-13T12:52:54.000Z","Som_PreviousCashIn__ (1 more) ...":500000.00,"IsDeleted":false,"Som_KamTeamMember__c":"00557000006CIAuAAO","Som_KamTeam__c":"a1P3E0000008a35UAA","Som_RatingDealLearni (6 more) ...":"jhgkuzgzu","Som_Kam__c":"a093E000000sCLFQA2","Som_TargetCashIn__c":650000.00,"CurrencyIsoCode":"EUR","Som_DaysUntilReview_ (2 more) ...":-73,"Som_Account__c":"Test-Account RH","Som_DaysUnitlKickoff (3 more) ...":-79,"Name":"APD_2016-000098","SystemModstamp":"2016-10-13T12:52:54.000Z","Som_Status__c":"Kickoff","CreatedById":"00557000005jeDxAAI","CreatedDate":"2016-07-21T11:37:14.000Z","Som_Year__c":"2016","Id":"a2U3E0000004floUAA","LastModifiedById":"00557000005jeECAAY"},"a2U3E0000004iv8UAA":{"Som_PreviousCashExte (12 more) ...":67,"LastModifiedDate":"2016-10-13T12:52:54.000Z","Som_PreviousCashIn__ (1 more) ...":100000.00,"IsDeleted":false,"Som_KamTeamMember__c":"005D0000002i780IAA","Som_KamTeam__c":"a1P3E0000008iPVUAY","Som_RatingDealLearni (6 more) ...":"TEST 1","Som_Kam__c":"a093E000000sCLFQA2","Som_TargetCashIn__c":150000.00,"CurrencyIsoCode":"EUR","Som_DaysUntilReview_ (2 more) ...":-73,"Som_Account__c":"Test-Account RH","Som_DaysUnitlKickoff (3 more) ...":-79,"Name":"APD_2016-000111","SystemModstamp":"2016-10-13T12:52:54.000Z","Som_Status__c":"Invited","CreatedById":"00557000005jeDxAAI","CreatedDate":"2016-07-29T07:56:13.000Z","Som_Year__c":"2016","Id":"a2U3E0000004iv8UAA","LastModifiedById":"00557000005jeECAAY"}}}|0x220f75f6
16:46:34.0 (75409231)|HEAP_ALLOCATE|[20]|Bytes:5
16:46:34.0 (75415751)|STATEMENT_EXECUTE|[14]
16:46:34.0 (75418753)|HEAP_ALLOCATE|[20]|Bytes:5
16:46:34.0 (75424607)|STATEMENT_EXECUTE|[20]
16:46:34.0 (75438494)|HEAP_ALLOCATE|[20]|Bytes:41
16:46:34.0 (75445437)|HEAP_ALLOCATE|[20]|Bytes:99
16:46:34.0 (75474295)|METHOD_ENTRY|[7]|01pD0000000IsYO|TriggerController.TriggerController()
16:46:34.0 (75478333)|STATEMENT_EXECUTE|[7]
16:46:34.0 (75482002)|STATEMENT_EXECUTE|[7]
16:46:34.0 (76174315)|SYSTEM_MODE_ENTER|false
16:46:34.0 (76184255)|HEAP_ALLOCATE|[20]|Bytes:5
16:46:34.0 (76194384)|SYSTEM_MODE_EXIT|false
16:46:34.0 (76207706)|METHOD_EXIT|[7]|TriggerController
16:46:34.0 (76229710)|CONSTRUCTOR_ENTRY|[20]|01pD0000000IsYO|<init>(Boolean,Boolean,Boolean,Boolean,Boolean,Boolean,List<SObject>,Map<Id,SObject>,List<SObject>,Map<Id,SObject>)
16:46:34.0 (76391090)|VARIABLE_SCOPE_BEGIN|[68]|this|TriggerController|true|false
16:46:34.0 (76418920)|VARIABLE_ASSIGNMENT|[68]|this|{}|0x771f98fb
16:46:34.0 (76426910)|VARIABLE_SCOPE_BEGIN|[68]|isAfter|Boolean|false|false
16:46:34.0 (76431775)|VARIABLE_ASSIGNMENT|[68]|isAfter|false
16:46:34.0 (76435596)|VARIABLE_SCOPE_BEGIN|[68]|isBefore|Boolean|false|false
16:46:34.0 (76438723)|VARIABLE_ASSIGNMENT|[68]|isBefore|true
16:46:34.0 (76442009)|VARIABLE_SCOPE_BEGIN|[68]|isDelete|Boolean|false|false
16:46:34.0 (76444788)|VARIABLE_ASSIGNMENT|[68]|isDelete|false
16:46:34.0 (76448183)|VARIABLE_SCOPE_BEGIN|[68]|isInsert|Boolean|false|false
16:46:34.0 (76450933)|VARIABLE_ASSIGNMENT|[68]|isInsert|false
16:46:34.0 (76454000)|VARIABLE_SCOPE_BEGIN|[68]|isUndelete|Boolean|false|false
16:46:34.0 (76456751)|VARIABLE_ASSIGNMENT|[68]|isUndelete|false
16:46:34.0 (76459872)|VARIABLE_SCOPE_BEGIN|[68]|isUpdate|Boolean|false|false
16:46:34.0 (76462512)|VARIABLE_ASSIGNMENT|[68]|isUpdate|true
16:46:34.0 (76465512)|VARIABLE_SCOPE_BEGIN|[68]|lstNewItems|List<SObject>|true|false
16:46:34.0 (76860025)|VARIABLE_ASSIGNMENT|[68]|lstNewItems|{"s":1,"v":[{"Som_PreviousCashExte (12 more) ...":2,"LastModifiedDate":"2016-10-13T12:52:54.000Z","Som_PreviousCashIn__ (1 more) ...":150000.00,"IsDeleted":false,"Som_KamTeamMember__c":"00557000005jeECAAY","Som_KamTeam__c":"a1P3E0000008iD5UAI","Som_RatingDealLearni (6 more) ...":"sgsdg","Som_Kam__c":"a093E000000sCLFQA2","Som_TargetCashIn__c":120000.00,"CurrencyIsoCode":"EUR","Som_DaysUntilReview_ (2 more) ...":-73,"Som_Account__c":"Test-Account RH","Som_DaysUnitlKickoff (3 more) ...":-79,"Name":"APD_2016-000097","SystemModstamp":"2016-10-13T12:52:54.000Z","Som_Status__c":"Invited","CreatedById":"00557000005jeECAAY","CreatedDate":"2016-07-20T12:47:41.000Z","Som_Year__c":"2016","Id":"a2U3E0000004ffsUAA","LastModifiedById":"00557000005jeECAAY"},{"Som_PreviousCashExte (12 more) ...":57,"LastModifiedDate":"2016-10-13T12:52:54.000Z","Som_PreviousCashIn__ (1 more) ...":500000.00,"IsDeleted":false,"Som_KamTeamMember__c":"00557000006CIAuAAO","Som_KamTeam__c":"a1P3E0000008a35UAA","Som_RatingDealLearni (6 more) ...":"jhgkuzgzu","Som_Kam__c":"a093E000000sCLFQA2","Som_TargetCashIn__c":650000.00,"CurrencyIsoCode":"EUR","Som_DaysUntilReview_ (2 more) ...":-73,"Som_Account__c":"Test-Account RH","Som_DaysUnitlKickoff (3 more) ...":-79,"Name":"APD_2016-000098","SystemModstamp":"2016-10-13T12:52:54.000Z","Som_Status__c":"Invited","CreatedById":"00557000005jeDxAAI","CreatedDate":"2016-07-21T11:37:14.000Z","Som_Year__c":"2016","Id":"a2U3E0000004floUAA","LastModifiedById":"00557000005jeECAAY"},{"Som_PreviousCashExte (12 more) ...":67,"LastModifiedDate":"2016-10-13T12:52:54.000Z","Som_PreviousCashIn__ (1 more) ...":100000.00,"IsDeleted":false,"Som_KamTeamMember__c":"005D0000002i780IAA","Som_KamTeam__c":"a1P3E0000008iPVUAY","Som_RatingDealLearni (6 more) ...":"TEST 1","Som_Kam__c":"a093E000000sCLFQA2","Som_TargetCashIn__c":150000.00,"CurrencyIsoCode":"EUR","Som_DaysUntilReview_ (2 more) ...":-73,"Som_Account__c":"Test-Account RH","Som_DaysUnitlKickoff (3 more) ...":-79,"Name":"APD_2016-000111","SystemModstamp":"2016-10-13T12:52:54.000Z","Som_Status__c":"Invited","CreatedById":"00557000005jeDxAAI","CreatedDate":"2016-07-29T07:56:13.000Z","Som_Year__c":"2016","Id":"a2U3E0000004iv8UAA","LastModifiedById":"00557000005jeECAAY"}]}|0x19717253
16:46:34.0 (76876588)|VARIABLE_SCOPE_BEGIN|[68]|mapNewItems|Map<Id,SObject>|true|false
16:46:34.0 (77229361)|VARIABLE_ASSIGNMENT|[68]|mapNewItems|{"s":1,"v":{"a2U3E0000004ffsUAA":{"Som_PreviousCashExte (12 more) ...":2,"LastModifiedDate":"2016-10-13T12:52:54.000Z","Som_PreviousCashIn__ (1 more) ...":150000.00,"IsDeleted":false,"Som_KamTeamMember__c":"00557000005jeECAAY","Som_KamTeam__c":"a1P3E0000008iD5UAI","Som_RatingDealLearni (6 more) ...":"sgsdg","Som_Kam__c":"a093E000000sCLFQA2","Som_TargetCashIn__c":120000.00,"CurrencyIsoCode":"EUR","Som_DaysUntilReview_ (2 more) ...":-73,"Som_Account__c":"Test-Account RH","Som_DaysUnitlKickoff (3 more) ...":-79,"Name":"APD_2016-000097","SystemModstamp":"2016-10-13T12:52:54.000Z","Som_Status__c":"Invited","CreatedById":"00557000005jeECAAY","CreatedDate":"2016-07-20T12:47:41.000Z","Som_Year__c":"2016","Id":"a2U3E0000004ffsUAA","LastModifiedById":"00557000005jeECAAY"},"a2U3E0000004floUAA":{"Som_PreviousCashExte (12 more) ...":57,"LastModifiedDate":"2016-10-13T12:52:54.000Z","Som_PreviousCashIn__ (1 more) ...":500000.00,"IsDeleted":false,"Som_KamTeamMember__c":"00557000006CIAuAAO","Som_KamTeam__c":"a1P3E0000008a35UAA","Som_RatingDealLearni (6 more) ...":"jhgkuzgzu","Som_Kam__c":"a093E000000sCLFQA2","Som_TargetCashIn__c":650000.00,"CurrencyIsoCode":"EUR","Som_DaysUntilReview_ (2 more) ...":-73,"Som_Account__c":"Test-Account RH","Som_DaysUnitlKickoff (3 more) ...":-79,"Name":"APD_2016-000098","SystemModstamp":"2016-10-13T12:52:54.000Z","Som_Status__c":"Invited","CreatedById":"00557000005jeDxAAI","CreatedDate":"2016-07-21T11:37:14.000Z","Som_Year__c":"2016","Id":"a2U3E0000004floUAA","LastModifiedById":"00557000005jeECAAY"},"a2U3E0000004iv8UAA":{"Som_PreviousCashExte (12 more) ...":67,"LastModifiedDate":"2016-10-13T12:52:54.000Z","Som_PreviousCashIn__ (1 more) ...":100000.00,"IsDeleted":false,"Som_KamTeamMember__c":"005D0000002i780IAA","Som_KamTeam__c":"a1P3E0000008iPVUAY","Som_RatingDealLearni (6 more) ...":"TEST 1","Som_Kam__c":"a093E000000sCLFQA2","Som_TargetCashIn__c":150000.00,"CurrencyIsoCode":"EUR","Som_DaysUntilReview_ (2 more) ...":-73,"Som_Account__c":"Test-Account RH","Som_DaysUnitlKickoff (3 more) ...":-79,"Name":"APD_2016-000111","SystemModstamp":"2016-10-13T12:52:54.000Z","Som_Status__c":"Invited","CreatedById":"00557000005jeDxAAI","CreatedDate":"2016-07-29T07:56:13.000Z","Som_Year__c":"2016","Id":"a2U3E0000004iv8UAA","LastModifiedById":"00557000005jeECAAY"}}}|0x117876e4
16:46:34.0 (77247195)|VARIABLE_SCOPE_BEGIN|[68]|lstOldItems|List<SObject>|true|false
16:46:34.0 (77569011)|VARIABLE_ASSIGNMENT|[68]|lstOldItems|{"s":1,"v":[{"Som_PreviousCashExte (12 more) ...":2,"LastModifiedDate":"2016-10-13T12:52:54.000Z","Som_PreviousCashIn__ (1 more) ...":150000.00,"IsDeleted":false,"Som_KamTeamMember__c":"00557000005jeECAAY","Som_KamTeam__c":"a1P3E0000008iD5UAI","Som_RatingDealLearni (6 more) ...":"sgsdg","Som_Kam__c":"a093E000000sCLFQA2","Som_TargetCashIn__c":120000.00,"CurrencyIsoCode":"EUR","Som_DaysUntilReview_ (2 more) ...":-73,"Som_Account__c":"Test-Account RH","Som_DaysUnitlKickoff (3 more) ...":-79,"Name":"APD_2016-000097","SystemModstamp":"2016-10-13T12:52:54.000Z","Som_Status__c":"Kickoff","CreatedById":"00557000005jeECAAY","CreatedDate":"2016-07-20T12:47:41.000Z","Som_Year__c":"2016","Id":"a2U3E0000004ffsUAA","LastModifiedById":"00557000005jeECAAY"},{"Som_PreviousCashExte (12 more) ...":57,"LastModifiedDate":"2016-10-13T12:52:54.000Z","Som_PreviousCashIn__ (1 more) ...":500000.00,"IsDeleted":false,"Som_KamTeamMember__c":"00557000006CIAuAAO","Som_KamTeam__c":"a1P3E0000008a35UAA","Som_RatingDealLearni (6 more) ...":"jhgkuzgzu","Som_Kam__c":"a093E000000sCLFQA2","Som_TargetCashIn__c":650000.00,"CurrencyIsoCode":"EUR","Som_DaysUntilReview_ (2 more) ...":-73,"Som_Account__c":"Test-Account RH","Som_DaysUnitlKickoff (3 more) ...":-79,"Name":"APD_2016-000098","SystemModstamp":"2016-10-13T12:52:54.000Z","Som_Status__c":"Kickoff","CreatedById":"00557000005jeDxAAI","CreatedDate":"2016-07-21T11:37:14.000Z","Som_Year__c":"2016","Id":"a2U3E0000004floUAA","LastModifiedById":"00557000005jeECAAY"},{"Som_PreviousCashExte (12 more) ...":67,"LastModifiedDate":"2016-10-13T12:52:54.000Z","Som_PreviousCashIn__ (1 more) ...":100000.00,"IsDeleted":false,"Som_KamTeamMember__c":"005D0000002i780IAA","Som_KamTeam__c":"a1P3E0000008iPVUAY","Som_RatingDealLearni (6 more) ...":"TEST 1","Som_Kam__c":"a093E000000sCLFQA2","Som_TargetCashIn__c":150000.00,"CurrencyIsoCode":"EUR","Som_DaysUntilReview_ (2 more) ...":-73,"Som_Account__c":"Test-Account RH","Som_DaysUnitlKickoff (3 more) ...":-79,"Name":"APD_2016-000111","SystemModstamp":"2016-10-13T12:52:54.000Z","Som_Status__c":"Invited","CreatedById":"00557000005jeDxAAI","CreatedDate":"2016-07-29T07:56:13.000Z","Som_Year__c":"2016","Id":"a2U3E0000004iv8UAA","LastModifiedById":"00557000005jeECAAY"}]}|0x427c3e6c
16:46:34.0 (77584647)|VARIABLE_SCOPE_BEGIN|[68]|mapOldItems|Map<Id,SObject>|true|false
16:46:34.0 (77959599)|VARIABLE_ASSIGNMENT|[68]|mapOldItems|{"s":1,"v":{"a2U3E0000004ffsUAA":{"Som_PreviousCashExte (12 more) ...":2,"LastModifiedDate":"2016-10-13T12:52:54.000Z","Som_PreviousCashIn__ (1 more) ...":150000.00,"IsDeleted":false,"Som_KamTeamMember__c":"00557000005jeECAAY","Som_KamTeam__c":"a1P3E0000008iD5UAI","Som_RatingDealLearni (6 more) ...":"sgsdg","Som_Kam__c":"a093E000000sCLFQA2","Som_TargetCashIn__c":120000.00,"CurrencyIsoCode":"EUR","Som_DaysUntilReview_ (2 more) ...":-73,"Som_Account__c":"Test-Account RH","Som_DaysUnitlKickoff (3 more) ...":-79,"Name":"APD_2016-000097","SystemModstamp":"2016-10-13T12:52:54.000Z","Som_Status__c":"Kickoff","CreatedById":"00557000005jeECAAY","CreatedDate":"2016-07-20T12:47:41.000Z","Som_Year__c":"2016","Id":"a2U3E0000004ffsUAA","LastModifiedById":"00557000005jeECAAY"},"a2U3E0000004floUAA":{"Som_PreviousCashExte (12 more) ...":57,"LastModifiedDate":"2016-10-13T12:52:54.000Z","Som_PreviousCashIn__ (1 more) ...":500000.00,"IsDeleted":false,"Som_KamTeamMember__c":"00557000006CIAuAAO","Som_KamTeam__c":"a1P3E0000008a35UAA","Som_RatingDealLearni (6 more) ...":"jhgkuzgzu","Som_Kam__c":"a093E000000sCLFQA2","Som_TargetCashIn__c":650000.00,"CurrencyIsoCode":"EUR","Som_DaysUntilReview_ (2 more) ...":-73,"Som_Account__c":"Test-Account RH","Som_DaysUnitlKickoff (3 more) ...":-79,"Name":"APD_2016-000098","SystemModstamp":"2016-10-13T12:52:54.000Z","Som_Status__c":"Kickoff","CreatedById":"00557000005jeDxAAI","CreatedDate":"2016-07-21T11:37:14.000Z","Som_Year__c":"2016","Id":"a2U3E0000004floUAA","LastModifiedById":"00557000005jeECAAY"},"a2U3E0000004iv8UAA":{"Som_PreviousCashExte (12 more) ...":67,"LastModifiedDate":"2016-10-13T12:52:54.000Z","Som_PreviousCashIn__ (1 more) ...":100000.00,"IsDeleted":false,"Som_KamTeamMember__c":"005D0000002i780IAA","Som_KamTeam__c":"a1P3E0000008iPVUAY","Som_RatingDealLearni (6 more) ...":"TEST 1","Som_Kam__c":"a093E000000sCLFQA2","Som_TargetCashIn__c":150000.00,"CurrencyIsoCode":"EUR","Som_DaysUntilReview_ (2 more) ...":-73,"Som_Account__c":"Test-Account RH","Som_DaysUnitlKickoff (3 more) ...":-79,"Name":"APD_2016-000111","SystemModstamp":"2016-10-13T12:52:54.000Z","Som_Status__c":"Invited","CreatedById":"00557000005jeDxAAI","CreatedDate":"2016-07-29T07:56:13.000Z","Som_Year__c":"2016","Id":"a2U3E0000004iv8UAA","LastModifiedById":"00557000005jeECAAY"}}}|0x220f75f6
16:46:34.0 (77980432)|SYSTEM_MODE_ENTER|false
16:46:34.0 (77987023)|HEAP_ALLOCATE|[10]|Bytes:5
16:46:34.0 (77992041)|STATEMENT_EXECUTE|[7]
16:46:34.0 (77995037)|HEAP_ALLOCATE|[10]|Bytes:5
16:46:34.0 (77998486)|STATEMENT_EXECUTE|[10]
16:46:34.0 (78004236)|HEAP_ALLOCATE|[10]|Bytes:5
16:46:34.0 (78011130)|STATEMENT_EXECUTE|[13]
16:46:34.0 (78013936)|HEAP_ALLOCATE|[13]|Bytes:5
16:46:34.0 (78016540)|STATEMENT_EXECUTE|[16]
16:46:34.0 (78018928)|HEAP_ALLOCATE|[16]|Bytes:5
16:46:34.0 (78021455)|STATEMENT_EXECUTE|[19]
16:46:34.0 (78023828)|HEAP_ALLOCATE|[19]|Bytes:5
16:46:34.0 (78026051)|STATEMENT_EXECUTE|[22]
16:46:34.0 (78028235)|HEAP_ALLOCATE|[22]|Bytes:5
16:46:34.0 (78030641)|STATEMENT_EXECUTE|[25]
16:46:34.0 (78032869)|HEAP_ALLOCATE|[25]|Bytes:5
16:46:34.0 (78035168)|STATEMENT_EXECUTE|[28]
16:46:34.0 (78038034)|STATEMENT_EXECUTE|[33]
16:46:34.0 (78039978)|STATEMENT_EXECUTE|[38]
16:46:34.0 (78041983)|STATEMENT_EXECUTE|[43]
16:46:34.0 (78055709)|HEAP_ALLOCATE|[43]|Bytes:6
16:46:34.0 (78090902)|STATEMENT_EXECUTE|[70]
16:46:34.0 (78093274)|STATEMENT_EXECUTE|[71]
16:46:34.0 (78098107)|HEAP_ALLOCATE|[71]|Bytes:5
16:46:34.0 (78101581)|STATEMENT_EXECUTE|[72]
16:46:34.0 (78103936)|HEAP_ALLOCATE|[72]|Bytes:5
16:46:34.0 (78106316)|STATEMENT_EXECUTE|[73]
16:46:34.0 (78108629)|HEAP_ALLOCATE|[73]|Bytes:5
16:46:34.0 (78110925)|STATEMENT_EXECUTE|[74]
16:46:34.0 (78113047)|HEAP_ALLOCATE|[74]|Bytes:5
16:46:34.0 (78115344)|STATEMENT_EXECUTE|[75]
16:46:34.0 (78117500)|HEAP_ALLOCATE|[75]|Bytes:5
16:46:34.0 (78119629)|STATEMENT_EXECUTE|[76]
16:46:34.0 (78121803)|HEAP_ALLOCATE|[76]|Bytes:5
16:46:34.0 (78124045)|STATEMENT_EXECUTE|[77]
16:46:34.0 (78126047)|STATEMENT_EXECUTE|[78]
16:46:34.0 (78128039)|STATEMENT_EXECUTE|[79]
16:46:34.0 (78130049)|STATEMENT_EXECUTE|[80]
16:46:34.0 (78137051)|SYSTEM_MODE_EXIT|false
16:46:34.0 (78154460)|CONSTRUCTOR_EXIT|[20]|01pD0000000IsYO|<init>(Boolean,Boolean,Boolean,Boolean,Boolean,Boolean,List<SObject>,Map<Id,SObject>,List<SObject>,Map<Id,SObject>)
16:46:34.0 (78157821)|STATEMENT_EXECUTE|[19]
16:46:34.0 (78169024)|CONSTRUCTOR_EXIT|[16]|01p3E0000004aBm|<init>(Boolean,Boolean,Boolean,Boolean,Boolean,Boolean,List<SObject>,Map<Id,SObject>,List<SObject>,Map<Id,SObject>)
16:46:34.0 (78205494)|METHOD_ENTRY|[19]|01pD0000000IsYO|TriggerController.run()
16:46:34.0 (78235972)|VARIABLE_SCOPE_BEGIN|[102]|this|TriggerController|true|false
16:46:34.0 (78269141)|VARIABLE_ASSIGNMENT|[102]|this|{"isAfter":false,"isBefore":true,"isDelete":false,"isInsert":false,"isUndelete":false,"isUpdate":true,"lstNewItems":"0x19717253","lstOldItems":"0x427c3e6c","mapNewItems":"0x117876e4","mapOldItems":"0x220f75f6"}|0x771f98fb
16:46:34.0 (78279203)|SYSTEM_MODE_ENTER|false
16:46:34.0 (78284616)|HEAP_ALLOCATE|[103]|Bytes:5
16:46:34.0 (78288398)|STATEMENT_EXECUTE|[102]
16:46:34.0 (78295863)|STATEMENT_EXECUTE|[103]
16:46:34.0 (78299454)|STATEMENT_EXECUTE|[110]
16:46:34.0 (78300578)|STATEMENT_EXECUTE|[111]
16:46:34.0 (78311677)|METHOD_ENTRY|[111]|01pD0000000IsYO|TriggerController.runBeforeUpdate()
16:46:34.0 (78334514)|VARIABLE_SCOPE_BEGIN|[165]|this|TriggerController|true|false
16:46:34.0 (78363727)|VARIABLE_ASSIGNMENT|[165]|this|{"isAfter":false,"isBefore":true,"isDelete":false,"isInsert":false,"isUndelete":false,"isUpdate":true,"lstNewItems":"0x19717253","lstOldItems":"0x427c3e6c","mapNewItems":"0x117876e4","mapOldItems":"0x220f75f6"}|0x771f98fb
16:46:34.0 (78373157)|HEAP_ALLOCATE|[EXTERNAL]|Bytes:5
16:46:34.0 (78377437)|STATEMENT_EXECUTE|[165]
16:46:34.0 (78385741)|METHOD_EXIT|[111]|01pD0000000IsYO|TriggerController.runBeforeUpdate()
16:46:34.0 (78393430)|SYSTEM_MODE_EXIT|false
16:46:34.0 (78398350)|METHOD_EXIT|[19]|01pD0000000IsYO|TriggerController.run()
16:46:34.78 (78415574)|CUMULATIVE_LIMIT_USAGE
16:46:34.78 (78415574)|LIMIT_USAGE_FOR_NS|(default)|
  Number of SOQL queries: 2 out of 100
  Number of query rows: 4 out of 50000
  Number of SOSL queries: 0 out of 20
  Number of DML statements: 2 out of 150
  Number of DML rows: 4 out of 10000
  Maximum CPU time: 0 out of 10000
  Maximum heap size: 0 out of 6000000
  Number of callouts: 0 out of 100
  Number of Email Invocations: 0 out of 10
  Number of future calls: 0 out of 50
  Number of queueable jobs added to the queue: 0 out of 50
  Number of Mobile Apex push calls: 0 out of 10

16:46:34.78 (78415574)|CUMULATIVE_LIMIT_USAGE_END

16:46:34.0 (80198300)|CODE_UNIT_FINISHED|Som_KamDetail on Som_KamDetail trigger event BeforeUpdate for [a2U3E0000004ffs, a2U3E0000004flo, a2U3E0000004iv8]
16:46:34.0 (106545372)|CODE_UNIT_STARTED|[EXTERNAL]|01q3E0000004F1v|Som_KamDetail on Som_KamDetail trigger event AfterUpdate for [a2U3E0000004ffs, a2U3E0000004flo, a2U3E0000004iv8]
16:46:34.0 (106578283)|HEAP_ALLOCATE|[EXTERNAL]|Bytes:16
16:46:34.0 (106610097)|HEAP_ALLOCATE|[EXTERNAL]|Bytes:16
16:46:34.0 (106666251)|HEAP_ALLOCATE|[EXTERNAL]|Bytes:4
16:46:34.0 (106673634)|VARIABLE_SCOPE_BEGIN|[14]|this|Som_KamDetail|true|false
16:46:34.0 (106692921)|VARIABLE_ASSIGNMENT|[14]|this|{}|0x5e8c0975
16:46:34.0 (106720000)|HEAP_ALLOCATE|[EXTERNAL]|Bytes:4
16:46:34.0 (106724984)|VARIABLE_SCOPE_BEGIN|[14]|this|Som_KamDetail|true|false
16:46:34.0 (106735868)|VARIABLE_ASSIGNMENT|[14]|this|{}|0x5e8c0975
16:46:34.0 (106740062)|STATEMENT_EXECUTE|[14]
16:46:34.0 (106741563)|STATEMENT_EXECUTE|[19]
16:46:34.0 (106746184)|HEAP_ALLOCATE|[16]|Bytes:44
16:46:34.0 (106833140)|CONSTRUCTOR_ENTRY|[16]|01p3E0000004aBm|<init>(Boolean,Boolean,Boolean,Boolean,Boolean,Boolean,List<SObject>,Map<Id,SObject>,List<SObject>,Map<Id,SObject>)
16:46:34.0 (106839610)|VARIABLE_SCOPE_BEGIN|[16]|this|Som_KamDetail|true|false
16:46:34.0 (106860431)|VARIABLE_ASSIGNMENT|[16]|this|{}|0x3f7e8ff4
16:46:34.0 (106865854)|VARIABLE_SCOPE_BEGIN|[16]|isAfter|Boolean|false|false
16:46:34.0 (106870691)|VARIABLE_ASSIGNMENT|[16]|isAfter|true
16:46:34.0 (106873158)|VARIABLE_SCOPE_BEGIN|[16]|isBefore|Boolean|false|false
16:46:34.0 (106876066)|VARIABLE_ASSIGNMENT|[16]|isBefore|false
16:46:34.0 (106878363)|VARIABLE_SCOPE_BEGIN|[16]|isDelete|Boolean|false|false
16:46:34.0 (106880879)|VARIABLE_ASSIGNMENT|[16]|isDelete|false
16:46:34.0 (106882931)|VARIABLE_SCOPE_BEGIN|[16]|isInsert|Boolean|false|false
16:46:34.0 (106885218)|VARIABLE_ASSIGNMENT|[16]|isInsert|false
16:46:34.0 (106887381)|VARIABLE_SCOPE_BEGIN|[16]|isUndelete|Boolean|false|false
16:46:34.0 (106889890)|VARIABLE_ASSIGNMENT|[16]|isUndelete|false
16:46:34.0 (106892404)|VARIABLE_SCOPE_BEGIN|[16]|isUpdate|Boolean|false|false
16:46:34.0 (106894716)|VARIABLE_ASSIGNMENT|[16]|isUpdate|true
16:46:34.0 (106896226)|VARIABLE_SCOPE_BEGIN|[16]|lstNewItems|List<SObject>|true|false
16:46:34.0 (108469148)|VARIABLE_ASSIGNMENT|[16]|lstNewItems|{"s":1,"v":[{"Som_PreviousCashExte (12 more) ...":2,"LastModifiedDate":"2016-10-17T14:46:34.000Z","Som_PreviousCashIn__ (1 more) ...":150000.00,"IsDeleted":false,"Som_KamTeamMember__c":"00557000005jeECAAY","Som_KamTeam__c":"a1P3E0000008iD5UAI","Som_RatingDealLearni (6 more) ...":"sgsdg","Som_Kam__c":"a093E000000sCLFQA2","Som_TargetCashIn__c":120000.00,"CurrencyIsoCode":"EUR","Som_DaysUntilReview_ (2 more) ...":-73,"Som_Account__c":"Test-Account RH","Som_DaysUnitlKickoff (3 more) ...":-79,"Name":"APD_2016-000097","SystemModstamp":"2016-10-17T14:46:34.000Z","Som_Status__c":"Invited","CreatedById":"00557000005jeECAAY","CreatedDate":"2016-07-20T12:47:41.000Z","Som_Year__c":"2016","Id":"a2U3E0000004ffsUAA","LastModifiedById":"00557000005jeECAAY"},{"Som_PreviousCashExte (12 more) ...":57,"LastModifiedDate":"2016-10-17T14:46:34.000Z","Som_PreviousCashIn__ (1 more) ...":500000.00,"IsDeleted":false,"Som_KamTeamMember__c":"00557000006CIAuAAO","Som_KamTeam__c":"a1P3E0000008a35UAA","Som_RatingDealLearni (6 more) ...":"jhgkuzgzu","Som_Kam__c":"a093E000000sCLFQA2","Som_TargetCashIn__c":650000.00,"CurrencyIsoCode":"EUR","Som_DaysUntilReview_ (2 more) ...":-73,"Som_Account__c":"Test-Account RH","Som_DaysUnitlKickoff (3 more) ...":-79,"Name":"APD_2016-000098","SystemModstamp":"2016-10-17T14:46:34.000Z","Som_Status__c":"Invited","CreatedById":"00557000005jeDxAAI","CreatedDate":"2016-07-21T11:37:14.000Z","Som_Year__c":"2016","Id":"a2U3E0000004floUAA","LastModifiedById":"00557000005jeECAAY"},{"Som_PreviousCashExte (12 more) ...":67,"LastModifiedDate":"2016-10-17T14:46:34.000Z","Som_PreviousCashIn__ (1 more) ...":100000.00,"IsDeleted":false,"Som_KamTeamMember__c":"005D0000002i780IAA","Som_KamTeam__c":"a1P3E0000008iPVUAY","Som_RatingDealLearni (6 more) ...":"TEST 1","Som_Kam__c":"a093E000000sCLFQA2","Som_TargetCashIn__c":150000.00,"CurrencyIsoCode":"EUR","Som_DaysUntilReview_ (2 more) ...":-73,"Som_Account__c":"Test-Account RH","Som_DaysUnitlKickoff (3 more) ...":-79,"Name":"APD_2016-000111","SystemModstamp":"2016-10-17T14:46:34.000Z","Som_Status__c":"Invited","CreatedById":"00557000005jeDxAAI","CreatedDate":"2016-07-29T07:56:13.000Z","Som_Year__c":"2016","Id":"a2U3E0000004iv8UAA","LastModifiedById":"00557000005jeECAAY"}]}|0x3f8cecba
16:46:34.0 (108483232)|VARIABLE_SCOPE_BEGIN|[16]|mapNewItems|Map<Id,SObject>|true|false
16:46:34.0 (108835847)|VARIABLE_ASSIGNMENT|[16]|mapNewItems|{"s":1,"v":{"a2U3E0000004ffsUAA":{"Som_PreviousCashExte (12 more) ...":2,"LastModifiedDate":"2016-10-17T14:46:34.000Z","Som_PreviousCashIn__ (1 more) ...":150000.00,"IsDeleted":false,"Som_KamTeamMember__c":"00557000005jeECAAY","Som_KamTeam__c":"a1P3E0000008iD5UAI","Som_RatingDealLearni (6 more) ...":"sgsdg","Som_Kam__c":"a093E000000sCLFQA2","Som_TargetCashIn__c":120000.00,"CurrencyIsoCode":"EUR","Som_DaysUntilReview_ (2 more) ...":-73,"Som_Account__c":"Test-Account RH","Som_DaysUnitlKickoff (3 more) ...":-79,"Name":"APD_2016-000097","SystemModstamp":"2016-10-17T14:46:34.000Z","Som_Status__c":"Invited","CreatedById":"00557000005jeECAAY","CreatedDate":"2016-07-20T12:47:41.000Z","Som_Year__c":"2016","Id":"a2U3E0000004ffsUAA","LastModifiedById":"00557000005jeECAAY"},"a2U3E0000004floUAA":{"Som_PreviousCashExte (12 more) ...":57,"LastModifiedDate":"2016-10-17T14:46:34.000Z","Som_PreviousCashIn__ (1 more) ...":500000.00,"IsDeleted":false,"Som_KamTeamMember__c":"00557000006CIAuAAO","Som_KamTeam__c":"a1P3E0000008a35UAA","Som_RatingDealLearni (6 more) ...":"jhgkuzgzu","Som_Kam__c":"a093E000000sCLFQA2","Som_TargetCashIn__c":650000.00,"CurrencyIsoCode":"EUR","Som_DaysUntilReview_ (2 more) ...":-73,"Som_Account__c":"Test-Account RH","Som_DaysUnitlKickoff (3 more) ...":-79,"Name":"APD_2016-000098","SystemModstamp":"2016-10-17T14:46:34.000Z","Som_Status__c":"Invited","CreatedById":"00557000005jeDxAAI","CreatedDate":"2016-07-21T11:37:14.000Z","Som_Year__c":"2016","Id":"a2U3E0000004floUAA","LastModifiedById":"00557000005jeECAAY"},"a2U3E0000004iv8UAA":{"Som_PreviousCashExte (12 more) ...":67,"LastModifiedDate":"2016-10-17T14:46:34.000Z","Som_PreviousCashIn__ (1 more) ...":100000.00,"IsDeleted":false,"Som_KamTeamMember__c":"005D0000002i780IAA","Som_KamTeam__c":"a1P3E0000008iPVUAY","Som_RatingDealLearni (6 more) ...":"TEST 1","Som_Kam__c":"a093E000000sCLFQA2","Som_TargetCashIn__c":150000.00,"CurrencyIsoCode":"EUR","Som_DaysUntilReview_ (2 more) ...":-73,"Som_Account__c":"Test-Account RH","Som_DaysUnitlKickoff (3 more) ...":-79,"Name":"APD_2016-000111","SystemModstamp":"2016-10-17T14:46:34.000Z","Som_Status__c":"Invited","CreatedById":"00557000005jeDxAAI","CreatedDate":"2016-07-29T07:56:13.000Z","Som_Year__c":"2016","Id":"a2U3E0000004iv8UAA","LastModifiedById":"00557000005jeECAAY"}}}|0x3fce5f74
16:46:34.0 (108849057)|VARIABLE_SCOPE_BEGIN|[16]|lstOldItems|List<SObject>|true|false
16:46:34.0 (110346866)|VARIABLE_ASSIGNMENT|[16]|lstOldItems|{"s":1,"v":[{"Som_PreviousCashExte (12 more) ...":2,"LastModifiedDate":"2016-10-13T12:52:54.000Z","Som_PreviousCashIn__ (1 more) ...":150000.00,"IsDeleted":false,"Som_KamTeamMember__c":"00557000005jeECAAY","Som_KamTeam__c":"a1P3E0000008iD5UAI","Som_RatingDealLearni (6 more) ...":"sgsdg","Som_Kam__c":"a093E000000sCLFQA2","Som_TargetCashIn__c":120000.00,"CurrencyIsoCode":"EUR","Som_DaysUntilReview_ (2 more) ...":-73,"Som_Account__c":"Test-Account RH","Som_DaysUnitlKickoff (3 more) ...":-79,"Name":"APD_2016-000097","SystemModstamp":"2016-10-13T12:52:54.000Z","Som_Status__c":"Kickoff","CreatedById":"00557000005jeECAAY","CreatedDate":"2016-07-20T12:47:41.000Z","Som_Year__c":"2016","Id":"a2U3E0000004ffsUAA","LastModifiedById":"00557000005jeECAAY"},{"Som_PreviousCashExte (12 more) ...":57,"LastModifiedDate":"2016-10-13T12:52:54.000Z","Som_PreviousCashIn__ (1 more) ...":500000.00,"IsDeleted":false,"Som_KamTeamMember__c":"00557000006CIAuAAO","Som_KamTeam__c":"a1P3E0000008a35UAA","Som_RatingDealLearni (6 more) ...":"jhgkuzgzu","Som_Kam__c":"a093E000000sCLFQA2","Som_TargetCashIn__c":650000.00,"CurrencyIsoCode":"EUR","Som_DaysUntilReview_ (2 more) ...":-73,"Som_Account__c":"Test-Account RH","Som_DaysUnitlKickoff (3 more) ...":-79,"Name":"APD_2016-000098","SystemModstamp":"2016-10-13T12:52:54.000Z","Som_Status__c":"Kickoff","CreatedById":"00557000005jeDxAAI","CreatedDate":"2016-07-21T11:37:14.000Z","Som_Year__c":"2016","Id":"a2U3E0000004floUAA","LastModifiedById":"00557000005jeECAAY"},{"Som_PreviousCashExte (12 more) ...":67,"LastModifiedDate":"2016-10-13T12:52:54.000Z","Som_PreviousCashIn__ (1 more) ...":100000.00,"IsDeleted":false,"Som_KamTeamMember__c":"005D0000002i780IAA","Som_KamTeam__c":"a1P3E0000008iPVUAY","Som_RatingDealLearni (6 more) ...":"TEST 1","Som_Kam__c":"a093E000000sCLFQA2","Som_TargetCashIn__c":150000.00,"CurrencyIsoCode":"EUR","Som_DaysUntilReview_ (2 more) ...":-73,"Som_Account__c":"Test-Account RH","Som_DaysUnitlKickoff (3 more) ...":-79,"Name":"APD_2016-000111","SystemModstamp":"2016-10-13T12:52:54.000Z","Som_Status__c":"Invited","CreatedById":"00557000005jeDxAAI","CreatedDate":"2016-07-29T07:56:13.000Z","Som_Year__c":"2016","Id":"a2U3E0000004iv8UAA","LastModifiedById":"00557000005jeECAAY"}]}|0x1373e59
16:46:34.0 (110360494)|VARIABLE_SCOPE_BEGIN|[16]|mapOldItems|Map<Id,SObject>|true|false
16:46:34.0 (110695275)|VARIABLE_ASSIGNMENT|[16]|mapOldItems|{"s":1,"v":{"a2U3E0000004ffsUAA":{"Som_PreviousCashExte (12 more) ...":2,"LastModifiedDate":"2016-10-13T12:52:54.000Z","Som_PreviousCashIn__ (1 more) ...":150000.00,"IsDeleted":false,"Som_KamTeamMember__c":"00557000005jeECAAY","Som_KamTeam__c":"a1P3E0000008iD5UAI","Som_RatingDealLearni (6 more) ...":"sgsdg","Som_Kam__c":"a093E000000sCLFQA2","Som_TargetCashIn__c":120000.00,"CurrencyIsoCode":"EUR","Som_DaysUntilReview_ (2 more) ...":-73,"Som_Account__c":"Test-Account RH","Som_DaysUnitlKickoff (3 more) ...":-79,"Name":"APD_2016-000097","SystemModstamp":"2016-10-13T12:52:54.000Z","Som_Status__c":"Kickoff","CreatedById":"00557000005jeECAAY","CreatedDate":"2016-07-20T12:47:41.000Z","Som_Year__c":"2016","Id":"a2U3E0000004ffsUAA","LastModifiedById":"00557000005jeECAAY"},"a2U3E0000004floUAA":{"Som_PreviousCashExte (12 more) ...":57,"LastModifiedDate":"2016-10-13T12:52:54.000Z","Som_PreviousCashIn__ (1 more) ...":500000.00,"IsDeleted":false,"Som_KamTeamMember__c":"00557000006CIAuAAO","Som_KamTeam__c":"a1P3E0000008a35UAA","Som_RatingDealLearni (6 more) ...":"jhgkuzgzu","Som_Kam__c":"a093E000000sCLFQA2","Som_TargetCashIn__c":650000.00,"CurrencyIsoCode":"EUR","Som_DaysUntilReview_ (2 more) ...":-73,"Som_Account__c":"Test-Account RH","Som_DaysUnitlKickoff (3 more) ...":-79,"Name":"APD_2016-000098","SystemModstamp":"2016-10-13T12:52:54.000Z","Som_Status__c":"Kickoff","CreatedById":"00557000005jeDxAAI","CreatedDate":"2016-07-21T11:37:14.000Z","Som_Year__c":"2016","Id":"a2U3E0000004floUAA","LastModifiedById":"00557000005jeECAAY"},"a2U3E0000004iv8UAA":{"Som_PreviousCashExte (12 more) ...":67,"LastModifiedDate":"2016-10-13T12:52:54.000Z","Som_PreviousCashIn__ (1 more) ...":100000.00,"IsDeleted":false,"Som_KamTeamMember__c":"005D0000002i780IAA","Som_KamTeam__c":"a1P3E0000008iPVUAY","Som_RatingDealLearni (6 more) ...":"TEST 1","Som_Kam__c":"a093E000000sCLFQA2","Som_TargetCashIn__c":150000.00,"CurrencyIsoCode":"EUR","Som_DaysUntilReview_ (2 more) ...":-73,"Som_Account__c":"Test-Account RH","Som_DaysUnitlKickoff (3 more) ...":-79,"Name":"APD_2016-000111","SystemModstamp":"2016-10-13T12:52:54.000Z","Som_Status__c":"Invited","CreatedById":"00557000005jeDxAAI","CreatedDate":"2016-07-29T07:56:13.000Z","Som_Year__c":"2016","Id":"a2U3E0000004iv8UAA","LastModifiedById":"00557000005jeECAAY"}}}|0x4afd10a4
16:46:34.0 (110713671)|HEAP_ALLOCATE|[20]|Bytes:5
16:46:34.0 (110718232)|STATEMENT_EXECUTE|[14]
16:46:34.0 (110721273)|HEAP_ALLOCATE|[20]|Bytes:5
16:46:34.0 (110725828)|STATEMENT_EXECUTE|[20]
16:46:34.0 (110742408)|CONSTRUCTOR_ENTRY|[20]|01pD0000000IsYO|<init>(Boolean,Boolean,Boolean,Boolean,Boolean,Boolean,List<SObject>,Map<Id,SObject>,List<SObject>,Map<Id,SObject>)
16:46:34.0 (110747903)|VARIABLE_SCOPE_BEGIN|[68]|this|TriggerController|true|false
16:46:34.0 (110787844)|VARIABLE_ASSIGNMENT|[68]|this|{}|0x3f7e8ff4
16:46:34.0 (110795960)|VARIABLE_SCOPE_BEGIN|[68]|isAfter|Boolean|false|false
16:46:34.0 (110801219)|VARIABLE_ASSIGNMENT|[68]|isAfter|true
16:46:34.0 (110803739)|VARIABLE_SCOPE_BEGIN|[68]|isBefore|Boolean|false|false
16:46:34.0 (110806610)|VARIABLE_ASSIGNMENT|[68]|isBefore|false
16:46:34.0 (110812989)|VARIABLE_SCOPE_BEGIN|[68]|isDelete|Boolean|false|false
16:46:34.0 (110815808)|VARIABLE_ASSIGNMENT|[68]|isDelete|false
16:46:34.0 (110818049)|VARIABLE_SCOPE_BEGIN|[68]|isInsert|Boolean|false|false
16:46:34.0 (110820721)|VARIABLE_ASSIGNMENT|[68]|isInsert|false
16:46:34.0 (110822832)|VARIABLE_SCOPE_BEGIN|[68]|isUndelete|Boolean|false|false
16:46:34.0 (110825396)|VARIABLE_ASSIGNMENT|[68]|isUndelete|false
16:46:34.0 (110827938)|VARIABLE_SCOPE_BEGIN|[68]|isUpdate|Boolean|false|false
16:46:34.0 (110830348)|VARIABLE_ASSIGNMENT|[68]|isUpdate|true
16:46:34.0 (110832273)|VARIABLE_SCOPE_BEGIN|[68]|lstNewItems|List<SObject>|true|false
16:46:34.0 (111174010)|VARIABLE_ASSIGNMENT|[68]|lstNewItems|{"s":1,"v":[{"Som_PreviousCashExte (12 more) ...":2,"LastModifiedDate":"2016-10-17T14:46:34.000Z","Som_PreviousCashIn__ (1 more) ...":150000.00,"IsDeleted":false,"Som_KamTeamMember__c":"00557000005jeECAAY","Som_KamTeam__c":"a1P3E0000008iD5UAI","Som_RatingDealLearni (6 more) ...":"sgsdg","Som_Kam__c":"a093E000000sCLFQA2","Som_TargetCashIn__c":120000.00,"CurrencyIsoCode":"EUR","Som_DaysUntilReview_ (2 more) ...":-73,"Som_Account__c":"Test-Account RH","Som_DaysUnitlKickoff (3 more) ...":-79,"Name":"APD_2016-000097","SystemModstamp":"2016-10-17T14:46:34.000Z","Som_Status__c":"Invited","CreatedById":"00557000005jeECAAY","CreatedDate":"2016-07-20T12:47:41.000Z","Som_Year__c":"2016","Id":"a2U3E0000004ffsUAA","LastModifiedById":"00557000005jeECAAY"},{"Som_PreviousCashExte (12 more) ...":57,"LastModifiedDate":"2016-10-17T14:46:34.000Z","Som_PreviousCashIn__ (1 more) ...":500000.00,"IsDeleted":false,"Som_KamTeamMember__c":"00557000006CIAuAAO","Som_KamTeam__c":"a1P3E0000008a35UAA","Som_RatingDealLearni (6 more) ...":"jhgkuzgzu","Som_Kam__c":"a093E000000sCLFQA2","Som_TargetCashIn__c":650000.00,"CurrencyIsoCode":"EUR","Som_DaysUntilReview_ (2 more) ...":-73,"Som_Account__c":"Test-Account RH","Som_DaysUnitlKickoff (3 more) ...":-79,"Name":"APD_2016-000098","SystemModstamp":"2016-10-17T14:46:34.000Z","Som_Status__c":"Invited","CreatedById":"00557000005jeDxAAI","CreatedDate":"2016-07-21T11:37:14.000Z","Som_Year__c":"2016","Id":"a2U3E0000004floUAA","LastModifiedById":"00557000005jeECAAY"},{"Som_PreviousCashExte (12 more) ...":67,"LastModifiedDate":"2016-10-17T14:46:34.000Z","Som_PreviousCashIn__ (1 more) ...":100000.00,"IsDeleted":false,"Som_KamTeamMember__c":"005D0000002i780IAA","Som_KamTeam__c":"a1P3E0000008iPVUAY","Som_RatingDealLearni (6 more) ...":"TEST 1","Som_Kam__c":"a093E000000sCLFQA2","Som_TargetCashIn__c":150000.00,"CurrencyIsoCode":"EUR","Som_DaysUntilReview_ (2 more) ...":-73,"Som_Account__c":"Test-Account RH","Som_DaysUnitlKickoff (3 more) ...":-79,"Name":"APD_2016-000111","SystemModstamp":"2016-10-17T14:46:34.000Z","Som_Status__c":"Invited","CreatedById":"00557000005jeDxAAI","CreatedDate":"2016-07-29T07:56:13.000Z","Som_Year__c":"2016","Id":"a2U3E0000004iv8UAA","LastModifiedById":"00557000005jeECAAY"}]}|0x3f8cecba
16:46:34.0 (111187161)|VARIABLE_SCOPE_BEGIN|[68]|mapNewItems|Map<Id,SObject>|true|false
16:46:34.0 (111516204)|VARIABLE_ASSIGNMENT|[68]|mapNewItems|{"s":1,"v":{"a2U3E0000004ffsUAA":{"Som_PreviousCashExte (12 more) ...":2,"LastModifiedDate":"2016-10-17T14:46:34.000Z","Som_PreviousCashIn__ (1 more) ...":150000.00,"IsDeleted":false,"Som_KamTeamMember__c":"00557000005jeECAAY","Som_KamTeam__c":"a1P3E0000008iD5UAI","Som_RatingDealLearni (6 more) ...":"sgsdg","Som_Kam__c":"a093E000000sCLFQA2","Som_TargetCashIn__c":120000.00,"CurrencyIsoCode":"EUR","Som_DaysUntilReview_ (2 more) ...":-73,"Som_Account__c":"Test-Account RH","Som_DaysUnitlKickoff (3 more) ...":-79,"Name":"APD_2016-000097","SystemModstamp":"2016-10-17T14:46:34.000Z","Som_Status__c":"Invited","CreatedById":"00557000005jeECAAY","CreatedDate":"2016-07-20T12:47:41.000Z","Som_Year__c":"2016","Id":"a2U3E0000004ffsUAA","LastModifiedById":"00557000005jeECAAY"},"a2U3E0000004floUAA":{"Som_PreviousCashExte (12 more) ...":57,"LastModifiedDate":"2016-10-17T14:46:34.000Z","Som_PreviousCashIn__ (1 more) ...":500000.00,"IsDeleted":false,"Som_KamTeamMember__c":"00557000006CIAuAAO","Som_KamTeam__c":"a1P3E0000008a35UAA","Som_RatingDealLearni (6 more) ...":"jhgkuzgzu","Som_Kam__c":"a093E000000sCLFQA2","Som_TargetCashIn__c":650000.00,"CurrencyIsoCode":"EUR","Som_DaysUntilReview_ (2 more) ...":-73,"Som_Account__c":"Test-Account RH","Som_DaysUnitlKickoff (3 more) ...":-79,"Name":"APD_2016-000098","SystemModstamp":"2016-10-17T14:46:34.000Z","Som_Status__c":"Invited","CreatedById":"00557000005jeDxAAI","CreatedDate":"2016-07-21T11:37:14.000Z","Som_Year__c":"2016","Id":"a2U3E0000004floUAA","LastModifiedById":"00557000005jeECAAY"},"a2U3E0000004iv8UAA":{"Som_PreviousCashExte (12 more) ...":67,"LastModifiedDate":"2016-10-17T14:46:34.000Z","Som_PreviousCashIn__ (1 more) ...":100000.00,"IsDeleted":false,"Som_KamTeamMember__c":"005D0000002i780IAA","Som_KamTeam__c":"a1P3E0000008iPVUAY","Som_RatingDealLearni (6 more) ...":"TEST 1","Som_Kam__c":"a093E000000sCLFQA2","Som_TargetCashIn__c":150000.00,"CurrencyIsoCode":"EUR","Som_DaysUntilReview_ (2 more) ...":-73,"Som_Account__c":"Test-Account RH","Som_DaysUnitlKickoff (3 more) ...":-79,"Name":"APD_2016-000111","SystemModstamp":"2016-10-17T14:46:34.000Z","Som_Status__c":"Invited","CreatedById":"00557000005jeDxAAI","CreatedDate":"2016-07-29T07:56:13.000Z","Som_Year__c":"2016","Id":"a2U3E0000004iv8UAA","LastModifiedById":"00557000005jeECAAY"}}}|0x3fce5f74
16:46:34.0 (111530798)|VARIABLE_SCOPE_BEGIN|[68]|lstOldItems|List<SObject>|true|false
16:46:34.0 (111850080)|VARIABLE_ASSIGNMENT|[68]|lstOldItems|{"s":1,"v":[{"Som_PreviousCashExte (12 more) ...":2,"LastModifiedDate":"2016-10-13T12:52:54.000Z","Som_PreviousCashIn__ (1 more) ...":150000.00,"IsDeleted":false,"Som_KamTeamMember__c":"00557000005jeECAAY","Som_KamTeam__c":"a1P3E0000008iD5UAI","Som_RatingDealLearni (6 more) ...":"sgsdg","Som_Kam__c":"a093E000000sCLFQA2","Som_TargetCashIn__c":120000.00,"CurrencyIsoCode":"EUR","Som_DaysUntilReview_ (2 more) ...":-73,"Som_Account__c":"Test-Account RH","Som_DaysUnitlKickoff (3 more) ...":-79,"Name":"APD_2016-000097","SystemModstamp":"2016-10-13T12:52:54.000Z","Som_Status__c":"Kickoff","CreatedById":"00557000005jeECAAY","CreatedDate":"2016-07-20T12:47:41.000Z","Som_Year__c":"2016","Id":"a2U3E0000004ffsUAA","LastModifiedById":"00557000005jeECAAY"},{"Som_PreviousCashExte (12 more) ...":57,"LastModifiedDate":"2016-10-13T12:52:54.000Z","Som_PreviousCashIn__ (1 more) ...":500000.00,"IsDeleted":false,"Som_KamTeamMember__c":"00557000006CIAuAAO","Som_KamTeam__c":"a1P3E0000008a35UAA","Som_RatingDealLearni (6 more) ...":"jhgkuzgzu","Som_Kam__c":"a093E000000sCLFQA2","Som_TargetCashIn__c":650000.00,"CurrencyIsoCode":"EUR","Som_DaysUntilReview_ (2 more) ...":-73,"Som_Account__c":"Test-Account RH","Som_DaysUnitlKickoff (3 more) ...":-79,"Name":"APD_2016-000098","SystemModstamp":"2016-10-13T12:52:54.000Z","Som_Status__c":"Kickoff","CreatedById":"00557000005jeDxAAI","CreatedDate":"2016-07-21T11:37:14.000Z","Som_Year__c":"2016","Id":"a2U3E0000004floUAA","LastModifiedById":"00557000005jeECAAY"},{"Som_PreviousCashExte (12 more) ...":67,"LastModifiedDate":"2016-10-13T12:52:54.000Z","Som_PreviousCashIn__ (1 more) ...":100000.00,"IsDeleted":false,"Som_KamTeamMember__c":"005D0000002i780IAA","Som_KamTeam__c":"a1P3E0000008iPVUAY","Som_RatingDealLearni (6 more) ...":"TEST 1","Som_Kam__c":"a093E000000sCLFQA2","Som_TargetCashIn__c":150000.00,"CurrencyIsoCode":"EUR","Som_DaysUntilReview_ (2 more) ...":-73,"Som_Account__c":"Test-Account RH","Som_DaysUnitlKickoff (3 more) ...":-79,"Name":"APD_2016-000111","SystemModstamp":"2016-10-13T12:52:54.000Z","Som_Status__c":"Invited","CreatedById":"00557000005jeDxAAI","CreatedDate":"2016-07-29T07:56:13.000Z","Som_Year__c":"2016","Id":"a2U3E0000004iv8UAA","LastModifiedById":"00557000005jeECAAY"}]}|0x1373e59
16:46:34.0 (111862434)|VARIABLE_SCOPE_BEGIN|[68]|mapOldItems|Map<Id,SObject>|true|false
16:46:34.0 (112189951)|VARIABLE_ASSIGNMENT|[68]|mapOldItems|{"s":1,"v":{"a2U3E0000004ffsUAA":{"Som_PreviousCashExte (12 more) ...":2,"LastModifiedDate":"2016-10-13T12:52:54.000Z","Som_PreviousCashIn__ (1 more) ...":150000.00,"IsDeleted":false,"Som_KamTeamMember__c":"00557000005jeECAAY","Som_KamTeam__c":"a1P3E0000008iD5UAI","Som_RatingDealLearni (6 more) ...":"sgsdg","Som_Kam__c":"a093E000000sCLFQA2","Som_TargetCashIn__c":120000.00,"CurrencyIsoCode":"EUR","Som_DaysUntilReview_ (2 more) ...":-73,"Som_Account__c":"Test-Account RH","Som_DaysUnitlKickoff (3 more) ...":-79,"Name":"APD_2016-000097","SystemModstamp":"2016-10-13T12:52:54.000Z","Som_Status__c":"Kickoff","CreatedById":"00557000005jeECAAY","CreatedDate":"2016-07-20T12:47:41.000Z","Som_Year__c":"2016","Id":"a2U3E0000004ffsUAA","LastModifiedById":"00557000005jeECAAY"},"a2U3E0000004floUAA":{"Som_PreviousCashExte (12 more) ...":57,"LastModifiedDate":"2016-10-13T12:52:54.000Z","Som_PreviousCashIn__ (1 more) ...":500000.00,"IsDeleted":false,"Som_KamTeamMember__c":"00557000006CIAuAAO","Som_KamTeam__c":"a1P3E0000008a35UAA","Som_RatingDealLearni (6 more) ...":"jhgkuzgzu","Som_Kam__c":"a093E000000sCLFQA2","Som_TargetCashIn__c":650000.00,"CurrencyIsoCode":"EUR","Som_DaysUntilReview_ (2 more) ...":-73,"Som_Account__c":"Test-Account RH","Som_DaysUnitlKickoff (3 more) ...":-79,"Name":"APD_2016-000098","SystemModstamp":"2016-10-13T12:52:54.000Z","Som_Status__c":"Kickoff","CreatedById":"00557000005jeDxAAI","CreatedDate":"2016-07-21T11:37:14.000Z","Som_Year__c":"2016","Id":"a2U3E0000004floUAA","LastModifiedById":"00557000005jeECAAY"},"a2U3E0000004iv8UAA":{"Som_PreviousCashExte (12 more) ...":67,"LastModifiedDate":"2016-10-13T12:52:54.000Z","Som_PreviousCashIn__ (1 more) ...":100000.00,"IsDeleted":false,"Som_KamTeamMember__c":"005D0000002i780IAA","Som_KamTeam__c":"a1P3E0000008iPVUAY","Som_RatingDealLearni (6 more) ...":"TEST 1","Som_Kam__c":"a093E000000sCLFQA2","Som_TargetCashIn__c":150000.00,"CurrencyIsoCode":"EUR","Som_DaysUntilReview_ (2 more) ...":-73,"Som_Account__c":"Test-Account RH","Som_DaysUnitlKickoff (3 more) ...":-79,"Name":"APD_2016-000111","SystemModstamp":"2016-10-13T12:52:54.000Z","Som_Status__c":"Invited","CreatedById":"00557000005jeDxAAI","CreatedDate":"2016-07-29T07:56:13.000Z","Som_Year__c":"2016","Id":"a2U3E0000004iv8UAA","LastModifiedById":"00557000005jeECAAY"}}}|0x4afd10a4
16:46:34.0 (112709822)|SYSTEM_MODE_ENTER|false
16:46:34.0 (112718308)|HEAP_ALLOCATE|[10]|Bytes:5
16:46:34.0 (112723279)|STATEMENT_EXECUTE|[7]
16:46:34.0 (112726792)|HEAP_ALLOCATE|[10]|Bytes:5
16:46:34.0 (112729552)|STATEMENT_EXECUTE|[10]
16:46:34.0 (112732919)|HEAP_ALLOCATE|[10]|Bytes:5
16:46:34.0 (112737297)|STATEMENT_EXECUTE|[13]
16:46:34.0 (112739582)|HEAP_ALLOCATE|[13]|Bytes:5
16:46:34.0 (112741642)|STATEMENT_EXECUTE|[16]
16:46:34.0 (112743824)|HEAP_ALLOCATE|[16]|Bytes:5
16:46:34.0 (112745909)|STATEMENT_EXECUTE|[19]
16:46:34.0 (112748064)|HEAP_ALLOCATE|[19]|Bytes:5
16:46:34.0 (112750192)|STATEMENT_EXECUTE|[22]
16:46:34.0 (112752358)|HEAP_ALLOCATE|[22]|Bytes:5
16:46:34.0 (112754356)|STATEMENT_EXECUTE|[25]
16:46:34.0 (112756525)|HEAP_ALLOCATE|[25]|Bytes:5
16:46:34.0 (112758422)|STATEMENT_EXECUTE|[28]
16:46:34.0 (112760474)|STATEMENT_EXECUTE|[33]
16:46:34.0 (112762157)|STATEMENT_EXECUTE|[38]
16:46:34.0 (112763847)|STATEMENT_EXECUTE|[43]
16:46:34.0 (112784856)|STATEMENT_EXECUTE|[70]
16:46:34.0 (112786640)|STATEMENT_EXECUTE|[71]
16:46:34.0 (112790129)|HEAP_ALLOCATE|[71]|Bytes:5
16:46:34.0 (112792833)|STATEMENT_EXECUTE|[72]
16:46:34.0 (112795014)|HEAP_ALLOCATE|[72]|Bytes:5
16:46:34.0 (112796965)|STATEMENT_EXECUTE|[73]
16:46:34.0 (112799070)|HEAP_ALLOCATE|[73]|Bytes:5
16:46:34.0 (112800976)|STATEMENT_EXECUTE|[74]
16:46:34.0 (112803068)|HEAP_ALLOCATE|[74]|Bytes:5
16:46:34.0 (112805054)|STATEMENT_EXECUTE|[75]
16:46:34.0 (112807419)|HEAP_ALLOCATE|[75]|Bytes:5
16:46:34.0 (112813437)|STATEMENT_EXECUTE|[76]
16:46:34.0 (112815808)|HEAP_ALLOCATE|[76]|Bytes:5
16:46:34.0 (112817924)|STATEMENT_EXECUTE|[77]
16:46:34.0 (112819626)|STATEMENT_EXECUTE|[78]
16:46:34.0 (112821265)|STATEMENT_EXECUTE|[79]
16:46:34.0 (112822735)|STATEMENT_EXECUTE|[80]
16:46:34.0 (112829605)|SYSTEM_MODE_EXIT|false
16:46:34.0 (112846915)|CONSTRUCTOR_EXIT|[20]|01pD0000000IsYO|<init>(Boolean,Boolean,Boolean,Boolean,Boolean,Boolean,List<SObject>,Map<Id,SObject>,List<SObject>,Map<Id,SObject>)
16:46:34.0 (112850403)|STATEMENT_EXECUTE|[19]
16:46:34.0 (112861255)|CONSTRUCTOR_EXIT|[16]|01p3E0000004aBm|<init>(Boolean,Boolean,Boolean,Boolean,Boolean,Boolean,List<SObject>,Map<Id,SObject>,List<SObject>,Map<Id,SObject>)
16:46:34.0 (112871113)|METHOD_ENTRY|[19]|01pD0000000IsYO|TriggerController.run()
16:46:34.0 (112875512)|VARIABLE_SCOPE_BEGIN|[102]|this|TriggerController|true|false
16:46:34.0 (112907035)|VARIABLE_ASSIGNMENT|[102]|this|{"isAfter":true,"isBefore":false,"isDelete":false,"isInsert":false,"isUndelete":false,"isUpdate":true,"lstNewItems":"0x3f8cecba","lstOldItems":"0x1373e59","mapNewItems":"0x3fce5f74","mapOldItems":"0x4afd10a4"}|0x3f7e8ff4
16:46:34.0 (112915628)|SYSTEM_MODE_ENTER|false
16:46:34.0 (112920653)|HEAP_ALLOCATE|[103]|Bytes:5
16:46:34.0 (112924331)|STATEMENT_EXECUTE|[102]
16:46:34.0 (112929943)|STATEMENT_EXECUTE|[114]
16:46:34.0 (112933845)|STATEMENT_EXECUTE|[121]
16:46:34.0 (112935031)|STATEMENT_EXECUTE|[122]
16:46:34.0 (112948264)|METHOD_ENTRY|[122]|01pD0000000IsYO|TriggerController.runAfterUpdate()
16:46:34.0 (112980105)|VARIABLE_SCOPE_BEGIN|[145]|this|TriggerController|true|false
16:46:34.0 (113010058)|VARIABLE_ASSIGNMENT|[145]|this|{"isAfter":true,"isBefore":false,"isDelete":false,"isInsert":false,"isUndelete":false,"isUpdate":true,"lstNewItems":"0x3f8cecba","lstOldItems":"0x1373e59","mapNewItems":"0x3fce5f74","mapOldItems":"0x4afd10a4"}|0x3f7e8ff4
16:46:34.0 (113020331)|HEAP_ALLOCATE|[EXTERNAL]|Bytes:5
16:46:34.0 (113024447)|STATEMENT_EXECUTE|[145]
16:46:34.0 (113032270)|METHOD_EXIT|[122]|01pD0000000IsYO|TriggerController.runAfterUpdate()
16:46:34.0 (113040187)|SYSTEM_MODE_EXIT|false
16:46:34.0 (113045175)|METHOD_EXIT|[19]|01pD0000000IsYO|TriggerController.run()
16:46:34.113 (113058065)|CUMULATIVE_LIMIT_USAGE
16:46:34.113 (113058065)|LIMIT_USAGE_FOR_NS|(default)|
  Number of SOQL queries: 2 out of 100
  Number of query rows: 4 out of 50000
  Number of SOSL queries: 0 out of 20
  Number of DML statements: 2 out of 150
  Number of DML rows: 4 out of 10000
  Maximum CPU time: 0 out of 10000
  Maximum heap size: 0 out of 6000000
  Number of callouts: 0 out of 100
  Number of Email Invocations: 0 out of 10
  Number of future calls: 0 out of 50
  Number of queueable jobs added to the queue: 0 out of 50
  Number of Mobile Apex push calls: 0 out of 10

16:46:34.113 (113058065)|CUMULATIVE_LIMIT_USAGE_END

16:46:34.0 (114366055)|CODE_UNIT_FINISHED|Som_KamDetail on Som_KamDetail trigger event AfterUpdate for [a2U3E0000004ffs, a2U3E0000004flo, a2U3E0000004iv8]
16:46:34.0 (118050486)|DML_END|[689]
16:46:34.0 (118137951)|HEAP_ALLOCATE|[EXTERNAL]|Bytes:16
16:46:34.0 (118162073)|METHOD_EXIT|[702]|01p3E0000004a8n|Som_Kam_CmpCtrl.sendMails(String, Som_Kam__c, List<String>, String, Boolean)
16:46:34.0 (118168306)|STATEMENT_EXECUTE|[703]
16:46:34.0 (118178719)|HEAP_ALLOCATE|[703]|Bytes:140
16:46:34.0 (118187356)|HEAP_ALLOCATE|[703]|Bytes:23
16:46:34.0 (118218058)|METHOD_ENTRY|[1]|01p3E0000004a7k|P7S1_ApexResponse.P7S1_ApexResponse()
16:46:34.0 (118221319)|STATEMENT_EXECUTE|[1]
16:46:34.0 (118226431)|STATEMENT_EXECUTE|[1]
16:46:34.0 (118232941)|HEAP_ALLOCATE|[703]|Bytes:5
16:46:34.0 (118244493)|METHOD_EXIT|[1]|P7S1_ApexResponse
16:46:34.0 (118274115)|HEAP_ALLOCATE|[703]|Bytes:16
16:46:34.0 (118279195)|HEAP_ALLOCATE|[703]|Bytes:4
16:46:34.0 (118307208)|METHOD_ENTRY|[703]|01p3E0000004a8n|Som_Kam_CmpCtrl.buildAccountPlanEditData(String, String, String)
16:46:34.0 (118872664)|VARIABLE_SCOPE_BEGIN|[185]|accId|String|false|false
16:46:34.0 (118883192)|VARIABLE_ASSIGNMENT|[185]|accId|"0013E000006KJGeQAO"
16:46:34.0 (118887041)|VARIABLE_SCOPE_BEGIN|[185]|accPlanId|String|false|false
16:46:34.0 (118891483)|VARIABLE_ASSIGNMENT|[185]|accPlanId|"a093E000000sCLFQA2"
16:46:34.0 (118894169)|VARIABLE_SCOPE_BEGIN|[185]|selectedYear|String|false|false
16:46:34.0 (118900244)|VARIABLE_ASSIGNMENT|[185]|selectedYear|2016
16:46:34.0 (118909213)|HEAP_ALLOCATE|[187]|Bytes:5
16:46:34.0 (118913527)|STATEMENT_EXECUTE|[185]
16:46:34.0 (118914899)|STATEMENT_EXECUTE|[187]
16:46:34.0 (118935877)|HEAP_ALLOCATE|[187]|Bytes:4
16:46:34.0 (119003475)|HEAP_ALLOCATE|[187]|Bytes:4
16:46:34.0 (119055439)|HEAP_ALLOCATE|[187]|Bytes:28
16:46:34.0 (119110283)|VARIABLE_ASSIGNMENT|[187]|this.Som_Year__c|2016|0x3e2fc00b
16:46:34.0 (119125384)|HEAP_ALLOCATE|[187]|Bytes:4
16:46:34.0 (119165379)|VARIABLE_ASSIGNMENT|[187]|this.Som_Account__c|"0013E000006KJGeQAO"|0x3e2fc00b
16:46:34.0 (119197349)|VARIABLE_SCOPE_BEGIN|[187]|accPlan|Som_Kam__c|true|false
16:46:34.0 (119213152)|VARIABLE_ASSIGNMENT|[187]|accPlan|{"Som_Year__c":2016,"Som_Account__c":"0013E000006KJGeQAO"}|0x3e2fc00b
16:46:34.0 (119216460)|STATEMENT_EXECUTE|[189]
16:46:34.0 (119520051)|HEAP_ALLOCATE|[189]|Bytes:4
16:46:34.0 (119644608)|VARIABLE_SCOPE_BEGIN|[189]|accPlanDetails|List<Som_Kam_CmpCtrl.AccountPlanDetail>|true|false
16:46:34.0 (119673973)|HEAP_ALLOCATE|[EXTERNAL]|Bytes:4
16:46:34.0 (119691221)|VARIABLE_ASSIGNMENT|[189]|accPlanDetails|{"s":1,"v":[]}|0x4ccebfd5
16:46:34.0 (119696188)|STATEMENT_EXECUTE|[190]
16:46:34.0 (119750961)|HEAP_ALLOCATE|[190]|Bytes:4
16:46:34.0 (119807718)|VARIABLE_SCOPE_BEGIN|[190]|strategyProfiles|List<Som_KamStrategyProfileTopic__c>|true|false
16:46:34.0 (119816708)|HEAP_ALLOCATE|[EXTERNAL]|Bytes:4
16:46:34.0 (119830175)|VARIABLE_ASSIGNMENT|[190]|strategyProfiles|{"s":1,"v":[]}|0x3212d416
16:46:34.0 (119834433)|STATEMENT_EXECUTE|[194]
16:46:34.0 (120171446)|SYSTEM_MODE_EXIT|true
16:46:34.0 (120770736)|FATAL_ERROR|Internal Salesforce.com Error
16:46:34.120 (120780056)|CUMULATIVE_LIMIT_USAGE
16:46:34.120 (120780056)|LIMIT_USAGE_FOR_NS|(default)|
  Number of SOQL queries: 2 out of 100
  Number of query rows: 4 out of 50000
  Number of SOSL queries: 0 out of 20
  Number of DML statements: 2 out of 150
  Number of DML rows: 4 out of 10000
  Maximum CPU time: 0 out of 10000
  Maximum heap size: 0 out of 6000000
  Number of callouts: 0 out of 100
  Number of Email Invocations: 0 out of 10
  Number of future calls: 0 out of 50
  Number of queueable jobs added to the queue: 0 out of 50
  Number of Mobile Apex push calls: 0 out of 10

16:46:34.120 (120780056)|CUMULATIVE_LIMIT_USAGE_END

16:46:34.0 (120816290)|CODE_UNIT_FINISHED|Som_Kam_CmpCtrl.inviteForKickoff
