30.0 APEX_CODE,FINEST;APEX_PROFILING,INFO;CALLOUT,INFO;DB,INFO;SYSTEM,DEBUG;VALIDATION,INFO;VISUALFORCE,INFO;WORKFLOW,INFO
15:34:28.0 (378731)|USER_INFO|[EXTERNAL]|00557000005jeEC|p7s1.bschneider@factory42.com.kam|Mitteleuropäische Normalzeit|GMT+02:00
15:34:28.0 (417558)|EXECUTION_STARTED
15:34:28.0 (424760)|CODE_UNIT_STARTED|[EXTERNAL]|066D0000000V3u3|VF: /apex/vfp_P7S1_User_ChangeProfile
15:34:28.0 (11354569)|SYSTEM_MODE_ENTER|true
15:34:28.0 (11717989)|VARIABLE_SCOPE_BEGIN|[4]|cls_P7S1_User_ChangeProfile.PAGE_URL|String|false|true
15:34:28.0 (11726363)|VARIABLE_SCOPE_BEGIN|[5]|cls_P7S1_User_ChangeProfile.SITE_NAME|String|false|true
15:34:28.0 (11885908)|HEAP_ALLOCATE|[72]|Bytes:3
15:34:28.0 (11948650)|HEAP_ALLOCATE|[77]|Bytes:152
15:34:28.0 (11966371)|HEAP_ALLOCATE|[342]|Bytes:408
15:34:28.0 (11984822)|HEAP_ALLOCATE|[355]|Bytes:408
15:34:28.0 (12013733)|HEAP_ALLOCATE|[467]|Bytes:48
15:34:28.0 (12048747)|HEAP_ALLOCATE|[139]|Bytes:6
15:34:28.0 (12071399)|HEAP_ALLOCATE|[EXTERNAL]|Bytes:328
15:34:28.0 (12077160)|HEAP_ALLOCATE|[EXTERNAL]|Bytes:73
15:34:28.0 (12080170)|HEAP_ALLOCATE|[EXTERNAL]|Bytes:26
15:34:28.0 (12083294)|HEAP_ALLOCATE|[EXTERNAL]|Bytes:28
15:34:28.0 (12119134)|VARIABLE_ASSIGNMENT|[EXTERNAL]|cls_P7S1_User_ChangeProfile.PAGE_URL|"/vfp_P7S1_User_Chang (8 more) ..."
15:34:28.0 (12124124)|HEAP_ALLOCATE|[EXTERNAL]|Bytes:13
15:34:28.0 (12131248)|VARIABLE_ASSIGNMENT|[EXTERNAL]|cls_P7S1_User_ChangeProfile.SITE_NAME|"ChangeProfile"
15:34:28.0 (12146811)|METHOD_ENTRY|[1]|01pD0000000KT71|cls_P7S1_User_ChangeProfile.cls_P7S1_User_ChangeProfile()
15:34:28.0 (12150654)|STATEMENT_EXECUTE|[1]
15:34:28.0 (12155571)|STATEMENT_EXECUTE|[1]
15:34:28.0 (12192638)|HEAP_ALLOCATE|[50]|Bytes:5
15:34:28.0 (12220885)|HEAP_ALLOCATE|[56]|Bytes:5
15:34:28.0 (12230293)|HEAP_ALLOCATE|[64]|Bytes:7
15:34:28.0 (12269920)|HEAP_ALLOCATE|[EXTERNAL]|Bytes:5
15:34:28.0 (12286992)|METHOD_EXIT|[1]|cls_P7S1_User_ChangeProfile
15:34:28.0 (12506897)|HEAP_ALLOCATE|[EXTERNAL]|Bytes:52
15:34:28.0 (12516985)|VARIABLE_SCOPE_BEGIN|[43]|this|cls_P7S1_User_ChangeProfile|true|false
15:34:28.0 (12612842)|VARIABLE_ASSIGNMENT|[43]|this|{}|0x78ae539e
15:34:28.0 (12625796)|HEAP_ALLOCATE|[EXTERNAL]|Bytes:5
15:34:28.0 (12629459)|STATEMENT_EXECUTE|[1]
15:34:28.0 (12632214)|HEAP_ALLOCATE|[EXTERNAL]|Bytes:5
15:34:28.0 (12633862)|STATEMENT_EXECUTE|[6]
15:34:28.0 (12635514)|STATEMENT_EXECUTE|[8]
15:34:28.0 (12636392)|STATEMENT_EXECUTE|[9]
15:34:28.0 (12637236)|STATEMENT_EXECUTE|[10]
15:34:28.0 (12638241)|STATEMENT_EXECUTE|[12]
15:34:28.0 (12639150)|STATEMENT_EXECUTE|[13]
15:34:28.0 (12640040)|STATEMENT_EXECUTE|[14]
15:34:28.0 (12640913)|STATEMENT_EXECUTE|[38]
15:34:28.0 (12642036)|STATEMENT_EXECUTE|[39]
15:34:28.0 (12642934)|STATEMENT_EXECUTE|[40]
15:34:28.0 (12643799)|STATEMENT_EXECUTE|[100]
15:34:28.0 (12644860)|STATEMENT_EXECUTE|[113]
15:34:28.0 (12654111)|HEAP_ALLOCATE|[EXTERNAL]|Bytes:6
15:34:28.0 (12677187)|STATEMENT_EXECUTE|[43]
15:34:28.0 (12852125)|HEAP_ALLOCATE|[EXTERNAL]|Bytes:52
15:34:28.0 (12860304)|VARIABLE_SCOPE_BEGIN|[46]|this|cls_P7S1_User_ChangeProfile|true|false
15:34:28.0 (12890374)|VARIABLE_ASSIGNMENT|[46]|this|{}|0x78ae539e
15:34:28.0 (12905918)|HEAP_ALLOCATE|[47]|Bytes:5
15:34:28.0 (12909574)|STATEMENT_EXECUTE|[46]
15:34:28.0 (12910854)|STATEMENT_EXECUTE|[47]
15:34:28.0 (13028734)|HEAP_ALLOCATE|[47]|Bytes:285
15:34:28.0 (13105586)|HEAP_ALLOCATE|[47]|Bytes:248
15:34:28.0 (13125014)|HEAP_ALLOCATE|[47]|Bytes:9
15:34:28.0 (13153324)|VARIABLE_SCOPE_BEGIN|[47]|profileId|String|false|false
15:34:28.0 (13161698)|VARIABLE_ASSIGNMENT|[47]|profileId|null
15:34:28.0 (13164126)|STATEMENT_EXECUTE|[48]
15:34:28.0 (13192928)|METHOD_ENTRY|[48]|01pD0000000KT71|cls_P7S1_User_ChangeProfile.initializeView()
15:34:28.0 (13210213)|VARIABLE_SCOPE_BEGIN|[51]|this|cls_P7S1_User_ChangeProfile|true|false
15:34:28.0 (13236228)|VARIABLE_ASSIGNMENT|[51]|this|{}|0x78ae539e
15:34:28.0 (13245565)|HEAP_ALLOCATE|[52]|Bytes:5
15:34:28.0 (13248814)|STATEMENT_EXECUTE|[51]
15:34:28.0 (13249963)|STATEMENT_EXECUTE|[52]
15:34:28.0 (13312411)|VARIABLE_ASSIGNMENT|[EXTERNAL]|this|{}|0x78ae539e
15:34:28.0 (13318659)|VARIABLE_ASSIGNMENT|[EXTERNAL]|value|null
15:34:28.0 (13329429)|VARIABLE_ASSIGNMENT|[14]|this.ShowPanel|null|0x78ae539e
15:34:28.0 (13337084)|STATEMENT_EXECUTE|[53]
15:34:28.0 (13350736)|HEAP_ALLOCATE|[53]|Bytes:7
15:34:28.0 (13392865)|USER_DEBUG|[53]|DEBUG|###View
15:34:28.0 (13400747)|STATEMENT_EXECUTE|[54]
15:34:28.0 (13403953)|HEAP_ALLOCATE|[54]|Bytes:145
15:34:28.0 (13416347)|HEAP_ALLOCATE|[54]|Bytes:4
15:34:28.0 (13430491)|HEAP_ALLOCATE|[54]|Bytes:7
15:34:28.0 (13474418)|HEAP_ALLOCATE|[57]|Bytes:85
15:34:28.0 (13491572)|SYSTEM_METHOD_ENTRY|[1]|UserInfo.UserInfo()
15:34:28.0 (13495130)|STATEMENT_EXECUTE|[1]
15:34:28.0 (13503143)|SYSTEM_METHOD_EXIT|[1]|UserInfo
15:34:28.0 (13514925)|METHOD_ENTRY|[57]||System.UserInfo.getUserId()
15:34:28.0 (13556320)|METHOD_EXIT|[57]||System.UserInfo.getUserId()
15:34:28.0 (17135826)|SOQL_EXECUTE_BEGIN|[54]|Aggregations:0|SELECT Id, Name, UserName, ProfileId, Profile.UserLicenseId, Profile.Name, Email, P7S1_ShowTestuserLinks__c FROM User WHERE Id = :tmpVar1 LIMIT 1
15:34:28.0 (54400937)|SOQL_EXECUTE_END|[54]|Rows:1
15:34:28.0 (54445232)|HEAP_ALLOCATE|[54]|Bytes:8
15:34:28.0 (54473442)|HEAP_ALLOCATE|[54]|Bytes:320
15:34:28.0 (54538330)|HEAP_ALLOCATE|[54]|Bytes:8
15:34:28.0 (54561208)|HEAP_ALLOCATE|[54]|Bytes:30
15:34:28.0 (54670896)|HEAP_ALLOCATE|[54]|Bytes:36
15:34:28.0 (54789904)|VARIABLE_ASSIGNMENT|[EXTERNAL]|this|{}|0x78ae539e
15:34:28.0 (54833950)|VARIABLE_ASSIGNMENT|[EXTERNAL]|value|{"s":1,"v":{"Id":"00557000005jeECAAY","Name":"Benjamin Schneider","Username":"p7s1.bschneider@fact (13 more) ...","ProfileId":"00e20000000lfOjAAI","Email":"bschneider@factory42 (4 more) ...","P7S1_ShowTestuserLin (5 more) ...":true,"CurrencyIsoCode":"EUR","Profile":{"s":2,"v":{"UserLicenseId":"100200000009H1sAAE","Name":"Systemadministrator","Id":"00e20000000lfOjAAI"}}}}|0x2880df2c
15:34:28.0 (54867283)|VARIABLE_ASSIGNMENT|[8]|this.currentUser|{"s":1,"v":{"Id":"00557000005jeECAAY","Name":"Benjamin Schneider","Username":"p7s1.bschneider@fact (13 more) ...","ProfileId":"00e20000000lfOjAAI","Email":"bschneider@factory42 (4 more) ...","P7S1_ShowTestuserLin (5 more) ...":true,"CurrencyIsoCode":"EUR","Profile":{"s":2,"v":{"UserLicenseId":"100200000009H1sAAE","Name":"Systemadministrator","Id":"00e20000000lfOjAAI"}}}}|0x78ae539e
15:34:28.0 (54897047)|METHOD_ENTRY|[61]||System.UserInfo.getProfileId()
15:34:28.0 (54962475)|METHOD_EXIT|[61]||System.UserInfo.getProfileId()
15:34:28.0 (54986552)|HEAP_ALLOCATE|[61]|Bytes:4
15:34:28.0 (54992978)|HEAP_ALLOCATE|[61]|Bytes:18
15:34:28.0 (55017797)|HEAP_ALLOCATE|[61]|Bytes:4
15:34:28.0 (55068623)|STATEMENT_EXECUTE|[61]
15:34:28.0 (55071229)|STATEMENT_EXECUTE|[62]
15:34:28.0 (55075289)|HEAP_ALLOCATE|[62]|Bytes:5
15:34:28.0 (55123482)|VARIABLE_ASSIGNMENT|[EXTERNAL]|this|{"currentUser":"0x2880df2c"}|0x78ae539e
15:34:28.0 (55129118)|VARIABLE_ASSIGNMENT|[EXTERNAL]|value|"Admin"
15:34:28.0 (55138565)|VARIABLE_ASSIGNMENT|[14]|this.ShowPanel|"Admin"|0x78ae539e
15:34:28.0 (55146010)|STATEMENT_EXECUTE|[63]
15:34:28.0 (55149615)|HEAP_ALLOCATE|[63]|Bytes:128
15:34:28.0 (55160389)|HEAP_ALLOCATE|[63]|Bytes:4
15:34:28.0 (55495798)|SOQL_EXECUTE_BEGIN|[63]|Aggregations:0|SELECT Id, Name FROM User WHERE (P7S1_UserType__c = 'System_Tester' AND isActive = TRUE) ORDER BY Name ASC NULLS FIRST LIMIT 100
15:34:28.0 (65747246)|SOQL_EXECUTE_END|[63]|Rows:25
15:34:28.0 (65776698)|HEAP_ALLOCATE|[63]|Bytes:104
15:34:28.0 (65835408)|HEAP_ALLOCATE|[63]|Bytes:1973
15:34:28.0 (65862182)|HEAP_ALLOCATE|[63]|Bytes:104
15:34:28.0 (65967085)|VARIABLE_ASSIGNMENT|[EXTERNAL]|this|{"currentUser":"0x2880df2c","ShowPanel":"Admin"}|0x78ae539e
15:34:28.0 (66001980)|VARIABLE_ASSIGNMENT|[EXTERNAL]|value|{"s":1,"v":"List of size 25 too large to display"}|0x7115dac0
15:34:28.0 (66031047)|VARIABLE_ASSIGNMENT|[10]|this.userList|{"s":1,"v":"List of size 25 too large to display"}|0x78ae539e
15:34:28.0 (66045807)|STATEMENT_EXECUTE|[88]
15:34:28.0 (66067231)|METHOD_EXIT|[48]|01pD0000000KT71|cls_P7S1_User_ChangeProfile.initializeView()
15:34:28.0 (67415256)|SYSTEM_MODE_ENTER|true
15:34:28.0 (77860906)|SYSTEM_MODE_ENTER|true
15:34:28.0 (78690783)|SYSTEM_MODE_ENTER|true
15:34:28.0 (78728971)|HEAP_ALLOCATE|[EXTERNAL]|Bytes:52
15:34:28.0 (78740767)|VARIABLE_SCOPE_BEGIN|[104]|this|cls_P7S1_User_ChangeProfile|true|false
15:34:28.0 (78786682)|VARIABLE_ASSIGNMENT|[104]|this|{"currentUser":"0x2880df2c","ShowPanel":"Admin","userList":"0x7115dac0"}|0x78ae539e
15:34:28.0 (78799872)|HEAP_ALLOCATE|[105]|Bytes:5
15:34:28.0 (78805219)|STATEMENT_EXECUTE|[104]
15:34:28.0 (78807162)|STATEMENT_EXECUTE|[105]
15:34:28.0 (78818648)|VARIABLE_ASSIGNMENT|[105]|this.selUserId|null|0x78ae539e
15:34:28.0 (78821361)|STATEMENT_EXECUTE|[106]
15:34:28.0 (78827525)|HEAP_ALLOCATE|[106]|Bytes:4
15:34:28.0 (78865950)|VARIABLE_SCOPE_BEGIN|[106]|options|List<System.SelectOption>|true|false
15:34:28.0 (78907571)|HEAP_ALLOCATE|[EXTERNAL]|Bytes:4
15:34:28.0 (78923959)|VARIABLE_ASSIGNMENT|[106]|options|{"s":1,"v":[]}|0x6a38c844
15:34:28.0 (78927096)|STATEMENT_EXECUTE|[107]
15:34:28.0 (78941479)|HEAP_ALLOCATE|[107]|Bytes:10
15:34:28.0 (79016460)|HEAP_ALLOCATE|[EXTERNAL]|Bytes:4
15:34:28.0 (79080700)|VARIABLE_ASSIGNMENT|[EXTERNAL]|this|{"currentUser":"0x2880df2c","ShowPanel":"Admin","userList":"0x7115dac0"}|0x78ae539e
15:34:28.0 (79283827)|HEAP_ALLOCATE|[108]|Bytes:5
15:34:28.0 (79319583)|HEAP_ALLOCATE|[108]|Bytes:16
15:34:28.0 (79334507)|VARIABLE_SCOPE_BEGIN|[108]|u|User|true|false
15:34:28.0 (79356869)|VARIABLE_ASSIGNMENT|[108]|u|{"s":1,"v":{"Id":"005D0000002QDFYIA4","Name":"Aer_Default Tester","CurrencyIsoCode":"EUR"}}|0x6d0cfd41
15:34:28.0 (79361044)|STATEMENT_EXECUTE|[108]
15:34:28.0 (79362527)|STATEMENT_EXECUTE|[109]
15:34:28.0 (79401608)|HEAP_ALLOCATE|[109]|Bytes:18
15:34:28.0 (79468551)|HEAP_ALLOCATE|[EXTERNAL]|Bytes:4
15:34:28.0 (79485552)|HEAP_ALLOCATE|[108]|Bytes:5
15:34:28.0 (79508508)|HEAP_ALLOCATE|[108]|Bytes:16
15:34:28.0 (79516922)|VARIABLE_SCOPE_BEGIN|[108]|u|User|true|false
15:34:28.0 (79535246)|VARIABLE_ASSIGNMENT|[108]|u|{"s":1,"v":{"Id":"00557000005jeLcAAI","Name":"MA_Default Tester","CurrencyIsoCode":"EUR"}}|0x7d6fbea2
15:34:28.0 (79538716)|STATEMENT_EXECUTE|[108]
15:34:28.0 (79539867)|STATEMENT_EXECUTE|[109]
15:34:28.0 (79552382)|HEAP_ALLOCATE|[109]|Bytes:18
15:34:28.0 (79576214)|HEAP_ALLOCATE|[EXTERNAL]|Bytes:4
15:34:28.0 (79590201)|HEAP_ALLOCATE|[108]|Bytes:5
15:34:28.0 (79610803)|HEAP_ALLOCATE|[108]|Bytes:16
15:34:28.0 (79618407)|VARIABLE_SCOPE_BEGIN|[108]|u|User|true|false
15:34:28.0 (79636849)|VARIABLE_ASSIGNMENT|[108]|u|{"s":1,"v":{"Id":"005D00000047YCbIAM","Name":"P7S1_Interface Teste (1 more) ...","CurrencyIsoCode":"EUR"}}|0x9b946b4
15:34:28.0 (79640338)|STATEMENT_EXECUTE|[108]
15:34:28.0 (79641569)|STATEMENT_EXECUTE|[109]
15:34:28.0 (79653389)|HEAP_ALLOCATE|[109]|Bytes:18
15:34:28.0 (79671715)|HEAP_ALLOCATE|[EXTERNAL]|Bytes:4
15:34:28.0 (79685326)|HEAP_ALLOCATE|[108]|Bytes:5
15:34:28.0 (79705300)|HEAP_ALLOCATE|[108]|Bytes:16
15:34:28.0 (79712795)|VARIABLE_SCOPE_BEGIN|[108]|u|User|true|false
15:34:28.0 (79728927)|VARIABLE_ASSIGNMENT|[108]|u|{"s":1,"v":{"Id":"005D0000004qFkAIAU","Name":"Sgn_Default Tester","CurrencyIsoCode":"EUR"}}|0x4827d0ae
15:34:28.0 (79732202)|STATEMENT_EXECUTE|[108]
15:34:28.0 (79733329)|STATEMENT_EXECUTE|[109]
15:34:28.0 (79744416)|HEAP_ALLOCATE|[109]|Bytes:18
15:34:28.0 (79762169)|HEAP_ALLOCATE|[EXTERNAL]|Bytes:4
15:34:28.0 (79775291)|HEAP_ALLOCATE|[108]|Bytes:5
15:34:28.0 (79794772)|HEAP_ALLOCATE|[108]|Bytes:16
15:34:28.0 (79802101)|VARIABLE_SCOPE_BEGIN|[108]|u|User|true|false
15:34:28.0 (79817824)|VARIABLE_ASSIGNMENT|[108]|u|{"s":1,"v":{"Id":"005D00000052oAVIAY","Name":"SomAt Tester","CurrencyIsoCode":"EUR"}}|0x42cbca1e
15:34:28.0 (79821002)|STATEMENT_EXECUTE|[108]
15:34:28.0 (79822174)|STATEMENT_EXECUTE|[109]
15:34:28.0 (79832789)|HEAP_ALLOCATE|[109]|Bytes:18
15:34:28.0 (79850308)|HEAP_ALLOCATE|[EXTERNAL]|Bytes:4
15:34:28.0 (79863383)|HEAP_ALLOCATE|[108]|Bytes:5
15:34:28.0 (79882646)|HEAP_ALLOCATE|[108]|Bytes:16
15:34:28.0 (79889878)|VARIABLE_SCOPE_BEGIN|[108]|u|User|true|false
15:34:28.0 (79905745)|VARIABLE_ASSIGNMENT|[108]|u|{"s":1,"v":{"Id":"005D0000002jJFZIA2","Name":"SomDig_AdTech Tester","CurrencyIsoCode":"EUR"}}|0x42d1f64b
15:34:28.0 (79908880)|STATEMENT_EXECUTE|[108]
15:34:28.0 (79909829)|STATEMENT_EXECUTE|[109]
15:34:28.0 (79920424)|HEAP_ALLOCATE|[109]|Bytes:18
15:34:28.0 (79938071)|HEAP_ALLOCATE|[EXTERNAL]|Bytes:4
15:34:28.0 (79950948)|HEAP_ALLOCATE|[108]|Bytes:5
15:34:28.0 (79970596)|HEAP_ALLOCATE|[108]|Bytes:16
15:34:28.0 (79977882)|VARIABLE_SCOPE_BEGIN|[108]|u|User|true|false
15:34:28.0 (79994676)|VARIABLE_ASSIGNMENT|[108]|u|{"s":1,"v":{"Id":"005D00000049FIoIAM","Name":"SomDig_Billing Teste (1 more) ...","CurrencyIsoCode":"EUR"}}|0x11e8443
15:34:28.0 (79998145)|STATEMENT_EXECUTE|[108]
15:34:28.0 (79999292)|STATEMENT_EXECUTE|[109]
15:34:28.0 (80010096)|HEAP_ALLOCATE|[109]|Bytes:18
15:34:28.0 (80029168)|HEAP_ALLOCATE|[EXTERNAL]|Bytes:4
15:34:28.0 (80042066)|HEAP_ALLOCATE|[108]|Bytes:5
15:34:28.0 (80061572)|HEAP_ALLOCATE|[108]|Bytes:16
15:34:28.0 (80068773)|VARIABLE_SCOPE_BEGIN|[108]|u|User|true|false
15:34:28.0 (80084391)|VARIABLE_ASSIGNMENT|[108]|u|{"s":1,"v":{"Id":"005D00000049FIpIAM","Name":"SomDig_PAM Tester","CurrencyIsoCode":"EUR"}}|0x77ca966e
15:34:28.0 (80087561)|STATEMENT_EXECUTE|[108]
15:34:28.0 (80088493)|STATEMENT_EXECUTE|[109]
15:34:28.0 (80099189)|HEAP_ALLOCATE|[109]|Bytes:18
15:34:28.0 (80116346)|HEAP_ALLOCATE|[EXTERNAL]|Bytes:4
15:34:28.0 (80129201)|HEAP_ALLOCATE|[108]|Bytes:5
15:34:28.0 (80148590)|HEAP_ALLOCATE|[108]|Bytes:16
15:34:28.0 (80155839)|VARIABLE_SCOPE_BEGIN|[108]|u|User|true|false
15:34:28.0 (80171142)|VARIABLE_ASSIGNMENT|[108]|u|{"s":1,"v":{"Id":"005D00000049FIqIAM","Name":"SomDig_PM Tester","CurrencyIsoCode":"EUR"}}|0x6b4d29b3
15:34:28.0 (80174501)|STATEMENT_EXECUTE|[108]
15:34:28.0 (80175566)|STATEMENT_EXECUTE|[109]
15:34:28.0 (80186300)|HEAP_ALLOCATE|[109]|Bytes:18
15:34:28.0 (80203558)|HEAP_ALLOCATE|[EXTERNAL]|Bytes:4
15:34:28.0 (80216501)|HEAP_ALLOCATE|[108]|Bytes:5
15:34:28.0 (80239942)|HEAP_ALLOCATE|[108]|Bytes:16
15:34:28.0 (80247366)|VARIABLE_SCOPE_BEGIN|[108]|u|User|true|false
15:34:28.0 (80262899)|VARIABLE_ASSIGNMENT|[108]|u|{"s":1,"v":{"Id":"005D0000001VrNRIA0","Name":"SomDig_Sales Tester","CurrencyIsoCode":"EUR"}}|0x2663f93f
15:34:28.0 (80266182)|STATEMENT_EXECUTE|[108]
15:34:28.0 (80267146)|STATEMENT_EXECUTE|[109]
15:34:28.0 (80277844)|HEAP_ALLOCATE|[109]|Bytes:18
15:34:28.0 (80295167)|HEAP_ALLOCATE|[EXTERNAL]|Bytes:4
15:34:28.0 (80308271)|HEAP_ALLOCATE|[108]|Bytes:5
15:34:28.0 (80327438)|HEAP_ALLOCATE|[108]|Bytes:16
15:34:28.0 (80334630)|VARIABLE_SCOPE_BEGIN|[108]|u|User|true|false
15:34:28.0 (80350031)|VARIABLE_ASSIGNMENT|[108]|u|{"s":1,"v":{"Id":"005D0000004rQF5IAM","Name":"Som_ReadOnly Tester","CurrencyIsoCode":"EUR"}}|0x532a4d2c
15:34:28.0 (80353250)|STATEMENT_EXECUTE|[108]
15:34:28.0 (80354243)|STATEMENT_EXECUTE|[109]
15:34:28.0 (80364972)|HEAP_ALLOCATE|[109]|Bytes:18
15:34:28.0 (80382118)|HEAP_ALLOCATE|[EXTERNAL]|Bytes:4
15:34:28.0 (80394922)|HEAP_ALLOCATE|[108]|Bytes:5
15:34:28.0 (80417442)|HEAP_ALLOCATE|[108]|Bytes:16
15:34:28.0 (80425513)|VARIABLE_SCOPE_BEGIN|[108]|u|User|true|false
15:34:28.0 (80442122)|VARIABLE_ASSIGNMENT|[108]|u|{"s":1,"v":{"Id":"005D00000049FIrIAM","Name":"SomTv_ADFactory Test (2 more) ...","CurrencyIsoCode":"EUR"}}|0x70f0c8c1
15:34:28.0 (80445493)|STATEMENT_EXECUTE|[108]
15:34:28.0 (80446545)|STATEMENT_EXECUTE|[109]
15:34:28.0 (80457673)|HEAP_ALLOCATE|[109]|Bytes:18
15:34:28.0 (80475869)|HEAP_ALLOCATE|[EXTERNAL]|Bytes:4
15:34:28.0 (80489030)|HEAP_ALLOCATE|[108]|Bytes:5
15:34:28.0 (80508280)|HEAP_ALLOCATE|[108]|Bytes:16
15:34:28.0 (80515350)|VARIABLE_SCOPE_BEGIN|[108]|u|User|true|false
15:34:28.0 (80531331)|VARIABLE_ASSIGNMENT|[108]|u|{"s":1,"v":{"Id":"005D00000049FItIAM","Name":"SomTv_Marketing Test (2 more) ...","CurrencyIsoCode":"EUR"}}|0x727277dd
15:34:28.0 (80534667)|STATEMENT_EXECUTE|[108]
15:34:28.0 (80535657)|STATEMENT_EXECUTE|[109]
15:34:28.0 (80546418)|HEAP_ALLOCATE|[109]|Bytes:18
15:34:28.0 (80567422)|HEAP_ALLOCATE|[EXTERNAL]|Bytes:4
15:34:28.0 (80580855)|HEAP_ALLOCATE|[108]|Bytes:5
15:34:28.0 (80600623)|HEAP_ALLOCATE|[108]|Bytes:16
15:34:28.0 (80607828)|VARIABLE_SCOPE_BEGIN|[108]|u|User|true|false
15:34:28.0 (80623170)|VARIABLE_ASSIGNMENT|[108]|u|{"s":1,"v":{"Id":"005D00000049FIuIAM","Name":"SomTv_RM Tester","CurrencyIsoCode":"EUR"}}|0x4b61c2ad
15:34:28.0 (80626209)|STATEMENT_EXECUTE|[108]
15:34:28.0 (80627193)|STATEMENT_EXECUTE|[109]
15:34:28.0 (80637826)|HEAP_ALLOCATE|[109]|Bytes:18
15:34:28.0 (80655255)|HEAP_ALLOCATE|[EXTERNAL]|Bytes:4
15:34:28.0 (80668059)|HEAP_ALLOCATE|[108]|Bytes:5
15:34:28.0 (80687120)|HEAP_ALLOCATE|[108]|Bytes:16
15:34:28.0 (80694246)|VARIABLE_SCOPE_BEGIN|[108]|u|User|true|false
15:34:28.0 (80709234)|VARIABLE_ASSIGNMENT|[108]|u|{"s":1,"v":{"Id":"005D00000049FIvIAM","Name":"SomTv_Sales Tester","CurrencyIsoCode":"EUR"}}|0x4aa3a5c0
15:34:28.0 (80712376)|STATEMENT_EXECUTE|[108]
15:34:28.0 (80713330)|STATEMENT_EXECUTE|[109]
15:34:28.0 (80723884)|HEAP_ALLOCATE|[109]|Bytes:18
15:34:28.0 (80741117)|HEAP_ALLOCATE|[EXTERNAL]|Bytes:4
15:34:28.0 (80754217)|HEAP_ALLOCATE|[108]|Bytes:5
15:34:28.0 (80773217)|HEAP_ALLOCATE|[108]|Bytes:16
15:34:28.0 (80780286)|VARIABLE_SCOPE_BEGIN|[108]|u|User|true|false
15:34:28.0 (80796251)|VARIABLE_ASSIGNMENT|[108]|u|{"s":1,"v":{"Id":"005D00000049FIyIAM","Name":"SomTv_SalesManagemen (8 more) ...","CurrencyIsoCode":"EUR"}}|0x3ce3ca95
15:34:28.0 (80799222)|STATEMENT_EXECUTE|[108]
15:34:28.0 (80800189)|STATEMENT_EXECUTE|[109]
15:34:28.0 (80810764)|HEAP_ALLOCATE|[109]|Bytes:18
15:34:28.0 (80828006)|HEAP_ALLOCATE|[EXTERNAL]|Bytes:4
15:34:28.0 (80841048)|HEAP_ALLOCATE|[108]|Bytes:5
15:34:28.0 (80860313)|HEAP_ALLOCATE|[108]|Bytes:16
15:34:28.0 (80867331)|VARIABLE_SCOPE_BEGIN|[108]|u|User|true|false
15:34:28.0 (80883368)|VARIABLE_ASSIGNMENT|[108]|u|{"s":1,"v":{"Id":"005D00000049FIzIAM","Name":"SomTv_SalesSteering  (6 more) ...","CurrencyIsoCode":"EUR"}}|0x5d4e9e4b
15:34:28.0 (80886730)|STATEMENT_EXECUTE|[108]
15:34:28.0 (80887708)|STATEMENT_EXECUTE|[109]
15:34:28.0 (80898347)|HEAP_ALLOCATE|[109]|Bytes:18
15:34:28.0 (80915650)|HEAP_ALLOCATE|[EXTERNAL]|Bytes:4
15:34:28.0 (80928451)|HEAP_ALLOCATE|[108]|Bytes:5
15:34:28.0 (80947560)|HEAP_ALLOCATE|[108]|Bytes:16
15:34:28.0 (80954522)|VARIABLE_SCOPE_BEGIN|[108]|u|User|true|false
15:34:28.0 (80970024)|VARIABLE_ASSIGNMENT|[108]|u|{"s":1,"v":{"Id":"005D00000049FJ0IAM","Name":"SomTv_TeamCRM Tester","CurrencyIsoCode":"EUR"}}|0x187f4be5
15:34:28.0 (80973038)|STATEMENT_EXECUTE|[108]
15:34:28.0 (80974156)|STATEMENT_EXECUTE|[109]
15:34:28.0 (80984701)|HEAP_ALLOCATE|[109]|Bytes:18
15:34:28.0 (81001901)|HEAP_ALLOCATE|[EXTERNAL]|Bytes:4
15:34:28.0 (81015710)|HEAP_ALLOCATE|[108]|Bytes:5
15:34:28.0 (81035114)|HEAP_ALLOCATE|[108]|Bytes:16
15:34:28.0 (81042296)|VARIABLE_SCOPE_BEGIN|[108]|u|User|true|false
15:34:28.0 (81058409)|VARIABLE_ASSIGNMENT|[108]|u|{"s":1,"v":{"Id":"005D00000049FJ2IAM","Name":"Ven_Controlling Test (2 more) ...","CurrencyIsoCode":"EUR"}}|0x4f25608f
15:34:28.0 (81061541)|STATEMENT_EXECUTE|[108]
15:34:28.0 (81062504)|STATEMENT_EXECUTE|[109]
15:34:28.0 (81073178)|HEAP_ALLOCATE|[109]|Bytes:18
15:34:28.0 (81090359)|HEAP_ALLOCATE|[EXTERNAL]|Bytes:4
15:34:28.0 (81111108)|HEAP_ALLOCATE|[108]|Bytes:5
15:34:28.0 (81135517)|HEAP_ALLOCATE|[108]|Bytes:16
15:34:28.0 (81143015)|VARIABLE_SCOPE_BEGIN|[108]|u|User|true|false
15:34:28.0 (81159843)|VARIABLE_ASSIGNMENT|[108]|u|{"s":1,"v":{"Id":"005D0000002jIReIAM","Name":"Ven_DataManager Test (2 more) ...","CurrencyIsoCode":"EUR"}}|0x6db0ac9c
15:34:28.0 (81162935)|STATEMENT_EXECUTE|[108]
15:34:28.0 (81163887)|STATEMENT_EXECUTE|[109]
15:34:28.0 (81174879)|HEAP_ALLOCATE|[109]|Bytes:18
15:34:28.0 (81192636)|HEAP_ALLOCATE|[EXTERNAL]|Bytes:4
15:34:28.0 (81205952)|HEAP_ALLOCATE|[108]|Bytes:5
15:34:28.0 (81225357)|HEAP_ALLOCATE|[108]|Bytes:16
15:34:28.0 (81232680)|VARIABLE_SCOPE_BEGIN|[108]|u|User|true|false
15:34:28.0 (81248091)|VARIABLE_ASSIGNMENT|[108]|u|{"s":1,"v":{"Id":"005D000000410gaIAA","Name":"Ven_Extern Tester","CurrencyIsoCode":"EUR"}}|0x4425cba7
15:34:28.0 (81251306)|STATEMENT_EXECUTE|[108]
15:34:28.0 (81252250)|STATEMENT_EXECUTE|[109]
15:34:28.0 (81262967)|HEAP_ALLOCATE|[109]|Bytes:18
15:34:28.0 (81280144)|HEAP_ALLOCATE|[EXTERNAL]|Bytes:4
15:34:28.0 (81293187)|HEAP_ALLOCATE|[108]|Bytes:5
15:34:28.0 (81312545)|HEAP_ALLOCATE|[108]|Bytes:16
15:34:28.0 (81319699)|VARIABLE_SCOPE_BEGIN|[108]|u|User|true|false
15:34:28.0 (81335553)|VARIABLE_ASSIGNMENT|[108]|u|{"s":1,"v":{"Id":"005D00000049FJ3IAM","Name":"Ven_InvestmentManage (8 more) ...","CurrencyIsoCode":"EUR"}}|0x26e790a5
15:34:28.0 (81338485)|STATEMENT_EXECUTE|[108]
15:34:28.0 (81339460)|STATEMENT_EXECUTE|[109]
15:34:28.0 (81350145)|HEAP_ALLOCATE|[109]|Bytes:18
15:34:28.0 (81367529)|HEAP_ALLOCATE|[EXTERNAL]|Bytes:4
15:34:28.0 (81380683)|HEAP_ALLOCATE|[108]|Bytes:5
15:34:28.0 (81399922)|HEAP_ALLOCATE|[108]|Bytes:16
15:34:28.0 (81407864)|VARIABLE_SCOPE_BEGIN|[108]|u|User|true|false
15:34:28.0 (81426105)|VARIABLE_ASSIGNMENT|[108]|u|{"s":1,"v":{"Id":"005D00000049FJ4IAM","Name":"Ven_MediaExpert Test (2 more) ...","CurrencyIsoCode":"EUR"}}|0x4222adee
15:34:28.0 (81429438)|STATEMENT_EXECUTE|[108]
15:34:28.0 (81430389)|STATEMENT_EXECUTE|[109]
15:34:28.0 (81441534)|HEAP_ALLOCATE|[109]|Bytes:18
15:34:28.0 (81459628)|HEAP_ALLOCATE|[EXTERNAL]|Bytes:4
15:34:28.0 (81472777)|HEAP_ALLOCATE|[108]|Bytes:5
15:34:28.0 (81492130)|HEAP_ALLOCATE|[108]|Bytes:16
15:34:28.0 (81499324)|VARIABLE_SCOPE_BEGIN|[108]|u|User|true|false
15:34:28.0 (81514189)|VARIABLE_ASSIGNMENT|[108]|u|{"s":1,"v":{"Id":"005D00000049FJ5IAM","Name":"Ven_ReadOnly Tester","CurrencyIsoCode":"EUR"}}|0x2a9e2d7a
15:34:28.0 (81517107)|STATEMENT_EXECUTE|[108]
15:34:28.0 (81518130)|STATEMENT_EXECUTE|[109]
15:34:28.0 (81528501)|HEAP_ALLOCATE|[109]|Bytes:18
15:34:28.0 (81545784)|HEAP_ALLOCATE|[EXTERNAL]|Bytes:4
15:34:28.0 (81558469)|HEAP_ALLOCATE|[108]|Bytes:5
15:34:28.0 (81583108)|HEAP_ALLOCATE|[108]|Bytes:16
15:34:28.0 (81590733)|VARIABLE_SCOPE_BEGIN|[108]|u|User|true|false
15:34:28.0 (81606329)|VARIABLE_ASSIGNMENT|[108]|u|{"s":1,"v":{"Id":"005D00000049FJ6IAM","Name":"Ven_Standard Tester","CurrencyIsoCode":"EUR"}}|0x400cb37d
15:34:28.0 (81609390)|STATEMENT_EXECUTE|[108]
15:34:28.0 (81610452)|STATEMENT_EXECUTE|[109]
15:34:28.0 (81621267)|HEAP_ALLOCATE|[109]|Bytes:18
15:34:28.0 (81638685)|HEAP_ALLOCATE|[EXTERNAL]|Bytes:4
15:34:28.0 (81651632)|HEAP_ALLOCATE|[108]|Bytes:5
15:34:28.0 (81663458)|VARIABLE_ASSIGNMENT|[108]|u|null|
15:34:28.0 (81666624)|STATEMENT_EXECUTE|[111]
15:34:28.0 (81976427)|SYSTEM_MODE_ENTER|true
15:34:28.0 (82010604)|HEAP_ALLOCATE|[EXTERNAL]|Bytes:52
15:34:28.0 (82020217)|VARIABLE_SCOPE_BEGIN|[114]|this|cls_P7S1_User_ChangeProfile|true|false
15:34:28.0 (82054352)|VARIABLE_ASSIGNMENT|[114]|this|{"currentUser":"0x2880df2c","ShowPanel":"Admin","userList":"0x7115dac0"}|0x78ae539e
15:34:28.0 (82066057)|HEAP_ALLOCATE|[114]|Bytes:5
15:34:28.0 (82069531)|STATEMENT_EXECUTE|[114]
15:34:28.0 (82071093)|STATEMENT_EXECUTE|[114]
15:34:28.0 (84477259)|VF_SERIALIZE_VIEWSTATE_BEGIN|066D0000000V3u3
15:34:28.0 (93828153)|VF_SERIALIZE_VIEWSTATE_END
15:34:28.97 (97456406)|CUMULATIVE_LIMIT_USAGE
15:34:28.97 (97456406)|LIMIT_USAGE_FOR_NS|(default)|
  Number of SOQL queries: 2 out of 100
  Number of query rows: 26 out of 50000
  Number of SOSL queries: 0 out of 20
  Number of DML statements: 0 out of 150
  Number of DML rows: 0 out of 10000
  Maximum CPU time: 0 out of 10000
  Maximum heap size: 0 out of 6000000
  Number of callouts: 0 out of 100
  Number of Email Invocations: 0 out of 10
  Number of future calls: 0 out of 50
  Number of queueable jobs added to the queue: 0 out of 50
  Number of Mobile Apex push calls: 0 out of 10

15:34:28.97 (97456406)|CUMULATIVE_LIMIT_USAGE_END

15:34:28.0 (97504110)|CODE_UNIT_FINISHED|VF: /apex/vfp_P7S1_User_ChangeProfile
15:34:28.0 (99111459)|EXECUTION_FINISHED
