38.0 APEX_CODE,FINEST;APEX_PROFILING,INFO;CALLOUT,INFO;DB,INFO;SYSTEM,DEBUG;VALIDATION,INFO;VISUALFORCE,INFO;WORKFLOW,INFO
18:23:03.0 (89587)|USER_INFO|[EXTERNAL]|00557000005jeEC|p7s1.bschneider@factory42.com.kam|Mitteleuropäische Normalzeit|GMT+02:00
18:23:03.0 (126497)|EXECUTION_STARTED
18:23:03.0 (134027)|CODE_UNIT_STARTED|[EXTERNAL]|aura
18:23:03.0 (494415)|HEAP_ALLOCATE|[72]|Bytes:3
18:23:03.0 (559246)|HEAP_ALLOCATE|[77]|Bytes:152
18:23:03.0 (578798)|HEAP_ALLOCATE|[342]|Bytes:408
18:23:03.0 (598911)|HEAP_ALLOCATE|[355]|Bytes:408
18:23:03.0 (618081)|HEAP_ALLOCATE|[467]|Bytes:48
18:23:03.0 (648134)|HEAP_ALLOCATE|[139]|Bytes:6
18:23:03.0 (677537)|HEAP_ALLOCATE|[EXTERNAL]|Bytes:18
18:23:03.0 (693650)|HEAP_ALLOCATE|[EXTERNAL]|Bytes:18
18:23:03.0 (9857861)|HEAP_ALLOCATE|[EXTERNAL]|Bytes:18
18:23:03.0 (9872433)|HEAP_ALLOCATE|[EXTERNAL]|Bytes:18
18:23:03.0 (9924503)|HEAP_ALLOCATE|[EXTERNAL]|Bytes:37
18:23:03.0 (9934932)|HEAP_ALLOCATE|[EXTERNAL]|Bytes:37
18:23:03.0 (11316751)|CODE_UNIT_STARTED|[EXTERNAL]|01p3E0000004a8n|Som_Kam_CmpCtrl.inviteForKickoff2
18:23:03.0 (11575058)|HEAP_ALLOCATE|[EXTERNAL]|Bytes:89
18:23:03.0 (11581573)|HEAP_ALLOCATE|[EXTERNAL]|Bytes:84
18:23:03.0 (11584081)|HEAP_ALLOCATE|[EXTERNAL]|Bytes:84
18:23:03.0 (11599377)|METHOD_ENTRY|[14]|01p3E0000004a8n|Som_Kam_CmpCtrl.Som_Kam_CmpCtrl()
18:23:03.0 (11603664)|STATEMENT_EXECUTE|[14]
18:23:03.0 (11611468)|STATEMENT_EXECUTE|[14]
18:23:03.0 (11647834)|HEAP_ALLOCATE|[50]|Bytes:5
18:23:03.0 (11675853)|HEAP_ALLOCATE|[56]|Bytes:5
18:23:03.0 (11684333)|HEAP_ALLOCATE|[64]|Bytes:7
18:23:03.0 (11708994)|SYSTEM_MODE_ENTER|true
18:23:03.0 (11728923)|HEAP_ALLOCATE|[EXTERNAL]|Bytes:5
18:23:03.0 (11733692)|STATEMENT_EXECUTE|[1027]
18:23:03.0 (11735469)|STATEMENT_EXECUTE|[1063]
18:23:03.0 (11736563)|STATEMENT_EXECUTE|[1085]
18:23:03.0 (11737774)|STATEMENT_EXECUTE|[1134]
18:23:03.0 (11738958)|STATEMENT_EXECUTE|[1167]
18:23:03.0 (11746616)|SYSTEM_MODE_EXIT|true
18:23:03.0 (11757761)|METHOD_EXIT|[14]|Som_Kam_CmpCtrl
18:23:03.0 (11784842)|HEAP_ALLOCATE|[EXTERNAL]|Bytes:16
18:23:03.0 (11788021)|HEAP_ALLOCATE|[EXTERNAL]|Bytes:18
18:23:03.0 (11797844)|HEAP_ALLOCATE|[EXTERNAL]|Bytes:40
18:23:03.0 (11799458)|HEAP_ALLOCATE|[EXTERNAL]|Bytes:18
18:23:03.0 (11800707)|HEAP_ALLOCATE|[EXTERNAL]|Bytes:37
18:23:03.0 (11821754)|HEAP_ALLOCATE|[EXTERNAL]|Bytes:28
18:23:03.0 (11830195)|SYSTEM_MODE_ENTER|false
18:23:03.0 (11839871)|VARIABLE_SCOPE_BEGIN|[701]|accPlanTeamIds|List<String>|true|false
18:23:03.0 (11890818)|VARIABLE_ASSIGNMENT|[701]|accPlanTeamIds|{"s":1,"v":["a1P3E0000008a35UAA","a1P3E0000008iPVUAY","a1P3E0000008iD5UAI"]}|0x2bafd19f
18:23:03.0 (11896267)|VARIABLE_SCOPE_BEGIN|[701]|accPlanId|String|false|false
18:23:03.0 (11901522)|VARIABLE_ASSIGNMENT|[701]|accPlanId|"a093E000000sCLFQA2"
18:23:03.0 (11905084)|VARIABLE_SCOPE_BEGIN|[701]|accPlan|Som_Kam__c|true|false
18:23:03.0 (11957217)|VARIABLE_ASSIGNMENT|[701]|accPlan|{"Som_EmailText__c":"Das ist ein Test.Tex (73 more) ...","Som_EmailSubject__c":"Account Plan Test-Ac (40 more) ...","Som_Review__c":"2016-08-05T00:00:00.000Z","Som_Year__c":2016,"Som_Account__r":{"Id":"0013E000006KJGeQAO","Name":"Test-Account RH"},"Id":"a093E000000sCLFQA2","Som_Account__c":"0013E000006KJGeQAO","Som_Kickoff__c":"2016-07-30T00:00:00.000Z","Name":"AP_2016-000004"}|0x5874942e
18:23:03.0 (11963053)|VARIABLE_SCOPE_BEGIN|[701]|accId|String|false|false
18:23:03.0 (11967098)|VARIABLE_ASSIGNMENT|[701]|accId|"0013E000006KJGeQAO"
18:23:03.0 (11969317)|VARIABLE_SCOPE_BEGIN|[701]|hostUrl|String|false|false
18:23:03.0 (11973758)|VARIABLE_ASSIGNMENT|[701]|hostUrl|"https://p7s1--kam.li (17 more) ..."
18:23:03.0 (11976402)|VARIABLE_SCOPE_BEGIN|[701]|selectedYear|Integer|false|false
18:23:03.0 (11981911)|VARIABLE_ASSIGNMENT|[701]|selectedYear|2016
18:23:03.0 (11995873)|SYSTEM_MODE_ENTER|true
18:23:03.0 (12001429)|HEAP_ALLOCATE|[704]|Bytes:5
18:23:03.0 (12006536)|STATEMENT_EXECUTE|[701]
18:23:03.0 (12007969)|STATEMENT_EXECUTE|[704]
18:23:03.0 (12011462)|VARIABLE_SCOPE_BEGIN|[704]|test|Integer|false|false
18:23:03.0 (12016594)|VARIABLE_ASSIGNMENT|[704]|test|2016
18:23:03.0 (12018042)|STATEMENT_EXECUTE|[705]
18:23:03.0 (12072614)|USER_DEBUG|[705]|DEBUG|2016
18:23:03.0 (12083351)|STATEMENT_EXECUTE|[722]
18:23:03.0 (12090211)|SYSTEM_MODE_EXIT|true
18:23:03.0 (12102047)|SYSTEM_MODE_EXIT|false
18:23:03.12 (12141809)|CUMULATIVE_LIMIT_USAGE
18:23:03.12 (12141809)|LIMIT_USAGE_FOR_NS|(default)|
  Number of SOQL queries: 0 out of 100
  Number of query rows: 0 out of 50000
  Number of SOSL queries: 0 out of 20
  Number of DML statements: 0 out of 150
  Number of DML rows: 0 out of 10000
  Maximum CPU time: 0 out of 10000
  Maximum heap size: 0 out of 6000000
  Number of callouts: 0 out of 100
  Number of Email Invocations: 0 out of 10
  Number of future calls: 0 out of 50
  Number of queueable jobs added to the queue: 0 out of 50
  Number of Mobile Apex push calls: 0 out of 10

18:23:03.12 (12141809)|CUMULATIVE_LIMIT_USAGE_END

18:23:03.0 (12181379)|CODE_UNIT_FINISHED|Som_Kam_CmpCtrl.inviteForKickoff2
