30.0 APEX_CODE,FINEST;APEX_PROFILING,INFO;CALLOUT,INFO;DB,INFO;SYSTEM,DEBUG;VALIDATION,INFO;VISUALFORCE,INFO;WORKFLOW,INFO
13:46:40.0 (316781)|USER_INFO|[EXTERNAL]|00557000005jeEC|p7s1.bschneider@factory42.com.kam|Mitteleuropäische Normalzeit|GMT+02:00
13:46:40.0 (351800)|EXECUTION_STARTED
13:46:40.0 (358132)|CODE_UNIT_STARTED|[EXTERNAL]|066D0000000V3u3|VF: /apex/vfp_P7S1_User_ChangeProfile
13:46:40.0 (8984929)|SYSTEM_MODE_ENTER|true
13:46:40.0 (9365004)|VARIABLE_SCOPE_BEGIN|[4]|cls_P7S1_User_ChangeProfile.PAGE_URL|String|false|true
13:46:40.0 (9374108)|VARIABLE_SCOPE_BEGIN|[5]|cls_P7S1_User_ChangeProfile.SITE_NAME|String|false|true
13:46:40.0 (9533636)|HEAP_ALLOCATE|[72]|Bytes:3
13:46:40.0 (9592903)|HEAP_ALLOCATE|[77]|Bytes:152
13:46:40.0 (9610942)|HEAP_ALLOCATE|[342]|Bytes:408
13:46:40.0 (9629710)|HEAP_ALLOCATE|[355]|Bytes:408
13:46:40.0 (9647417)|HEAP_ALLOCATE|[467]|Bytes:48
13:46:40.0 (9684179)|HEAP_ALLOCATE|[139]|Bytes:6
13:46:40.0 (9710058)|HEAP_ALLOCATE|[EXTERNAL]|Bytes:328
13:46:40.0 (9716324)|HEAP_ALLOCATE|[EXTERNAL]|Bytes:73
13:46:40.0 (9719187)|HEAP_ALLOCATE|[EXTERNAL]|Bytes:26
13:46:40.0 (9722443)|HEAP_ALLOCATE|[EXTERNAL]|Bytes:28
13:46:40.0 (9762328)|VARIABLE_ASSIGNMENT|[EXTERNAL]|cls_P7S1_User_ChangeProfile.PAGE_URL|"/vfp_P7S1_User_Chang (8 more) ..."
13:46:40.0 (9766820)|HEAP_ALLOCATE|[EXTERNAL]|Bytes:13
13:46:40.0 (9774467)|VARIABLE_ASSIGNMENT|[EXTERNAL]|cls_P7S1_User_ChangeProfile.SITE_NAME|"ChangeProfile"
13:46:40.0 (9801994)|METHOD_ENTRY|[1]|01pD0000000KT71|cls_P7S1_User_ChangeProfile.cls_P7S1_User_ChangeProfile()
13:46:40.0 (9806007)|STATEMENT_EXECUTE|[1]
13:46:40.0 (9810685)|STATEMENT_EXECUTE|[1]
13:46:40.0 (9854995)|HEAP_ALLOCATE|[50]|Bytes:5
13:46:40.0 (9881487)|HEAP_ALLOCATE|[56]|Bytes:5
13:46:40.0 (9889769)|HEAP_ALLOCATE|[64]|Bytes:7
13:46:40.0 (9927153)|HEAP_ALLOCATE|[EXTERNAL]|Bytes:5
13:46:40.0 (9943077)|METHOD_EXIT|[1]|cls_P7S1_User_ChangeProfile
13:46:40.0 (10167423)|HEAP_ALLOCATE|[EXTERNAL]|Bytes:52
13:46:40.0 (10180362)|VARIABLE_SCOPE_BEGIN|[43]|this|cls_P7S1_User_ChangeProfile|true|false
13:46:40.0 (10267252)|VARIABLE_ASSIGNMENT|[43]|this|{}|0x6952e3ad
13:46:40.0 (10279132)|HEAP_ALLOCATE|[EXTERNAL]|Bytes:5
13:46:40.0 (10282772)|STATEMENT_EXECUTE|[1]
13:46:40.0 (10285338)|HEAP_ALLOCATE|[EXTERNAL]|Bytes:5
13:46:40.0 (10287164)|STATEMENT_EXECUTE|[6]
13:46:40.0 (10289372)|STATEMENT_EXECUTE|[8]
13:46:40.0 (10290260)|STATEMENT_EXECUTE|[9]
13:46:40.0 (10291098)|STATEMENT_EXECUTE|[10]
13:46:40.0 (10292107)|STATEMENT_EXECUTE|[12]
13:46:40.0 (10292932)|STATEMENT_EXECUTE|[13]
13:46:40.0 (10293752)|STATEMENT_EXECUTE|[14]
13:46:40.0 (10294586)|STATEMENT_EXECUTE|[38]
13:46:40.0 (10295646)|STATEMENT_EXECUTE|[39]
13:46:40.0 (10296514)|STATEMENT_EXECUTE|[40]
13:46:40.0 (10297436)|STATEMENT_EXECUTE|[100]
13:46:40.0 (10298451)|STATEMENT_EXECUTE|[113]
13:46:40.0 (10307888)|HEAP_ALLOCATE|[EXTERNAL]|Bytes:6
13:46:40.0 (10332145)|STATEMENT_EXECUTE|[43]
13:46:40.0 (10510974)|HEAP_ALLOCATE|[EXTERNAL]|Bytes:52
13:46:40.0 (10522616)|VARIABLE_SCOPE_BEGIN|[46]|this|cls_P7S1_User_ChangeProfile|true|false
13:46:40.0 (10548656)|VARIABLE_ASSIGNMENT|[46]|this|{}|0x6952e3ad
13:46:40.0 (10562948)|HEAP_ALLOCATE|[47]|Bytes:5
13:46:40.0 (10566701)|STATEMENT_EXECUTE|[46]
13:46:40.0 (10567914)|STATEMENT_EXECUTE|[47]
13:46:40.0 (10684796)|HEAP_ALLOCATE|[47]|Bytes:294
13:46:40.0 (10756587)|HEAP_ALLOCATE|[47]|Bytes:257
13:46:40.0 (10775452)|HEAP_ALLOCATE|[47]|Bytes:9
13:46:40.0 (10800535)|VARIABLE_SCOPE_BEGIN|[47]|profileId|String|false|false
13:46:40.0 (10808251)|VARIABLE_ASSIGNMENT|[47]|profileId|null
13:46:40.0 (10810715)|STATEMENT_EXECUTE|[48]
13:46:40.0 (10845581)|METHOD_ENTRY|[48]|01pD0000000KT71|cls_P7S1_User_ChangeProfile.initializeView()
13:46:40.0 (10866477)|VARIABLE_SCOPE_BEGIN|[51]|this|cls_P7S1_User_ChangeProfile|true|false
13:46:40.0 (10892955)|VARIABLE_ASSIGNMENT|[51]|this|{}|0x6952e3ad
13:46:40.0 (10901352)|HEAP_ALLOCATE|[52]|Bytes:5
13:46:40.0 (10904792)|STATEMENT_EXECUTE|[51]
13:46:40.0 (10905842)|STATEMENT_EXECUTE|[52]
13:46:40.0 (10974945)|VARIABLE_ASSIGNMENT|[EXTERNAL]|this|{}|0x6952e3ad
13:46:40.0 (10983124)|VARIABLE_ASSIGNMENT|[EXTERNAL]|value|null
13:46:40.0 (10992832)|VARIABLE_ASSIGNMENT|[14]|this.ShowPanel|null|0x6952e3ad
13:46:40.0 (10999805)|STATEMENT_EXECUTE|[53]
13:46:40.0 (11003100)|HEAP_ALLOCATE|[53]|Bytes:7
13:46:40.0 (11040376)|USER_DEBUG|[53]|DEBUG|###View
13:46:40.0 (11047162)|STATEMENT_EXECUTE|[54]
13:46:40.0 (11049920)|HEAP_ALLOCATE|[54]|Bytes:145
13:46:40.0 (11059747)|HEAP_ALLOCATE|[54]|Bytes:4
13:46:40.0 (11069978)|HEAP_ALLOCATE|[54]|Bytes:7
13:46:40.0 (11111593)|HEAP_ALLOCATE|[57]|Bytes:85
13:46:40.0 (11125294)|SYSTEM_METHOD_ENTRY|[1]|UserInfo.UserInfo()
13:46:40.0 (11127950)|STATEMENT_EXECUTE|[1]
13:46:40.0 (11135953)|SYSTEM_METHOD_EXIT|[1]|UserInfo
13:46:40.0 (11146868)|METHOD_ENTRY|[57]||System.UserInfo.getUserId()
13:46:40.0 (11189282)|METHOD_EXIT|[57]||System.UserInfo.getUserId()
13:46:40.0 (14476004)|SOQL_EXECUTE_BEGIN|[54]|Aggregations:0|SELECT Id, Name, UserName, ProfileId, Profile.UserLicenseId, Profile.Name, Email, P7S1_ShowTestuserLinks__c FROM User WHERE Id = :tmpVar1 LIMIT 1
13:46:40.0 (51675190)|SOQL_EXECUTE_END|[54]|Rows:1
13:46:40.0 (51708352)|HEAP_ALLOCATE|[54]|Bytes:8
13:46:40.0 (51734919)|HEAP_ALLOCATE|[54]|Bytes:320
13:46:40.0 (51770990)|HEAP_ALLOCATE|[54]|Bytes:8
13:46:40.0 (51783118)|HEAP_ALLOCATE|[54]|Bytes:30
13:46:40.0 (51892834)|HEAP_ALLOCATE|[54]|Bytes:36
13:46:40.0 (51982061)|VARIABLE_ASSIGNMENT|[EXTERNAL]|this|{}|0x6952e3ad
13:46:40.0 (52013190)|VARIABLE_ASSIGNMENT|[EXTERNAL]|value|{"s":1,"v":{"Id":"00557000005jeECAAY","Name":"Benjamin Schneider","Username":"p7s1.bschneider@fact (13 more) ...","ProfileId":"00e20000000lfOjAAI","Email":"bschneider@factory42 (4 more) ...","P7S1_ShowTestuserLin (5 more) ...":true,"CurrencyIsoCode":"EUR","Profile":{"s":2,"v":{"UserLicenseId":"100200000009H1sAAE","Name":"Systemadministrator","Id":"00e20000000lfOjAAI"}}}}|0x56a6c157
13:46:40.0 (52042663)|VARIABLE_ASSIGNMENT|[8]|this.currentUser|{"s":1,"v":{"Id":"00557000005jeECAAY","Name":"Benjamin Schneider","Username":"p7s1.bschneider@fact (13 more) ...","ProfileId":"00e20000000lfOjAAI","Email":"bschneider@factory42 (4 more) ...","P7S1_ShowTestuserLin (5 more) ...":true,"CurrencyIsoCode":"EUR","Profile":{"s":2,"v":{"UserLicenseId":"100200000009H1sAAE","Name":"Systemadministrator","Id":"00e20000000lfOjAAI"}}}}|0x6952e3ad
13:46:40.0 (52066921)|METHOD_ENTRY|[61]||System.UserInfo.getProfileId()
13:46:40.0 (52129159)|METHOD_EXIT|[61]||System.UserInfo.getProfileId()
13:46:40.0 (52148214)|HEAP_ALLOCATE|[61]|Bytes:4
13:46:40.0 (52153829)|HEAP_ALLOCATE|[61]|Bytes:18
13:46:40.0 (52178777)|HEAP_ALLOCATE|[61]|Bytes:4
13:46:40.0 (52213102)|STATEMENT_EXECUTE|[61]
13:46:40.0 (52215305)|STATEMENT_EXECUTE|[62]
13:46:40.0 (52218470)|HEAP_ALLOCATE|[62]|Bytes:5
13:46:40.0 (52265617)|VARIABLE_ASSIGNMENT|[EXTERNAL]|this|{"currentUser":"0x56a6c157"}|0x6952e3ad
13:46:40.0 (52272235)|VARIABLE_ASSIGNMENT|[EXTERNAL]|value|"Admin"
13:46:40.0 (52284266)|VARIABLE_ASSIGNMENT|[14]|this.ShowPanel|"Admin"|0x6952e3ad
13:46:40.0 (52290848)|STATEMENT_EXECUTE|[63]
13:46:40.0 (52294187)|HEAP_ALLOCATE|[63]|Bytes:128
13:46:40.0 (52303358)|HEAP_ALLOCATE|[63]|Bytes:4
13:46:40.0 (52634595)|SOQL_EXECUTE_BEGIN|[63]|Aggregations:0|SELECT Id, Name FROM User WHERE (P7S1_UserType__c = 'System_Tester' AND isActive = TRUE) ORDER BY Name ASC NULLS FIRST LIMIT 100
13:46:40.0 (60055906)|SOQL_EXECUTE_END|[63]|Rows:25
13:46:40.0 (60083118)|HEAP_ALLOCATE|[63]|Bytes:104
13:46:40.0 (60129067)|HEAP_ALLOCATE|[63]|Bytes:1973
13:46:40.0 (60147627)|HEAP_ALLOCATE|[63]|Bytes:104
13:46:40.0 (60228326)|VARIABLE_ASSIGNMENT|[EXTERNAL]|this|{"currentUser":"0x56a6c157","ShowPanel":"Admin"}|0x6952e3ad
13:46:40.0 (60252000)|VARIABLE_ASSIGNMENT|[EXTERNAL]|value|{"s":1,"v":"List of size 25 too large to display"}|0x20e15be4
13:46:40.0 (60267605)|VARIABLE_ASSIGNMENT|[10]|this.userList|{"s":1,"v":"List of size 25 too large to display"}|0x6952e3ad
13:46:40.0 (60276433)|STATEMENT_EXECUTE|[88]
13:46:40.0 (60288531)|METHOD_EXIT|[48]|01pD0000000KT71|cls_P7S1_User_ChangeProfile.initializeView()
13:46:40.0 (61325462)|SYSTEM_MODE_ENTER|true
13:46:40.0 (75155800)|SYSTEM_MODE_ENTER|true
13:46:40.0 (75864867)|SYSTEM_MODE_ENTER|true
13:46:40.0 (75901569)|HEAP_ALLOCATE|[EXTERNAL]|Bytes:52
13:46:40.0 (75916232)|VARIABLE_SCOPE_BEGIN|[104]|this|cls_P7S1_User_ChangeProfile|true|false
13:46:40.0 (75968737)|VARIABLE_ASSIGNMENT|[104]|this|{"currentUser":"0x56a6c157","ShowPanel":"Admin","userList":"0x20e15be4"}|0x6952e3ad
13:46:40.0 (75982031)|HEAP_ALLOCATE|[105]|Bytes:5
13:46:40.0 (75987200)|STATEMENT_EXECUTE|[104]
13:46:40.0 (75988654)|STATEMENT_EXECUTE|[105]
13:46:40.0 (76001188)|VARIABLE_ASSIGNMENT|[105]|this.selUserId|null|0x6952e3ad
13:46:40.0 (76004425)|STATEMENT_EXECUTE|[106]
13:46:40.0 (76010333)|HEAP_ALLOCATE|[106]|Bytes:4
13:46:40.0 (76051241)|VARIABLE_SCOPE_BEGIN|[106]|options|List<System.SelectOption>|true|false
13:46:40.0 (76088279)|HEAP_ALLOCATE|[EXTERNAL]|Bytes:4
13:46:40.0 (76102683)|VARIABLE_ASSIGNMENT|[106]|options|{"s":1,"v":[]}|0x1a32aa31
13:46:40.0 (76105459)|STATEMENT_EXECUTE|[107]
13:46:40.0 (76121177)|HEAP_ALLOCATE|[107]|Bytes:10
13:46:40.0 (76206179)|HEAP_ALLOCATE|[EXTERNAL]|Bytes:4
13:46:40.0 (76270837)|VARIABLE_ASSIGNMENT|[EXTERNAL]|this|{"currentUser":"0x56a6c157","ShowPanel":"Admin","userList":"0x20e15be4"}|0x6952e3ad
13:46:40.0 (76508932)|HEAP_ALLOCATE|[108]|Bytes:5
13:46:40.0 (76543702)|HEAP_ALLOCATE|[108]|Bytes:16
13:46:40.0 (76554518)|VARIABLE_SCOPE_BEGIN|[108]|u|User|true|false
13:46:40.0 (76576114)|VARIABLE_ASSIGNMENT|[108]|u|{"s":1,"v":{"Id":"005D0000002QDFYIA4","Name":"Aer_Default Tester","CurrencyIsoCode":"EUR"}}|0x13c94ee8
13:46:40.0 (76579854)|STATEMENT_EXECUTE|[108]
13:46:40.0 (76581085)|STATEMENT_EXECUTE|[109]
13:46:40.0 (76619168)|HEAP_ALLOCATE|[109]|Bytes:18
13:46:40.0 (76689297)|HEAP_ALLOCATE|[EXTERNAL]|Bytes:4
13:46:40.0 (76704339)|HEAP_ALLOCATE|[108]|Bytes:5
13:46:40.0 (76726953)|HEAP_ALLOCATE|[108]|Bytes:16
13:46:40.0 (76735415)|VARIABLE_SCOPE_BEGIN|[108]|u|User|true|false
13:46:40.0 (76752488)|VARIABLE_ASSIGNMENT|[108]|u|{"s":1,"v":{"Id":"00557000005jeLcAAI","Name":"MA_Default Tester","CurrencyIsoCode":"EUR"}}|0x71c57ce6
13:46:40.0 (76755816)|STATEMENT_EXECUTE|[108]
13:46:40.0 (76756846)|STATEMENT_EXECUTE|[109]
13:46:40.0 (76770000)|HEAP_ALLOCATE|[109]|Bytes:18
13:46:40.0 (76788344)|HEAP_ALLOCATE|[EXTERNAL]|Bytes:4
13:46:40.0 (76799968)|HEAP_ALLOCATE|[108]|Bytes:5
13:46:40.0 (76820207)|HEAP_ALLOCATE|[108]|Bytes:16
13:46:40.0 (76828149)|VARIABLE_SCOPE_BEGIN|[108]|u|User|true|false
13:46:40.0 (76849903)|VARIABLE_ASSIGNMENT|[108]|u|{"s":1,"v":{"Id":"005D00000047YCbIAM","Name":"P7S1_Interface Teste (1 more) ...","CurrencyIsoCode":"EUR"}}|0x3c9101fc
13:46:40.0 (76853471)|STATEMENT_EXECUTE|[108]
13:46:40.0 (76854889)|STATEMENT_EXECUTE|[109]
13:46:40.0 (76867728)|HEAP_ALLOCATE|[109]|Bytes:18
13:46:40.0 (76885090)|HEAP_ALLOCATE|[EXTERNAL]|Bytes:4
13:46:40.0 (76896755)|HEAP_ALLOCATE|[108]|Bytes:5
13:46:40.0 (76916553)|HEAP_ALLOCATE|[108]|Bytes:16
13:46:40.0 (76924459)|VARIABLE_SCOPE_BEGIN|[108]|u|User|true|false
13:46:40.0 (76940057)|VARIABLE_ASSIGNMENT|[108]|u|{"s":1,"v":{"Id":"005D0000004qFkAIAU","Name":"Sgn_Default Tester","CurrencyIsoCode":"EUR"}}|0x76f4a213
13:46:40.0 (76943307)|STATEMENT_EXECUTE|[108]
13:46:40.0 (76944266)|STATEMENT_EXECUTE|[109]
13:46:40.0 (76956372)|HEAP_ALLOCATE|[109]|Bytes:18
13:46:40.0 (76972796)|HEAP_ALLOCATE|[EXTERNAL]|Bytes:4
13:46:40.0 (76984015)|HEAP_ALLOCATE|[108]|Bytes:5
13:46:40.0 (77016359)|HEAP_ALLOCATE|[108]|Bytes:16
13:46:40.0 (77026607)|VARIABLE_SCOPE_BEGIN|[108]|u|User|true|false
13:46:40.0 (77042344)|VARIABLE_ASSIGNMENT|[108]|u|{"s":1,"v":{"Id":"005D00000052oAVIAY","Name":"SomAt Tester","CurrencyIsoCode":"EUR"}}|0x2f131c2b
13:46:40.0 (77045514)|STATEMENT_EXECUTE|[108]
13:46:40.0 (77046859)|STATEMENT_EXECUTE|[109]
13:46:40.0 (77059233)|HEAP_ALLOCATE|[109]|Bytes:18
13:46:40.0 (77076178)|HEAP_ALLOCATE|[EXTERNAL]|Bytes:4
13:46:40.0 (77087488)|HEAP_ALLOCATE|[108]|Bytes:5
13:46:40.0 (77106947)|HEAP_ALLOCATE|[108]|Bytes:16
13:46:40.0 (77114762)|VARIABLE_SCOPE_BEGIN|[108]|u|User|true|false
13:46:40.0 (77130341)|VARIABLE_ASSIGNMENT|[108]|u|{"s":1,"v":{"Id":"005D0000002jJFZIA2","Name":"SomDig_AdTech Tester","CurrencyIsoCode":"EUR"}}|0x756b7763
13:46:40.0 (77133610)|STATEMENT_EXECUTE|[108]
13:46:40.0 (77134614)|STATEMENT_EXECUTE|[109]
13:46:40.0 (77146219)|HEAP_ALLOCATE|[109]|Bytes:18
13:46:40.0 (77162349)|HEAP_ALLOCATE|[EXTERNAL]|Bytes:4
13:46:40.0 (77173560)|HEAP_ALLOCATE|[108]|Bytes:5
13:46:40.0 (77192942)|HEAP_ALLOCATE|[108]|Bytes:16
13:46:40.0 (77200627)|VARIABLE_SCOPE_BEGIN|[108]|u|User|true|false
13:46:40.0 (77216611)|VARIABLE_ASSIGNMENT|[108]|u|{"s":1,"v":{"Id":"005D00000049FIoIAM","Name":"SomDig_Billing Teste (1 more) ...","CurrencyIsoCode":"EUR"}}|0x41c106d3
13:46:40.0 (77220131)|STATEMENT_EXECUTE|[108]
13:46:40.0 (77221132)|STATEMENT_EXECUTE|[109]
13:46:40.0 (77241664)|HEAP_ALLOCATE|[109]|Bytes:18
13:46:40.0 (77268063)|HEAP_ALLOCATE|[EXTERNAL]|Bytes:4
13:46:40.0 (77280097)|HEAP_ALLOCATE|[108]|Bytes:5
13:46:40.0 (77300080)|HEAP_ALLOCATE|[108]|Bytes:16
13:46:40.0 (77307937)|VARIABLE_SCOPE_BEGIN|[108]|u|User|true|false
13:46:40.0 (77333467)|VARIABLE_ASSIGNMENT|[108]|u|{"s":1,"v":{"Id":"005D00000049FIpIAM","Name":"SomDig_PAM Tester","CurrencyIsoCode":"EUR"}}|0x12f6d0c2
13:46:40.0 (77336988)|STATEMENT_EXECUTE|[108]
13:46:40.0 (77337978)|STATEMENT_EXECUTE|[109]
13:46:40.0 (77350424)|HEAP_ALLOCATE|[109]|Bytes:18
13:46:40.0 (77367340)|HEAP_ALLOCATE|[EXTERNAL]|Bytes:4
13:46:40.0 (77378619)|HEAP_ALLOCATE|[108]|Bytes:5
13:46:40.0 (77398317)|HEAP_ALLOCATE|[108]|Bytes:16
13:46:40.0 (77406117)|VARIABLE_SCOPE_BEGIN|[108]|u|User|true|false
13:46:40.0 (77420690)|VARIABLE_ASSIGNMENT|[108]|u|{"s":1,"v":{"Id":"005D00000049FIqIAM","Name":"SomDig_PM Tester","CurrencyIsoCode":"EUR"}}|0x25b374f3
13:46:40.0 (77424141)|STATEMENT_EXECUTE|[108]
13:46:40.0 (77425310)|STATEMENT_EXECUTE|[109]
13:46:40.0 (77436887)|HEAP_ALLOCATE|[109]|Bytes:18
13:46:40.0 (77453206)|HEAP_ALLOCATE|[EXTERNAL]|Bytes:4
13:46:40.0 (77464141)|HEAP_ALLOCATE|[108]|Bytes:5
13:46:40.0 (77483480)|HEAP_ALLOCATE|[108]|Bytes:16
13:46:40.0 (77491170)|VARIABLE_SCOPE_BEGIN|[108]|u|User|true|false
13:46:40.0 (77506053)|VARIABLE_ASSIGNMENT|[108]|u|{"s":1,"v":{"Id":"005D0000001VrNRIA0","Name":"SomDig_Sales Tester","CurrencyIsoCode":"EUR"}}|0xb4dcf49
13:46:40.0 (77509161)|STATEMENT_EXECUTE|[108]
13:46:40.0 (77510134)|STATEMENT_EXECUTE|[109]
13:46:40.0 (77521791)|HEAP_ALLOCATE|[109]|Bytes:18
13:46:40.0 (77538109)|HEAP_ALLOCATE|[EXTERNAL]|Bytes:4
13:46:40.0 (77557439)|HEAP_ALLOCATE|[108]|Bytes:5
13:46:40.0 (77578866)|HEAP_ALLOCATE|[108]|Bytes:16
13:46:40.0 (77586875)|VARIABLE_SCOPE_BEGIN|[108]|u|User|true|false
13:46:40.0 (77602280)|VARIABLE_ASSIGNMENT|[108]|u|{"s":1,"v":{"Id":"005D0000004rQF5IAM","Name":"Som_ReadOnly Tester","CurrencyIsoCode":"EUR"}}|0x42f3a76d
13:46:40.0 (77605752)|STATEMENT_EXECUTE|[108]
13:46:40.0 (77606930)|STATEMENT_EXECUTE|[109]
13:46:40.0 (77618684)|HEAP_ALLOCATE|[109]|Bytes:18
13:46:40.0 (77635172)|HEAP_ALLOCATE|[EXTERNAL]|Bytes:4
13:46:40.0 (77646157)|HEAP_ALLOCATE|[108]|Bytes:5
13:46:40.0 (77665472)|HEAP_ALLOCATE|[108]|Bytes:16
13:46:40.0 (77673127)|VARIABLE_SCOPE_BEGIN|[108]|u|User|true|false
13:46:40.0 (77688932)|VARIABLE_ASSIGNMENT|[108]|u|{"s":1,"v":{"Id":"005D00000049FIrIAM","Name":"SomTv_ADFactory Test (2 more) ...","CurrencyIsoCode":"EUR"}}|0x66a71f31
13:46:40.0 (77692351)|STATEMENT_EXECUTE|[108]
13:46:40.0 (77693270)|STATEMENT_EXECUTE|[109]
13:46:40.0 (77704805)|HEAP_ALLOCATE|[109]|Bytes:18
13:46:40.0 (77720990)|HEAP_ALLOCATE|[EXTERNAL]|Bytes:4
13:46:40.0 (77731879)|HEAP_ALLOCATE|[108]|Bytes:5
13:46:40.0 (77751353)|HEAP_ALLOCATE|[108]|Bytes:16
13:46:40.0 (77759129)|VARIABLE_SCOPE_BEGIN|[108]|u|User|true|false
13:46:40.0 (77774481)|VARIABLE_ASSIGNMENT|[108]|u|{"s":1,"v":{"Id":"005D00000049FItIAM","Name":"SomTv_Marketing Test (2 more) ...","CurrencyIsoCode":"EUR"}}|0x580debfa
13:46:40.0 (77777937)|STATEMENT_EXECUTE|[108]
13:46:40.0 (77779050)|STATEMENT_EXECUTE|[109]
13:46:40.0 (77790655)|HEAP_ALLOCATE|[109]|Bytes:18
13:46:40.0 (77806720)|HEAP_ALLOCATE|[EXTERNAL]|Bytes:4
13:46:40.0 (77817824)|HEAP_ALLOCATE|[108]|Bytes:5
13:46:40.0 (77841510)|HEAP_ALLOCATE|[108]|Bytes:16
13:46:40.0 (77849923)|VARIABLE_SCOPE_BEGIN|[108]|u|User|true|false
13:46:40.0 (77864992)|VARIABLE_ASSIGNMENT|[108]|u|{"s":1,"v":{"Id":"005D00000049FIuIAM","Name":"SomTv_RM Tester","CurrencyIsoCode":"EUR"}}|0x3d5f4035
13:46:40.0 (77868172)|STATEMENT_EXECUTE|[108]
13:46:40.0 (77869164)|STATEMENT_EXECUTE|[109]
13:46:40.0 (77880890)|HEAP_ALLOCATE|[109]|Bytes:18
13:46:40.0 (77897321)|HEAP_ALLOCATE|[EXTERNAL]|Bytes:4
13:46:40.0 (77908440)|HEAP_ALLOCATE|[108]|Bytes:5
13:46:40.0 (77927793)|HEAP_ALLOCATE|[108]|Bytes:16
13:46:40.0 (77935647)|VARIABLE_SCOPE_BEGIN|[108]|u|User|true|false
13:46:40.0 (77950435)|VARIABLE_ASSIGNMENT|[108]|u|{"s":1,"v":{"Id":"005D00000049FIvIAM","Name":"SomTv_Sales Tester","CurrencyIsoCode":"EUR"}}|0x6248503c
13:46:40.0 (77953594)|STATEMENT_EXECUTE|[108]
13:46:40.0 (77954557)|STATEMENT_EXECUTE|[109]
13:46:40.0 (77965913)|HEAP_ALLOCATE|[109]|Bytes:18
13:46:40.0 (77982079)|HEAP_ALLOCATE|[EXTERNAL]|Bytes:4
13:46:40.0 (77993234)|HEAP_ALLOCATE|[108]|Bytes:5
13:46:40.0 (78012559)|HEAP_ALLOCATE|[108]|Bytes:16
13:46:40.0 (78021238)|VARIABLE_SCOPE_BEGIN|[108]|u|User|true|false
13:46:40.0 (78036922)|VARIABLE_ASSIGNMENT|[108]|u|{"s":1,"v":{"Id":"005D00000049FIyIAM","Name":"SomTv_SalesManagemen (8 more) ...","CurrencyIsoCode":"EUR"}}|0x3c4895d3
13:46:40.0 (78040478)|STATEMENT_EXECUTE|[108]
13:46:40.0 (78041423)|STATEMENT_EXECUTE|[109]
13:46:40.0 (78053198)|HEAP_ALLOCATE|[109]|Bytes:18
13:46:40.0 (78069383)|HEAP_ALLOCATE|[EXTERNAL]|Bytes:4
13:46:40.0 (78080373)|HEAP_ALLOCATE|[108]|Bytes:5
13:46:40.0 (78099597)|HEAP_ALLOCATE|[108]|Bytes:16
13:46:40.0 (78107466)|VARIABLE_SCOPE_BEGIN|[108]|u|User|true|false
13:46:40.0 (78122767)|VARIABLE_ASSIGNMENT|[108]|u|{"s":1,"v":{"Id":"005D00000049FIzIAM","Name":"SomTv_SalesSteering  (6 more) ...","CurrencyIsoCode":"EUR"}}|0xbadfb9b
13:46:40.0 (78125907)|STATEMENT_EXECUTE|[108]
13:46:40.0 (78127006)|STATEMENT_EXECUTE|[109]
13:46:40.0 (78138602)|HEAP_ALLOCATE|[109]|Bytes:18
13:46:40.0 (78154815)|HEAP_ALLOCATE|[EXTERNAL]|Bytes:4
13:46:40.0 (78165789)|HEAP_ALLOCATE|[108]|Bytes:5
13:46:40.0 (78184915)|HEAP_ALLOCATE|[108]|Bytes:16
13:46:40.0 (78192882)|VARIABLE_SCOPE_BEGIN|[108]|u|User|true|false
13:46:40.0 (78207300)|VARIABLE_ASSIGNMENT|[108]|u|{"s":1,"v":{"Id":"005D00000049FJ0IAM","Name":"SomTv_TeamCRM Tester","CurrencyIsoCode":"EUR"}}|0x4cb45c33
13:46:40.0 (78210512)|STATEMENT_EXECUTE|[108]
13:46:40.0 (78211448)|STATEMENT_EXECUTE|[109]
13:46:40.0 (78222800)|HEAP_ALLOCATE|[109]|Bytes:18
13:46:40.0 (78239287)|HEAP_ALLOCATE|[EXTERNAL]|Bytes:4
13:46:40.0 (78250398)|HEAP_ALLOCATE|[108]|Bytes:5
13:46:40.0 (78269715)|HEAP_ALLOCATE|[108]|Bytes:16
13:46:40.0 (78277338)|VARIABLE_SCOPE_BEGIN|[108]|u|User|true|false
13:46:40.0 (78292820)|VARIABLE_ASSIGNMENT|[108]|u|{"s":1,"v":{"Id":"005D00000049FJ2IAM","Name":"Ven_Controlling Test (2 more) ...","CurrencyIsoCode":"EUR"}}|0x6c5d3c29
13:46:40.0 (78296058)|STATEMENT_EXECUTE|[108]
13:46:40.0 (78297020)|STATEMENT_EXECUTE|[109]
13:46:40.0 (78308654)|HEAP_ALLOCATE|[109]|Bytes:18
13:46:40.0 (78324782)|HEAP_ALLOCATE|[EXTERNAL]|Bytes:4
13:46:40.0 (78335910)|HEAP_ALLOCATE|[108]|Bytes:5
13:46:40.0 (78355078)|HEAP_ALLOCATE|[108]|Bytes:16
13:46:40.0 (78362816)|VARIABLE_SCOPE_BEGIN|[108]|u|User|true|false
13:46:40.0 (78378013)|VARIABLE_ASSIGNMENT|[108]|u|{"s":1,"v":{"Id":"005D0000002jIReIAM","Name":"Ven_DataManager Test (2 more) ...","CurrencyIsoCode":"EUR"}}|0x14c3ca7c
13:46:40.0 (78381460)|STATEMENT_EXECUTE|[108]
13:46:40.0 (78382380)|STATEMENT_EXECUTE|[109]
13:46:40.0 (78394016)|HEAP_ALLOCATE|[109]|Bytes:18
13:46:40.0 (78410049)|HEAP_ALLOCATE|[EXTERNAL]|Bytes:4
13:46:40.0 (78421099)|HEAP_ALLOCATE|[108]|Bytes:5
13:46:40.0 (78440369)|HEAP_ALLOCATE|[108]|Bytes:16
13:46:40.0 (78448075)|VARIABLE_SCOPE_BEGIN|[108]|u|User|true|false
13:46:40.0 (78462912)|VARIABLE_ASSIGNMENT|[108]|u|{"s":1,"v":{"Id":"005D000000410gaIAA","Name":"Ven_Extern Tester","CurrencyIsoCode":"EUR"}}|0x70568a5c
13:46:40.0 (78465927)|STATEMENT_EXECUTE|[108]
13:46:40.0 (78467029)|STATEMENT_EXECUTE|[109]
13:46:40.0 (78478651)|HEAP_ALLOCATE|[109]|Bytes:18
13:46:40.0 (78494781)|HEAP_ALLOCATE|[EXTERNAL]|Bytes:4
13:46:40.0 (78505643)|HEAP_ALLOCATE|[108]|Bytes:5
13:46:40.0 (78524823)|HEAP_ALLOCATE|[108]|Bytes:16
13:46:40.0 (78532520)|VARIABLE_SCOPE_BEGIN|[108]|u|User|true|false
13:46:40.0 (78547923)|VARIABLE_ASSIGNMENT|[108]|u|{"s":1,"v":{"Id":"005D00000049FJ3IAM","Name":"Ven_InvestmentManage (8 more) ...","CurrencyIsoCode":"EUR"}}|0x1e6d15a1
13:46:40.0 (78551538)|STATEMENT_EXECUTE|[108]
13:46:40.0 (78552462)|STATEMENT_EXECUTE|[109]
13:46:40.0 (78564098)|HEAP_ALLOCATE|[109]|Bytes:18
13:46:40.0 (78580377)|HEAP_ALLOCATE|[EXTERNAL]|Bytes:4
13:46:40.0 (78591730)|HEAP_ALLOCATE|[108]|Bytes:5
13:46:40.0 (78610787)|HEAP_ALLOCATE|[108]|Bytes:16
13:46:40.0 (78618492)|VARIABLE_SCOPE_BEGIN|[108]|u|User|true|false
13:46:40.0 (78634079)|VARIABLE_ASSIGNMENT|[108]|u|{"s":1,"v":{"Id":"005D00000049FJ4IAM","Name":"Ven_MediaExpert Test (2 more) ...","CurrencyIsoCode":"EUR"}}|0x1bd4de31
13:46:40.0 (78637094)|STATEMENT_EXECUTE|[108]
13:46:40.0 (78638012)|STATEMENT_EXECUTE|[109]
13:46:40.0 (78649598)|HEAP_ALLOCATE|[109]|Bytes:18
13:46:40.0 (78665599)|HEAP_ALLOCATE|[EXTERNAL]|Bytes:4
13:46:40.0 (78676604)|HEAP_ALLOCATE|[108]|Bytes:5
13:46:40.0 (78695736)|HEAP_ALLOCATE|[108]|Bytes:16
13:46:40.0 (78703546)|VARIABLE_SCOPE_BEGIN|[108]|u|User|true|false
13:46:40.0 (78718429)|VARIABLE_ASSIGNMENT|[108]|u|{"s":1,"v":{"Id":"005D00000049FJ5IAM","Name":"Ven_ReadOnly Tester","CurrencyIsoCode":"EUR"}}|0x11ce671d
13:46:40.0 (78721586)|STATEMENT_EXECUTE|[108]
13:46:40.0 (78722720)|STATEMENT_EXECUTE|[109]
13:46:40.0 (78734216)|HEAP_ALLOCATE|[109]|Bytes:18
13:46:40.0 (78750328)|HEAP_ALLOCATE|[EXTERNAL]|Bytes:4
13:46:40.0 (78761162)|HEAP_ALLOCATE|[108]|Bytes:5
13:46:40.0 (78780143)|HEAP_ALLOCATE|[108]|Bytes:16
13:46:40.0 (78788492)|VARIABLE_SCOPE_BEGIN|[108]|u|User|true|false
13:46:40.0 (78802962)|VARIABLE_ASSIGNMENT|[108]|u|{"s":1,"v":{"Id":"005D00000049FJ6IAM","Name":"Ven_Standard Tester","CurrencyIsoCode":"EUR"}}|0x550e1b12
13:46:40.0 (78806017)|STATEMENT_EXECUTE|[108]
13:46:40.0 (78807018)|STATEMENT_EXECUTE|[109]
13:46:40.0 (78818526)|HEAP_ALLOCATE|[109]|Bytes:18
13:46:40.0 (78838213)|HEAP_ALLOCATE|[EXTERNAL]|Bytes:4
13:46:40.0 (78849829)|HEAP_ALLOCATE|[108]|Bytes:5
13:46:40.0 (78861659)|VARIABLE_ASSIGNMENT|[108]|u|null|
13:46:40.0 (78864714)|STATEMENT_EXECUTE|[111]
13:46:40.0 (79158245)|SYSTEM_MODE_ENTER|true
13:46:40.0 (79192650)|HEAP_ALLOCATE|[EXTERNAL]|Bytes:52
13:46:40.0 (79203689)|VARIABLE_SCOPE_BEGIN|[114]|this|cls_P7S1_User_ChangeProfile|true|false
13:46:40.0 (79236264)|VARIABLE_ASSIGNMENT|[114]|this|{"currentUser":"0x56a6c157","ShowPanel":"Admin","userList":"0x20e15be4"}|0x6952e3ad
13:46:40.0 (79247288)|HEAP_ALLOCATE|[114]|Bytes:5
13:46:40.0 (79250751)|STATEMENT_EXECUTE|[114]
13:46:40.0 (79252381)|STATEMENT_EXECUTE|[114]
13:46:40.0 (81539822)|VF_SERIALIZE_VIEWSTATE_BEGIN|066D0000000V3u3
13:46:40.0 (90770280)|VF_SERIALIZE_VIEWSTATE_END
13:46:40.94 (94697788)|CUMULATIVE_LIMIT_USAGE
13:46:40.94 (94697788)|LIMIT_USAGE_FOR_NS|(default)|
  Number of SOQL queries: 2 out of 100
  Number of query rows: 26 out of 50000
  Number of SOSL queries: 0 out of 20
  Number of DML statements: 0 out of 150
  Number of DML rows: 0 out of 10000
  Maximum CPU time: 0 out of 10000
  Maximum heap size: 0 out of 6000000
  Number of callouts: 0 out of 100
  Number of Email Invocations: 0 out of 10
  Number of future calls: 0 out of 50
  Number of queueable jobs added to the queue: 0 out of 50
  Number of Mobile Apex push calls: 0 out of 10

13:46:40.94 (94697788)|CUMULATIVE_LIMIT_USAGE_END

13:46:40.0 (94729606)|CODE_UNIT_FINISHED|VF: /apex/vfp_P7S1_User_ChangeProfile
13:46:40.0 (95722945)|EXECUTION_FINISHED
