38.0 APEX_CODE,FINEST;APEX_PROFILING,INFO;CALLOUT,INFO;DB,INFO;SYSTEM,DEBUG;VALIDATION,INFO;VISUALFORCE,INFO;WORKFLOW,INFO
18:36:24.0 (443107)|USER_INFO|[EXTERNAL]|00557000005jeEC|p7s1.bschneider@factory42.com.kam|Mitteleuropäische Normalzeit|GMT+02:00
18:36:24.0 (486094)|EXECUTION_STARTED
18:36:24.0 (492742)|CODE_UNIT_STARTED|[EXTERNAL]|aura
18:36:24.0 (922061)|HEAP_ALLOCATE|[72]|Bytes:3
18:36:24.0 (995802)|HEAP_ALLOCATE|[77]|Bytes:152
18:36:24.0 (1017889)|HEAP_ALLOCATE|[342]|Bytes:408
18:36:24.0 (1038502)|HEAP_ALLOCATE|[355]|Bytes:408
18:36:24.0 (1056832)|HEAP_ALLOCATE|[467]|Bytes:48
18:36:24.0 (1088655)|HEAP_ALLOCATE|[139]|Bytes:6
18:36:24.0 (1118765)|HEAP_ALLOCATE|[EXTERNAL]|Bytes:18
18:36:24.0 (1134750)|HEAP_ALLOCATE|[EXTERNAL]|Bytes:18
18:36:24.0 (2381978)|CODE_UNIT_STARTED|[EXTERNAL]|01p570000010d3m|P7S1_AccountDashboardCmpCtrl.getMediaData
18:36:24.0 (2434272)|VARIABLE_SCOPE_BEGIN|[6]|P7S1_AccountDashboardCmpCtrl.AA_ACCOUNT_FIELD_ID|String|false|true
18:36:24.0 (2441634)|VARIABLE_SCOPE_BEGIN|[5]|P7S1_AccountDashboardCmpCtrl.DEFAULT_LOGO|String|false|true
18:36:24.0 (2444929)|VARIABLE_SCOPE_BEGIN|[4]|P7S1_AccountDashboardCmpCtrl.FOLDER_LOGOS|String|false|true
18:36:24.0 (2447798)|VARIABLE_SCOPE_BEGIN|[10]|P7S1_AccountDashboardCmpCtrl.PREFIX_AA|String|false|true
18:36:24.0 (2450883)|VARIABLE_SCOPE_BEGIN|[3]|P7S1_AccountDashboardCmpCtrl.QUEUE_MEDIABOARD|String|false|true
18:36:24.0 (2453992)|VARIABLE_SCOPE_BEGIN|[8]|P7S1_AccountDashboardCmpCtrl.RECID_AI_AT|String|false|true
18:36:24.0 (2457779)|VARIABLE_SCOPE_BEGIN|[7]|P7S1_AccountDashboardCmpCtrl.RECID_AI_AU|String|false|true
18:36:24.0 (2460616)|VARIABLE_SCOPE_BEGIN|[9]|P7S1_AccountDashboardCmpCtrl.RECID_AI_LI|String|false|true
18:36:24.0 (2655465)|HEAP_ALLOCATE|[EXTERNAL]|Bytes:57
18:36:24.0 (2662870)|HEAP_ALLOCATE|[EXTERNAL]|Bytes:57
18:36:24.0 (2675861)|METHOD_ENTRY|[1]|01p570000010d3m|P7S1_AccountDashboardCmpCtrl.P7S1_AccountDashboardCmpCtrl()
18:36:24.0 (2679634)|STATEMENT_EXECUTE|[1]
18:36:24.0 (2688009)|STATEMENT_EXECUTE|[1]
18:36:24.0 (2731138)|HEAP_ALLOCATE|[50]|Bytes:5
18:36:24.0 (2762864)|HEAP_ALLOCATE|[56]|Bytes:5
18:36:24.0 (2773316)|HEAP_ALLOCATE|[64]|Bytes:7
18:36:24.0 (2801008)|SYSTEM_MODE_ENTER|true
18:36:24.0 (2826712)|HEAP_ALLOCATE|[3]|Bytes:5
18:36:24.0 (2831284)|STATEMENT_EXECUTE|[3]
18:36:24.0 (2835723)|HEAP_ALLOCATE|[3]|Bytes:23
18:36:24.0 (9193754)|HEAP_ALLOCATE|[3]|Bytes:11
18:36:24.0 (9249715)|VARIABLE_ASSIGNMENT|[3]|P7S1_AccountDashboardCmpCtrl.QUEUE_MEDIABOARD|"Media Board"
18:36:24.0 (9253861)|STATEMENT_EXECUTE|[4]
18:36:24.0 (9257813)|HEAP_ALLOCATE|[4]|Bytes:23
18:36:24.0 (9290684)|HEAP_ALLOCATE|[4]|Bytes:12
18:36:24.0 (9305330)|VARIABLE_ASSIGNMENT|[4]|P7S1_AccountDashboardCmpCtrl.FOLDER_LOGOS|"Entity Logos"
18:36:24.0 (9308166)|STATEMENT_EXECUTE|[5]
18:36:24.0 (9310732)|HEAP_ALLOCATE|[5]|Bytes:24
18:36:24.0 (9331452)|HEAP_ALLOCATE|[5]|Bytes:16
18:36:24.0 (9343385)|VARIABLE_ASSIGNMENT|[5]|P7S1_AccountDashboardCmpCtrl.DEFAULT_LOGO|"Sales Excellence"
18:36:24.0 (9345949)|STATEMENT_EXECUTE|[6]
18:36:24.0 (9348854)|HEAP_ALLOCATE|[6]|Bytes:33
18:36:24.0 (9368611)|HEAP_ALLOCATE|[6]|Bytes:15
18:36:24.0 (9380352)|VARIABLE_ASSIGNMENT|[6]|P7S1_AccountDashboardCmpCtrl.AA_ACCOUNT_FIELD_ID|"00N57000006LnEC"
18:36:24.0 (9382930)|STATEMENT_EXECUTE|[7]
18:36:24.0 (9384997)|HEAP_ALLOCATE|[7]|Bytes:21
18:36:24.0 (10285566)|HEAP_ALLOCATE|[7]|Bytes:4
18:36:24.0 (12288401)|HEAP_ALLOCATE|[7]|Bytes:20
18:36:24.0 (12297698)|HEAP_ALLOCATE|[7]|Bytes:17
18:36:24.0 (12457047)|HEAP_ALLOCATE|[7]|Bytes:4
18:36:24.0 (12475924)|HEAP_ALLOCATE|[7]|Bytes:18
18:36:24.0 (12490049)|VARIABLE_ASSIGNMENT|[7]|P7S1_AccountDashboardCmpCtrl.RECID_AI_AU|"012570000007QSJAA2"
18:36:24.0 (12493829)|STATEMENT_EXECUTE|[8]
18:36:24.0 (12546911)|HEAP_ALLOCATE|[8]|Bytes:4
18:36:24.0 (12578391)|HEAP_ALLOCATE|[8]|Bytes:20
18:36:24.0 (12584112)|HEAP_ALLOCATE|[8]|Bytes:25
18:36:24.0 (12616468)|HEAP_ALLOCATE|[8]|Bytes:4
18:36:24.0 (12623885)|HEAP_ALLOCATE|[8]|Bytes:18
18:36:24.0 (12636969)|VARIABLE_ASSIGNMENT|[8]|P7S1_AccountDashboardCmpCtrl.RECID_AI_AT|"012570000007QSKAA2"
18:36:24.0 (12640281)|STATEMENT_EXECUTE|[9]
18:36:24.0 (12686635)|HEAP_ALLOCATE|[9]|Bytes:4
18:36:24.0 (12718082)|HEAP_ALLOCATE|[9]|Bytes:20
18:36:24.0 (12723791)|HEAP_ALLOCATE|[9]|Bytes:16
18:36:24.0 (12755103)|HEAP_ALLOCATE|[9]|Bytes:4
18:36:24.0 (12762268)|HEAP_ALLOCATE|[9]|Bytes:18
18:36:24.0 (12775030)|VARIABLE_ASSIGNMENT|[9]|P7S1_AccountDashboardCmpCtrl.RECID_AI_LI|"012570000007QSLAA2"
18:36:24.0 (12778038)|STATEMENT_EXECUTE|[10]
18:36:24.0 (12821666)|HEAP_ALLOCATE|[10]|Bytes:4
18:36:24.0 (12838966)|HEAP_ALLOCATE|[10]|Bytes:3
18:36:24.0 (12850714)|VARIABLE_ASSIGNMENT|[10]|P7S1_AccountDashboardCmpCtrl.PREFIX_AA|"a2D"
18:36:24.0 (12854304)|STATEMENT_EXECUTE|[113]
18:36:24.0 (12855948)|STATEMENT_EXECUTE|[125]
18:36:24.0 (12856999)|STATEMENT_EXECUTE|[242]
18:36:24.0 (12858320)|STATEMENT_EXECUTE|[269]
18:36:24.0 (12859231)|STATEMENT_EXECUTE|[399]
18:36:24.0 (12860316)|STATEMENT_EXECUTE|[583]
18:36:24.0 (12866858)|SYSTEM_MODE_EXIT|true
18:36:24.0 (13284582)|METHOD_EXIT|[1]|P7S1_AccountDashboardCmpCtrl
18:36:24.0 (13292802)|HEAP_ALLOCATE|[EXTERNAL]|Bytes:18
18:36:24.0 (13302324)|SYSTEM_MODE_ENTER|false
18:36:24.0 (13312929)|VARIABLE_SCOPE_BEGIN|[16]|accountId|String|false|false
18:36:24.0 (13322028)|VARIABLE_ASSIGNMENT|[16]|accountId|"0013E000006KJGeQAO"
18:36:24.0 (13336859)|SYSTEM_MODE_ENTER|true
18:36:24.0 (13342658)|HEAP_ALLOCATE|[19]|Bytes:5
18:36:24.0 (13346540)|STATEMENT_EXECUTE|[16]
18:36:24.0 (13348110)|STATEMENT_EXECUTE|[19]
18:36:24.0 (13394889)|HEAP_ALLOCATE|[19]|Bytes:4
18:36:24.0 (13419070)|VARIABLE_SCOPE_BEGIN|[19]|year|Integer|false|false
18:36:24.0 (13423846)|HEAP_ALLOCATE|[19]|Bytes:4
18:36:24.0 (13431281)|VARIABLE_ASSIGNMENT|[19]|year|2016
18:36:24.0 (13434072)|STATEMENT_EXECUTE|[22]
18:36:24.0 (13452973)|METHOD_ENTRY|[22]|01p570000010d3m|P7S1_AccountDashboardCmpCtrl.loadNielsenData(String, Integer)
18:36:24.0 (13474153)|VARIABLE_SCOPE_BEGIN|[28]|accountId|String|false|false
18:36:24.0 (13481147)|VARIABLE_ASSIGNMENT|[28]|accountId|"0013E000006KJGeQAO"
18:36:24.0 (13484867)|VARIABLE_SCOPE_BEGIN|[28]|year|Integer|false|false
18:36:24.0 (13488314)|VARIABLE_ASSIGNMENT|[28]|year|2016
18:36:24.0 (13496751)|HEAP_ALLOCATE|[31]|Bytes:5
18:36:24.0 (13500541)|STATEMENT_EXECUTE|[28]
18:36:24.0 (13501893)|STATEMENT_EXECUTE|[31]
18:36:24.0 (13560291)|HEAP_ALLOCATE|[31]|Bytes:56
18:36:24.0 (13575561)|VARIABLE_SCOPE_BEGIN|[31]|dt|Datetime|false|false
18:36:24.0 (13616167)|VARIABLE_ASSIGNMENT|[31]|dt|"2014-12-31T23:00:00.000Z"
18:36:24.0 (13619684)|STATEMENT_EXECUTE|[32]
18:36:24.0 (13623550)|HEAP_ALLOCATE|[32]|Bytes:3
18:36:24.0 (13733587)|HEAP_ALLOCATE|[32]|Bytes:3
18:36:24.0 (13746380)|VARIABLE_SCOPE_BEGIN|[32]|monthJan|String|false|false
18:36:24.0 (13754194)|VARIABLE_ASSIGNMENT|[32]|monthJan|"Jan"
18:36:24.0 (13756725)|STATEMENT_EXECUTE|[33]
18:36:24.0 (13759412)|VARIABLE_SCOPE_BEGIN|[33]|monthEnd|String|false|false
18:36:24.0 (13763134)|VARIABLE_ASSIGNMENT|[33]|monthEnd|""
18:36:24.0 (13764936)|STATEMENT_EXECUTE|[35]
18:36:24.0 (13795578)|HEAP_ALLOCATE|[35]|Bytes:4
18:36:24.0 (13806117)|VARIABLE_SCOPE_BEGIN|[35]|yearStr|String|false|false
18:36:24.0 (13812755)|VARIABLE_ASSIGNMENT|[35]|yearStr|"2016"
18:36:24.0 (13815066)|STATEMENT_EXECUTE|[36]
18:36:24.0 (13842832)|HEAP_ALLOCATE|[36]|Bytes:4
18:36:24.0 (13853743)|VARIABLE_SCOPE_BEGIN|[36]|lastYearStr|String|false|false
18:36:24.0 (13860332)|VARIABLE_ASSIGNMENT|[36]|lastYearStr|"2015"
18:36:24.0 (13862575)|STATEMENT_EXECUTE|[37]
18:36:24.0 (13911486)|HEAP_ALLOCATE|[37]|Bytes:4
18:36:24.0 (13976434)|VARIABLE_SCOPE_BEGIN|[37]|years|Set<String>|true|false
18:36:24.0 (14028257)|VARIABLE_ASSIGNMENT|[37]|years|{"s":1,"v":["2016","2015"]}|0x842619e
18:36:24.0 (14033183)|STATEMENT_EXECUTE|[38]
18:36:24.0 (14038175)|HEAP_ALLOCATE|[38]|Bytes:4
18:36:24.0 (14065092)|HEAP_ALLOCATE|[38]|Bytes:2
18:36:24.0 (14077994)|HEAP_ALLOCATE|[38]|Bytes:3
18:36:24.0 (14087216)|VARIABLE_SCOPE_BEGIN|[38]|periods|Set<String>|true|false
18:36:24.0 (14106682)|VARIABLE_ASSIGNMENT|[38]|periods|{"s":1,"v":["GJ","YTM"]}|0x6bb0f33b
18:36:24.0 (14109786)|STATEMENT_EXECUTE|[39]
18:36:24.0 (14119735)|HEAP_ALLOCATE|[39]|Bytes:4
18:36:24.0 (14138978)|HEAP_ALLOCATE|[39]|Bytes:7
18:36:24.0 (14142357)|HEAP_ALLOCATE|[39]|Bytes:20
18:36:24.0 (14173647)|HEAP_ALLOCATE|[39]|Bytes:3
18:36:24.0 (14222027)|HEAP_ALLOCATE|[39]|Bytes:7
18:36:24.0 (14226126)|HEAP_ALLOCATE|[39]|Bytes:21
18:36:24.0 (14250367)|HEAP_ALLOCATE|[39]|Bytes:4
18:36:24.0 (14268840)|HEAP_ALLOCATE|[39]|Bytes:6
18:36:24.0 (14276745)|HEAP_ALLOCATE|[39]|Bytes:19
18:36:24.0 (14298811)|HEAP_ALLOCATE|[39]|Bytes:2
18:36:24.0 (14316682)|VARIABLE_SCOPE_BEGIN|[39]|mapPeriod2Label|Map<String,String>|true|false
18:36:24.0 (14342068)|VARIABLE_ASSIGNMENT|[39]|mapPeriod2Label|{"s":1,"v":{"2016YTM":"YTM","2015YTM":"LYTM","2015GJ":"LY"}}|0x68d781a
18:36:24.0 (14346020)|STATEMENT_EXECUTE|[41]
18:36:24.0 (14349570)|HEAP_ALLOCATE|[41]|Bytes:325
18:36:24.0 (14353689)|HEAP_ALLOCATE|[44]|Bytes:124
18:36:24.0 (14364369)|HEAP_ALLOCATE|[41]|Bytes:467
18:36:24.0 (14368866)|VARIABLE_SCOPE_BEGIN|[41]|soql|String|false|false
18:36:24.0 (14377652)|VARIABLE_ASSIGNMENT|[41]|soql|"SELECT P7S1_Year__c, (447 more) ..."
18:36:24.0 (14379688)|STATEMENT_EXECUTE|[49]
18:36:24.0 (14382390)|VARIABLE_SCOPE_BEGIN|[49]|cnt|Integer|false|false
18:36:24.0 (14384857)|HEAP_ALLOCATE|[49]|Bytes:4
18:36:24.0 (14388880)|VARIABLE_ASSIGNMENT|[49]|cnt|1
18:36:24.0 (14390677)|STATEMENT_EXECUTE|[50]
18:36:24.0 (14400818)|HEAP_ALLOCATE|[50]|Bytes:4
18:36:24.0 (14427735)|HEAP_ALLOCATE|[50]|Bytes:7
18:36:24.0 (14438284)|HEAP_ALLOCATE|[50]|Bytes:7
18:36:24.0 (14442111)|HEAP_ALLOCATE|[50]|Bytes:7
18:36:24.0 (14446995)|VARIABLE_SCOPE_BEGIN|[50]|lstCss|List<String>|true|false
18:36:24.0 (14478168)|HEAP_ALLOCATE|[EXTERNAL]|Bytes:16
18:36:24.0 (14492544)|VARIABLE_ASSIGNMENT|[50]|lstCss|{"s":1,"v":["#9FF781","#A9D0F5","#F3F781"]}|0x6b38fa6c
18:36:24.0 (14495679)|STATEMENT_EXECUTE|[51]
18:36:24.0 (14925919)|HEAP_ALLOCATE|[51]|Bytes:4
18:36:24.0 (15016853)|VARIABLE_SCOPE_BEGIN|[51]|lstData|List<P7S1_AccountDashboardCmpCtrl.MediaData>|true|false
18:36:24.0 (15038455)|HEAP_ALLOCATE|[EXTERNAL]|Bytes:4
18:36:24.0 (15049888)|VARIABLE_ASSIGNMENT|[51]|lstData|{"s":1,"v":[]}|0x778a073a
18:36:24.0 (15260481)|HEAP_ALLOCATE|[52]|Bytes:4
18:36:24.0 (15266918)|HEAP_ALLOCATE|[52]|Bytes:4
18:36:24.0 (17129034)|HEAP_ALLOCATE|[52]|Bytes:4
18:36:24.0 (17136648)|HEAP_ALLOCATE|[52]|Bytes:4
18:36:24.0 (17151489)|SOQL_EXECUTE_BEGIN|[52]|Aggregations:0|SELECT P7S1_Year__c, P7S1_ZeitraumTyp__c, P7S1_MklGruppeTv__c, P7S1_MklGruppeDigital__c, P7S1_MklGruppePrint__c, P7S1_MklGruppeRest__c, P7S1_GesamtMkl__c,        P7S1_MklSoaTv__c, P7S1_MklSoaDigital__c, P7S1_MklSoaPrint__c, P7S1_MklSoaRest__c, P7S1_Last_Entry_Date__c   FROM P7S1_NielsenDataAggr__c  
18:36:24.0 (39323140)|SOQL_EXECUTE_END|[52]|Rows:0
18:36:24.0 (39647815)|HEAP_ALLOCATE|[52]|Bytes:49
18:36:24.0 (39659269)|HEAP_ALLOCATE|[52]|Bytes:8
18:36:24.0 (39678329)|SYSTEM_METHOD_ENTRY|[7]|QueryLocatorIterator.QueryLocatorIterator()
18:36:24.0 (39682223)|STATEMENT_EXECUTE|[7]
18:36:24.0 (39696895)|SYSTEM_METHOD_EXIT|[7]|QueryLocatorIterator
18:36:24.0 (39709278)|HEAP_ALLOCATE|[52]|Bytes:28
18:36:24.0 (39730038)|HEAP_ALLOCATE|[52]|Bytes:8
18:36:24.0 (39732456)|HEAP_ALLOCATE|[52]|Bytes:8
18:36:24.0 (39739545)|VARIABLE_SCOPE_BEGIN|[15]|this|Database.QueryLocatorIterator|true|false
18:36:24.0 (39790702)|VARIABLE_ASSIGNMENT|[15]|this|{}|0x4738a1a0
18:36:24.0 (39794765)|VARIABLE_SCOPE_BEGIN|[15]|values|List<SObject>|true|false
18:36:24.0 (39800358)|VARIABLE_ASSIGNMENT|[15]|values|null|
18:36:24.0 (39802226)|VARIABLE_SCOPE_BEGIN|[15]|ql|Database.QueryLocator|true|false
18:36:24.0 (39820646)|VARIABLE_ASSIGNMENT|[15]|ql|{"query":"SELECT P7S1_Year__c, (447 more) ..."}|0x713cfd5a
18:36:24.0 (39823626)|VARIABLE_SCOPE_BEGIN|[15]|totalNumRecords|Integer|false|false
18:36:24.0 (39827612)|VARIABLE_ASSIGNMENT|[15]|totalNumRecords|0
18:36:24.0 (39829727)|VARIABLE_SCOPE_BEGIN|[15]|queryMoreSize|Integer|false|false
18:36:24.0 (39832326)|VARIABLE_ASSIGNMENT|[15]|queryMoreSize|50000
18:36:24.0 (39933064)|HEAP_ALLOCATE|[52]|Bytes:28
18:36:24.0 (39963160)|METHOD_ENTRY|[52]||Database.QueryLocatorIterator.hasNext()
18:36:24.0 (39998588)|METHOD_EXIT|[52]||Database.QueryLocatorIterator.hasNext()
18:36:24.0 (40073396)|VARIABLE_ASSIGNMENT|[52]|nda|null|
18:36:24.0 (40082123)|STATEMENT_EXECUTE|[52]
18:36:24.0 (40114246)|STATEMENT_EXECUTE|[89]
18:36:24.0 (40181417)|STATEMENT_EXECUTE|[92]
18:36:24.0 (40190599)|HEAP_ALLOCATE|[92]|Bytes:26
18:36:24.0 (40252378)|HEAP_ALLOCATE|[92]|Bytes:42
18:36:24.0 (40264203)|VARIABLE_SCOPE_BEGIN|[92]|header|String|false|false
18:36:24.0 (40284732)|VARIABLE_ASSIGNMENT|[92]|header|"Medienmix (Quotexdat (22 more) ..."
18:36:24.0 (40289779)|STATEMENT_EXECUTE|[93]
18:36:24.0 (40295661)|VARIABLE_SCOPE_BEGIN|[93]|period|String|false|false
18:36:24.0 (40304153)|VARIABLE_ASSIGNMENT|[93]|period|""
18:36:24.0 (40329355)|STATEMENT_EXECUTE|[94]
18:36:24.0 (40335525)|HEAP_ALLOCATE|[94]|Bytes:4
18:36:24.0 (40347830)|VARIABLE_ASSIGNMENT|[94]|period|"n.A."
18:36:24.0 (40352013)|STATEMENT_EXECUTE|[97]
18:36:24.0 (40356937)|HEAP_ALLOCATE|[97]|Bytes:8
18:36:24.0 (40439897)|HEAP_ALLOCATE|[97]|Bytes:38
18:36:24.0 (40469868)|VARIABLE_ASSIGNMENT|[97]|header|"Medienmix (Quotexdat (18 more) ..."
18:36:24.0 (40474778)|STATEMENT_EXECUTE|[99]
18:36:24.0 (40484400)|HEAP_ALLOCATE|[99]|Bytes:3
18:36:24.0 (40519687)|HEAP_ALLOCATE|[99]|Bytes:12
18:36:24.0 (40568982)|CONSTRUCTOR_ENTRY|[99]|01p570000010d3m|<init>(String,List<P7S1_AccountDashboardCmpCtrl.MediaData>)
18:36:24.0 (40627535)|VARIABLE_SCOPE_BEGIN|[119]|this|P7S1_AccountDashboardCmpCtrl.NielsenData|true|false
18:36:24.0 (40660734)|VARIABLE_ASSIGNMENT|[119]|this|{}|0x2857bd63
18:36:24.0 (40671540)|VARIABLE_SCOPE_BEGIN|[119]|header|String|false|false
18:36:24.0 (40681873)|VARIABLE_ASSIGNMENT|[119]|header|"Medienmix (Quotexdat (18 more) ..."
18:36:24.0 (40689105)|VARIABLE_SCOPE_BEGIN|[119]|mediaData|List<P7S1_AccountDashboardCmpCtrl.MediaData>|true|false
18:36:24.0 (40709972)|VARIABLE_ASSIGNMENT|[119]|mediaData|{"s":1,"v":[]}|0x778a073a
18:36:24.0 (40716239)|STATEMENT_EXECUTE|[113]
18:36:24.0 (40718483)|STATEMENT_EXECUTE|[115]
18:36:24.0 (40720659)|STATEMENT_EXECUTE|[117]
18:36:24.0 (40741976)|STATEMENT_EXECUTE|[119]
18:36:24.0 (40745504)|STATEMENT_EXECUTE|[120]
18:36:24.0 (40762946)|VARIABLE_ASSIGNMENT|[120]|this.header|"Medienmix (Quotexdat (18 more) ..."|0x2857bd63
18:36:24.0 (40767143)|STATEMENT_EXECUTE|[121]
18:36:24.0 (40783230)|VARIABLE_ASSIGNMENT|[121]|this.mediaData|{"s":1,"v":[]}|0x2857bd63
18:36:24.0 (40797732)|CONSTRUCTOR_EXIT|[99]|01p570000010d3m|<init>(String,List<P7S1_AccountDashboardCmpCtrl.MediaData>)
18:36:24.0 (40816046)|METHOD_EXIT|[22]|01p570000010d3m|P7S1_AccountDashboardCmpCtrl.loadNielsenData(String, Integer)
18:36:24.0 (40826626)|SYSTEM_MODE_EXIT|true
18:36:24.0 (41352720)|SYSTEM_MODE_EXIT|false
18:36:24.41 (41425650)|CUMULATIVE_LIMIT_USAGE
18:36:24.41 (41425650)|LIMIT_USAGE_FOR_NS|(default)|
  Number of SOQL queries: 1 out of 100
  Number of query rows: 0 out of 50000
  Number of SOSL queries: 0 out of 20
  Number of DML statements: 0 out of 150
  Number of DML rows: 0 out of 10000
  Maximum CPU time: 0 out of 10000
  Maximum heap size: 0 out of 6000000
  Number of callouts: 0 out of 100
  Number of Email Invocations: 0 out of 10
  Number of future calls: 0 out of 50
  Number of queueable jobs added to the queue: 0 out of 50
  Number of Mobile Apex push calls: 0 out of 10

18:36:24.41 (41425650)|CUMULATIVE_LIMIT_USAGE_END

18:36:24.0 (41487373)|CODE_UNIT_FINISHED|P7S1_AccountDashboardCmpCtrl.getMediaData
18:36:24.0 (43128418)|CODE_UNIT_STARTED|[EXTERNAL]|Aura
18:36:24.0 (43213537)|CODE_UNIT_FINISHED|Aura
18:36:24.0 (43560159)|HEAP_ALLOCATE|[EXTERNAL]|Bytes:18
18:36:24.0 (43583821)|HEAP_ALLOCATE|[EXTERNAL]|Bytes:18
18:36:24.0 (43661072)|HEAP_ALLOCATE|[EXTERNAL]|Bytes:19
18:36:24.0 (43677112)|HEAP_ALLOCATE|[EXTERNAL]|Bytes:19
18:36:24.0 (45086324)|CODE_UNIT_STARTED|[EXTERNAL]|01p3E0000004a8n|Som_Kam_CmpCtrl.getAccountPlanEditData
18:36:24.0 (46551270)|HEAP_ALLOCATE|[EXTERNAL]|Bytes:89
18:36:24.0 (46562434)|HEAP_ALLOCATE|[EXTERNAL]|Bytes:83
18:36:24.0 (46568013)|HEAP_ALLOCATE|[EXTERNAL]|Bytes:84
18:36:24.0 (46580436)|METHOD_ENTRY|[14]|01p3E0000004a8n|Som_Kam_CmpCtrl.Som_Kam_CmpCtrl()
18:36:24.0 (46585326)|STATEMENT_EXECUTE|[14]
18:36:24.0 (46594458)|STATEMENT_EXECUTE|[14]
18:36:24.0 (46601620)|SYSTEM_MODE_ENTER|true
18:36:24.0 (46613875)|HEAP_ALLOCATE|[EXTERNAL]|Bytes:5
18:36:24.0 (46620117)|STATEMENT_EXECUTE|[1021]
18:36:24.0 (46622659)|STATEMENT_EXECUTE|[1057]
18:36:24.0 (46624661)|STATEMENT_EXECUTE|[1079]
18:36:24.0 (46626746)|STATEMENT_EXECUTE|[1128]
18:36:24.0 (46628679)|STATEMENT_EXECUTE|[1161]
18:36:24.0 (46633127)|SYSTEM_MODE_EXIT|true
18:36:24.0 (46643948)|METHOD_EXIT|[14]|Som_Kam_CmpCtrl
18:36:24.0 (46651304)|HEAP_ALLOCATE|[EXTERNAL]|Bytes:18
18:36:24.0 (46654952)|HEAP_ALLOCATE|[EXTERNAL]|Bytes:19
18:36:24.0 (46664076)|SYSTEM_MODE_ENTER|false
18:36:24.0 (46674476)|VARIABLE_SCOPE_BEGIN|[124]|accId|String|false|false
18:36:24.0 (46684826)|VARIABLE_ASSIGNMENT|[124]|accId|"0013E000006KJGeQAO"
18:36:24.0 (46690720)|VARIABLE_SCOPE_BEGIN|[124]|accPlanId|String|false|false
18:36:24.0 (46697403)|VARIABLE_ASSIGNMENT|[124]|accPlanId|"a093E000000sCLFQA2#"
18:36:24.0 (46701675)|VARIABLE_SCOPE_BEGIN|[124]|selectedYear|String|false|false
18:36:24.0 (46707240)|VARIABLE_ASSIGNMENT|[124]|selectedYear|null
18:36:24.0 (46717733)|SYSTEM_MODE_ENTER|true
18:36:24.0 (46725786)|HEAP_ALLOCATE|[126]|Bytes:5
18:36:24.0 (46731986)|STATEMENT_EXECUTE|[124]
18:36:24.0 (46734222)|STATEMENT_EXECUTE|[126]
18:36:24.0 (46739279)|VARIABLE_SCOPE_BEGIN|[126]|resp|P7S1_ApexResponse|true|false
18:36:24.0 (46747939)|VARIABLE_ASSIGNMENT|[126]|resp|null|
18:36:24.0 (46750905)|STATEMENT_EXECUTE|[128]
18:36:24.0 (46752733)|STATEMENT_EXECUTE|[128]
18:36:24.0 (46754733)|STATEMENT_EXECUTE|[129]
18:36:24.0 (46770762)|HEAP_ALLOCATE|[129]|Bytes:4
18:36:24.0 (46794549)|VARIABLE_SCOPE_BEGIN|[129]|result|Map<ANY,ANY>|true|false
18:36:24.0 (46821505)|VARIABLE_ASSIGNMENT|[129]|result|{"s":1,"v":{}}|0x2e92a081
18:36:24.0 (46881526)|HEAP_ALLOCATE|[131]|Bytes:85
18:36:24.0 (46897079)|SYSTEM_METHOD_ENTRY|[1]|UserInfo.UserInfo()
18:36:24.0 (46900572)|STATEMENT_EXECUTE|[1]
18:36:24.0 (46913518)|SYSTEM_METHOD_EXIT|[1]|UserInfo
18:36:24.0 (46932165)|METHOD_ENTRY|[131]||System.UserInfo.getUserId()
18:36:24.0 (46989991)|METHOD_EXIT|[131]||System.UserInfo.getUserId()
18:36:24.0 (47014480)|HEAP_ALLOCATE|[131]|Bytes:4
18:36:24.0 (47044068)|METHOD_ENTRY|[131]|01p3E0000004a8n|Som_Kam_CmpCtrl.isUserKamSek(String, Id)
18:36:24.0 (47058519)|VARIABLE_SCOPE_BEGIN|[19]|accId|String|false|false
18:36:24.0 (47068707)|VARIABLE_ASSIGNMENT|[19]|accId|"0013E000006KJGeQAO"
18:36:24.0 (47075290)|VARIABLE_SCOPE_BEGIN|[19]|userId|Id|false|false
18:36:24.0 (47192236)|VARIABLE_ASSIGNMENT|[19]|userId|"00557000005jeECAAY"
18:36:24.0 (47206752)|HEAP_ALLOCATE|[20]|Bytes:5
18:36:24.0 (47212840)|STATEMENT_EXECUTE|[19]
18:36:24.0 (47215286)|STATEMENT_EXECUTE|[20]
18:36:24.0 (47219669)|HEAP_ALLOCATE|[20]|Bytes:97
18:36:24.0 (47231443)|HEAP_ALLOCATE|[20]|Bytes:4
18:36:24.0 (47246029)|HEAP_ALLOCATE|[20]|Bytes:7
18:36:24.0 (47286871)|HEAP_ALLOCATE|[20]|Bytes:7
18:36:24.0 (47306180)|HEAP_ALLOCATE|[20]|Bytes:7
18:36:24.0 (53452260)|SOQL_EXECUTE_BEGIN|[20]|Aggregations:0|SELECT Id FROM Account WHERE (Id = :tmpVar1 AND (Som_Sek__c = :tmpVar2 OR Som_Kam__c = :tmpVar3))
18:36:24.0 (57661303)|SOQL_EXECUTE_END|[20]|Rows:1
18:36:24.0 (57687374)|HEAP_ALLOCATE|[20]|Bytes:8
18:36:24.0 (57703080)|HEAP_ALLOCATE|[20]|Bytes:29
18:36:24.0 (57786110)|HEAP_ALLOCATE|[20]|Bytes:8
18:36:24.0 (57800547)|VARIABLE_SCOPE_BEGIN|[20]|accs|List<Account>|true|false
18:36:24.0 (57830476)|VARIABLE_ASSIGNMENT|[20]|accs|{"s":1,"v":[{"s":2,"v":{"Id":"0013E000006KJGeQAO"}}]}|0x991d9a3
18:36:24.0 (57834970)|STATEMENT_EXECUTE|[30]
18:36:24.0 (57951770)|HEAP_ALLOCATE|[30]|Bytes:5
18:36:24.0 (57963016)|METHOD_EXIT|[131]|01p3E0000004a8n|Som_Kam_CmpCtrl.isUserKamSek(String, Id)
18:36:24.0 (57968094)|STATEMENT_EXECUTE|[131]
18:36:24.0 (57969738)|STATEMENT_EXECUTE|[132]
18:36:24.0 (57972902)|HEAP_ALLOCATE|[132]|Bytes:8
18:36:24.0 (58009016)|HEAP_ALLOCATE|[132]|Bytes:5
18:36:24.0 (58018124)|HEAP_ALLOCATE|[EXTERNAL]|Bytes:-4
18:36:24.0 (58026037)|STATEMENT_EXECUTE|[141]
18:36:24.0 (58029334)|HEAP_ALLOCATE|[141]|Bytes:4
18:36:24.0 (58041307)|METHOD_ENTRY|[141]|01p3E0000004a8n|Som_Kam_CmpCtrl.buildAccountPlanEditData(String, String, String)
18:36:24.0 (58056866)|VARIABLE_SCOPE_BEGIN|[185]|accId|String|false|false
18:36:24.0 (58065916)|VARIABLE_ASSIGNMENT|[185]|accId|"0013E000006KJGeQAO"
18:36:24.0 (58069133)|VARIABLE_SCOPE_BEGIN|[185]|accPlanId|String|false|false
18:36:24.0 (58072814)|VARIABLE_ASSIGNMENT|[185]|accPlanId|"a093E000000sCLFQA2#"
18:36:24.0 (58074603)|VARIABLE_SCOPE_BEGIN|[185]|selectedYear|String|false|false
18:36:24.0 (58077585)|VARIABLE_ASSIGNMENT|[185]|selectedYear|null
18:36:24.0 (58085938)|HEAP_ALLOCATE|[187]|Bytes:5
18:36:24.0 (58089598)|STATEMENT_EXECUTE|[185]
18:36:24.0 (58090771)|STATEMENT_EXECUTE|[187]
18:36:24.0 (58143340)|HEAP_ALLOCATE|[187]|Bytes:4
18:36:24.0 (58301281)|HEAP_ALLOCATE|[187]|Bytes:4
18:36:24.0 (58365683)|HEAP_ALLOCATE|[187]|Bytes:28
18:36:24.0 (59362238)|VARIABLE_ASSIGNMENT|[187]|this.Som_Year__c|2016|0x3ab70d47
18:36:24.0 (59374764)|HEAP_ALLOCATE|[187]|Bytes:4
18:36:24.0 (59426655)|VARIABLE_ASSIGNMENT|[187]|this.Som_Account__c|"0013E000006KJGeQAO"|0x3ab70d47
18:36:24.0 (59460934)|VARIABLE_SCOPE_BEGIN|[187]|accPlan|Som_Kam__c|true|false
18:36:24.0 (59477173)|VARIABLE_ASSIGNMENT|[187]|accPlan|{"Som_Year__c":2016,"Som_Account__c":"0013E000006KJGeQAO"}|0x3ab70d47
18:36:24.0 (59480269)|STATEMENT_EXECUTE|[189]
18:36:24.0 (59558879)|HEAP_ALLOCATE|[189]|Bytes:4
18:36:24.0 (59624131)|VARIABLE_SCOPE_BEGIN|[189]|accPlanDetails|List<Som_Kam_CmpCtrl.AccountPlanDetail>|true|false
18:36:24.0 (59647651)|HEAP_ALLOCATE|[EXTERNAL]|Bytes:4
18:36:24.0 (59658925)|VARIABLE_ASSIGNMENT|[189]|accPlanDetails|{"s":1,"v":[]}|0x2e1726cc
18:36:24.0 (59662073)|STATEMENT_EXECUTE|[190]
18:36:24.0 (59713077)|HEAP_ALLOCATE|[190]|Bytes:4
18:36:24.0 (59769325)|VARIABLE_SCOPE_BEGIN|[190]|strategyProfiles|List<Som_KamStrategyProfileTopic__c>|true|false
18:36:24.0 (59776398)|HEAP_ALLOCATE|[EXTERNAL]|Bytes:4
18:36:24.0 (59786112)|VARIABLE_ASSIGNMENT|[190]|strategyProfiles|{"s":1,"v":[]}|0x23f98fa6
18:36:24.0 (59789121)|STATEMENT_EXECUTE|[195]
18:36:24.0 (59792917)|HEAP_ALLOCATE|[195]|Bytes:5
18:36:24.0 (59834617)|HEAP_ALLOCATE|[195]|Bytes:5
18:36:24.0 (59850505)|HEAP_ALLOCATE|[195]|Bytes:10
18:36:24.0 (59872891)|USER_DEBUG|[195]|DEBUG|Test false
18:36:24.0 (59879209)|STATEMENT_EXECUTE|[196]
18:36:24.0 (59885219)|VARIABLE_SCOPE_BEGIN|[196]|test|Boolean|false|false
18:36:24.0 (59890991)|HEAP_ALLOCATE|[196]|Bytes:5
18:36:24.0 (59896701)|VARIABLE_ASSIGNMENT|[196]|test|true
18:36:24.0 (59898632)|STATEMENT_EXECUTE|[197]
18:36:24.0 (59924852)|USER_DEBUG|[197]|DEBUG|true
18:36:24.0 (59932216)|STATEMENT_EXECUTE|[199]
18:36:24.0 (59937444)|HEAP_ALLOCATE|[199]|Bytes:6
18:36:24.0 (59954924)|USER_DEBUG|[199]|DEBUG|Hallo1
18:36:24.0 (59960856)|STATEMENT_EXECUTE|[200]
18:36:24.0 (59962369)|STATEMENT_EXECUTE|[201]
18:36:24.0 (59965522)|HEAP_ALLOCATE|[201]|Bytes:8
18:36:24.0 (59980247)|USER_DEBUG|[201]|DEBUG|Hallo1.0
18:36:24.0 (59985641)|STATEMENT_EXECUTE|[202]
18:36:24.0 (59999065)|USER_DEBUG|[202]|DEBUG|false
18:36:24.0 (60004036)|STATEMENT_EXECUTE|[203]
18:36:24.0 (60019187)|USER_DEBUG|[203]|DEBUG|true
18:36:24.0 (60025418)|STATEMENT_EXECUTE|[207]
18:36:24.0 (60026717)|STATEMENT_EXECUTE|[208]
18:36:24.0 (60029144)|HEAP_ALLOCATE|[208]|Bytes:8
18:36:24.0 (60045789)|USER_DEBUG|[208]|DEBUG|Hallo1.2
18:36:24.0 (60051633)|STATEMENT_EXECUTE|[209]
18:36:24.0 (60066023)|METHOD_ENTRY|[209]|01p3E0000004a8n|Som_Kam_CmpCtrl.getAccPlanById(String)
18:36:24.0 (60084077)|VARIABLE_SCOPE_BEGIN|[252]|accPlanId|String|false|false
18:36:24.0 (60091014)|VARIABLE_ASSIGNMENT|[252]|accPlanId|"a093E000000sCLFQA2#"
18:36:24.0 (60099661)|HEAP_ALLOCATE|[253]|Bytes:5
18:36:24.0 (60103293)|STATEMENT_EXECUTE|[252]
18:36:24.0 (60104625)|STATEMENT_EXECUTE|[253]
18:36:24.0 (60107182)|HEAP_ALLOCATE|[253]|Bytes:171
18:36:24.0 (60115730)|HEAP_ALLOCATE|[253]|Bytes:4
18:36:24.0 (60626620)|SOQL_EXECUTE_BEGIN|[253]|Aggregations:0|SELECT Id, Name, Som_Account__c, Som_Account__r.Name, Som_EmailText__c, Som_EmailSubject__c, Som_Kickoff__c, Som_Year__c, Som_Review__c FROM Som_Kam__c WHERE Id = :tmpVar1
18:36:24.0 (63672273)|SOQL_EXECUTE_END|[253]|Rows:0
18:36:24.0 (63695785)|HEAP_ALLOCATE|[253]|Bytes:4
18:36:24.0 (63708124)|HEAP_ALLOCATE|[253]|Bytes:0
18:36:24.0 (63747445)|HEAP_ALLOCATE|[253]|Bytes:4
18:36:24.0 (63755628)|HEAP_ALLOCATE|[253]|Bytes:36
18:36:24.0 (63857989)|HEAP_ALLOCATE|[253]|Bytes:46
18:36:24.0 (63877186)|METHOD_EXIT|[209]|01p3E0000004a8n|Som_Kam_CmpCtrl.getAccPlanById(String)
18:36:24.0 (63886529)|METHOD_EXIT|[141]|01p3E0000004a8n|Som_Kam_CmpCtrl.buildAccountPlanEditData(String, String, String)
18:36:24.0 (63913790)|VARIABLE_SCOPE_BEGIN|[145]|e|Exception|true|false
18:36:24.0 (63986484)|VARIABLE_ASSIGNMENT|[145]|e|"common.apex.runtime.impl.ExecutionException: List has no rows for assignment to SObject"|0x3524d4af
18:36:24.0 (63992561)|STATEMENT_EXECUTE|[145]
18:36:24.0 (63995023)|STATEMENT_EXECUTE|[146]
18:36:24.0 (64183410)|HEAP_ALLOCATE|[146]|Bytes:20
18:36:24.0 (64229236)|HEAP_ALLOCATE|[146]|Bytes:8
18:36:24.0 (64251567)|HEAP_ALLOCATE|[146]|Bytes:3
18:36:24.0 (64262075)|HEAP_ALLOCATE|[146]|Bytes:4
18:36:24.0 (64284463)|HEAP_ALLOCATE|[146]|Bytes:42
18:36:24.0 (64301555)|HEAP_ALLOCATE|[146]|Bytes:69
18:36:24.0 (64325871)|USER_DEBUG|[146]|ERROR|Some error occured: 253 => List has no rows for assignment to SObject
18:36:24.0 (64332694)|STATEMENT_EXECUTE|[147]
18:36:24.0 (64338571)|HEAP_ALLOCATE|[147]|Bytes:140
18:36:24.0 (64343616)|HEAP_ALLOCATE|[147]|Bytes:23
18:36:24.0 (64352387)|METHOD_ENTRY|[1]|01p3E0000004a7k|P7S1_ApexResponse.P7S1_ApexResponse()
18:36:24.0 (64354808)|STATEMENT_EXECUTE|[1]
18:36:24.0 (64359441)|STATEMENT_EXECUTE|[1]
18:36:24.0 (64365835)|HEAP_ALLOCATE|[147]|Bytes:5
18:36:24.0 (64373584)|METHOD_EXIT|[1]|P7S1_ApexResponse
18:36:24.0 (64378833)|HEAP_ALLOCATE|[147]|Bytes:16
18:36:24.0 (64405528)|HEAP_ALLOCATE|[147]|Bytes:8
18:36:24.0 (64424854)|HEAP_ALLOCATE|[147]|Bytes:3
18:36:24.0 (64442597)|HEAP_ALLOCATE|[147]|Bytes:42
18:36:24.0 (64451984)|HEAP_ALLOCATE|[147]|Bytes:69
18:36:24.0 (64466715)|CONSTRUCTOR_ENTRY|[147]|01p3E0000004a7k|<init>(String)
18:36:24.0 (64490469)|VARIABLE_SCOPE_BEGIN|[45]|this|P7S1_ApexResponse|true|false
18:36:24.0 (64518186)|VARIABLE_ASSIGNMENT|[45]|this|{}|0x46862a7
18:36:24.0 (64523497)|VARIABLE_SCOPE_BEGIN|[45]|message|String|false|false
18:36:24.0 (64530812)|VARIABLE_ASSIGNMENT|[45]|message|"Some error occured:  (49 more) ..."
18:36:24.0 (64538973)|HEAP_ALLOCATE|[46]|Bytes:5
18:36:24.0 (64542791)|STATEMENT_EXECUTE|[46]
18:36:24.0 (64562560)|CONSTRUCTOR_ENTRY|[46]|01p3E0000004a7k|<init>(Boolean,String,Object,Object)
18:36:24.0 (64591422)|VARIABLE_SCOPE_BEGIN|[63]|this|P7S1_ApexResponse|true|false
18:36:24.0 (64608610)|VARIABLE_ASSIGNMENT|[63]|this|{}|0x46862a7
18:36:24.0 (64613504)|VARIABLE_SCOPE_BEGIN|[63]|isSuccess|Boolean|false|false
18:36:24.0 (64617448)|VARIABLE_ASSIGNMENT|[63]|isSuccess|false
18:36:24.0 (64619407)|VARIABLE_SCOPE_BEGIN|[63]|msg|String|false|false
18:36:24.0 (64624198)|VARIABLE_ASSIGNMENT|[63]|msg|"Some error occured:  (49 more) ..."
18:36:24.0 (64626263)|VARIABLE_SCOPE_BEGIN|[63]|key|Object|false|false
18:36:24.0 (64628594)|VARIABLE_ASSIGNMENT|[63]|key|null
18:36:24.0 (64630103)|VARIABLE_SCOPE_BEGIN|[63]|value|Object|false|false
18:36:24.0 (64632568)|VARIABLE_ASSIGNMENT|[63]|value|null
18:36:24.0 (64638869)|HEAP_ALLOCATE|[64]|Bytes:5
18:36:24.0 (64642065)|STATEMENT_EXECUTE|[1]
18:36:24.0 (64644740)|HEAP_ALLOCATE|[64]|Bytes:5
18:36:24.0 (64646401)|STATEMENT_EXECUTE|[10]
18:36:24.0 (64647769)|STATEMENT_EXECUTE|[16]
18:36:24.0 (64648772)|STATEMENT_EXECUTE|[22]
18:36:24.0 (64664599)|STATEMENT_EXECUTE|[63]
18:36:24.0 (64666437)|STATEMENT_EXECUTE|[64]
18:36:24.0 (64707432)|VARIABLE_ASSIGNMENT|[EXTERNAL]|this|{}|0x46862a7
18:36:24.0 (64714762)|VARIABLE_ASSIGNMENT|[EXTERNAL]|value|false
18:36:24.0 (64720416)|HEAP_ALLOCATE|[10]|Bytes:5
18:36:24.0 (64727287)|VARIABLE_ASSIGNMENT|[10]|this.isSuccess|false|0x46862a7
18:36:24.0 (64734339)|STATEMENT_EXECUTE|[65]
18:36:24.0 (64766160)|VARIABLE_ASSIGNMENT|[EXTERNAL]|this|{"isSuccess":false}|0x46862a7
18:36:24.0 (64772508)|VARIABLE_ASSIGNMENT|[EXTERNAL]|value|"Some error occured:  (49 more) ..."
18:36:24.0 (64780814)|VARIABLE_ASSIGNMENT|[16]|this.message|"Some error occured:  (49 more) ..."|0x46862a7
18:36:24.0 (64790030)|STATEMENT_EXECUTE|[66]
18:36:24.0 (64795517)|HEAP_ALLOCATE|[66]|Bytes:4
18:36:24.0 (64837280)|VARIABLE_ASSIGNMENT|[EXTERNAL]|this|{"isSuccess":false,"message":"Some error occured:  (49 more) ..."}|0x46862a7
18:36:24.0 (64851610)|VARIABLE_ASSIGNMENT|[EXTERNAL]|value|{"s":1,"v":{}}|0x7b7fdce1
18:36:24.0 (64862741)|VARIABLE_ASSIGNMENT|[22]|this.values|{"s":1,"v":{}}|0x46862a7
18:36:24.0 (64870124)|STATEMENT_EXECUTE|[68]
18:36:24.0 (64885833)|CONSTRUCTOR_EXIT|[46]|01p3E0000004a7k|<init>(Boolean,String,Object,Object)
18:36:24.0 (64889746)|STATEMENT_EXECUTE|[45]
18:36:24.0 (64898735)|CONSTRUCTOR_EXIT|[147]|01p3E0000004a7k|<init>(String)
18:36:24.0 (64921809)|VARIABLE_ASSIGNMENT|[147]|resp|{"isSuccess":false,"message":"Some error occured:  (49 more) ...","values":"0x7b7fdce1"}|0x46862a7
18:36:24.0 (64925471)|STATEMENT_EXECUTE|[150]
18:36:24.0 (64929404)|SYSTEM_MODE_EXIT|true
18:36:24.0 (65374473)|SYSTEM_MODE_EXIT|false
18:36:24.65 (65420891)|CUMULATIVE_LIMIT_USAGE
18:36:24.65 (65420891)|LIMIT_USAGE_FOR_NS|(default)|
  Number of SOQL queries: 3 out of 100
  Number of query rows: 1 out of 50000
  Number of SOSL queries: 0 out of 20
  Number of DML statements: 0 out of 150
  Number of DML rows: 0 out of 10000
  Maximum CPU time: 0 out of 10000
  Maximum heap size: 0 out of 6000000
  Number of callouts: 0 out of 100
  Number of Email Invocations: 0 out of 10
  Number of future calls: 0 out of 50
  Number of queueable jobs added to the queue: 0 out of 50
  Number of Mobile Apex push calls: 0 out of 10

18:36:24.65 (65420891)|CUMULATIVE_LIMIT_USAGE_END

18:36:24.0 (65459478)|CODE_UNIT_FINISHED|Som_Kam_CmpCtrl.getAccountPlanEditData
18:36:24.0 (66750241)|CODE_UNIT_STARTED|[EXTERNAL]|Aura
18:36:24.0 (66792761)|CODE_UNIT_FINISHED|Aura
