38.0 APEX_CODE,FINEST;APEX_PROFILING,INFO;CALLOUT,INFO;DB,INFO;SYSTEM,DEBUG;VALIDATION,INFO;VISUALFORCE,INFO;WORKFLOW,INFO
16:39:31.0 (388353)|USER_INFO|[EXTERNAL]|00557000005jeEC|p7s1.bschneider@factory42.com.kam|Mitteleuropäische Normalzeit|GMT+02:00
16:39:31.0 (422514)|EXECUTION_STARTED
16:39:31.0 (430763)|CODE_UNIT_STARTED|[EXTERNAL]|01p3E0000004a8n|Som_Kam_CmpCtrl.getAccountPlanEditData
16:39:31.0 (1695217)|HEAP_ALLOCATE|[72]|Bytes:3
16:39:31.0 (1761611)|HEAP_ALLOCATE|[77]|Bytes:152
16:39:31.0 (1781500)|HEAP_ALLOCATE|[342]|Bytes:408
16:39:31.0 (1799865)|HEAP_ALLOCATE|[355]|Bytes:408
16:39:31.0 (1816861)|HEAP_ALLOCATE|[467]|Bytes:48
16:39:31.0 (1848949)|HEAP_ALLOCATE|[139]|Bytes:6
16:39:31.0 (1871115)|HEAP_ALLOCATE|[EXTERNAL]|Bytes:89
16:39:31.0 (1875752)|HEAP_ALLOCATE|[EXTERNAL]|Bytes:83
16:39:31.0 (1878101)|HEAP_ALLOCATE|[EXTERNAL]|Bytes:84
16:39:31.0 (1914443)|METHOD_ENTRY|[14]|01p3E0000004a8n|Som_Kam_CmpCtrl.Som_Kam_CmpCtrl()
16:39:31.0 (1919456)|STATEMENT_EXECUTE|[14]
16:39:31.0 (1925801)|STATEMENT_EXECUTE|[14]
16:39:31.0 (1969518)|HEAP_ALLOCATE|[50]|Bytes:5
16:39:31.0 (1995778)|HEAP_ALLOCATE|[56]|Bytes:5
16:39:31.0 (2004178)|HEAP_ALLOCATE|[64]|Bytes:7
16:39:31.0 (2030726)|SYSTEM_MODE_ENTER|true
16:39:31.0 (2059014)|HEAP_ALLOCATE|[EXTERNAL]|Bytes:5
16:39:31.0 (2064231)|STATEMENT_EXECUTE|[1021]
16:39:31.0 (2065714)|STATEMENT_EXECUTE|[1057]
16:39:31.0 (2066804)|STATEMENT_EXECUTE|[1079]
16:39:31.0 (2067919)|STATEMENT_EXECUTE|[1128]
16:39:31.0 (2069082)|STATEMENT_EXECUTE|[1161]
16:39:31.0 (2075065)|SYSTEM_MODE_EXIT|true
16:39:31.0 (2104546)|METHOD_EXIT|[14]|Som_Kam_CmpCtrl
16:39:31.0 (2120144)|SYSTEM_MODE_ENTER|false
16:39:31.0 (2134222)|VARIABLE_SCOPE_BEGIN|[124]|accId|String|false|false
16:39:31.0 (2164444)|VARIABLE_ASSIGNMENT|[124]|accId|null
16:39:31.0 (2169237)|VARIABLE_SCOPE_BEGIN|[124]|accPlanId|String|false|false
16:39:31.0 (2173170)|VARIABLE_ASSIGNMENT|[124]|accPlanId|null
16:39:31.0 (2175791)|VARIABLE_SCOPE_BEGIN|[124]|selectedYear|String|false|false
16:39:31.0 (2178944)|VARIABLE_ASSIGNMENT|[124]|selectedYear|null
16:39:31.0 (2192160)|SYSTEM_MODE_ENTER|true
16:39:31.0 (2197550)|HEAP_ALLOCATE|[126]|Bytes:5
16:39:31.0 (2201493)|STATEMENT_EXECUTE|[124]
16:39:31.0 (2202953)|STATEMENT_EXECUTE|[126]
16:39:31.0 (2207518)|VARIABLE_SCOPE_BEGIN|[126]|resp|P7S1_ApexResponse|true|false
16:39:31.0 (2213279)|VARIABLE_ASSIGNMENT|[126]|resp|null|
16:39:31.0 (2214925)|STATEMENT_EXECUTE|[128]
16:39:31.0 (2215908)|STATEMENT_EXECUTE|[128]
16:39:31.0 (2216838)|STATEMENT_EXECUTE|[129]
16:39:31.0 (2228056)|HEAP_ALLOCATE|[129]|Bytes:4
16:39:31.0 (2245977)|VARIABLE_SCOPE_BEGIN|[129]|result|Map<ANY,ANY>|true|false
16:39:31.0 (2273793)|VARIABLE_ASSIGNMENT|[129]|result|{"s":1,"v":{}}|0x315a213b
16:39:31.0 (2320738)|HEAP_ALLOCATE|[131]|Bytes:85
16:39:31.0 (2330061)|SYSTEM_METHOD_ENTRY|[1]|UserInfo.UserInfo()
16:39:31.0 (2332446)|STATEMENT_EXECUTE|[1]
16:39:31.0 (2341872)|SYSTEM_METHOD_EXIT|[1]|UserInfo
16:39:31.0 (2359138)|METHOD_ENTRY|[131]||System.UserInfo.getUserId()
16:39:31.0 (2412412)|METHOD_EXIT|[131]||System.UserInfo.getUserId()
16:39:31.0 (2436377)|HEAP_ALLOCATE|[131]|Bytes:4
16:39:31.0 (2456922)|METHOD_ENTRY|[131]|01p3E0000004a8n|Som_Kam_CmpCtrl.isUserKamSek(String, Id)
16:39:31.0 (2466927)|VARIABLE_SCOPE_BEGIN|[19]|accId|String|false|false
16:39:31.0 (2474831)|VARIABLE_ASSIGNMENT|[19]|accId|null
16:39:31.0 (2481578)|VARIABLE_SCOPE_BEGIN|[19]|userId|Id|false|false
16:39:31.0 (2610052)|VARIABLE_ASSIGNMENT|[19]|userId|"00557000005jeECAAY"
16:39:31.0 (2620793)|HEAP_ALLOCATE|[20]|Bytes:5
16:39:31.0 (2625331)|STATEMENT_EXECUTE|[19]
16:39:31.0 (2626742)|STATEMENT_EXECUTE|[20]
16:39:31.0 (2629679)|HEAP_ALLOCATE|[20]|Bytes:97
16:39:31.0 (2637263)|HEAP_ALLOCATE|[20]|Bytes:4
16:39:31.0 (2646323)|HEAP_ALLOCATE|[20]|Bytes:7
16:39:31.0 (2666634)|HEAP_ALLOCATE|[20]|Bytes:7
16:39:31.0 (2676204)|HEAP_ALLOCATE|[20]|Bytes:7
16:39:31.0 (6432149)|SOQL_EXECUTE_BEGIN|[20]|Aggregations:0|SELECT Id FROM Account WHERE (Id = :tmpVar1 AND (Som_Sek__c = :tmpVar2 OR Som_Kam__c = :tmpVar3))
16:39:31.0 (8458882)|SOQL_EXECUTE_END|[20]|Rows:0
16:39:31.0 (8497817)|HEAP_ALLOCATE|[20]|Bytes:4
16:39:31.0 (8510427)|HEAP_ALLOCATE|[20]|Bytes:0
16:39:31.0 (8634795)|HEAP_ALLOCATE|[20]|Bytes:4
16:39:31.0 (8648817)|VARIABLE_SCOPE_BEGIN|[20]|accs|List<Account>|true|false
16:39:31.0 (8666685)|VARIABLE_ASSIGNMENT|[20]|accs|{"s":1,"v":[]}|0x781b8c6
16:39:31.0 (8669744)|STATEMENT_EXECUTE|[30]
16:39:31.0 (8775125)|HEAP_ALLOCATE|[30]|Bytes:5
16:39:31.0 (8786940)|METHOD_EXIT|[131]|01p3E0000004a8n|Som_Kam_CmpCtrl.isUserKamSek(String, Id)
16:39:31.0 (8798885)|METHOD_ENTRY|[134]||System.UserInfo.getUserId()
16:39:31.0 (8823550)|METHOD_EXIT|[134]||System.UserInfo.getUserId()
16:39:31.0 (8831133)|HEAP_ALLOCATE|[134]|Bytes:4
16:39:31.0 (8851167)|METHOD_ENTRY|[134]|01p3E0000004a8n|Som_Kam_CmpCtrl.isUserDetailPlanerAccPlan(String, Id)
16:39:31.0 (8879156)|VARIABLE_SCOPE_BEGIN|[58]|accPlanId|String|false|false
16:39:31.0 (8888868)|VARIABLE_ASSIGNMENT|[58]|accPlanId|null
16:39:31.0 (8896093)|VARIABLE_SCOPE_BEGIN|[58]|userId|Id|false|false
16:39:31.0 (8960239)|VARIABLE_ASSIGNMENT|[58]|userId|"00557000005jeECAAY"
16:39:31.0 (8971604)|HEAP_ALLOCATE|[59]|Bytes:5
16:39:31.0 (8975956)|STATEMENT_EXECUTE|[58]
16:39:31.0 (8977963)|STATEMENT_EXECUTE|[59]
16:39:31.0 (8978952)|STATEMENT_EXECUTE|[60]
16:39:31.0 (8981206)|HEAP_ALLOCATE|[60]|Bytes:5
16:39:31.0 (8990087)|METHOD_EXIT|[134]|01p3E0000004a8n|Som_Kam_CmpCtrl.isUserDetailPlanerAccPlan(String, Id)
16:39:31.0 (8999086)|METHOD_ENTRY|[137]||System.UserInfo.getUserId()
16:39:31.0 (9025804)|METHOD_EXIT|[137]||System.UserInfo.getUserId()
16:39:31.0 (9035211)|HEAP_ALLOCATE|[137]|Bytes:4
16:39:31.0 (9051125)|METHOD_ENTRY|[137]|01p3E0000004a8n|Som_Kam_CmpCtrl.isUserUnitInvited(String, Id)
16:39:31.0 (9059524)|VARIABLE_SCOPE_BEGIN|[79]|accPlanId|String|false|false
16:39:31.0 (9065575)|VARIABLE_ASSIGNMENT|[79]|accPlanId|null
16:39:31.0 (9068595)|VARIABLE_SCOPE_BEGIN|[79]|userId|Id|false|false
16:39:31.0 (9115063)|VARIABLE_ASSIGNMENT|[79]|userId|"00557000005jeECAAY"
16:39:31.0 (9125911)|HEAP_ALLOCATE|[80]|Bytes:5
16:39:31.0 (9130017)|STATEMENT_EXECUTE|[79]
16:39:31.0 (9131741)|STATEMENT_EXECUTE|[80]
16:39:31.0 (9132732)|STATEMENT_EXECUTE|[81]
16:39:31.0 (9134874)|HEAP_ALLOCATE|[81]|Bytes:5
16:39:31.0 (9143299)|METHOD_EXIT|[137]|01p3E0000004a8n|Som_Kam_CmpCtrl.isUserUnitInvited(String, Id)
16:39:31.0 (9147466)|STATEMENT_EXECUTE|[131]
16:39:31.0 (9148823)|STATEMENT_EXECUTE|[141]
16:39:31.0 (9151934)|HEAP_ALLOCATE|[141]|Bytes:4
16:39:31.0 (9169832)|METHOD_ENTRY|[141]|01p3E0000004a8n|Som_Kam_CmpCtrl.buildAccountPlanEditData(String, String, String)
16:39:31.0 (9823795)|VARIABLE_SCOPE_BEGIN|[185]|accId|String|false|false
16:39:31.0 (9830921)|VARIABLE_ASSIGNMENT|[185]|accId|null
16:39:31.0 (9834181)|VARIABLE_SCOPE_BEGIN|[185]|accPlanId|String|false|false
16:39:31.0 (9837108)|VARIABLE_ASSIGNMENT|[185]|accPlanId|null
16:39:31.0 (9839534)|VARIABLE_SCOPE_BEGIN|[185]|selectedYear|String|false|false
16:39:31.0 (9842323)|VARIABLE_ASSIGNMENT|[185]|selectedYear|null
16:39:31.0 (9851296)|HEAP_ALLOCATE|[187]|Bytes:5
16:39:31.0 (9855844)|STATEMENT_EXECUTE|[185]
16:39:31.0 (9857159)|STATEMENT_EXECUTE|[187]
16:39:31.0 (10114456)|HEAP_ALLOCATE|[187]|Bytes:4
16:39:31.0 (10283633)|HEAP_ALLOCATE|[187]|Bytes:4
16:39:31.0 (10335807)|HEAP_ALLOCATE|[187]|Bytes:28
16:39:31.0 (11296280)|VARIABLE_ASSIGNMENT|[187]|this.Som_Year__c|2016|0x1b97630b
16:39:31.0 (11350758)|VARIABLE_ASSIGNMENT|[187]|this.Som_Account__c|null|0x1b97630b
16:39:31.0 (11383422)|VARIABLE_SCOPE_BEGIN|[187]|accPlan|Som_Kam__c|true|false
16:39:31.0 (11400292)|VARIABLE_ASSIGNMENT|[187]|accPlan|{"Som_Year__c":2016}|0x1b97630b
16:39:31.0 (11403417)|STATEMENT_EXECUTE|[189]
16:39:31.0 (11838506)|HEAP_ALLOCATE|[189]|Bytes:4
16:39:31.0 (11914479)|VARIABLE_SCOPE_BEGIN|[189]|accPlanDetails|List<Som_Kam_CmpCtrl.AccountPlanDetail>|true|false
16:39:31.0 (11940526)|HEAP_ALLOCATE|[EXTERNAL]|Bytes:4
16:39:31.0 (11953461)|VARIABLE_ASSIGNMENT|[189]|accPlanDetails|{"s":1,"v":[]}|0x6b05cab9
16:39:31.0 (11956470)|STATEMENT_EXECUTE|[190]
16:39:31.0 (12005811)|HEAP_ALLOCATE|[190]|Bytes:4
16:39:31.0 (12068059)|VARIABLE_SCOPE_BEGIN|[190]|strategyProfiles|List<Som_KamStrategyProfileTopic__c>|true|false
16:39:31.0 (12075998)|HEAP_ALLOCATE|[EXTERNAL]|Bytes:4
16:39:31.0 (12086506)|VARIABLE_ASSIGNMENT|[190]|strategyProfiles|{"s":1,"v":[]}|0x5b707531
16:39:31.0 (12089455)|STATEMENT_EXECUTE|[195]
16:39:31.0 (12093754)|HEAP_ALLOCATE|[195]|Bytes:5
16:39:31.0 (12142221)|HEAP_ALLOCATE|[195]|Bytes:5
16:39:31.0 (12163292)|HEAP_ALLOCATE|[195]|Bytes:10
16:39:31.0 (12209373)|USER_DEBUG|[195]|DEBUG|Test false
16:39:31.0 (12216965)|STATEMENT_EXECUTE|[196]
16:39:31.0 (12223055)|VARIABLE_SCOPE_BEGIN|[196]|test|Boolean|false|false
16:39:31.0 (12229049)|HEAP_ALLOCATE|[196]|Bytes:5
16:39:31.0 (12235592)|VARIABLE_ASSIGNMENT|[196]|test|true
16:39:31.0 (12237641)|STATEMENT_EXECUTE|[197]
16:39:31.0 (12265805)|USER_DEBUG|[197]|DEBUG|true
16:39:31.0 (12272193)|STATEMENT_EXECUTE|[199]
16:39:31.0 (12276120)|HEAP_ALLOCATE|[199]|Bytes:6
16:39:31.0 (12291557)|USER_DEBUG|[199]|DEBUG|Hallo1
16:39:31.0 (12297533)|STATEMENT_EXECUTE|[200]
16:39:31.0 (12299090)|STATEMENT_EXECUTE|[221]
16:39:31.0 (12301960)|HEAP_ALLOCATE|[221]|Bytes:6
16:39:31.0 (12315016)|USER_DEBUG|[221]|DEBUG|Hallo2
16:39:31.0 (12319799)|STATEMENT_EXECUTE|[222]
16:39:31.0 (12563960)|HEAP_ALLOCATE|[222]|Bytes:156
16:39:31.0 (12570352)|HEAP_ALLOCATE|[222]|Bytes:19
16:39:31.0 (12591584)|HEAP_ALLOCATE|[222]|Bytes:16
16:39:31.0 (12617616)|CONSTRUCTOR_ENTRY|[222]|01p3E0000004a8n|<init>(Som_Kam__c,List<Som_Kam_CmpCtrl.AccountPlanDetail>,List<Som_KamStrategyProfileTopic__c>)
16:39:31.0 (12655911)|VARIABLE_SCOPE_BEGIN|[1068]|this|Som_Kam_CmpCtrl.AccountPlan|true|false
16:39:31.0 (12706646)|VARIABLE_ASSIGNMENT|[1068]|this|{}|0x668cd62e
16:39:31.0 (12712930)|VARIABLE_SCOPE_BEGIN|[1068]|accPlan|Som_Kam__c|true|false
16:39:31.0 (12723185)|VARIABLE_ASSIGNMENT|[1068]|accPlan|{"Som_Year__c":2016}|0x1b97630b
16:39:31.0 (12727026)|VARIABLE_SCOPE_BEGIN|[1068]|accPlanDetails|List<Som_Kam_CmpCtrl.AccountPlanDetail>|true|false
16:39:31.0 (12734795)|VARIABLE_ASSIGNMENT|[1068]|accPlanDetails|{"s":1,"v":[]}|0x6b05cab9
16:39:31.0 (12738232)|VARIABLE_SCOPE_BEGIN|[1068]|stratProfileTopics|List<Som_KamStrategyProfileTopic__c>|true|false
16:39:31.0 (12743856)|VARIABLE_ASSIGNMENT|[1068]|stratProfileTopics|{"s":1,"v":[]}|0x5b707531
16:39:31.0 (12747322)|STATEMENT_EXECUTE|[1057]
16:39:31.0 (12748773)|STATEMENT_EXECUTE|[1060]
16:39:31.0 (12749844)|STATEMENT_EXECUTE|[1063]
16:39:31.0 (12750740)|STATEMENT_EXECUTE|[1066]
16:39:31.0 (12759721)|HEAP_ALLOCATE|[1069]|Bytes:6
16:39:31.0 (12782655)|STATEMENT_EXECUTE|[1068]
16:39:31.0 (12784532)|STATEMENT_EXECUTE|[1069]
16:39:31.0 (12868759)|VARIABLE_ASSIGNMENT|[EXTERNAL]|this|{}|0x668cd62e
16:39:31.0 (12882075)|VARIABLE_ASSIGNMENT|[EXTERNAL]|value|{"Som_Year__c":2016}|0x1b97630b
16:39:31.0 (12912230)|VARIABLE_ASSIGNMENT|[1060]|this.accPlan|{"Som_Year__c":2016}|0x668cd62e
16:39:31.0 (12920694)|STATEMENT_EXECUTE|[1070]
16:39:31.0 (12977387)|VARIABLE_ASSIGNMENT|[EXTERNAL]|this|{"accPlan":"0x1b97630b"}|0x668cd62e
16:39:31.0 (12988837)|VARIABLE_ASSIGNMENT|[EXTERNAL]|value|{"s":1,"v":[]}|0x6b05cab9
16:39:31.0 (12998967)|VARIABLE_ASSIGNMENT|[1063]|this.accPlanDetails|{"s":1,"v":[]}|0x668cd62e
16:39:31.0 (13005975)|STATEMENT_EXECUTE|[1071]
16:39:31.0 (13067368)|VARIABLE_ASSIGNMENT|[EXTERNAL]|this|{"accPlan":"0x1b97630b","accPlanDetails":"0x6b05cab9"}|0x668cd62e
16:39:31.0 (13078568)|VARIABLE_ASSIGNMENT|[EXTERNAL]|value|{"s":1,"v":[]}|0x5b707531
16:39:31.0 (13087726)|VARIABLE_ASSIGNMENT|[1066]|this.stratProfileTopics|{"s":1,"v":[]}|0x668cd62e
16:39:31.0 (13102023)|CONSTRUCTOR_EXIT|[222]|01p3E0000004a8n|<init>(Som_Kam__c,List<Som_Kam_CmpCtrl.AccountPlanDetail>,List<Som_KamStrategyProfileTopic__c>)
16:39:31.0 (13107215)|VARIABLE_SCOPE_BEGIN|[222]|ap|Som_Kam_CmpCtrl.AccountPlan|true|false
16:39:31.0 (13126194)|VARIABLE_ASSIGNMENT|[222]|ap|{"accPlan":"0x1b97630b","accPlanDetails":"0x6b05cab9","stratProfileTopics":"0x5b707531"}|0x668cd62e
16:39:31.0 (13129653)|STATEMENT_EXECUTE|[223]
16:39:31.0 (13133597)|HEAP_ALLOCATE|[223]|Bytes:6
16:39:31.0 (13157093)|USER_DEBUG|[223]|DEBUG|Hallo3
16:39:31.0 (13163419)|STATEMENT_EXECUTE|[224]
16:39:31.0 (13166493)|HEAP_ALLOCATE|[224]|Bytes:72
16:39:31.0 (13172050)|HEAP_ALLOCATE|[224]|Bytes:4
16:39:31.0 (13385824)|SOQL_EXECUTE_BEGIN|[224]|Aggregations:0|SELECT Id, Name, Som_Kam__c, Som_Sek__c FROM Account WHERE Id = :tmpVar1
16:39:31.0 (14731384)|SOQL_EXECUTE_END|[224]|Rows:0
16:39:31.0 (14754050)|HEAP_ALLOCATE|[224]|Bytes:4
16:39:31.0 (14763150)|HEAP_ALLOCATE|[224]|Bytes:0
16:39:31.0 (14778383)|HEAP_ALLOCATE|[224]|Bytes:4
16:39:31.0 (14786948)|HEAP_ALLOCATE|[224]|Bytes:33
16:39:31.0 (14882195)|HEAP_ALLOCATE|[224]|Bytes:46
16:39:31.0 (14908853)|METHOD_EXIT|[141]|01p3E0000004a8n|Som_Kam_CmpCtrl.buildAccountPlanEditData(String, String, String)
16:39:31.0 (14937649)|VARIABLE_SCOPE_BEGIN|[145]|e|Exception|true|false
16:39:31.0 (15001480)|VARIABLE_ASSIGNMENT|[145]|e|"common.apex.runtime.impl.ExecutionException: List has no rows for assignment to SObject"|0x28cbf82c
16:39:31.0 (15007872)|STATEMENT_EXECUTE|[145]
16:39:31.0 (15009285)|STATEMENT_EXECUTE|[146]
16:39:31.0 (15166944)|HEAP_ALLOCATE|[146]|Bytes:20
16:39:31.0 (15206132)|HEAP_ALLOCATE|[146]|Bytes:8
16:39:31.0 (15227436)|HEAP_ALLOCATE|[146]|Bytes:3
16:39:31.0 (15235998)|HEAP_ALLOCATE|[146]|Bytes:4
16:39:31.0 (15249096)|HEAP_ALLOCATE|[146]|Bytes:42
16:39:31.0 (15263132)|HEAP_ALLOCATE|[146]|Bytes:69
16:39:31.0 (15304651)|USER_DEBUG|[146]|ERROR|Some error occured: 224 => List has no rows for assignment to SObject
16:39:31.0 (15312930)|STATEMENT_EXECUTE|[147]
16:39:31.0 (15319285)|HEAP_ALLOCATE|[147]|Bytes:140
16:39:31.0 (15324964)|HEAP_ALLOCATE|[147]|Bytes:23
16:39:31.0 (15344372)|METHOD_ENTRY|[1]|01p3E0000004a7k|P7S1_ApexResponse.P7S1_ApexResponse()
16:39:31.0 (15347603)|STATEMENT_EXECUTE|[1]
16:39:31.0 (15350978)|STATEMENT_EXECUTE|[1]
16:39:31.0 (15357013)|HEAP_ALLOCATE|[147]|Bytes:5
16:39:31.0 (15367415)|METHOD_EXIT|[1]|P7S1_ApexResponse
16:39:31.0 (15383280)|HEAP_ALLOCATE|[147]|Bytes:16
16:39:31.0 (15409041)|HEAP_ALLOCATE|[147]|Bytes:8
16:39:31.0 (15428381)|HEAP_ALLOCATE|[147]|Bytes:3
16:39:31.0 (15444491)|HEAP_ALLOCATE|[147]|Bytes:42
16:39:31.0 (15453301)|HEAP_ALLOCATE|[147]|Bytes:69
16:39:31.0 (15465014)|CONSTRUCTOR_ENTRY|[147]|01p3E0000004a7k|<init>(String)
16:39:31.0 (15482260)|VARIABLE_SCOPE_BEGIN|[45]|this|P7S1_ApexResponse|true|false
16:39:31.0 (15521854)|VARIABLE_ASSIGNMENT|[45]|this|{}|0x2509b4e1
16:39:31.0 (15527293)|VARIABLE_SCOPE_BEGIN|[45]|message|String|false|false
16:39:31.0 (15534812)|VARIABLE_ASSIGNMENT|[45]|message|"Some error occured:  (49 more) ..."
16:39:31.0 (15542830)|HEAP_ALLOCATE|[46]|Bytes:5
16:39:31.0 (15546660)|STATEMENT_EXECUTE|[46]
16:39:31.0 (15566317)|CONSTRUCTOR_ENTRY|[46]|01p3E0000004a7k|<init>(Boolean,String,Object,Object)
16:39:31.0 (15610823)|VARIABLE_SCOPE_BEGIN|[63]|this|P7S1_ApexResponse|true|false
16:39:31.0 (15628744)|VARIABLE_ASSIGNMENT|[63]|this|{}|0x2509b4e1
16:39:31.0 (15635881)|VARIABLE_SCOPE_BEGIN|[63]|isSuccess|Boolean|false|false
16:39:31.0 (15640797)|VARIABLE_ASSIGNMENT|[63]|isSuccess|false
16:39:31.0 (15643700)|VARIABLE_SCOPE_BEGIN|[63]|msg|String|false|false
16:39:31.0 (15649143)|VARIABLE_ASSIGNMENT|[63]|msg|"Some error occured:  (49 more) ..."
16:39:31.0 (15657365)|VARIABLE_SCOPE_BEGIN|[63]|key|Object|false|false
16:39:31.0 (15660833)|VARIABLE_ASSIGNMENT|[63]|key|null
16:39:31.0 (15665873)|VARIABLE_SCOPE_BEGIN|[63]|value|Object|false|false
16:39:31.0 (15668725)|VARIABLE_ASSIGNMENT|[63]|value|null
16:39:31.0 (15675257)|HEAP_ALLOCATE|[64]|Bytes:5
16:39:31.0 (15678813)|STATEMENT_EXECUTE|[1]
16:39:31.0 (15682982)|HEAP_ALLOCATE|[64]|Bytes:5
16:39:31.0 (15686421)|STATEMENT_EXECUTE|[10]
16:39:31.0 (15688598)|STATEMENT_EXECUTE|[16]
16:39:31.0 (15690299)|STATEMENT_EXECUTE|[22]
16:39:31.0 (15713859)|STATEMENT_EXECUTE|[63]
16:39:31.0 (15717203)|STATEMENT_EXECUTE|[64]
16:39:31.0 (15782656)|VARIABLE_ASSIGNMENT|[EXTERNAL]|this|{}|0x2509b4e1
16:39:31.0 (15792566)|VARIABLE_ASSIGNMENT|[EXTERNAL]|value|false
16:39:31.0 (15797964)|HEAP_ALLOCATE|[10]|Bytes:5
16:39:31.0 (15805519)|VARIABLE_ASSIGNMENT|[10]|this.isSuccess|false|0x2509b4e1
16:39:31.0 (15812774)|STATEMENT_EXECUTE|[65]
16:39:31.0 (15866216)|VARIABLE_ASSIGNMENT|[EXTERNAL]|this|{"isSuccess":false}|0x2509b4e1
16:39:31.0 (15875398)|VARIABLE_ASSIGNMENT|[EXTERNAL]|value|"Some error occured:  (49 more) ..."
16:39:31.0 (15884302)|VARIABLE_ASSIGNMENT|[16]|this.message|"Some error occured:  (49 more) ..."|0x2509b4e1
16:39:31.0 (15896803)|STATEMENT_EXECUTE|[66]
16:39:31.0 (15901694)|HEAP_ALLOCATE|[66]|Bytes:4
16:39:31.0 (15962071)|VARIABLE_ASSIGNMENT|[EXTERNAL]|this|{"isSuccess":false,"message":"Some error occured:  (49 more) ..."}|0x2509b4e1
16:39:31.0 (15978035)|VARIABLE_ASSIGNMENT|[EXTERNAL]|value|{"s":1,"v":{}}|0x7ffa5fae
16:39:31.0 (15990698)|VARIABLE_ASSIGNMENT|[22]|this.values|{"s":1,"v":{}}|0x2509b4e1
16:39:31.0 (15998204)|STATEMENT_EXECUTE|[68]
16:39:31.0 (16014303)|CONSTRUCTOR_EXIT|[46]|01p3E0000004a7k|<init>(Boolean,String,Object,Object)
16:39:31.0 (16018777)|STATEMENT_EXECUTE|[45]
16:39:31.0 (16025407)|CONSTRUCTOR_EXIT|[147]|01p3E0000004a7k|<init>(String)
16:39:31.0 (16047439)|VARIABLE_ASSIGNMENT|[147]|resp|{"isSuccess":false,"message":"Some error occured:  (49 more) ...","values":"0x7ffa5fae"}|0x2509b4e1
16:39:31.0 (16053310)|STATEMENT_EXECUTE|[150]
16:39:31.0 (16058712)|SYSTEM_MODE_EXIT|true
16:39:31.0 (16465863)|SYSTEM_MODE_EXIT|false
16:39:31.16 (16525716)|CUMULATIVE_LIMIT_USAGE
16:39:31.16 (16525716)|LIMIT_USAGE_FOR_NS|(default)|
  Number of SOQL queries: 2 out of 100
  Number of query rows: 0 out of 50000
  Number of SOSL queries: 0 out of 20
  Number of DML statements: 0 out of 150
  Number of DML rows: 0 out of 10000
  Maximum CPU time: 0 out of 10000
  Maximum heap size: 0 out of 6000000
  Number of callouts: 0 out of 100
  Number of Email Invocations: 0 out of 10
  Number of future calls: 0 out of 50
  Number of queueable jobs added to the queue: 0 out of 50
  Number of Mobile Apex push calls: 0 out of 10

16:39:31.16 (16525716)|CUMULATIVE_LIMIT_USAGE_END

16:39:31.0 (16588382)|CODE_UNIT_FINISHED|Som_Kam_CmpCtrl.getAccountPlanEditData
16:39:31.0 (18004871)|EXECUTION_FINISHED
16:39:31.20 (20021220)|USER_INFO|[EXTERNAL]|00557000005jeEC|p7s1.bschneider@factory42.com.kam|Mitteleuropäische Normalzeit|GMT+02:00
16:39:31.20 (20031026)|EXECUTION_STARTED
16:39:31.20 (20035615)|CODE_UNIT_STARTED|[EXTERNAL]|Aura
16:39:31.20 (20080522)|CODE_UNIT_FINISHED|Aura
16:39:31.20 (21009849)|EXECUTION_FINISHED
