38.0 APEX_CODE,FINEST;APEX_PROFILING,INFO;CALLOUT,INFO;DB,INFO;SYSTEM,DEBUG;VALIDATION,INFO;VISUALFORCE,INFO;WORKFLOW,INFO
18:27:34.0 (344144)|USER_INFO|[EXTERNAL]|00557000005jeEC|p7s1.bschneider@factory42.com.kam|Mitteleuropäische Normalzeit|GMT+02:00
18:27:34.0 (380949)|EXECUTION_STARTED
18:27:34.0 (386694)|CODE_UNIT_STARTED|[EXTERNAL]|aura
18:27:34.0 (676953)|HEAP_ALLOCATE|[72]|Bytes:3
18:27:34.0 (741451)|HEAP_ALLOCATE|[77]|Bytes:152
18:27:34.0 (763236)|HEAP_ALLOCATE|[342]|Bytes:408
18:27:34.0 (782529)|HEAP_ALLOCATE|[355]|Bytes:408
18:27:34.0 (800377)|HEAP_ALLOCATE|[467]|Bytes:48
18:27:34.0 (828030)|HEAP_ALLOCATE|[139]|Bytes:6
18:27:34.0 (855050)|HEAP_ALLOCATE|[EXTERNAL]|Bytes:18
18:27:34.0 (870619)|HEAP_ALLOCATE|[EXTERNAL]|Bytes:18
18:27:34.0 (14445550)|HEAP_ALLOCATE|[EXTERNAL]|Bytes:18
18:27:34.0 (14462887)|HEAP_ALLOCATE|[EXTERNAL]|Bytes:18
18:27:34.0 (14519932)|HEAP_ALLOCATE|[EXTERNAL]|Bytes:37
18:27:34.0 (14529714)|HEAP_ALLOCATE|[EXTERNAL]|Bytes:37
18:27:34.0 (16112784)|CODE_UNIT_STARTED|[EXTERNAL]|01p3E0000004a8n|Som_Kam_CmpCtrl.inviteForKickoff2
18:27:34.0 (16493466)|HEAP_ALLOCATE|[EXTERNAL]|Bytes:89
18:27:34.0 (16504412)|HEAP_ALLOCATE|[EXTERNAL]|Bytes:84
18:27:34.0 (16507217)|HEAP_ALLOCATE|[EXTERNAL]|Bytes:84
18:27:34.0 (16524772)|METHOD_ENTRY|[14]|01p3E0000004a8n|Som_Kam_CmpCtrl.Som_Kam_CmpCtrl()
18:27:34.0 (16528643)|STATEMENT_EXECUTE|[14]
18:27:34.0 (16536783)|STATEMENT_EXECUTE|[14]
18:27:34.0 (16580292)|HEAP_ALLOCATE|[50]|Bytes:5
18:27:34.0 (16616812)|HEAP_ALLOCATE|[56]|Bytes:5
18:27:34.0 (16628198)|HEAP_ALLOCATE|[64]|Bytes:7
18:27:34.0 (16656136)|SYSTEM_MODE_ENTER|true
18:27:34.0 (16681563)|HEAP_ALLOCATE|[EXTERNAL]|Bytes:5
18:27:34.0 (16686744)|STATEMENT_EXECUTE|[1028]
18:27:34.0 (16688561)|STATEMENT_EXECUTE|[1064]
18:27:34.0 (16689613)|STATEMENT_EXECUTE|[1086]
18:27:34.0 (16690764)|STATEMENT_EXECUTE|[1135]
18:27:34.0 (16691850)|STATEMENT_EXECUTE|[1168]
18:27:34.0 (16696746)|SYSTEM_MODE_EXIT|true
18:27:34.0 (16705169)|METHOD_EXIT|[14]|Som_Kam_CmpCtrl
18:27:34.0 (16732974)|HEAP_ALLOCATE|[EXTERNAL]|Bytes:16
18:27:34.0 (16736057)|HEAP_ALLOCATE|[EXTERNAL]|Bytes:18
18:27:34.0 (16746419)|HEAP_ALLOCATE|[EXTERNAL]|Bytes:40
18:27:34.0 (16748033)|HEAP_ALLOCATE|[EXTERNAL]|Bytes:18
18:27:34.0 (16749310)|HEAP_ALLOCATE|[EXTERNAL]|Bytes:37
18:27:34.0 (16774912)|HEAP_ALLOCATE|[EXTERNAL]|Bytes:28
18:27:34.0 (16783040)|SYSTEM_MODE_ENTER|false
18:27:34.0 (16792904)|VARIABLE_SCOPE_BEGIN|[701]|accPlanTeamIds|List<String>|true|false
18:27:34.0 (16845098)|VARIABLE_ASSIGNMENT|[701]|accPlanTeamIds|{"s":1,"v":["a1P3E0000008a35UAA","a1P3E0000008iPVUAY","a1P3E0000008iD5UAI"]}|0x6d02cf2f
18:27:34.0 (16851470)|VARIABLE_SCOPE_BEGIN|[701]|accPlanId|String|false|false
18:27:34.0 (16857229)|VARIABLE_ASSIGNMENT|[701]|accPlanId|"a093E000000sCLFQA2"
18:27:34.0 (16860982)|VARIABLE_SCOPE_BEGIN|[701]|accPlan|Som_Kam__c|true|false
18:27:34.0 (16910293)|VARIABLE_ASSIGNMENT|[701]|accPlan|{"Som_EmailText__c":"Das ist ein Test.Tex (73 more) ...","Som_EmailSubject__c":"Account Plan Test-Ac (40 more) ...","Som_Review__c":"2016-08-05T00:00:00.000Z","Som_Year__c":2016,"Som_Account__r":{"Id":"0013E000006KJGeQAO","Name":"Test-Account RH"},"Id":"a093E000000sCLFQA2","Som_Account__c":"0013E000006KJGeQAO","Som_Kickoff__c":"2016-07-30T00:00:00.000Z","Name":"AP_2016-000004"}|0x342bc0f7
18:27:34.0 (16916235)|VARIABLE_SCOPE_BEGIN|[701]|accId|String|false|false
18:27:34.0 (16920245)|VARIABLE_ASSIGNMENT|[701]|accId|"0013E000006KJGeQAO"
18:27:34.0 (16922606)|VARIABLE_SCOPE_BEGIN|[701]|hostUrl|String|false|false
18:27:34.0 (16926587)|VARIABLE_ASSIGNMENT|[701]|hostUrl|"https://p7s1--kam.li (17 more) ..."
18:27:34.0 (16929375)|VARIABLE_SCOPE_BEGIN|[701]|selectedYear|Integer|false|false
18:27:34.0 (16934750)|VARIABLE_ASSIGNMENT|[701]|selectedYear|2016
18:27:34.0 (16949681)|SYSTEM_MODE_ENTER|true
18:27:34.0 (16955910)|HEAP_ALLOCATE|[704]|Bytes:5
18:27:34.0 (16960223)|STATEMENT_EXECUTE|[701]
18:27:34.0 (16961746)|STATEMENT_EXECUTE|[704]
18:27:34.0 (16965853)|VARIABLE_SCOPE_BEGIN|[704]|test|Integer|false|false
18:27:34.0 (16970705)|VARIABLE_ASSIGNMENT|[704]|test|2016
18:27:34.0 (16972249)|STATEMENT_EXECUTE|[705]
18:27:34.0 (17424170)|HEAP_ALLOCATE|[705]|Bytes:21
18:27:34.0 (17447000)|SYSTEM_MODE_EXIT|true
18:27:34.0 (17524965)|FATAL_ERROR|System.UnexpectedException: Illegal arguments

Class.Som_Kam_CmpCtrl.inviteForKickoff2: line 705, column 1
18:27:34.0 (17536231)|FATAL_ERROR|System.UnexpectedException: Illegal arguments

Class.Som_Kam_CmpCtrl.inviteForKickoff2: line 705, column 1
18:27:34.17 (17545891)|CUMULATIVE_LIMIT_USAGE
18:27:34.17 (17545891)|LIMIT_USAGE_FOR_NS|(default)|
  Number of SOQL queries: 0 out of 100
  Number of query rows: 0 out of 50000
  Number of SOSL queries: 0 out of 20
  Number of DML statements: 0 out of 150
  Number of DML rows: 0 out of 10000
  Maximum CPU time: 0 out of 10000
  Maximum heap size: 0 out of 6000000
  Number of callouts: 0 out of 100
  Number of Email Invocations: 0 out of 10
  Number of future calls: 0 out of 50
  Number of queueable jobs added to the queue: 0 out of 50
  Number of Mobile Apex push calls: 0 out of 10

18:27:34.17 (17545891)|CUMULATIVE_LIMIT_USAGE_END

18:27:34.0 (17589090)|CODE_UNIT_FINISHED|Som_Kam_CmpCtrl.inviteForKickoff2
