30.0 APEX_CODE,FINEST;APEX_PROFILING,INFO;CALLOUT,INFO;DB,INFO;SYSTEM,DEBUG;VALIDATION,INFO;VISUALFORCE,INFO;WORKFLOW,INFO
10:07:33.0 (300527)|USER_INFO|[EXTERNAL]|00557000005jeDx|p7s1.rhamester@factory42.com.kam|Mitteleuropäische Normalzeit|GMT+02:00
10:07:33.0 (336904)|EXECUTION_STARTED
10:07:33.0 (342777)|CODE_UNIT_STARTED|[EXTERNAL]|066D0000000V3u3|VF: /apex/vfp_P7S1_User_ChangeProfile
10:07:33.0 (5777885)|SYSTEM_MODE_ENTER|true
10:07:33.0 (6054978)|VARIABLE_SCOPE_BEGIN|[4]|cls_P7S1_User_ChangeProfile.PAGE_URL|String|false|true
10:07:33.0 (6064231)|VARIABLE_SCOPE_BEGIN|[5]|cls_P7S1_User_ChangeProfile.SITE_NAME|String|false|true
10:07:33.0 (6212635)|HEAP_ALLOCATE|[72]|Bytes:3
10:07:33.0 (6269916)|HEAP_ALLOCATE|[77]|Bytes:152
10:07:33.0 (6288014)|HEAP_ALLOCATE|[342]|Bytes:408
10:07:33.0 (6305756)|HEAP_ALLOCATE|[355]|Bytes:408
10:07:33.0 (6323175)|HEAP_ALLOCATE|[467]|Bytes:48
10:07:33.0 (6356493)|HEAP_ALLOCATE|[139]|Bytes:6
10:07:33.0 (6380285)|HEAP_ALLOCATE|[EXTERNAL]|Bytes:328
10:07:33.0 (6385969)|HEAP_ALLOCATE|[EXTERNAL]|Bytes:73
10:07:33.0 (6388792)|HEAP_ALLOCATE|[EXTERNAL]|Bytes:26
10:07:33.0 (6391752)|HEAP_ALLOCATE|[EXTERNAL]|Bytes:28
10:07:33.0 (6421669)|VARIABLE_ASSIGNMENT|[EXTERNAL]|cls_P7S1_User_ChangeProfile.PAGE_URL|"/vfp_P7S1_User_Chang (8 more) ..."
10:07:33.0 (6426252)|HEAP_ALLOCATE|[EXTERNAL]|Bytes:13
10:07:33.0 (6432795)|VARIABLE_ASSIGNMENT|[EXTERNAL]|cls_P7S1_User_ChangeProfile.SITE_NAME|"ChangeProfile"
10:07:33.0 (6443392)|METHOD_ENTRY|[1]|01pD0000000KT71|cls_P7S1_User_ChangeProfile.cls_P7S1_User_ChangeProfile()
10:07:33.0 (6447308)|STATEMENT_EXECUTE|[1]
10:07:33.0 (6452492)|STATEMENT_EXECUTE|[1]
10:07:33.0 (6490031)|HEAP_ALLOCATE|[50]|Bytes:5
10:07:33.0 (6515438)|HEAP_ALLOCATE|[56]|Bytes:5
10:07:33.0 (6524042)|HEAP_ALLOCATE|[64]|Bytes:7
10:07:33.0 (6558750)|HEAP_ALLOCATE|[EXTERNAL]|Bytes:5
10:07:33.0 (6574628)|METHOD_EXIT|[1]|cls_P7S1_User_ChangeProfile
10:07:33.0 (6581557)|HEAP_ALLOCATE|[EXTERNAL]|Bytes:52
10:07:33.0 (6592136)|VARIABLE_SCOPE_BEGIN|[43]|this|cls_P7S1_User_ChangeProfile|true|false
10:07:33.0 (6870375)|VARIABLE_ASSIGNMENT|[43]|this|{}|0x1c08878c
10:07:33.0 (6883655)|HEAP_ALLOCATE|[EXTERNAL]|Bytes:5
10:07:33.0 (6887635)|STATEMENT_EXECUTE|[1]
10:07:33.0 (6890262)|HEAP_ALLOCATE|[EXTERNAL]|Bytes:5
10:07:33.0 (6892026)|STATEMENT_EXECUTE|[6]
10:07:33.0 (6893845)|STATEMENT_EXECUTE|[8]
10:07:33.0 (6894941)|STATEMENT_EXECUTE|[9]
10:07:33.0 (6898159)|STATEMENT_EXECUTE|[10]
10:07:33.0 (6899398)|STATEMENT_EXECUTE|[12]
10:07:33.0 (6900534)|STATEMENT_EXECUTE|[13]
10:07:33.0 (6901499)|STATEMENT_EXECUTE|[14]
10:07:33.0 (6902612)|STATEMENT_EXECUTE|[38]
10:07:33.0 (6903467)|STATEMENT_EXECUTE|[39]
10:07:33.0 (6905132)|STATEMENT_EXECUTE|[40]
10:07:33.0 (6906477)|STATEMENT_EXECUTE|[100]
10:07:33.0 (6907584)|STATEMENT_EXECUTE|[113]
10:07:33.0 (6916678)|HEAP_ALLOCATE|[EXTERNAL]|Bytes:6
10:07:33.0 (6938414)|STATEMENT_EXECUTE|[43]
10:07:33.0 (7050209)|HEAP_ALLOCATE|[EXTERNAL]|Bytes:52
10:07:33.0 (7060913)|VARIABLE_SCOPE_BEGIN|[46]|this|cls_P7S1_User_ChangeProfile|true|false
10:07:33.0 (7087047)|VARIABLE_ASSIGNMENT|[46]|this|{}|0x1c08878c
10:07:33.0 (7101891)|HEAP_ALLOCATE|[47]|Bytes:5
10:07:33.0 (7105837)|STATEMENT_EXECUTE|[46]
10:07:33.0 (7107074)|STATEMENT_EXECUTE|[47]
10:07:33.0 (7215003)|HEAP_ALLOCATE|[47]|Bytes:285
10:07:33.0 (7292992)|HEAP_ALLOCATE|[47]|Bytes:248
10:07:33.0 (7312460)|HEAP_ALLOCATE|[47]|Bytes:9
10:07:33.0 (7337150)|VARIABLE_SCOPE_BEGIN|[47]|profileId|String|false|false
10:07:33.0 (7345372)|VARIABLE_ASSIGNMENT|[47]|profileId|null
10:07:33.0 (7348396)|STATEMENT_EXECUTE|[48]
10:07:33.0 (7369902)|METHOD_ENTRY|[48]|01pD0000000KT71|cls_P7S1_User_ChangeProfile.initializeView()
10:07:33.0 (7388490)|VARIABLE_SCOPE_BEGIN|[51]|this|cls_P7S1_User_ChangeProfile|true|false
10:07:33.0 (7417835)|VARIABLE_ASSIGNMENT|[51]|this|{}|0x1c08878c
10:07:33.0 (7426824)|HEAP_ALLOCATE|[52]|Bytes:5
10:07:33.0 (7430591)|STATEMENT_EXECUTE|[51]
10:07:33.0 (7431799)|STATEMENT_EXECUTE|[52]
10:07:33.0 (7490267)|VARIABLE_ASSIGNMENT|[EXTERNAL]|this|{}|0x1c08878c
10:07:33.0 (7498305)|VARIABLE_ASSIGNMENT|[EXTERNAL]|value|null
10:07:33.0 (7508801)|VARIABLE_ASSIGNMENT|[14]|this.ShowPanel|null|0x1c08878c
10:07:33.0 (7516815)|STATEMENT_EXECUTE|[53]
10:07:33.0 (7520180)|HEAP_ALLOCATE|[53]|Bytes:7
10:07:33.0 (7556073)|USER_DEBUG|[53]|DEBUG|###View
10:07:33.0 (7562691)|STATEMENT_EXECUTE|[54]
10:07:33.0 (7566175)|HEAP_ALLOCATE|[54]|Bytes:145
10:07:33.0 (7576227)|HEAP_ALLOCATE|[54]|Bytes:4
10:07:33.0 (7588134)|HEAP_ALLOCATE|[54]|Bytes:7
10:07:33.0 (7631322)|HEAP_ALLOCATE|[57]|Bytes:85
10:07:33.0 (7641842)|SYSTEM_METHOD_ENTRY|[1]|UserInfo.UserInfo()
10:07:33.0 (7644305)|STATEMENT_EXECUTE|[1]
10:07:33.0 (7655824)|SYSTEM_METHOD_EXIT|[1]|UserInfo
10:07:33.0 (7668654)|METHOD_ENTRY|[57]||System.UserInfo.getUserId()
10:07:33.0 (7711547)|METHOD_EXIT|[57]||System.UserInfo.getUserId()
10:07:33.0 (9810404)|SOQL_EXECUTE_BEGIN|[54]|Aggregations:0|SELECT Id, Name, UserName, ProfileId, Profile.UserLicenseId, Profile.Name, Email, P7S1_ShowTestuserLinks__c FROM User WHERE Id = :tmpVar1 LIMIT 1
10:07:33.0 (38657825)|SOQL_EXECUTE_END|[54]|Rows:1
10:07:33.0 (38707722)|HEAP_ALLOCATE|[54]|Bytes:8
10:07:33.0 (38747146)|HEAP_ALLOCATE|[54]|Bytes:314
10:07:33.0 (38815714)|HEAP_ALLOCATE|[54]|Bytes:8
10:07:33.0 (38841542)|HEAP_ALLOCATE|[54]|Bytes:30
10:07:33.0 (38969625)|HEAP_ALLOCATE|[54]|Bytes:36
10:07:33.0 (39106652)|VARIABLE_ASSIGNMENT|[EXTERNAL]|this|{}|0x1c08878c
10:07:33.0 (39189970)|VARIABLE_ASSIGNMENT|[EXTERNAL]|value|{"s":1,"v":{"Id":"00557000005jeDxAAI","Name":"Ralf Hamester","Username":"p7s1.rhamester@facto (12 more) ...","ProfileId":"00e20000000lfOjAAI","Email":"rhamester@factory42. (3 more) ...","P7S1_ShowTestuserLin (5 more) ...":true,"CurrencyIsoCode":"EUR","Profile":{"s":2,"v":{"UserLicenseId":"100200000009H1sAAE","Name":"System Administrator","Id":"00e20000000lfOjAAI"}}}}|0x5b7fb18b
10:07:33.0 (39265032)|VARIABLE_ASSIGNMENT|[8]|this.currentUser|{"s":1,"v":{"Id":"00557000005jeDxAAI","Name":"Ralf Hamester","Username":"p7s1.rhamester@facto (12 more) ...","ProfileId":"00e20000000lfOjAAI","Email":"rhamester@factory42. (3 more) ...","P7S1_ShowTestuserLin (5 more) ...":true,"CurrencyIsoCode":"EUR","Profile":{"s":2,"v":{"UserLicenseId":"100200000009H1sAAE","Name":"System Administrator","Id":"00e20000000lfOjAAI"}}}}|0x1c08878c
10:07:33.0 (39313607)|METHOD_ENTRY|[61]||System.UserInfo.getProfileId()
10:07:33.0 (39429224)|METHOD_EXIT|[61]||System.UserInfo.getProfileId()
10:07:33.0 (39471004)|HEAP_ALLOCATE|[61]|Bytes:4
10:07:33.0 (39485620)|HEAP_ALLOCATE|[61]|Bytes:18
10:07:33.0 (39540996)|HEAP_ALLOCATE|[61]|Bytes:4
10:07:33.0 (39632236)|STATEMENT_EXECUTE|[61]
10:07:33.0 (39639216)|STATEMENT_EXECUTE|[62]
10:07:33.0 (39647295)|HEAP_ALLOCATE|[62]|Bytes:5
10:07:33.0 (39751761)|VARIABLE_ASSIGNMENT|[EXTERNAL]|this|{"currentUser":"0x5b7fb18b"}|0x1c08878c
10:07:33.0 (39764010)|VARIABLE_ASSIGNMENT|[EXTERNAL]|value|"Admin"
10:07:33.0 (39785151)|VARIABLE_ASSIGNMENT|[14]|this.ShowPanel|"Admin"|0x1c08878c
10:07:33.0 (39801968)|STATEMENT_EXECUTE|[63]
10:07:33.0 (39810083)|HEAP_ALLOCATE|[63]|Bytes:128
10:07:33.0 (39830013)|HEAP_ALLOCATE|[63]|Bytes:4
10:07:33.0 (40233199)|SOQL_EXECUTE_BEGIN|[63]|Aggregations:0|SELECT Id, Name FROM User WHERE (P7S1_UserType__c = 'System_Tester' AND isActive = TRUE) ORDER BY Name ASC NULLS FIRST LIMIT 100
10:07:33.0 (46670349)|SOQL_EXECUTE_END|[63]|Rows:25
10:07:33.0 (46690693)|HEAP_ALLOCATE|[63]|Bytes:104
10:07:33.0 (46749227)|HEAP_ALLOCATE|[63]|Bytes:1973
10:07:33.0 (46772965)|HEAP_ALLOCATE|[63]|Bytes:104
10:07:33.0 (46867722)|VARIABLE_ASSIGNMENT|[EXTERNAL]|this|{"currentUser":"0x5b7fb18b","ShowPanel":"Admin"}|0x1c08878c
10:07:33.0 (46899778)|VARIABLE_ASSIGNMENT|[EXTERNAL]|value|{"s":1,"v":"List of size 25 too large to display"}|0x47dff871
10:07:33.0 (46919958)|VARIABLE_ASSIGNMENT|[10]|this.userList|{"s":1,"v":"List of size 25 too large to display"}|0x1c08878c
10:07:33.0 (46933123)|STATEMENT_EXECUTE|[88]
10:07:33.0 (46947702)|METHOD_EXIT|[48]|01pD0000000KT71|cls_P7S1_User_ChangeProfile.initializeView()
10:07:33.0 (47951538)|SYSTEM_MODE_ENTER|true
10:07:33.48 (48440357)|USER_INFO|[EXTERNAL]|00557000005jeDx|p7s1.rhamester@factory42.com.kam|Mitteleuropäische Normalzeit|GMT+02:00
10:07:33.48 (48462986)|SYSTEM_MODE_ENTER|true
10:07:33.48 (48510169)|HEAP_ALLOCATE|[EXTERNAL]|Bytes:120
10:07:33.48 (48521095)|HEAP_ALLOCATE|[EXTERNAL]|Bytes:10
10:07:33.48 (48538368)|SYSTEM_METHOD_ENTRY|[1]|pagemessagecomponentcontroller.pagemessagecomponentcontroller()
10:07:33.48 (48543770)|STATEMENT_EXECUTE|[1]
10:07:33.48 (48763367)|USER_INFO|[EXTERNAL]|00557000005jeDx|p7s1.rhamester@factory42.com.kam|Mitteleuropäische Normalzeit|GMT+02:00
10:07:33.48 (48967143)|USER_INFO|[EXTERNAL]|00557000005jeDx|p7s1.rhamester@factory42.com.kam|Mitteleuropäische Normalzeit|GMT+02:00
10:07:33.49 (49119735)|USER_INFO|[EXTERNAL]|00557000005jeDx|p7s1.rhamester@factory42.com.kam|Mitteleuropäische Normalzeit|GMT+02:00
10:07:33.56 (56286550)|USER_INFO|[EXTERNAL]|00557000005jeDx|p7s1.rhamester@factory42.com.kam|Mitteleuropäische Normalzeit|GMT+02:00
10:07:33.56 (56499398)|USER_INFO|[EXTERNAL]|00557000005jeDx|p7s1.rhamester@factory42.com.kam|Mitteleuropäische Normalzeit|GMT+02:00
10:07:33.56 (56677021)|USER_INFO|[EXTERNAL]|00557000005jeDx|p7s1.rhamester@factory42.com.kam|Mitteleuropäische Normalzeit|GMT+02:00
10:07:33.56 (56931843)|USER_INFO|[EXTERNAL]|00557000005jeDx|p7s1.rhamester@factory42.com.kam|Mitteleuropäische Normalzeit|GMT+02:00
10:07:33.57 (57809341)|USER_INFO|[EXTERNAL]|00557000005jeDx|p7s1.rhamester@factory42.com.kam|Mitteleuropäische Normalzeit|GMT+02:00
10:07:33.58 (58162221)|USER_INFO|[EXTERNAL]|00557000005jeDx|p7s1.rhamester@factory42.com.kam|Mitteleuropäische Normalzeit|GMT+02:00
10:07:33.0 (58880371)|HEAP_ALLOCATE|[105]|Bytes:5
10:07:33.0 (58888893)|STATEMENT_EXECUTE|[104]
10:07:33.0 (58891546)|STATEMENT_EXECUTE|[105]
10:07:33.0 (58906140)|VARIABLE_ASSIGNMENT|[105]|this.selUserId|null|0x1c08878c
10:07:33.0 (58910471)|STATEMENT_EXECUTE|[106]
10:07:33.0 (58918514)|HEAP_ALLOCATE|[106]|Bytes:4
10:07:33.0 (58970512)|VARIABLE_SCOPE_BEGIN|[106]|options|List<System.SelectOption>|true|false
10:07:33.0 (59017058)|HEAP_ALLOCATE|[EXTERNAL]|Bytes:4
10:07:33.0 (59036605)|VARIABLE_ASSIGNMENT|[106]|options|{"s":1,"v":[]}|0x69be8079
10:07:33.0 (59042085)|STATEMENT_EXECUTE|[107]
10:07:33.0 (59060071)|HEAP_ALLOCATE|[107]|Bytes:10
10:07:33.0 (59153678)|HEAP_ALLOCATE|[EXTERNAL]|Bytes:4
10:07:33.0 (59253799)|VARIABLE_ASSIGNMENT|[EXTERNAL]|this|{"currentUser":"0x5b7fb18b","ShowPanel":"Admin","userList":"0x47dff871"}|0x1c08878c
10:07:33.0 (59551226)|HEAP_ALLOCATE|[108]|Bytes:5
10:07:33.0 (59597468)|HEAP_ALLOCATE|[108]|Bytes:16
10:07:33.0 (59615225)|VARIABLE_SCOPE_BEGIN|[108]|u|User|true|false
10:07:33.0 (59641692)|VARIABLE_ASSIGNMENT|[108]|u|{"s":1,"v":{"Id":"005D0000002QDFYIA4","Name":"Aer_Default Tester","CurrencyIsoCode":"EUR"}}|0x6639d6cb
10:07:33.0 (59649162)|STATEMENT_EXECUTE|[108]
10:07:33.0 (59651505)|STATEMENT_EXECUTE|[109]
10:07:33.0 (59697188)|HEAP_ALLOCATE|[109]|Bytes:18
10:07:33.0 (59810106)|HEAP_ALLOCATE|[EXTERNAL]|Bytes:4
10:07:33.0 (59837526)|HEAP_ALLOCATE|[108]|Bytes:5
10:07:33.0 (59871665)|HEAP_ALLOCATE|[108]|Bytes:16
10:07:33.0 (59884997)|VARIABLE_SCOPE_BEGIN|[108]|u|User|true|false
10:07:33.0 (59908313)|VARIABLE_ASSIGNMENT|[108]|u|{"s":1,"v":{"Id":"00557000005jeLcAAI","Name":"MA_Default Tester","CurrencyIsoCode":"EUR"}}|0xb846649
10:07:33.0 (59914664)|STATEMENT_EXECUTE|[108]
10:07:33.0 (59917018)|STATEMENT_EXECUTE|[109]
10:07:33.0 (59935444)|HEAP_ALLOCATE|[109]|Bytes:18
10:07:33.0 (59956855)|HEAP_ALLOCATE|[EXTERNAL]|Bytes:4
10:07:33.0 (59970168)|HEAP_ALLOCATE|[108]|Bytes:5
10:07:33.0 (59990254)|HEAP_ALLOCATE|[108]|Bytes:16
10:07:33.0 (59998373)|VARIABLE_SCOPE_BEGIN|[108]|u|User|true|false
10:07:33.0 (60016090)|VARIABLE_ASSIGNMENT|[108]|u|{"s":1,"v":{"Id":"005D00000047YCbIAM","Name":"P7S1_Interface Teste (1 more) ...","CurrencyIsoCode":"EUR"}}|0x6715579a
10:07:33.0 (60021032)|STATEMENT_EXECUTE|[108]
10:07:33.0 (60022187)|STATEMENT_EXECUTE|[109]
10:07:33.0 (60033597)|HEAP_ALLOCATE|[109]|Bytes:18
10:07:33.0 (60048472)|HEAP_ALLOCATE|[EXTERNAL]|Bytes:4
10:07:33.0 (60060655)|HEAP_ALLOCATE|[108]|Bytes:5
10:07:33.0 (60078802)|HEAP_ALLOCATE|[108]|Bytes:16
10:07:33.0 (60086504)|VARIABLE_SCOPE_BEGIN|[108]|u|User|true|false
10:07:33.0 (60100719)|VARIABLE_ASSIGNMENT|[108]|u|{"s":1,"v":{"Id":"005D0000004qFkAIAU","Name":"Sgn_Default Tester","CurrencyIsoCode":"EUR"}}|0x3f9f0d20
10:07:33.0 (60104258)|STATEMENT_EXECUTE|[108]
10:07:33.0 (60105395)|STATEMENT_EXECUTE|[109]
10:07:33.0 (60115972)|HEAP_ALLOCATE|[109]|Bytes:18
10:07:33.0 (60136965)|HEAP_ALLOCATE|[EXTERNAL]|Bytes:4
10:07:33.0 (60157437)|HEAP_ALLOCATE|[108]|Bytes:5
10:07:33.0 (60188483)|HEAP_ALLOCATE|[108]|Bytes:16
10:07:33.0 (60201162)|VARIABLE_SCOPE_BEGIN|[108]|u|User|true|false
10:07:33.0 (60223212)|VARIABLE_ASSIGNMENT|[108]|u|{"s":1,"v":{"Id":"005D00000052oAVIAY","Name":"SomAt Tester","CurrencyIsoCode":"EUR"}}|0x17381b96
10:07:33.0 (60229102)|STATEMENT_EXECUTE|[108]
10:07:33.0 (60231251)|STATEMENT_EXECUTE|[109]
10:07:33.0 (60248886)|HEAP_ALLOCATE|[109]|Bytes:18
10:07:33.0 (60273526)|HEAP_ALLOCATE|[EXTERNAL]|Bytes:4
10:07:33.0 (60294282)|HEAP_ALLOCATE|[108]|Bytes:5
10:07:33.0 (60325689)|HEAP_ALLOCATE|[108]|Bytes:16
10:07:33.0 (60338619)|VARIABLE_SCOPE_BEGIN|[108]|u|User|true|false
10:07:33.0 (60360421)|VARIABLE_ASSIGNMENT|[108]|u|{"s":1,"v":{"Id":"005D0000002jJFZIA2","Name":"SomDig_AdTech Tester","CurrencyIsoCode":"EUR"}}|0x3f269116
10:07:33.0 (60366874)|STATEMENT_EXECUTE|[108]
10:07:33.0 (60369110)|STATEMENT_EXECUTE|[109]
10:07:33.0 (60386457)|HEAP_ALLOCATE|[109]|Bytes:18
10:07:33.0 (60410198)|HEAP_ALLOCATE|[EXTERNAL]|Bytes:4
10:07:33.0 (60430459)|HEAP_ALLOCATE|[108]|Bytes:5
10:07:33.0 (60461859)|HEAP_ALLOCATE|[108]|Bytes:16
10:07:33.0 (60475376)|VARIABLE_SCOPE_BEGIN|[108]|u|User|true|false
10:07:33.0 (60499694)|VARIABLE_ASSIGNMENT|[108]|u|{"s":1,"v":{"Id":"005D00000049FIoIAM","Name":"SomDig_Billing Teste (1 more) ...","CurrencyIsoCode":"EUR"}}|0x7242b8ef
10:07:33.0 (60505969)|STATEMENT_EXECUTE|[108]
10:07:33.0 (60507934)|STATEMENT_EXECUTE|[109]
10:07:33.0 (60523383)|HEAP_ALLOCATE|[109]|Bytes:18
10:07:33.0 (60546519)|HEAP_ALLOCATE|[EXTERNAL]|Bytes:4
10:07:33.0 (60565913)|HEAP_ALLOCATE|[108]|Bytes:5
10:07:33.0 (60594694)|HEAP_ALLOCATE|[108]|Bytes:16
10:07:33.0 (60607269)|VARIABLE_SCOPE_BEGIN|[108]|u|User|true|false
10:07:33.0 (60629303)|VARIABLE_ASSIGNMENT|[108]|u|{"s":1,"v":{"Id":"005D00000049FIpIAM","Name":"SomDig_PAM Tester","CurrencyIsoCode":"EUR"}}|0x35f35d8a
10:07:33.0 (60635971)|STATEMENT_EXECUTE|[108]
10:07:33.0 (60637923)|STATEMENT_EXECUTE|[109]
10:07:33.0 (60655368)|HEAP_ALLOCATE|[109]|Bytes:18
10:07:33.0 (60680661)|HEAP_ALLOCATE|[EXTERNAL]|Bytes:4
10:07:33.0 (60702458)|HEAP_ALLOCATE|[108]|Bytes:5
10:07:33.0 (60755342)|HEAP_ALLOCATE|[108]|Bytes:16
10:07:33.0 (60769656)|VARIABLE_SCOPE_BEGIN|[108]|u|User|true|false
10:07:33.0 (60796346)|VARIABLE_ASSIGNMENT|[108]|u|{"s":1,"v":{"Id":"005D00000049FIqIAM","Name":"SomDig_PM Tester","CurrencyIsoCode":"EUR"}}|0x62400409
10:07:33.0 (60801734)|STATEMENT_EXECUTE|[108]
10:07:33.0 (60802892)|STATEMENT_EXECUTE|[109]
10:07:33.0 (60815421)|HEAP_ALLOCATE|[109]|Bytes:18
10:07:33.0 (60831351)|HEAP_ALLOCATE|[EXTERNAL]|Bytes:4
10:07:33.0 (60843013)|HEAP_ALLOCATE|[108]|Bytes:5
10:07:33.0 (60861853)|HEAP_ALLOCATE|[108]|Bytes:16
10:07:33.0 (60869323)|VARIABLE_SCOPE_BEGIN|[108]|u|User|true|false
10:07:33.0 (60883786)|VARIABLE_ASSIGNMENT|[108]|u|{"s":1,"v":{"Id":"005D0000001VrNRIA0","Name":"SomDig_Sales Tester","CurrencyIsoCode":"EUR"}}|0x69e59776
10:07:33.0 (60887084)|STATEMENT_EXECUTE|[108]
10:07:33.0 (60888154)|STATEMENT_EXECUTE|[109]
10:07:33.0 (60898738)|HEAP_ALLOCATE|[109]|Bytes:18
10:07:33.0 (60912612)|HEAP_ALLOCATE|[EXTERNAL]|Bytes:4
10:07:33.0 (60923719)|HEAP_ALLOCATE|[108]|Bytes:5
10:07:33.0 (60943718)|HEAP_ALLOCATE|[108]|Bytes:16
10:07:33.0 (60951986)|VARIABLE_SCOPE_BEGIN|[108]|u|User|true|false
10:07:33.0 (60965760)|VARIABLE_ASSIGNMENT|[108]|u|{"s":1,"v":{"Id":"005D0000004rQF5IAM","Name":"Som_ReadOnly Tester","CurrencyIsoCode":"EUR"}}|0xe87cf65
10:07:33.0 (60969092)|STATEMENT_EXECUTE|[108]
10:07:33.0 (60970150)|STATEMENT_EXECUTE|[109]
10:07:33.0 (60980821)|HEAP_ALLOCATE|[109]|Bytes:18
10:07:33.0 (60994774)|HEAP_ALLOCATE|[EXTERNAL]|Bytes:4
10:07:33.0 (61005760)|HEAP_ALLOCATE|[108]|Bytes:5
10:07:33.0 (61024830)|HEAP_ALLOCATE|[108]|Bytes:16
10:07:33.0 (61032181)|VARIABLE_SCOPE_BEGIN|[108]|u|User|true|false
10:07:33.0 (61046345)|VARIABLE_ASSIGNMENT|[108]|u|{"s":1,"v":{"Id":"005D00000049FIrIAM","Name":"SomTv_ADFactory Test (2 more) ...","CurrencyIsoCode":"EUR"}}|0x21b7dc32
10:07:33.0 (61049688)|STATEMENT_EXECUTE|[108]
10:07:33.0 (61050764)|STATEMENT_EXECUTE|[109]
10:07:33.0 (61060788)|HEAP_ALLOCATE|[109]|Bytes:18
10:07:33.0 (61074561)|HEAP_ALLOCATE|[EXTERNAL]|Bytes:4
10:07:33.0 (61085593)|HEAP_ALLOCATE|[108]|Bytes:5
10:07:33.0 (61102891)|HEAP_ALLOCATE|[108]|Bytes:16
10:07:33.0 (61110129)|VARIABLE_SCOPE_BEGIN|[108]|u|User|true|false
10:07:33.0 (61124710)|VARIABLE_ASSIGNMENT|[108]|u|{"s":1,"v":{"Id":"005D00000049FItIAM","Name":"SomTv_Marketing Test (2 more) ...","CurrencyIsoCode":"EUR"}}|0x4335f441
10:07:33.0 (61128638)|STATEMENT_EXECUTE|[108]
10:07:33.0 (61130162)|STATEMENT_EXECUTE|[109]
10:07:33.0 (61140450)|HEAP_ALLOCATE|[109]|Bytes:18
10:07:33.0 (61154123)|HEAP_ALLOCATE|[EXTERNAL]|Bytes:4
10:07:33.0 (61164991)|HEAP_ALLOCATE|[108]|Bytes:5
10:07:33.0 (61182131)|HEAP_ALLOCATE|[108]|Bytes:16
10:07:33.0 (61189469)|VARIABLE_SCOPE_BEGIN|[108]|u|User|true|false
10:07:33.0 (61202552)|VARIABLE_ASSIGNMENT|[108]|u|{"s":1,"v":{"Id":"005D00000049FIuIAM","Name":"SomTv_RM Tester","CurrencyIsoCode":"EUR"}}|0x6ae9576
10:07:33.0 (61205906)|STATEMENT_EXECUTE|[108]
10:07:33.0 (61207006)|STATEMENT_EXECUTE|[109]
10:07:33.0 (61216942)|HEAP_ALLOCATE|[109]|Bytes:18
10:07:33.0 (61230540)|HEAP_ALLOCATE|[EXTERNAL]|Bytes:4
10:07:33.0 (61241221)|HEAP_ALLOCATE|[108]|Bytes:5
10:07:33.0 (61258365)|HEAP_ALLOCATE|[108]|Bytes:16
10:07:33.0 (61265786)|VARIABLE_SCOPE_BEGIN|[108]|u|User|true|false
10:07:33.0 (61279044)|VARIABLE_ASSIGNMENT|[108]|u|{"s":1,"v":{"Id":"005D00000049FIvIAM","Name":"SomTv_Sales Tester","CurrencyIsoCode":"EUR"}}|0x36628e21
10:07:33.0 (61282426)|STATEMENT_EXECUTE|[108]
10:07:33.0 (61283812)|STATEMENT_EXECUTE|[109]
10:07:33.0 (61293841)|HEAP_ALLOCATE|[109]|Bytes:18
10:07:33.0 (61307485)|HEAP_ALLOCATE|[EXTERNAL]|Bytes:4
10:07:33.0 (61318307)|HEAP_ALLOCATE|[108]|Bytes:5
10:07:33.0 (61335705)|HEAP_ALLOCATE|[108]|Bytes:16
10:07:33.0 (61342865)|VARIABLE_SCOPE_BEGIN|[108]|u|User|true|false
10:07:33.0 (61362356)|VARIABLE_ASSIGNMENT|[108]|u|{"s":1,"v":{"Id":"005D00000049FIyIAM","Name":"SomTv_SalesManagemen (8 more) ...","CurrencyIsoCode":"EUR"}}|0x29ab9293
10:07:33.0 (61368332)|STATEMENT_EXECUTE|[108]
10:07:33.0 (61370234)|STATEMENT_EXECUTE|[109]
10:07:33.0 (61387476)|HEAP_ALLOCATE|[109]|Bytes:18
10:07:33.0 (61411803)|HEAP_ALLOCATE|[EXTERNAL]|Bytes:4
10:07:33.0 (61431257)|HEAP_ALLOCATE|[108]|Bytes:5
10:07:33.0 (61462235)|HEAP_ALLOCATE|[108]|Bytes:16
10:07:33.0 (61475229)|VARIABLE_SCOPE_BEGIN|[108]|u|User|true|false
10:07:33.0 (61496938)|VARIABLE_ASSIGNMENT|[108]|u|{"s":1,"v":{"Id":"005D00000049FIzIAM","Name":"SomTv_SalesSteering  (6 more) ...","CurrencyIsoCode":"EUR"}}|0x4550ec1b
10:07:33.0 (61503589)|STATEMENT_EXECUTE|[108]
10:07:33.0 (61505699)|STATEMENT_EXECUTE|[109]
10:07:33.0 (61521753)|HEAP_ALLOCATE|[109]|Bytes:18
10:07:33.0 (61544843)|HEAP_ALLOCATE|[EXTERNAL]|Bytes:4
10:07:33.0 (61561898)|HEAP_ALLOCATE|[108]|Bytes:5
10:07:33.0 (61591272)|HEAP_ALLOCATE|[108]|Bytes:16
10:07:33.0 (61600674)|VARIABLE_SCOPE_BEGIN|[108]|u|User|true|false
10:07:33.0 (61615459)|VARIABLE_ASSIGNMENT|[108]|u|{"s":1,"v":{"Id":"005D00000049FJ0IAM","Name":"SomTv_TeamCRM Tester","CurrencyIsoCode":"EUR"}}|0x3727d4e2
10:07:33.0 (61618916)|STATEMENT_EXECUTE|[108]
10:07:33.0 (61620021)|STATEMENT_EXECUTE|[109]
10:07:33.0 (61633018)|HEAP_ALLOCATE|[109]|Bytes:18
10:07:33.0 (61653415)|HEAP_ALLOCATE|[EXTERNAL]|Bytes:4
10:07:33.0 (61665736)|HEAP_ALLOCATE|[108]|Bytes:5
10:07:33.0 (61684350)|HEAP_ALLOCATE|[108]|Bytes:16
10:07:33.0 (61691920)|VARIABLE_SCOPE_BEGIN|[108]|u|User|true|false
10:07:33.0 (61706879)|VARIABLE_ASSIGNMENT|[108]|u|{"s":1,"v":{"Id":"005D00000049FJ2IAM","Name":"Ven_Controlling Test (2 more) ...","CurrencyIsoCode":"EUR"}}|0x151657a1
10:07:33.0 (61710569)|STATEMENT_EXECUTE|[108]
10:07:33.0 (61711759)|STATEMENT_EXECUTE|[109]
10:07:33.0 (61722303)|HEAP_ALLOCATE|[109]|Bytes:18
10:07:33.0 (61736251)|HEAP_ALLOCATE|[EXTERNAL]|Bytes:4
10:07:33.0 (61747481)|HEAP_ALLOCATE|[108]|Bytes:5
10:07:33.0 (61765177)|HEAP_ALLOCATE|[108]|Bytes:16
10:07:33.0 (61772505)|VARIABLE_SCOPE_BEGIN|[108]|u|User|true|false
10:07:33.0 (61791390)|VARIABLE_ASSIGNMENT|[108]|u|{"s":1,"v":{"Id":"005D0000002jIReIAM","Name":"Ven_DataManager Test (2 more) ...","CurrencyIsoCode":"EUR"}}|0x60dc709a
10:07:33.0 (61794815)|STATEMENT_EXECUTE|[108]
10:07:33.0 (61795921)|STATEMENT_EXECUTE|[109]
10:07:33.0 (61806535)|HEAP_ALLOCATE|[109]|Bytes:18
10:07:33.0 (61820497)|HEAP_ALLOCATE|[EXTERNAL]|Bytes:4
10:07:33.0 (61831816)|HEAP_ALLOCATE|[108]|Bytes:5
10:07:33.0 (61849739)|HEAP_ALLOCATE|[108]|Bytes:16
10:07:33.0 (61857072)|VARIABLE_SCOPE_BEGIN|[108]|u|User|true|false
10:07:33.0 (61870502)|VARIABLE_ASSIGNMENT|[108]|u|{"s":1,"v":{"Id":"005D000000410gaIAA","Name":"Ven_Extern Tester","CurrencyIsoCode":"EUR"}}|0x22ae78ae
10:07:33.0 (61874059)|STATEMENT_EXECUTE|[108]
10:07:33.0 (61875311)|STATEMENT_EXECUTE|[109]
10:07:33.0 (61885404)|HEAP_ALLOCATE|[109]|Bytes:18
10:07:33.0 (61899115)|HEAP_ALLOCATE|[EXTERNAL]|Bytes:4
10:07:33.0 (61909948)|HEAP_ALLOCATE|[108]|Bytes:5
10:07:33.0 (61927743)|HEAP_ALLOCATE|[108]|Bytes:16
10:07:33.0 (61935041)|VARIABLE_SCOPE_BEGIN|[108]|u|User|true|false
10:07:33.0 (61955618)|VARIABLE_ASSIGNMENT|[108]|u|{"s":1,"v":{"Id":"005D00000049FJ3IAM","Name":"Ven_InvestmentManage (8 more) ...","CurrencyIsoCode":"EUR"}}|0x2ba738dd
10:07:33.0 (61960054)|STATEMENT_EXECUTE|[108]
10:07:33.0 (61961198)|STATEMENT_EXECUTE|[109]
10:07:33.0 (61972830)|HEAP_ALLOCATE|[109]|Bytes:18
10:07:33.0 (61987493)|HEAP_ALLOCATE|[EXTERNAL]|Bytes:4
10:07:33.0 (61999001)|HEAP_ALLOCATE|[108]|Bytes:5
10:07:33.0 (62016988)|HEAP_ALLOCATE|[108]|Bytes:16
10:07:33.0 (62025516)|VARIABLE_SCOPE_BEGIN|[108]|u|User|true|false
10:07:33.0 (62040175)|VARIABLE_ASSIGNMENT|[108]|u|{"s":1,"v":{"Id":"005D00000049FJ4IAM","Name":"Ven_MediaExpert Test (2 more) ...","CurrencyIsoCode":"EUR"}}|0xc2bd957
10:07:33.0 (62043962)|STATEMENT_EXECUTE|[108]
10:07:33.0 (62045173)|STATEMENT_EXECUTE|[109]
10:07:33.0 (62055440)|HEAP_ALLOCATE|[109]|Bytes:18
10:07:33.0 (62069295)|HEAP_ALLOCATE|[EXTERNAL]|Bytes:4
10:07:33.0 (62080116)|HEAP_ALLOCATE|[108]|Bytes:5
10:07:33.0 (62097574)|HEAP_ALLOCATE|[108]|Bytes:16
10:07:33.0 (62104921)|VARIABLE_SCOPE_BEGIN|[108]|u|User|true|false
10:07:33.0 (62117780)|VARIABLE_ASSIGNMENT|[108]|u|{"s":1,"v":{"Id":"005D00000049FJ5IAM","Name":"Ven_ReadOnly Tester","CurrencyIsoCode":"EUR"}}|0xff030e8
10:07:33.0 (62121091)|STATEMENT_EXECUTE|[108]
10:07:33.0 (62122150)|STATEMENT_EXECUTE|[109]
10:07:33.0 (62132313)|HEAP_ALLOCATE|[109]|Bytes:18
10:07:33.0 (62145810)|HEAP_ALLOCATE|[EXTERNAL]|Bytes:4
10:07:33.0 (62156556)|HEAP_ALLOCATE|[108]|Bytes:5
10:07:33.0 (62174379)|HEAP_ALLOCATE|[108]|Bytes:16
10:07:33.0 (62181481)|VARIABLE_SCOPE_BEGIN|[108]|u|User|true|false
10:07:33.0 (62194307)|VARIABLE_ASSIGNMENT|[108]|u|{"s":1,"v":{"Id":"005D00000049FJ6IAM","Name":"Ven_Standard Tester","CurrencyIsoCode":"EUR"}}|0x5eca52b0
10:07:33.0 (62197633)|STATEMENT_EXECUTE|[108]
10:07:33.0 (62198956)|STATEMENT_EXECUTE|[109]
10:07:33.0 (62208929)|HEAP_ALLOCATE|[109]|Bytes:18
10:07:33.0 (62222412)|HEAP_ALLOCATE|[EXTERNAL]|Bytes:4
10:07:33.0 (62233403)|HEAP_ALLOCATE|[108]|Bytes:5
10:07:33.0 (62244230)|VARIABLE_ASSIGNMENT|[108]|u|null|
10:07:33.0 (62247282)|STATEMENT_EXECUTE|[111]
10:07:33.0 (62515167)|SYSTEM_MODE_ENTER|true
10:07:33.0 (62550291)|HEAP_ALLOCATE|[EXTERNAL]|Bytes:52
10:07:33.0 (62558923)|VARIABLE_SCOPE_BEGIN|[114]|this|cls_P7S1_User_ChangeProfile|true|false
10:07:33.0 (62591115)|VARIABLE_ASSIGNMENT|[114]|this|{"currentUser":"0x5b7fb18b","ShowPanel":"Admin","userList":"0x47dff871"}|0x1c08878c
10:07:33.0 (62601618)|HEAP_ALLOCATE|[114]|Bytes:5
10:07:33.0 (62605270)|STATEMENT_EXECUTE|[114]
10:07:33.0 (62606429)|STATEMENT_EXECUTE|[114]
10:07:33.0 (64900121)|VF_SERIALIZE_VIEWSTATE_BEGIN|066D0000000V3u3
10:07:33.0 (68091208)|VF_SERIALIZE_VIEWSTATE_END
10:07:33.71 (71595548)|CUMULATIVE_LIMIT_USAGE
10:07:33.71 (71595548)|LIMIT_USAGE_FOR_NS|(default)|
  Number of SOQL queries: 2 out of 100
  Number of query rows: 26 out of 50000
  Number of SOSL queries: 0 out of 20
  Number of DML statements: 0 out of 150
  Number of DML rows: 0 out of 10000
  Maximum CPU time: 0 out of 10000
  Maximum heap size: 0 out of 6000000
  Number of callouts: 0 out of 100
  Number of Email Invocations: 0 out of 10
  Number of future calls: 0 out of 50
  Number of queueable jobs added to the queue: 0 out of 50
  Number of Mobile Apex push calls: 0 out of 10

10:07:33.71 (71595548)|CUMULATIVE_LIMIT_USAGE_END

10:07:33.0 (71632174)|CODE_UNIT_FINISHED|VF: /apex/vfp_P7S1_User_ChangeProfile
10:07:33.0 (72530233)|EXECUTION_FINISHED
