30.0 APEX_CODE,FINEST;APEX_PROFILING,INFO;CALLOUT,INFO;DB,INFO;SYSTEM,DEBUG;VALIDATION,INFO;VISUALFORCE,INFO;WORKFLOW,INFO
14:36:09.0 (899979)|USER_INFO|[EXTERNAL]|00557000005jeEC|p7s1.bschneider@factory42.com.kam|Mitteleuropäische Normalzeit|GMT+02:00
14:36:09.0 (985805)|EXECUTION_STARTED
14:36:09.0 (998948)|CODE_UNIT_STARTED|[EXTERNAL]|066D0000000V3u3|VF: /apex/vfp_P7S1_User_ChangeProfile
14:36:09.0 (12331091)|SYSTEM_MODE_ENTER|true
14:36:09.0 (12689682)|VARIABLE_SCOPE_BEGIN|[4]|cls_P7S1_User_ChangeProfile.PAGE_URL|String|false|true
14:36:09.0 (12699199)|VARIABLE_SCOPE_BEGIN|[5]|cls_P7S1_User_ChangeProfile.SITE_NAME|String|false|true
14:36:09.0 (12869935)|HEAP_ALLOCATE|[72]|Bytes:3
14:36:09.0 (12937978)|HEAP_ALLOCATE|[77]|Bytes:152
14:36:09.0 (12957158)|HEAP_ALLOCATE|[342]|Bytes:408
14:36:09.0 (12976746)|HEAP_ALLOCATE|[355]|Bytes:408
14:36:09.0 (12995532)|HEAP_ALLOCATE|[467]|Bytes:48
14:36:09.0 (13031111)|HEAP_ALLOCATE|[139]|Bytes:6
14:36:09.0 (13054396)|HEAP_ALLOCATE|[EXTERNAL]|Bytes:328
14:36:09.0 (13060932)|HEAP_ALLOCATE|[EXTERNAL]|Bytes:73
14:36:09.0 (13064138)|HEAP_ALLOCATE|[EXTERNAL]|Bytes:26
14:36:09.0 (13067462)|HEAP_ALLOCATE|[EXTERNAL]|Bytes:28
14:36:09.0 (13111915)|VARIABLE_ASSIGNMENT|[EXTERNAL]|cls_P7S1_User_ChangeProfile.PAGE_URL|"/vfp_P7S1_User_Chang (8 more) ..."
14:36:09.0 (13116401)|HEAP_ALLOCATE|[EXTERNAL]|Bytes:13
14:36:09.0 (13123552)|VARIABLE_ASSIGNMENT|[EXTERNAL]|cls_P7S1_User_ChangeProfile.SITE_NAME|"ChangeProfile"
14:36:09.0 (13139334)|METHOD_ENTRY|[1]|01pD0000000KT71|cls_P7S1_User_ChangeProfile.cls_P7S1_User_ChangeProfile()
14:36:09.0 (13143397)|STATEMENT_EXECUTE|[1]
14:36:09.0 (13151183)|STATEMENT_EXECUTE|[1]
14:36:09.0 (13193129)|HEAP_ALLOCATE|[50]|Bytes:5
14:36:09.0 (13221277)|HEAP_ALLOCATE|[56]|Bytes:5
14:36:09.0 (13229290)|HEAP_ALLOCATE|[64]|Bytes:7
14:36:09.0 (13267247)|HEAP_ALLOCATE|[EXTERNAL]|Bytes:5
14:36:09.0 (13284383)|METHOD_EXIT|[1]|cls_P7S1_User_ChangeProfile
14:36:09.0 (13532338)|HEAP_ALLOCATE|[EXTERNAL]|Bytes:52
14:36:09.0 (13544667)|VARIABLE_SCOPE_BEGIN|[43]|this|cls_P7S1_User_ChangeProfile|true|false
14:36:09.0 (13636038)|VARIABLE_ASSIGNMENT|[43]|this|{}|0x20f6e2f1
14:36:09.0 (13648044)|HEAP_ALLOCATE|[EXTERNAL]|Bytes:5
14:36:09.0 (13651699)|STATEMENT_EXECUTE|[1]
14:36:09.0 (13654384)|HEAP_ALLOCATE|[EXTERNAL]|Bytes:5
14:36:09.0 (13656067)|STATEMENT_EXECUTE|[6]
14:36:09.0 (13657547)|STATEMENT_EXECUTE|[8]
14:36:09.0 (13658504)|STATEMENT_EXECUTE|[9]
14:36:09.0 (13659436)|STATEMENT_EXECUTE|[10]
14:36:09.0 (13660508)|STATEMENT_EXECUTE|[12]
14:36:09.0 (13661497)|STATEMENT_EXECUTE|[13]
14:36:09.0 (13662402)|STATEMENT_EXECUTE|[14]
14:36:09.0 (13663332)|STATEMENT_EXECUTE|[38]
14:36:09.0 (13664430)|STATEMENT_EXECUTE|[39]
14:36:09.0 (13665361)|STATEMENT_EXECUTE|[40]
14:36:09.0 (13666296)|STATEMENT_EXECUTE|[100]
14:36:09.0 (13667536)|STATEMENT_EXECUTE|[113]
14:36:09.0 (13676843)|HEAP_ALLOCATE|[EXTERNAL]|Bytes:6
14:36:09.0 (13698101)|STATEMENT_EXECUTE|[43]
14:36:09.0 (13885109)|HEAP_ALLOCATE|[EXTERNAL]|Bytes:52
14:36:09.0 (13895930)|VARIABLE_SCOPE_BEGIN|[46]|this|cls_P7S1_User_ChangeProfile|true|false
14:36:09.0 (13922827)|VARIABLE_ASSIGNMENT|[46]|this|{}|0x20f6e2f1
14:36:09.0 (13938849)|HEAP_ALLOCATE|[47]|Bytes:5
14:36:09.0 (13942419)|STATEMENT_EXECUTE|[46]
14:36:09.0 (13943693)|STATEMENT_EXECUTE|[47]
14:36:09.0 (14071827)|HEAP_ALLOCATE|[47]|Bytes:294
14:36:09.0 (14148832)|HEAP_ALLOCATE|[47]|Bytes:257
14:36:09.0 (14167709)|HEAP_ALLOCATE|[47]|Bytes:9
14:36:09.0 (14196736)|VARIABLE_SCOPE_BEGIN|[47]|profileId|String|false|false
14:36:09.0 (14204632)|VARIABLE_ASSIGNMENT|[47]|profileId|null
14:36:09.0 (14207347)|STATEMENT_EXECUTE|[48]
14:36:09.0 (14236869)|METHOD_ENTRY|[48]|01pD0000000KT71|cls_P7S1_User_ChangeProfile.initializeView()
14:36:09.0 (14256414)|VARIABLE_SCOPE_BEGIN|[51]|this|cls_P7S1_User_ChangeProfile|true|false
14:36:09.0 (14283691)|VARIABLE_ASSIGNMENT|[51]|this|{}|0x20f6e2f1
14:36:09.0 (14292851)|HEAP_ALLOCATE|[52]|Bytes:5
14:36:09.0 (14296148)|STATEMENT_EXECUTE|[51]
14:36:09.0 (14297443)|STATEMENT_EXECUTE|[52]
14:36:09.0 (14359452)|VARIABLE_ASSIGNMENT|[EXTERNAL]|this|{}|0x20f6e2f1
14:36:09.0 (14367667)|VARIABLE_ASSIGNMENT|[EXTERNAL]|value|null
14:36:09.0 (14380580)|VARIABLE_ASSIGNMENT|[14]|this.ShowPanel|null|0x20f6e2f1
14:36:09.0 (14388067)|STATEMENT_EXECUTE|[53]
14:36:09.0 (14391938)|HEAP_ALLOCATE|[53]|Bytes:7
14:36:09.0 (14433889)|USER_DEBUG|[53]|DEBUG|###View
14:36:09.0 (14440928)|STATEMENT_EXECUTE|[54]
14:36:09.0 (14443999)|HEAP_ALLOCATE|[54]|Bytes:145
14:36:09.0 (14454364)|HEAP_ALLOCATE|[54]|Bytes:4
14:36:09.0 (14465697)|HEAP_ALLOCATE|[54]|Bytes:7
14:36:09.0 (14510566)|HEAP_ALLOCATE|[57]|Bytes:85
14:36:09.0 (14523995)|SYSTEM_METHOD_ENTRY|[1]|UserInfo.UserInfo()
14:36:09.0 (14527279)|STATEMENT_EXECUTE|[1]
14:36:09.0 (14535986)|SYSTEM_METHOD_EXIT|[1]|UserInfo
14:36:09.0 (14548061)|METHOD_ENTRY|[57]||System.UserInfo.getUserId()
14:36:09.0 (14589184)|METHOD_EXIT|[57]||System.UserInfo.getUserId()
14:36:09.0 (18815923)|SOQL_EXECUTE_BEGIN|[54]|Aggregations:0|SELECT Id, Name, UserName, ProfileId, Profile.UserLicenseId, Profile.Name, Email, P7S1_ShowTestuserLinks__c FROM User WHERE Id = :tmpVar1 LIMIT 1
14:36:09.0 (62721876)|SOQL_EXECUTE_END|[54]|Rows:1
14:36:09.0 (62766322)|HEAP_ALLOCATE|[54]|Bytes:8
14:36:09.0 (62798856)|HEAP_ALLOCATE|[54]|Bytes:320
14:36:09.0 (62862698)|HEAP_ALLOCATE|[54]|Bytes:8
14:36:09.0 (62887809)|HEAP_ALLOCATE|[54]|Bytes:30
14:36:09.0 (63008869)|HEAP_ALLOCATE|[54]|Bytes:36
14:36:09.0 (63137179)|VARIABLE_ASSIGNMENT|[EXTERNAL]|this|{}|0x20f6e2f1
14:36:09.0 (63184838)|VARIABLE_ASSIGNMENT|[EXTERNAL]|value|{"s":1,"v":{"Id":"00557000005jeECAAY","Name":"Benjamin Schneider","Username":"p7s1.bschneider@fact (13 more) ...","ProfileId":"00e20000000lfOjAAI","Email":"bschneider@factory42 (4 more) ...","P7S1_ShowTestuserLin (5 more) ...":true,"CurrencyIsoCode":"EUR","Profile":{"s":2,"v":{"UserLicenseId":"100200000009H1sAAE","Name":"Systemadministrator","Id":"00e20000000lfOjAAI"}}}}|0x73383a0e
14:36:09.0 (63220714)|VARIABLE_ASSIGNMENT|[8]|this.currentUser|{"s":1,"v":{"Id":"00557000005jeECAAY","Name":"Benjamin Schneider","Username":"p7s1.bschneider@fact (13 more) ...","ProfileId":"00e20000000lfOjAAI","Email":"bschneider@factory42 (4 more) ...","P7S1_ShowTestuserLin (5 more) ...":true,"CurrencyIsoCode":"EUR","Profile":{"s":2,"v":{"UserLicenseId":"100200000009H1sAAE","Name":"Systemadministrator","Id":"00e20000000lfOjAAI"}}}}|0x20f6e2f1
14:36:09.0 (63256024)|METHOD_ENTRY|[61]||System.UserInfo.getProfileId()
14:36:09.0 (63324374)|METHOD_EXIT|[61]||System.UserInfo.getProfileId()
14:36:09.0 (63349193)|HEAP_ALLOCATE|[61]|Bytes:4
14:36:09.0 (63355920)|HEAP_ALLOCATE|[61]|Bytes:18
14:36:09.0 (63377633)|HEAP_ALLOCATE|[61]|Bytes:4
14:36:09.0 (63410676)|STATEMENT_EXECUTE|[61]
14:36:09.0 (63413490)|STATEMENT_EXECUTE|[62]
14:36:09.0 (63416613)|HEAP_ALLOCATE|[62]|Bytes:5
14:36:09.0 (63474117)|VARIABLE_ASSIGNMENT|[EXTERNAL]|this|{"currentUser":"0x73383a0e"}|0x20f6e2f1
14:36:09.0 (63481403)|VARIABLE_ASSIGNMENT|[EXTERNAL]|value|"Admin"
14:36:09.0 (63493594)|VARIABLE_ASSIGNMENT|[14]|this.ShowPanel|"Admin"|0x20f6e2f1
14:36:09.0 (63500945)|STATEMENT_EXECUTE|[63]
14:36:09.0 (63504793)|HEAP_ALLOCATE|[63]|Bytes:128
14:36:09.0 (63518050)|HEAP_ALLOCATE|[63]|Bytes:4
14:36:09.0 (63852779)|SOQL_EXECUTE_BEGIN|[63]|Aggregations:0|SELECT Id, Name FROM User WHERE (P7S1_UserType__c = 'System_Tester' AND isActive = TRUE) ORDER BY Name ASC NULLS FIRST LIMIT 100
14:36:09.0 (76316199)|SOQL_EXECUTE_END|[63]|Rows:25
14:36:09.0 (76405885)|HEAP_ALLOCATE|[63]|Bytes:104
14:36:09.0 (76535755)|HEAP_ALLOCATE|[63]|Bytes:1973
14:36:09.0 (76611348)|HEAP_ALLOCATE|[63]|Bytes:104
14:36:09.0 (76909126)|VARIABLE_ASSIGNMENT|[EXTERNAL]|this|{"currentUser":"0x73383a0e","ShowPanel":"Admin"}|0x20f6e2f1
14:36:09.0 (76976636)|VARIABLE_ASSIGNMENT|[EXTERNAL]|value|{"s":1,"v":"List of size 25 too large to display"}|0x2fb16feb
14:36:09.0 (77045084)|VARIABLE_ASSIGNMENT|[10]|this.userList|{"s":1,"v":"List of size 25 too large to display"}|0x20f6e2f1
14:36:09.0 (77081554)|STATEMENT_EXECUTE|[88]
14:36:09.0 (77120172)|METHOD_EXIT|[48]|01pD0000000KT71|cls_P7S1_User_ChangeProfile.initializeView()
14:36:09.0 (78793560)|SYSTEM_MODE_ENTER|true
14:36:09.79 (79395157)|SYSTEM_MODE_ENTER|true
14:36:09.79 (79471633)|HEAP_ALLOCATE|[EXTERNAL]|Bytes:120
14:36:09.79 (79480990)|HEAP_ALLOCATE|[EXTERNAL]|Bytes:10
14:36:09.79 (79500293)|SYSTEM_METHOD_ENTRY|[1]|pagemessagecomponentcontroller.pagemessagecomponentcontroller()
14:36:09.79 (79505253)|STATEMENT_EXECUTE|[1]
14:36:09.0 (95118634)|HEAP_ALLOCATE|[105]|Bytes:5
14:36:09.0 (95138840)|STATEMENT_EXECUTE|[104]
14:36:09.0 (95142355)|STATEMENT_EXECUTE|[105]
14:36:09.0 (95172320)|VARIABLE_ASSIGNMENT|[105]|this.selUserId|null|0x20f6e2f1
14:36:09.0 (95175680)|STATEMENT_EXECUTE|[106]
14:36:09.0 (95185256)|HEAP_ALLOCATE|[106]|Bytes:4
14:36:09.0 (95232261)|VARIABLE_SCOPE_BEGIN|[106]|options|List<System.SelectOption>|true|false
14:36:09.0 (95278051)|HEAP_ALLOCATE|[EXTERNAL]|Bytes:4
14:36:09.0 (95302673)|VARIABLE_ASSIGNMENT|[106]|options|{"s":1,"v":[]}|0x6f6a6656
14:36:09.0 (95305680)|STATEMENT_EXECUTE|[107]
14:36:09.0 (95322625)|HEAP_ALLOCATE|[107]|Bytes:10
14:36:09.0 (95399497)|HEAP_ALLOCATE|[EXTERNAL]|Bytes:4
14:36:09.0 (95488317)|VARIABLE_ASSIGNMENT|[EXTERNAL]|this|{"currentUser":"0x73383a0e","ShowPanel":"Admin","userList":"0x2fb16feb"}|0x20f6e2f1
14:36:09.0 (95730348)|HEAP_ALLOCATE|[108]|Bytes:5
14:36:09.0 (95770163)|HEAP_ALLOCATE|[108]|Bytes:16
14:36:09.0 (95783876)|VARIABLE_SCOPE_BEGIN|[108]|u|User|true|false
14:36:09.0 (95806285)|VARIABLE_ASSIGNMENT|[108]|u|{"s":1,"v":{"Id":"005D0000002QDFYIA4","Name":"Aer_Default Tester","CurrencyIsoCode":"EUR"}}|0x76649a63
14:36:09.0 (95810438)|STATEMENT_EXECUTE|[108]
14:36:09.0 (95811920)|STATEMENT_EXECUTE|[109]
14:36:09.0 (95855171)|HEAP_ALLOCATE|[109]|Bytes:18
14:36:09.0 (95912569)|HEAP_ALLOCATE|[EXTERNAL]|Bytes:4
14:36:09.0 (95927744)|HEAP_ALLOCATE|[108]|Bytes:5
14:36:09.0 (95948934)|HEAP_ALLOCATE|[108]|Bytes:16
14:36:09.0 (95956844)|VARIABLE_SCOPE_BEGIN|[108]|u|User|true|false
14:36:09.0 (95972987)|VARIABLE_ASSIGNMENT|[108]|u|{"s":1,"v":{"Id":"00557000005jeLcAAI","Name":"MA_Default Tester","CurrencyIsoCode":"EUR"}}|0x5fd88460
14:36:09.0 (95976634)|STATEMENT_EXECUTE|[108]
14:36:09.0 (95977931)|STATEMENT_EXECUTE|[109]
14:36:09.0 (95989903)|HEAP_ALLOCATE|[109]|Bytes:18
14:36:09.0 (96005059)|HEAP_ALLOCATE|[EXTERNAL]|Bytes:4
14:36:09.0 (96017794)|HEAP_ALLOCATE|[108]|Bytes:5
14:36:09.0 (96037447)|HEAP_ALLOCATE|[108]|Bytes:16
14:36:09.0 (96044452)|VARIABLE_SCOPE_BEGIN|[108]|u|User|true|false
14:36:09.0 (96061972)|VARIABLE_ASSIGNMENT|[108]|u|{"s":1,"v":{"Id":"005D00000047YCbIAM","Name":"P7S1_Interface Teste (1 more) ...","CurrencyIsoCode":"EUR"}}|0x1720fff
14:36:09.0 (96065900)|STATEMENT_EXECUTE|[108]
14:36:09.0 (96067081)|STATEMENT_EXECUTE|[109]
14:36:09.0 (96078282)|HEAP_ALLOCATE|[109]|Bytes:18
14:36:09.0 (96091969)|HEAP_ALLOCATE|[EXTERNAL]|Bytes:4
14:36:09.0 (96103279)|HEAP_ALLOCATE|[108]|Bytes:5
14:36:09.0 (96122147)|HEAP_ALLOCATE|[108]|Bytes:16
14:36:09.0 (96128843)|VARIABLE_SCOPE_BEGIN|[108]|u|User|true|false
14:36:09.0 (96143192)|VARIABLE_ASSIGNMENT|[108]|u|{"s":1,"v":{"Id":"005D0000004qFkAIAU","Name":"Sgn_Default Tester","CurrencyIsoCode":"EUR"}}|0x783ade4b
14:36:09.0 (96146488)|STATEMENT_EXECUTE|[108]
14:36:09.0 (96147681)|STATEMENT_EXECUTE|[109]
14:36:09.0 (96158595)|HEAP_ALLOCATE|[109]|Bytes:18
14:36:09.0 (96171863)|HEAP_ALLOCATE|[EXTERNAL]|Bytes:4
14:36:09.0 (96182741)|HEAP_ALLOCATE|[108]|Bytes:5
14:36:09.0 (96201268)|HEAP_ALLOCATE|[108]|Bytes:16
14:36:09.0 (96208018)|VARIABLE_SCOPE_BEGIN|[108]|u|User|true|false
14:36:09.0 (96222091)|VARIABLE_ASSIGNMENT|[108]|u|{"s":1,"v":{"Id":"005D00000052oAVIAY","Name":"SomAt Tester","CurrencyIsoCode":"EUR"}}|0x2a5ff4ad
14:36:09.0 (96225449)|STATEMENT_EXECUTE|[108]
14:36:09.0 (96226650)|STATEMENT_EXECUTE|[109]
14:36:09.0 (96237398)|HEAP_ALLOCATE|[109]|Bytes:18
14:36:09.0 (96250632)|HEAP_ALLOCATE|[EXTERNAL]|Bytes:4
14:36:09.0 (96261426)|HEAP_ALLOCATE|[108]|Bytes:5
14:36:09.0 (96279847)|HEAP_ALLOCATE|[108]|Bytes:16
14:36:09.0 (96286644)|VARIABLE_SCOPE_BEGIN|[108]|u|User|true|false
14:36:09.0 (96301316)|VARIABLE_ASSIGNMENT|[108]|u|{"s":1,"v":{"Id":"005D0000002jJFZIA2","Name":"SomDig_AdTech Tester","CurrencyIsoCode":"EUR"}}|0x313f8e02
14:36:09.0 (96304693)|STATEMENT_EXECUTE|[108]
14:36:09.0 (96305887)|STATEMENT_EXECUTE|[109]
14:36:09.0 (96316383)|HEAP_ALLOCATE|[109]|Bytes:18
14:36:09.0 (96329726)|HEAP_ALLOCATE|[EXTERNAL]|Bytes:4
14:36:09.0 (96340446)|HEAP_ALLOCATE|[108]|Bytes:5
14:36:09.0 (96358520)|HEAP_ALLOCATE|[108]|Bytes:16
14:36:09.0 (96365296)|VARIABLE_SCOPE_BEGIN|[108]|u|User|true|false
14:36:09.0 (96380225)|VARIABLE_ASSIGNMENT|[108]|u|{"s":1,"v":{"Id":"005D00000049FIoIAM","Name":"SomDig_Billing Teste (1 more) ...","CurrencyIsoCode":"EUR"}}|0x2023622d
14:36:09.0 (96384171)|STATEMENT_EXECUTE|[108]
14:36:09.0 (96385705)|STATEMENT_EXECUTE|[109]
14:36:09.0 (96396271)|HEAP_ALLOCATE|[109]|Bytes:18
14:36:09.0 (96409824)|HEAP_ALLOCATE|[EXTERNAL]|Bytes:4
14:36:09.0 (96420509)|HEAP_ALLOCATE|[108]|Bytes:5
14:36:09.0 (96438556)|HEAP_ALLOCATE|[108]|Bytes:16
14:36:09.0 (96445222)|VARIABLE_SCOPE_BEGIN|[108]|u|User|true|false
14:36:09.0 (96463671)|VARIABLE_ASSIGNMENT|[108]|u|{"s":1,"v":{"Id":"005D00000049FIpIAM","Name":"SomDig_PAM Tester","CurrencyIsoCode":"EUR"}}|0xec538e4
14:36:09.0 (96467060)|STATEMENT_EXECUTE|[108]
14:36:09.0 (96468204)|STATEMENT_EXECUTE|[109]
14:36:09.0 (96479193)|HEAP_ALLOCATE|[109]|Bytes:18
14:36:09.0 (96492953)|HEAP_ALLOCATE|[EXTERNAL]|Bytes:4
14:36:09.0 (96503792)|HEAP_ALLOCATE|[108]|Bytes:5
14:36:09.0 (96521799)|HEAP_ALLOCATE|[108]|Bytes:16
14:36:09.0 (96528570)|VARIABLE_SCOPE_BEGIN|[108]|u|User|true|false
14:36:09.0 (96542518)|VARIABLE_ASSIGNMENT|[108]|u|{"s":1,"v":{"Id":"005D00000049FIqIAM","Name":"SomDig_PM Tester","CurrencyIsoCode":"EUR"}}|0x5bea4f0d
14:36:09.0 (96545713)|STATEMENT_EXECUTE|[108]
14:36:09.0 (96547484)|STATEMENT_EXECUTE|[109]
14:36:09.0 (96558012)|HEAP_ALLOCATE|[109]|Bytes:18
14:36:09.0 (96570991)|HEAP_ALLOCATE|[EXTERNAL]|Bytes:4
14:36:09.0 (96581473)|HEAP_ALLOCATE|[108]|Bytes:5
14:36:09.0 (96599659)|HEAP_ALLOCATE|[108]|Bytes:16
14:36:09.0 (96606257)|VARIABLE_SCOPE_BEGIN|[108]|u|User|true|false
14:36:09.0 (96619797)|VARIABLE_ASSIGNMENT|[108]|u|{"s":1,"v":{"Id":"005D0000001VrNRIA0","Name":"SomDig_Sales Tester","CurrencyIsoCode":"EUR"}}|0x16e895ec
14:36:09.0 (96623195)|STATEMENT_EXECUTE|[108]
14:36:09.0 (96624339)|STATEMENT_EXECUTE|[109]
14:36:09.0 (96634763)|HEAP_ALLOCATE|[109]|Bytes:18
14:36:09.0 (96647935)|HEAP_ALLOCATE|[EXTERNAL]|Bytes:4
14:36:09.0 (96658783)|HEAP_ALLOCATE|[108]|Bytes:5
14:36:09.0 (96677218)|HEAP_ALLOCATE|[108]|Bytes:16
14:36:09.0 (96683991)|VARIABLE_SCOPE_BEGIN|[108]|u|User|true|false
14:36:09.0 (96697547)|VARIABLE_ASSIGNMENT|[108]|u|{"s":1,"v":{"Id":"005D0000004rQF5IAM","Name":"Som_ReadOnly Tester","CurrencyIsoCode":"EUR"}}|0x2d61af16
14:36:09.0 (96700758)|STATEMENT_EXECUTE|[108]
14:36:09.0 (96702261)|STATEMENT_EXECUTE|[109]
14:36:09.0 (96712886)|HEAP_ALLOCATE|[109]|Bytes:18
14:36:09.0 (96725856)|HEAP_ALLOCATE|[EXTERNAL]|Bytes:4
14:36:09.0 (96736424)|HEAP_ALLOCATE|[108]|Bytes:5
14:36:09.0 (96754153)|HEAP_ALLOCATE|[108]|Bytes:16
14:36:09.0 (96760890)|VARIABLE_SCOPE_BEGIN|[108]|u|User|true|false
14:36:09.0 (96775300)|VARIABLE_ASSIGNMENT|[108]|u|{"s":1,"v":{"Id":"005D00000049FIrIAM","Name":"SomTv_ADFactory Test (2 more) ...","CurrencyIsoCode":"EUR"}}|0xac4a046
14:36:09.0 (96778844)|STATEMENT_EXECUTE|[108]
14:36:09.0 (96779938)|STATEMENT_EXECUTE|[109]
14:36:09.0 (96790237)|HEAP_ALLOCATE|[109]|Bytes:18
14:36:09.0 (96803262)|HEAP_ALLOCATE|[EXTERNAL]|Bytes:4
14:36:09.0 (96813772)|HEAP_ALLOCATE|[108]|Bytes:5
14:36:09.0 (96831970)|HEAP_ALLOCATE|[108]|Bytes:16
14:36:09.0 (96838706)|VARIABLE_SCOPE_BEGIN|[108]|u|User|true|false
14:36:09.0 (96852723)|VARIABLE_ASSIGNMENT|[108]|u|{"s":1,"v":{"Id":"005D00000049FItIAM","Name":"SomTv_Marketing Test (2 more) ...","CurrencyIsoCode":"EUR"}}|0x35f1434
14:36:09.0 (96855929)|STATEMENT_EXECUTE|[108]
14:36:09.0 (96857164)|STATEMENT_EXECUTE|[109]
14:36:09.0 (96867478)|HEAP_ALLOCATE|[109]|Bytes:18
14:36:09.0 (96880574)|HEAP_ALLOCATE|[EXTERNAL]|Bytes:4
14:36:09.0 (96891048)|HEAP_ALLOCATE|[108]|Bytes:5
14:36:09.0 (96908818)|HEAP_ALLOCATE|[108]|Bytes:16
14:36:09.0 (96915556)|VARIABLE_SCOPE_BEGIN|[108]|u|User|true|false
14:36:09.0 (96929044)|VARIABLE_ASSIGNMENT|[108]|u|{"s":1,"v":{"Id":"005D00000049FIuIAM","Name":"SomTv_RM Tester","CurrencyIsoCode":"EUR"}}|0x514aa646
14:36:09.0 (96932404)|STATEMENT_EXECUTE|[108]
14:36:09.0 (96933521)|STATEMENT_EXECUTE|[109]
14:36:09.0 (96943751)|HEAP_ALLOCATE|[109]|Bytes:18
14:36:09.0 (96956886)|HEAP_ALLOCATE|[EXTERNAL]|Bytes:4
14:36:09.0 (96967341)|HEAP_ALLOCATE|[108]|Bytes:5
14:36:09.0 (96985710)|HEAP_ALLOCATE|[108]|Bytes:16
14:36:09.0 (96992366)|VARIABLE_SCOPE_BEGIN|[108]|u|User|true|false
14:36:09.0 (97005528)|VARIABLE_ASSIGNMENT|[108]|u|{"s":1,"v":{"Id":"005D00000049FIvIAM","Name":"SomTv_Sales Tester","CurrencyIsoCode":"EUR"}}|0x71f3aa66
14:36:09.0 (97010280)|STATEMENT_EXECUTE|[108]
14:36:09.0 (97011490)|STATEMENT_EXECUTE|[109]
14:36:09.0 (97022010)|HEAP_ALLOCATE|[109]|Bytes:18
14:36:09.0 (97035125)|HEAP_ALLOCATE|[EXTERNAL]|Bytes:4
14:36:09.0 (97045977)|HEAP_ALLOCATE|[108]|Bytes:5
14:36:09.0 (97063786)|HEAP_ALLOCATE|[108]|Bytes:16
14:36:09.0 (97070486)|VARIABLE_SCOPE_BEGIN|[108]|u|User|true|false
14:36:09.0 (97084878)|VARIABLE_ASSIGNMENT|[108]|u|{"s":1,"v":{"Id":"005D00000049FIyIAM","Name":"SomTv_SalesManagemen (8 more) ...","CurrencyIsoCode":"EUR"}}|0x5e1ae28e
14:36:09.0 (97088555)|STATEMENT_EXECUTE|[108]
14:36:09.0 (97089679)|STATEMENT_EXECUTE|[109]
14:36:09.0 (97099966)|HEAP_ALLOCATE|[109]|Bytes:18
14:36:09.0 (97113154)|HEAP_ALLOCATE|[EXTERNAL]|Bytes:4
14:36:09.0 (97123561)|HEAP_ALLOCATE|[108]|Bytes:5
14:36:09.0 (97142082)|HEAP_ALLOCATE|[108]|Bytes:16
14:36:09.0 (97148749)|VARIABLE_SCOPE_BEGIN|[108]|u|User|true|false
14:36:09.0 (97163049)|VARIABLE_ASSIGNMENT|[108]|u|{"s":1,"v":{"Id":"005D00000049FIzIAM","Name":"SomTv_SalesSteering  (6 more) ...","CurrencyIsoCode":"EUR"}}|0x251fb3cd
14:36:09.0 (97166267)|STATEMENT_EXECUTE|[108]
14:36:09.0 (97167496)|STATEMENT_EXECUTE|[109]
14:36:09.0 (97177861)|HEAP_ALLOCATE|[109]|Bytes:18
14:36:09.0 (97190855)|HEAP_ALLOCATE|[EXTERNAL]|Bytes:4
14:36:09.0 (97201451)|HEAP_ALLOCATE|[108]|Bytes:5
14:36:09.0 (97219352)|HEAP_ALLOCATE|[108]|Bytes:16
14:36:09.0 (97226053)|VARIABLE_SCOPE_BEGIN|[108]|u|User|true|false
14:36:09.0 (97239360)|VARIABLE_ASSIGNMENT|[108]|u|{"s":1,"v":{"Id":"005D00000049FJ0IAM","Name":"SomTv_TeamCRM Tester","CurrencyIsoCode":"EUR"}}|0x216359be
14:36:09.0 (97242888)|STATEMENT_EXECUTE|[108]
14:36:09.0 (97244005)|STATEMENT_EXECUTE|[109]
14:36:09.0 (97254231)|HEAP_ALLOCATE|[109]|Bytes:18
14:36:09.0 (97267144)|HEAP_ALLOCATE|[EXTERNAL]|Bytes:4
14:36:09.0 (97277423)|HEAP_ALLOCATE|[108]|Bytes:5
14:36:09.0 (97295430)|HEAP_ALLOCATE|[108]|Bytes:16
14:36:09.0 (97302014)|VARIABLE_SCOPE_BEGIN|[108]|u|User|true|false
14:36:09.0 (97316072)|VARIABLE_ASSIGNMENT|[108]|u|{"s":1,"v":{"Id":"005D00000049FJ2IAM","Name":"Ven_Controlling Test (2 more) ...","CurrencyIsoCode":"EUR"}}|0x4daf676e
14:36:09.0 (97319336)|STATEMENT_EXECUTE|[108]
14:36:09.0 (97320557)|STATEMENT_EXECUTE|[109]
14:36:09.0 (97330761)|HEAP_ALLOCATE|[109]|Bytes:18
14:36:09.0 (97343814)|HEAP_ALLOCATE|[EXTERNAL]|Bytes:4
14:36:09.0 (97354132)|HEAP_ALLOCATE|[108]|Bytes:5
14:36:09.0 (97371857)|HEAP_ALLOCATE|[108]|Bytes:16
14:36:09.0 (97378595)|VARIABLE_SCOPE_BEGIN|[108]|u|User|true|false
14:36:09.0 (97392806)|VARIABLE_ASSIGNMENT|[108]|u|{"s":1,"v":{"Id":"005D0000002jIReIAM","Name":"Ven_DataManager Test (2 more) ...","CurrencyIsoCode":"EUR"}}|0x44a8f2c7
14:36:09.0 (97396275)|STATEMENT_EXECUTE|[108]
14:36:09.0 (97397384)|STATEMENT_EXECUTE|[109]
14:36:09.0 (97407575)|HEAP_ALLOCATE|[109]|Bytes:18
14:36:09.0 (97420708)|HEAP_ALLOCATE|[EXTERNAL]|Bytes:4
14:36:09.0 (97431560)|HEAP_ALLOCATE|[108]|Bytes:5
14:36:09.0 (97453138)|HEAP_ALLOCATE|[108]|Bytes:16
14:36:09.0 (97460493)|VARIABLE_SCOPE_BEGIN|[108]|u|User|true|false
14:36:09.0 (97474149)|VARIABLE_ASSIGNMENT|[108]|u|{"s":1,"v":{"Id":"005D000000410gaIAA","Name":"Ven_Extern Tester","CurrencyIsoCode":"EUR"}}|0x1cf1a044
14:36:09.0 (97477734)|STATEMENT_EXECUTE|[108]
14:36:09.0 (97478869)|STATEMENT_EXECUTE|[109]
14:36:09.0 (97489446)|HEAP_ALLOCATE|[109]|Bytes:18
14:36:09.0 (97502847)|HEAP_ALLOCATE|[EXTERNAL]|Bytes:4
14:36:09.0 (97513656)|HEAP_ALLOCATE|[108]|Bytes:5
14:36:09.0 (97531680)|HEAP_ALLOCATE|[108]|Bytes:16
14:36:09.0 (97538459)|VARIABLE_SCOPE_BEGIN|[108]|u|User|true|false
14:36:09.0 (97552602)|VARIABLE_ASSIGNMENT|[108]|u|{"s":1,"v":{"Id":"005D00000049FJ3IAM","Name":"Ven_InvestmentManage (8 more) ...","CurrencyIsoCode":"EUR"}}|0x2764b4cd
14:36:09.0 (97555996)|STATEMENT_EXECUTE|[108]
14:36:09.0 (97557229)|STATEMENT_EXECUTE|[109]
14:36:09.0 (97567561)|HEAP_ALLOCATE|[109]|Bytes:18
14:36:09.0 (97580663)|HEAP_ALLOCATE|[EXTERNAL]|Bytes:4
14:36:09.0 (97591409)|HEAP_ALLOCATE|[108]|Bytes:5
14:36:09.0 (97609578)|HEAP_ALLOCATE|[108]|Bytes:16
14:36:09.0 (97616270)|VARIABLE_SCOPE_BEGIN|[108]|u|User|true|false
14:36:09.0 (97631297)|VARIABLE_ASSIGNMENT|[108]|u|{"s":1,"v":{"Id":"005D00000049FJ4IAM","Name":"Ven_MediaExpert Test (2 more) ...","CurrencyIsoCode":"EUR"}}|0x11c62358
14:36:09.0 (97634386)|STATEMENT_EXECUTE|[108]
14:36:09.0 (97635533)|STATEMENT_EXECUTE|[109]
14:36:09.0 (97645778)|HEAP_ALLOCATE|[109]|Bytes:18
14:36:09.0 (97659255)|HEAP_ALLOCATE|[EXTERNAL]|Bytes:4
14:36:09.0 (97669840)|HEAP_ALLOCATE|[108]|Bytes:5
14:36:09.0 (97688077)|HEAP_ALLOCATE|[108]|Bytes:16
14:36:09.0 (97694850)|VARIABLE_SCOPE_BEGIN|[108]|u|User|true|false
14:36:09.0 (97708321)|VARIABLE_ASSIGNMENT|[108]|u|{"s":1,"v":{"Id":"005D00000049FJ5IAM","Name":"Ven_ReadOnly Tester","CurrencyIsoCode":"EUR"}}|0x12fbc56d
14:36:09.0 (97711689)|STATEMENT_EXECUTE|[108]
14:36:09.0 (97712779)|STATEMENT_EXECUTE|[109]
14:36:09.0 (97723016)|HEAP_ALLOCATE|[109]|Bytes:18
14:36:09.0 (97736206)|HEAP_ALLOCATE|[EXTERNAL]|Bytes:4
14:36:09.0 (97746595)|HEAP_ALLOCATE|[108]|Bytes:5
14:36:09.0 (97764420)|HEAP_ALLOCATE|[108]|Bytes:16
14:36:09.0 (97771111)|VARIABLE_SCOPE_BEGIN|[108]|u|User|true|false
14:36:09.0 (97784922)|VARIABLE_ASSIGNMENT|[108]|u|{"s":1,"v":{"Id":"005D00000049FJ6IAM","Name":"Ven_Standard Tester","CurrencyIsoCode":"EUR"}}|0x319a4f6
14:36:09.0 (97787999)|STATEMENT_EXECUTE|[108]
14:36:09.0 (97789101)|STATEMENT_EXECUTE|[109]
14:36:09.0 (97799289)|HEAP_ALLOCATE|[109]|Bytes:18
14:36:09.0 (97812655)|HEAP_ALLOCATE|[EXTERNAL]|Bytes:4
14:36:09.0 (97823189)|HEAP_ALLOCATE|[108]|Bytes:5
14:36:09.0 (97833744)|VARIABLE_ASSIGNMENT|[108]|u|null|
14:36:09.0 (97837382)|STATEMENT_EXECUTE|[111]
14:36:09.0 (98143066)|SYSTEM_MODE_ENTER|true
14:36:09.0 (98178354)|HEAP_ALLOCATE|[EXTERNAL]|Bytes:52
14:36:09.0 (98187794)|VARIABLE_SCOPE_BEGIN|[114]|this|cls_P7S1_User_ChangeProfile|true|false
14:36:09.0 (98222100)|VARIABLE_ASSIGNMENT|[114]|this|{"currentUser":"0x73383a0e","ShowPanel":"Admin","userList":"0x2fb16feb"}|0x20f6e2f1
14:36:09.0 (98233310)|HEAP_ALLOCATE|[114]|Bytes:5
14:36:09.0 (98237060)|STATEMENT_EXECUTE|[114]
14:36:09.0 (98238395)|STATEMENT_EXECUTE|[114]
14:36:09.0 (100320630)|VF_SERIALIZE_VIEWSTATE_BEGIN|066D0000000V3u3
14:36:09.0 (110411945)|VF_SERIALIZE_VIEWSTATE_END
14:36:09.114 (114210490)|CUMULATIVE_LIMIT_USAGE
14:36:09.114 (114210490)|LIMIT_USAGE_FOR_NS|(default)|
  Number of SOQL queries: 2 out of 100
  Number of query rows: 26 out of 50000
  Number of SOSL queries: 0 out of 20
  Number of DML statements: 0 out of 150
  Number of DML rows: 0 out of 10000
  Maximum CPU time: 0 out of 10000
  Maximum heap size: 0 out of 6000000
  Number of callouts: 0 out of 100
  Number of Email Invocations: 0 out of 10
  Number of future calls: 0 out of 50
  Number of queueable jobs added to the queue: 0 out of 50
  Number of Mobile Apex push calls: 0 out of 10

14:36:09.114 (114210490)|CUMULATIVE_LIMIT_USAGE_END

14:36:09.0 (114264053)|CODE_UNIT_FINISHED|VF: /apex/vfp_P7S1_User_ChangeProfile
14:36:09.0 (115348796)|EXECUTION_FINISHED
