30.0 APEX_CODE,FINEST;APEX_PROFILING,INFO;CALLOUT,INFO;DB,INFO;SYSTEM,DEBUG;VALIDATION,INFO;VISUALFORCE,INFO;WORKFLOW,INFO
17:02:06.0 (375884)|USER_INFO|[EXTERNAL]|00557000005jeEC|p7s1.bschneider@factory42.com.kam|Mitteleuropäische Normalzeit|GMT+02:00
17:02:06.0 (422359)|EXECUTION_STARTED
17:02:06.0 (431720)|CODE_UNIT_STARTED|[EXTERNAL]|066D0000000V3u3|VF: /apex/vfp_P7S1_User_ChangeProfile
17:02:06.0 (10766425)|SYSTEM_MODE_ENTER|true
17:02:06.0 (11047638)|VARIABLE_SCOPE_BEGIN|[4]|cls_P7S1_User_ChangeProfile.PAGE_URL|String|false|true
17:02:06.0 (11057204)|VARIABLE_SCOPE_BEGIN|[5]|cls_P7S1_User_ChangeProfile.SITE_NAME|String|false|true
17:02:06.0 (11246486)|HEAP_ALLOCATE|[72]|Bytes:3
17:02:06.0 (11313910)|HEAP_ALLOCATE|[77]|Bytes:152
17:02:06.0 (11335704)|HEAP_ALLOCATE|[342]|Bytes:408
17:02:06.0 (11356886)|HEAP_ALLOCATE|[355]|Bytes:408
17:02:06.0 (11376677)|HEAP_ALLOCATE|[467]|Bytes:48
17:02:06.0 (11412297)|HEAP_ALLOCATE|[139]|Bytes:6
17:02:06.0 (11435273)|HEAP_ALLOCATE|[EXTERNAL]|Bytes:328
17:02:06.0 (11441934)|HEAP_ALLOCATE|[EXTERNAL]|Bytes:73
17:02:06.0 (11445163)|HEAP_ALLOCATE|[EXTERNAL]|Bytes:26
17:02:06.0 (11448461)|HEAP_ALLOCATE|[EXTERNAL]|Bytes:28
17:02:06.0 (11486802)|VARIABLE_ASSIGNMENT|[EXTERNAL]|cls_P7S1_User_ChangeProfile.PAGE_URL|"/vfp_P7S1_User_Chang (8 more) ..."
17:02:06.0 (11491131)|HEAP_ALLOCATE|[EXTERNAL]|Bytes:13
17:02:06.0 (11498353)|VARIABLE_ASSIGNMENT|[EXTERNAL]|cls_P7S1_User_ChangeProfile.SITE_NAME|"ChangeProfile"
17:02:06.0 (11510117)|METHOD_ENTRY|[1]|01pD0000000KT71|cls_P7S1_User_ChangeProfile.cls_P7S1_User_ChangeProfile()
17:02:06.0 (11514277)|STATEMENT_EXECUTE|[1]
17:02:06.0 (11520962)|STATEMENT_EXECUTE|[1]
17:02:06.0 (11559013)|HEAP_ALLOCATE|[50]|Bytes:5
17:02:06.0 (11590333)|HEAP_ALLOCATE|[56]|Bytes:5
17:02:06.0 (11599570)|HEAP_ALLOCATE|[64]|Bytes:7
17:02:06.0 (11639113)|HEAP_ALLOCATE|[EXTERNAL]|Bytes:5
17:02:06.0 (11654909)|METHOD_EXIT|[1]|cls_P7S1_User_ChangeProfile
17:02:06.0 (11661399)|HEAP_ALLOCATE|[EXTERNAL]|Bytes:52
17:02:06.0 (11671934)|VARIABLE_SCOPE_BEGIN|[43]|this|cls_P7S1_User_ChangeProfile|true|false
17:02:06.0 (11991916)|VARIABLE_ASSIGNMENT|[43]|this|{}|0x7125042b
17:02:06.0 (12006842)|HEAP_ALLOCATE|[EXTERNAL]|Bytes:5
17:02:06.0 (12011927)|STATEMENT_EXECUTE|[1]
17:02:06.0 (12014469)|HEAP_ALLOCATE|[EXTERNAL]|Bytes:5
17:02:06.0 (12016267)|STATEMENT_EXECUTE|[6]
17:02:06.0 (12017424)|STATEMENT_EXECUTE|[8]
17:02:06.0 (12018390)|STATEMENT_EXECUTE|[9]
17:02:06.0 (12019285)|STATEMENT_EXECUTE|[10]
17:02:06.0 (12020340)|STATEMENT_EXECUTE|[12]
17:02:06.0 (12021364)|STATEMENT_EXECUTE|[13]
17:02:06.0 (12022451)|STATEMENT_EXECUTE|[14]
17:02:06.0 (12023295)|STATEMENT_EXECUTE|[38]
17:02:06.0 (12024424)|STATEMENT_EXECUTE|[39]
17:02:06.0 (12025252)|STATEMENT_EXECUTE|[40]
17:02:06.0 (12026252)|STATEMENT_EXECUTE|[100]
17:02:06.0 (12027406)|STATEMENT_EXECUTE|[113]
17:02:06.0 (12037152)|HEAP_ALLOCATE|[EXTERNAL]|Bytes:6
17:02:06.0 (12061439)|STATEMENT_EXECUTE|[43]
17:02:06.0 (12190172)|HEAP_ALLOCATE|[EXTERNAL]|Bytes:52
17:02:06.0 (12199375)|VARIABLE_SCOPE_BEGIN|[46]|this|cls_P7S1_User_ChangeProfile|true|false
17:02:06.0 (12228020)|VARIABLE_ASSIGNMENT|[46]|this|{}|0x7125042b
17:02:06.0 (12244639)|HEAP_ALLOCATE|[47]|Bytes:5
17:02:06.0 (12248760)|STATEMENT_EXECUTE|[46]
17:02:06.0 (12249978)|STATEMENT_EXECUTE|[47]
17:02:06.0 (12374354)|HEAP_ALLOCATE|[47]|Bytes:285
17:02:06.0 (12451947)|HEAP_ALLOCATE|[47]|Bytes:248
17:02:06.0 (12473867)|HEAP_ALLOCATE|[47]|Bytes:9
17:02:06.0 (12502734)|VARIABLE_SCOPE_BEGIN|[47]|profileId|String|false|false
17:02:06.0 (12511701)|VARIABLE_ASSIGNMENT|[47]|profileId|null
17:02:06.0 (12514588)|STATEMENT_EXECUTE|[48]
17:02:06.0 (12535663)|METHOD_ENTRY|[48]|01pD0000000KT71|cls_P7S1_User_ChangeProfile.initializeView()
17:02:06.0 (12554411)|VARIABLE_SCOPE_BEGIN|[51]|this|cls_P7S1_User_ChangeProfile|true|false
17:02:06.0 (12581254)|VARIABLE_ASSIGNMENT|[51]|this|{}|0x7125042b
17:02:06.0 (12590302)|HEAP_ALLOCATE|[52]|Bytes:5
17:02:06.0 (12594332)|STATEMENT_EXECUTE|[51]
17:02:06.0 (12595451)|STATEMENT_EXECUTE|[52]
17:02:06.0 (12663578)|VARIABLE_ASSIGNMENT|[EXTERNAL]|this|{}|0x7125042b
17:02:06.0 (12671194)|VARIABLE_ASSIGNMENT|[EXTERNAL]|value|null
17:02:06.0 (12681007)|VARIABLE_ASSIGNMENT|[14]|this.ShowPanel|null|0x7125042b
17:02:06.0 (12687835)|STATEMENT_EXECUTE|[53]
17:02:06.0 (12691637)|HEAP_ALLOCATE|[53]|Bytes:7
17:02:06.0 (12729472)|USER_DEBUG|[53]|DEBUG|###View
17:02:06.0 (12736238)|STATEMENT_EXECUTE|[54]
17:02:06.0 (12739520)|HEAP_ALLOCATE|[54]|Bytes:145
17:02:06.0 (12750849)|HEAP_ALLOCATE|[54]|Bytes:4
17:02:06.0 (12764857)|HEAP_ALLOCATE|[54]|Bytes:7
17:02:06.0 (12809047)|HEAP_ALLOCATE|[57]|Bytes:85
17:02:06.0 (12819530)|SYSTEM_METHOD_ENTRY|[1]|UserInfo.UserInfo()
17:02:06.0 (12822359)|STATEMENT_EXECUTE|[1]
17:02:06.0 (12828766)|SYSTEM_METHOD_EXIT|[1]|UserInfo
17:02:06.0 (12839138)|METHOD_ENTRY|[57]||System.UserInfo.getUserId()
17:02:06.0 (12882437)|METHOD_EXIT|[57]||System.UserInfo.getUserId()
17:02:06.0 (16662333)|SOQL_EXECUTE_BEGIN|[54]|Aggregations:0|SELECT Id, Name, UserName, ProfileId, Profile.UserLicenseId, Profile.Name, Email, P7S1_ShowTestuserLinks__c FROM User WHERE Id = :tmpVar1 LIMIT 1
17:02:06.0 (51386215)|SOQL_EXECUTE_END|[54]|Rows:1
17:02:06.0 (51424631)|HEAP_ALLOCATE|[54]|Bytes:8
17:02:06.0 (51454674)|HEAP_ALLOCATE|[54]|Bytes:320
17:02:06.0 (51507172)|HEAP_ALLOCATE|[54]|Bytes:8
17:02:06.0 (51523213)|HEAP_ALLOCATE|[54]|Bytes:30
17:02:06.0 (51639388)|HEAP_ALLOCATE|[54]|Bytes:36
17:02:06.0 (51723852)|VARIABLE_ASSIGNMENT|[EXTERNAL]|this|{}|0x7125042b
17:02:06.0 (51767674)|VARIABLE_ASSIGNMENT|[EXTERNAL]|value|{"s":1,"v":{"Id":"00557000005jeECAAY","Name":"Benjamin Schneider","Username":"p7s1.bschneider@fact (13 more) ...","ProfileId":"00e20000000lfOjAAI","Email":"bschneider@factory42 (4 more) ...","P7S1_ShowTestuserLin (5 more) ...":true,"CurrencyIsoCode":"EUR","Profile":{"s":2,"v":{"UserLicenseId":"100200000009H1sAAE","Name":"Systemadministrator","Id":"00e20000000lfOjAAI"}}}}|0x401f30eb
17:02:06.0 (51791201)|VARIABLE_ASSIGNMENT|[8]|this.currentUser|{"s":1,"v":{"Id":"00557000005jeECAAY","Name":"Benjamin Schneider","Username":"p7s1.bschneider@fact (13 more) ...","ProfileId":"00e20000000lfOjAAI","Email":"bschneider@factory42 (4 more) ...","P7S1_ShowTestuserLin (5 more) ...":true,"CurrencyIsoCode":"EUR","Profile":{"s":2,"v":{"UserLicenseId":"100200000009H1sAAE","Name":"Systemadministrator","Id":"00e20000000lfOjAAI"}}}}|0x7125042b
17:02:06.0 (51816319)|METHOD_ENTRY|[61]||System.UserInfo.getProfileId()
17:02:06.0 (51870081)|METHOD_EXIT|[61]||System.UserInfo.getProfileId()
17:02:06.0 (51892619)|HEAP_ALLOCATE|[61]|Bytes:4
17:02:06.0 (51899181)|HEAP_ALLOCATE|[61]|Bytes:18
17:02:06.0 (51926969)|HEAP_ALLOCATE|[61]|Bytes:4
17:02:06.0 (51961631)|STATEMENT_EXECUTE|[61]
17:02:06.0 (51963744)|STATEMENT_EXECUTE|[62]
17:02:06.0 (51966470)|HEAP_ALLOCATE|[62]|Bytes:5
17:02:06.0 (52017589)|VARIABLE_ASSIGNMENT|[EXTERNAL]|this|{"currentUser":"0x401f30eb"}|0x7125042b
17:02:06.0 (52024765)|VARIABLE_ASSIGNMENT|[EXTERNAL]|value|"Admin"
17:02:06.0 (52032749)|VARIABLE_ASSIGNMENT|[14]|this.ShowPanel|"Admin"|0x7125042b
17:02:06.0 (52039150)|STATEMENT_EXECUTE|[63]
17:02:06.0 (52043004)|HEAP_ALLOCATE|[63]|Bytes:128
17:02:06.0 (52051331)|HEAP_ALLOCATE|[63]|Bytes:4
17:02:06.0 (52377719)|SOQL_EXECUTE_BEGIN|[63]|Aggregations:0|SELECT Id, Name FROM User WHERE (P7S1_UserType__c = 'System_Tester' AND isActive = TRUE) ORDER BY Name ASC NULLS FIRST LIMIT 100
17:02:06.0 (59386412)|SOQL_EXECUTE_END|[63]|Rows:25
17:02:06.0 (59406322)|HEAP_ALLOCATE|[63]|Bytes:104
17:02:06.0 (59446858)|HEAP_ALLOCATE|[63]|Bytes:1973
17:02:06.0 (59461654)|HEAP_ALLOCATE|[63]|Bytes:104
17:02:06.0 (59524298)|VARIABLE_ASSIGNMENT|[EXTERNAL]|this|{"currentUser":"0x401f30eb","ShowPanel":"Admin"}|0x7125042b
17:02:06.0 (59545308)|VARIABLE_ASSIGNMENT|[EXTERNAL]|value|{"s":1,"v":"List of size 25 too large to display"}|0x5471dfd0
17:02:06.0 (59556686)|VARIABLE_ASSIGNMENT|[10]|this.userList|{"s":1,"v":"List of size 25 too large to display"}|0x7125042b
17:02:06.0 (59564941)|STATEMENT_EXECUTE|[88]
17:02:06.0 (59574533)|METHOD_EXIT|[48]|01pD0000000KT71|cls_P7S1_User_ChangeProfile.initializeView()
17:02:06.0 (60482067)|SYSTEM_MODE_ENTER|true
17:02:06.0 (73964079)|SYSTEM_MODE_ENTER|true
17:02:06.0 (74591923)|SYSTEM_MODE_ENTER|true
17:02:06.0 (74638163)|HEAP_ALLOCATE|[EXTERNAL]|Bytes:52
17:02:06.0 (74649362)|VARIABLE_SCOPE_BEGIN|[104]|this|cls_P7S1_User_ChangeProfile|true|false
17:02:06.0 (74688745)|VARIABLE_ASSIGNMENT|[104]|this|{"currentUser":"0x401f30eb","ShowPanel":"Admin","userList":"0x5471dfd0"}|0x7125042b
17:02:06.0 (74702458)|HEAP_ALLOCATE|[105]|Bytes:5
17:02:06.0 (74707087)|STATEMENT_EXECUTE|[104]
17:02:06.0 (74708726)|STATEMENT_EXECUTE|[105]
17:02:06.0 (74717143)|VARIABLE_ASSIGNMENT|[105]|this.selUserId|null|0x7125042b
17:02:06.0 (74719317)|STATEMENT_EXECUTE|[106]
17:02:06.0 (74725299)|HEAP_ALLOCATE|[106]|Bytes:4
17:02:06.0 (74766427)|VARIABLE_SCOPE_BEGIN|[106]|options|List<System.SelectOption>|true|false
17:02:06.0 (74799506)|HEAP_ALLOCATE|[EXTERNAL]|Bytes:4
17:02:06.0 (74814576)|VARIABLE_ASSIGNMENT|[106]|options|{"s":1,"v":[]}|0x656515c8
17:02:06.0 (74817678)|STATEMENT_EXECUTE|[107]
17:02:06.0 (74834779)|HEAP_ALLOCATE|[107]|Bytes:10
17:02:06.0 (74915477)|HEAP_ALLOCATE|[EXTERNAL]|Bytes:4
17:02:06.0 (74978206)|VARIABLE_ASSIGNMENT|[EXTERNAL]|this|{"currentUser":"0x401f30eb","ShowPanel":"Admin","userList":"0x5471dfd0"}|0x7125042b
17:02:06.0 (75177736)|HEAP_ALLOCATE|[108]|Bytes:5
17:02:06.0 (75211947)|HEAP_ALLOCATE|[108]|Bytes:16
17:02:06.0 (75223721)|VARIABLE_SCOPE_BEGIN|[108]|u|User|true|false
17:02:06.0 (75243675)|VARIABLE_ASSIGNMENT|[108]|u|{"s":1,"v":{"Id":"005D0000002QDFYIA4","Name":"Aer_Default Tester","CurrencyIsoCode":"EUR"}}|0x3d27d7c5
17:02:06.0 (75248023)|STATEMENT_EXECUTE|[108]
17:02:06.0 (75249591)|STATEMENT_EXECUTE|[109]
17:02:06.0 (75289913)|HEAP_ALLOCATE|[109]|Bytes:18
17:02:06.0 (75352184)|HEAP_ALLOCATE|[EXTERNAL]|Bytes:4
17:02:06.0 (75367620)|HEAP_ALLOCATE|[108]|Bytes:5
17:02:06.0 (75388879)|HEAP_ALLOCATE|[108]|Bytes:16
17:02:06.0 (75396378)|VARIABLE_SCOPE_BEGIN|[108]|u|User|true|false
17:02:06.0 (75413068)|VARIABLE_ASSIGNMENT|[108]|u|{"s":1,"v":{"Id":"00557000005jeLcAAI","Name":"MA_Default Tester","CurrencyIsoCode":"EUR"}}|0x71a3683e
17:02:06.0 (75416504)|STATEMENT_EXECUTE|[108]
17:02:06.0 (75417688)|STATEMENT_EXECUTE|[109]
17:02:06.0 (75431815)|HEAP_ALLOCATE|[109]|Bytes:18
17:02:06.0 (75450016)|HEAP_ALLOCATE|[EXTERNAL]|Bytes:4
17:02:06.0 (75461675)|HEAP_ALLOCATE|[108]|Bytes:5
17:02:06.0 (75480867)|HEAP_ALLOCATE|[108]|Bytes:16
17:02:06.0 (75487821)|VARIABLE_SCOPE_BEGIN|[108]|u|User|true|false
17:02:06.0 (75504848)|VARIABLE_ASSIGNMENT|[108]|u|{"s":1,"v":{"Id":"005D00000047YCbIAM","Name":"P7S1_Interface Teste (1 more) ...","CurrencyIsoCode":"EUR"}}|0x27f2a36
17:02:06.0 (75508319)|STATEMENT_EXECUTE|[108]
17:02:06.0 (75509558)|STATEMENT_EXECUTE|[109]
17:02:06.0 (75522617)|HEAP_ALLOCATE|[109]|Bytes:18
17:02:06.0 (75539666)|HEAP_ALLOCATE|[EXTERNAL]|Bytes:4
17:02:06.0 (75550859)|HEAP_ALLOCATE|[108]|Bytes:5
17:02:06.0 (75569975)|HEAP_ALLOCATE|[108]|Bytes:16
17:02:06.0 (75576718)|VARIABLE_SCOPE_BEGIN|[108]|u|User|true|false
17:02:06.0 (75591673)|VARIABLE_ASSIGNMENT|[108]|u|{"s":1,"v":{"Id":"005D0000004qFkAIAU","Name":"Sgn_Default Tester","CurrencyIsoCode":"EUR"}}|0x2047b319
17:02:06.0 (75594957)|STATEMENT_EXECUTE|[108]
17:02:06.0 (75595994)|STATEMENT_EXECUTE|[109]
17:02:06.0 (75608834)|HEAP_ALLOCATE|[109]|Bytes:18
17:02:06.0 (75625481)|HEAP_ALLOCATE|[EXTERNAL]|Bytes:4
17:02:06.0 (75636421)|HEAP_ALLOCATE|[108]|Bytes:5
17:02:06.0 (75654633)|HEAP_ALLOCATE|[108]|Bytes:16
17:02:06.0 (75661310)|VARIABLE_SCOPE_BEGIN|[108]|u|User|true|false
17:02:06.0 (75675517)|VARIABLE_ASSIGNMENT|[108]|u|{"s":1,"v":{"Id":"005D00000052oAVIAY","Name":"SomAt Tester","CurrencyIsoCode":"EUR"}}|0x235dd12b
17:02:06.0 (75678994)|STATEMENT_EXECUTE|[108]
17:02:06.0 (75680250)|STATEMENT_EXECUTE|[109]
17:02:06.0 (75692854)|HEAP_ALLOCATE|[109]|Bytes:18
17:02:06.0 (75709169)|HEAP_ALLOCATE|[EXTERNAL]|Bytes:4
17:02:06.0 (75719939)|HEAP_ALLOCATE|[108]|Bytes:5
17:02:06.0 (75738054)|HEAP_ALLOCATE|[108]|Bytes:16
17:02:06.0 (75744756)|VARIABLE_SCOPE_BEGIN|[108]|u|User|true|false
17:02:06.0 (75759132)|VARIABLE_ASSIGNMENT|[108]|u|{"s":1,"v":{"Id":"005D0000002jJFZIA2","Name":"SomDig_AdTech Tester","CurrencyIsoCode":"EUR"}}|0x49d5bfe6
17:02:06.0 (75762116)|STATEMENT_EXECUTE|[108]
17:02:06.0 (75763054)|STATEMENT_EXECUTE|[109]
17:02:06.0 (75775507)|HEAP_ALLOCATE|[109]|Bytes:18
17:02:06.0 (75791559)|HEAP_ALLOCATE|[EXTERNAL]|Bytes:4
17:02:06.0 (75802251)|HEAP_ALLOCATE|[108]|Bytes:5
17:02:06.0 (75820254)|HEAP_ALLOCATE|[108]|Bytes:16
17:02:06.0 (75826796)|VARIABLE_SCOPE_BEGIN|[108]|u|User|true|false
17:02:06.0 (75841873)|VARIABLE_ASSIGNMENT|[108]|u|{"s":1,"v":{"Id":"005D00000049FIoIAM","Name":"SomDig_Billing Teste (1 more) ...","CurrencyIsoCode":"EUR"}}|0x32801270
17:02:06.0 (75845162)|STATEMENT_EXECUTE|[108]
17:02:06.0 (75846237)|STATEMENT_EXECUTE|[109]
17:02:06.0 (75858746)|HEAP_ALLOCATE|[109]|Bytes:18
17:02:06.0 (75875144)|HEAP_ALLOCATE|[EXTERNAL]|Bytes:4
17:02:06.0 (75885790)|HEAP_ALLOCATE|[108]|Bytes:5
17:02:06.0 (75903911)|HEAP_ALLOCATE|[108]|Bytes:16
17:02:06.0 (75910312)|VARIABLE_SCOPE_BEGIN|[108]|u|User|true|false
17:02:06.0 (75924482)|VARIABLE_ASSIGNMENT|[108]|u|{"s":1,"v":{"Id":"005D00000049FIpIAM","Name":"SomDig_PAM Tester","CurrencyIsoCode":"EUR"}}|0x2f42a042
17:02:06.0 (75927522)|STATEMENT_EXECUTE|[108]
17:02:06.0 (75928632)|STATEMENT_EXECUTE|[109]
17:02:06.0 (75941153)|HEAP_ALLOCATE|[109]|Bytes:18
17:02:06.0 (75958631)|HEAP_ALLOCATE|[EXTERNAL]|Bytes:4
17:02:06.0 (75972026)|HEAP_ALLOCATE|[108]|Bytes:5
17:02:06.0 (75994934)|HEAP_ALLOCATE|[108]|Bytes:16
17:02:06.0 (76002127)|VARIABLE_SCOPE_BEGIN|[108]|u|User|true|false
17:02:06.0 (76017562)|VARIABLE_ASSIGNMENT|[108]|u|{"s":1,"v":{"Id":"005D00000049FIqIAM","Name":"SomDig_PM Tester","CurrencyIsoCode":"EUR"}}|0x62dbe808
17:02:06.0 (76020859)|STATEMENT_EXECUTE|[108]
17:02:06.0 (76021957)|STATEMENT_EXECUTE|[109]
17:02:06.0 (76034968)|HEAP_ALLOCATE|[109]|Bytes:18
17:02:06.0 (76051415)|HEAP_ALLOCATE|[EXTERNAL]|Bytes:4
17:02:06.0 (76062211)|HEAP_ALLOCATE|[108]|Bytes:5
17:02:06.0 (76080529)|HEAP_ALLOCATE|[108]|Bytes:16
17:02:06.0 (76087103)|VARIABLE_SCOPE_BEGIN|[108]|u|User|true|false
17:02:06.0 (76101133)|VARIABLE_ASSIGNMENT|[108]|u|{"s":1,"v":{"Id":"005D0000001VrNRIA0","Name":"SomDig_Sales Tester","CurrencyIsoCode":"EUR"}}|0x695513a
17:02:06.0 (76104251)|STATEMENT_EXECUTE|[108]
17:02:06.0 (76105203)|STATEMENT_EXECUTE|[109]
17:02:06.0 (76117683)|HEAP_ALLOCATE|[109]|Bytes:18
17:02:06.0 (76133609)|HEAP_ALLOCATE|[EXTERNAL]|Bytes:4
17:02:06.0 (76144490)|HEAP_ALLOCATE|[108]|Bytes:5
17:02:06.0 (76162954)|HEAP_ALLOCATE|[108]|Bytes:16
17:02:06.0 (76169593)|VARIABLE_SCOPE_BEGIN|[108]|u|User|true|false
17:02:06.0 (76183371)|VARIABLE_ASSIGNMENT|[108]|u|{"s":1,"v":{"Id":"005D0000004rQF5IAM","Name":"Som_ReadOnly Tester","CurrencyIsoCode":"EUR"}}|0x3434c00a
17:02:06.0 (76186493)|STATEMENT_EXECUTE|[108]
17:02:06.0 (76187490)|STATEMENT_EXECUTE|[109]
17:02:06.0 (76199819)|HEAP_ALLOCATE|[109]|Bytes:18
17:02:06.0 (76215980)|HEAP_ALLOCATE|[EXTERNAL]|Bytes:4
17:02:06.0 (76226650)|HEAP_ALLOCATE|[108]|Bytes:5
17:02:06.0 (76244551)|HEAP_ALLOCATE|[108]|Bytes:16
17:02:06.0 (76251013)|VARIABLE_SCOPE_BEGIN|[108]|u|User|true|false
17:02:06.0 (76269225)|VARIABLE_ASSIGNMENT|[108]|u|{"s":1,"v":{"Id":"005D00000049FIrIAM","Name":"SomTv_ADFactory Test (2 more) ...","CurrencyIsoCode":"EUR"}}|0xece367e
17:02:06.0 (76272628)|STATEMENT_EXECUTE|[108]
17:02:06.0 (76273555)|STATEMENT_EXECUTE|[109]
17:02:06.0 (76286395)|HEAP_ALLOCATE|[109]|Bytes:18
17:02:06.0 (76302773)|HEAP_ALLOCATE|[EXTERNAL]|Bytes:4
17:02:06.0 (76315801)|HEAP_ALLOCATE|[108]|Bytes:5
17:02:06.0 (76334533)|HEAP_ALLOCATE|[108]|Bytes:16
17:02:06.0 (76341199)|VARIABLE_SCOPE_BEGIN|[108]|u|User|true|false
17:02:06.0 (76355921)|VARIABLE_ASSIGNMENT|[108]|u|{"s":1,"v":{"Id":"005D00000049FItIAM","Name":"SomTv_Marketing Test (2 more) ...","CurrencyIsoCode":"EUR"}}|0x33681407
17:02:06.0 (76359393)|STATEMENT_EXECUTE|[108]
17:02:06.0 (76360351)|STATEMENT_EXECUTE|[109]
17:02:06.0 (76375265)|HEAP_ALLOCATE|[109]|Bytes:18
17:02:06.0 (76392603)|HEAP_ALLOCATE|[EXTERNAL]|Bytes:4
17:02:06.0 (76403504)|HEAP_ALLOCATE|[108]|Bytes:5
17:02:06.0 (76421808)|HEAP_ALLOCATE|[108]|Bytes:16
17:02:06.0 (76428370)|VARIABLE_SCOPE_BEGIN|[108]|u|User|true|false
17:02:06.0 (76442386)|VARIABLE_ASSIGNMENT|[108]|u|{"s":1,"v":{"Id":"005D00000049FIuIAM","Name":"SomTv_RM Tester","CurrencyIsoCode":"EUR"}}|0x1f589fd1
17:02:06.0 (76445494)|STATEMENT_EXECUTE|[108]
17:02:06.0 (76446472)|STATEMENT_EXECUTE|[109]
17:02:06.0 (76459003)|HEAP_ALLOCATE|[109]|Bytes:18
17:02:06.0 (76474988)|HEAP_ALLOCATE|[EXTERNAL]|Bytes:4
17:02:06.0 (76485703)|HEAP_ALLOCATE|[108]|Bytes:5
17:02:06.0 (76503467)|HEAP_ALLOCATE|[108]|Bytes:16
17:02:06.0 (76509917)|VARIABLE_SCOPE_BEGIN|[108]|u|User|true|false
17:02:06.0 (76523704)|VARIABLE_ASSIGNMENT|[108]|u|{"s":1,"v":{"Id":"005D00000049FIvIAM","Name":"SomTv_Sales Tester","CurrencyIsoCode":"EUR"}}|0xdfe28a0
17:02:06.0 (76527194)|STATEMENT_EXECUTE|[108]
17:02:06.0 (76528269)|STATEMENT_EXECUTE|[109]
17:02:06.0 (76540830)|HEAP_ALLOCATE|[109]|Bytes:18
17:02:06.0 (76557023)|HEAP_ALLOCATE|[EXTERNAL]|Bytes:4
17:02:06.0 (76567806)|HEAP_ALLOCATE|[108]|Bytes:5
17:02:06.0 (76586018)|HEAP_ALLOCATE|[108]|Bytes:16
17:02:06.0 (76592660)|VARIABLE_SCOPE_BEGIN|[108]|u|User|true|false
17:02:06.0 (76607311)|VARIABLE_ASSIGNMENT|[108]|u|{"s":1,"v":{"Id":"005D00000049FIyIAM","Name":"SomTv_SalesManagemen (8 more) ...","CurrencyIsoCode":"EUR"}}|0x727c92a7
17:02:06.0 (76610249)|STATEMENT_EXECUTE|[108]
17:02:06.0 (76611208)|STATEMENT_EXECUTE|[109]
17:02:06.0 (76623912)|HEAP_ALLOCATE|[109]|Bytes:18
17:02:06.0 (76639947)|HEAP_ALLOCATE|[EXTERNAL]|Bytes:4
17:02:06.0 (76650701)|HEAP_ALLOCATE|[108]|Bytes:5
17:02:06.0 (76668737)|HEAP_ALLOCATE|[108]|Bytes:16
17:02:06.0 (76675391)|VARIABLE_SCOPE_BEGIN|[108]|u|User|true|false
17:02:06.0 (76689990)|VARIABLE_ASSIGNMENT|[108]|u|{"s":1,"v":{"Id":"005D00000049FIzIAM","Name":"SomTv_SalesSteering  (6 more) ...","CurrencyIsoCode":"EUR"}}|0x14768c3
17:02:06.0 (76693399)|STATEMENT_EXECUTE|[108]
17:02:06.0 (76694519)|STATEMENT_EXECUTE|[109]
17:02:06.0 (76707009)|HEAP_ALLOCATE|[109]|Bytes:18
17:02:06.0 (76723328)|HEAP_ALLOCATE|[EXTERNAL]|Bytes:4
17:02:06.0 (76734129)|HEAP_ALLOCATE|[108]|Bytes:5
17:02:06.0 (76751891)|HEAP_ALLOCATE|[108]|Bytes:16
17:02:06.0 (76758461)|VARIABLE_SCOPE_BEGIN|[108]|u|User|true|false
17:02:06.0 (76772452)|VARIABLE_ASSIGNMENT|[108]|u|{"s":1,"v":{"Id":"005D00000049FJ0IAM","Name":"SomTv_TeamCRM Tester","CurrencyIsoCode":"EUR"}}|0x5abad92d
17:02:06.0 (76775344)|STATEMENT_EXECUTE|[108]
17:02:06.0 (76776280)|STATEMENT_EXECUTE|[109]
17:02:06.0 (76788645)|HEAP_ALLOCATE|[109]|Bytes:18
17:02:06.0 (76804681)|HEAP_ALLOCATE|[EXTERNAL]|Bytes:4
17:02:06.0 (76815473)|HEAP_ALLOCATE|[108]|Bytes:5
17:02:06.0 (76833391)|HEAP_ALLOCATE|[108]|Bytes:16
17:02:06.0 (76840093)|VARIABLE_SCOPE_BEGIN|[108]|u|User|true|false
17:02:06.0 (76854808)|VARIABLE_ASSIGNMENT|[108]|u|{"s":1,"v":{"Id":"005D00000049FJ2IAM","Name":"Ven_Controlling Test (2 more) ...","CurrencyIsoCode":"EUR"}}|0x26fd41f2
17:02:06.0 (76857976)|STATEMENT_EXECUTE|[108]
17:02:06.0 (76859025)|STATEMENT_EXECUTE|[109]
17:02:06.0 (76871524)|HEAP_ALLOCATE|[109]|Bytes:18
17:02:06.0 (76887656)|HEAP_ALLOCATE|[EXTERNAL]|Bytes:4
17:02:06.0 (76898468)|HEAP_ALLOCATE|[108]|Bytes:5
17:02:06.0 (76916441)|HEAP_ALLOCATE|[108]|Bytes:16
17:02:06.0 (76923031)|VARIABLE_SCOPE_BEGIN|[108]|u|User|true|false
17:02:06.0 (76937738)|VARIABLE_ASSIGNMENT|[108]|u|{"s":1,"v":{"Id":"005D0000002jIReIAM","Name":"Ven_DataManager Test (2 more) ...","CurrencyIsoCode":"EUR"}}|0x30021620
17:02:06.0 (76940726)|STATEMENT_EXECUTE|[108]
17:02:06.0 (76941715)|STATEMENT_EXECUTE|[109]
17:02:06.0 (76954027)|HEAP_ALLOCATE|[109]|Bytes:18
17:02:06.0 (76970043)|HEAP_ALLOCATE|[EXTERNAL]|Bytes:4
17:02:06.0 (76980957)|HEAP_ALLOCATE|[108]|Bytes:5
17:02:06.0 (77004005)|HEAP_ALLOCATE|[108]|Bytes:16
17:02:06.0 (77012266)|VARIABLE_SCOPE_BEGIN|[108]|u|User|true|false
17:02:06.0 (77026954)|VARIABLE_ASSIGNMENT|[108]|u|{"s":1,"v":{"Id":"005D000000410gaIAA","Name":"Ven_Extern Tester","CurrencyIsoCode":"EUR"}}|0xa397193
17:02:06.0 (77029994)|STATEMENT_EXECUTE|[108]
17:02:06.0 (77030982)|STATEMENT_EXECUTE|[109]
17:02:06.0 (77043739)|HEAP_ALLOCATE|[109]|Bytes:18
17:02:06.0 (77059826)|HEAP_ALLOCATE|[EXTERNAL]|Bytes:4
17:02:06.0 (77070705)|HEAP_ALLOCATE|[108]|Bytes:5
17:02:06.0 (77088811)|HEAP_ALLOCATE|[108]|Bytes:16
17:02:06.0 (77095364)|VARIABLE_SCOPE_BEGIN|[108]|u|User|true|false
17:02:06.0 (77109901)|VARIABLE_ASSIGNMENT|[108]|u|{"s":1,"v":{"Id":"005D00000049FJ3IAM","Name":"Ven_InvestmentManage (8 more) ...","CurrencyIsoCode":"EUR"}}|0x6c6a248
17:02:06.0 (77112889)|STATEMENT_EXECUTE|[108]
17:02:06.0 (77113822)|STATEMENT_EXECUTE|[109]
17:02:06.0 (77126312)|HEAP_ALLOCATE|[109]|Bytes:18
17:02:06.0 (77142411)|HEAP_ALLOCATE|[EXTERNAL]|Bytes:4
17:02:06.0 (77153362)|HEAP_ALLOCATE|[108]|Bytes:5
17:02:06.0 (77171661)|HEAP_ALLOCATE|[108]|Bytes:16
17:02:06.0 (77178667)|VARIABLE_SCOPE_BEGIN|[108]|u|User|true|false
17:02:06.0 (77193018)|VARIABLE_ASSIGNMENT|[108]|u|{"s":1,"v":{"Id":"005D00000049FJ4IAM","Name":"Ven_MediaExpert Test (2 more) ...","CurrencyIsoCode":"EUR"}}|0x4a7881b3
17:02:06.0 (77196171)|STATEMENT_EXECUTE|[108]
17:02:06.0 (77197111)|STATEMENT_EXECUTE|[109]
17:02:06.0 (77209442)|HEAP_ALLOCATE|[109]|Bytes:18
17:02:06.0 (77225662)|HEAP_ALLOCATE|[EXTERNAL]|Bytes:4
17:02:06.0 (77236320)|HEAP_ALLOCATE|[108]|Bytes:5
17:02:06.0 (77254169)|HEAP_ALLOCATE|[108]|Bytes:16
17:02:06.0 (77260743)|VARIABLE_SCOPE_BEGIN|[108]|u|User|true|false
17:02:06.0 (77274384)|VARIABLE_ASSIGNMENT|[108]|u|{"s":1,"v":{"Id":"005D00000049FJ5IAM","Name":"Ven_ReadOnly Tester","CurrencyIsoCode":"EUR"}}|0x6a6b2dca
17:02:06.0 (77277484)|STATEMENT_EXECUTE|[108]
17:02:06.0 (77278421)|STATEMENT_EXECUTE|[109]
17:02:06.0 (77290746)|HEAP_ALLOCATE|[109]|Bytes:18
17:02:06.0 (77306761)|HEAP_ALLOCATE|[EXTERNAL]|Bytes:4
17:02:06.0 (77317539)|HEAP_ALLOCATE|[108]|Bytes:5
17:02:06.0 (77335490)|HEAP_ALLOCATE|[108]|Bytes:16
17:02:06.0 (77342376)|VARIABLE_SCOPE_BEGIN|[108]|u|User|true|false
17:02:06.0 (77356128)|VARIABLE_ASSIGNMENT|[108]|u|{"s":1,"v":{"Id":"005D00000049FJ6IAM","Name":"Ven_Standard Tester","CurrencyIsoCode":"EUR"}}|0x2b9f6cfd
17:02:06.0 (77359010)|STATEMENT_EXECUTE|[108]
17:02:06.0 (77359972)|STATEMENT_EXECUTE|[109]
17:02:06.0 (77372188)|HEAP_ALLOCATE|[109]|Bytes:18
17:02:06.0 (77388062)|HEAP_ALLOCATE|[EXTERNAL]|Bytes:4
17:02:06.0 (77399081)|HEAP_ALLOCATE|[108]|Bytes:5
17:02:06.0 (77409746)|VARIABLE_ASSIGNMENT|[108]|u|null|
17:02:06.0 (77412474)|STATEMENT_EXECUTE|[111]
17:02:06.0 (77711946)|SYSTEM_MODE_ENTER|true
17:02:06.0 (77751189)|HEAP_ALLOCATE|[EXTERNAL]|Bytes:52
17:02:06.0 (77759773)|VARIABLE_SCOPE_BEGIN|[114]|this|cls_P7S1_User_ChangeProfile|true|false
17:02:06.0 (77794109)|VARIABLE_ASSIGNMENT|[114]|this|{"currentUser":"0x401f30eb","ShowPanel":"Admin","userList":"0x5471dfd0"}|0x7125042b
17:02:06.0 (77805440)|HEAP_ALLOCATE|[114]|Bytes:5
17:02:06.0 (77809091)|STATEMENT_EXECUTE|[114]
17:02:06.0 (77810634)|STATEMENT_EXECUTE|[114]
17:02:06.0 (80036395)|VF_SERIALIZE_VIEWSTATE_BEGIN|066D0000000V3u3
17:02:06.0 (83205558)|VF_SERIALIZE_VIEWSTATE_END
17:02:06.87 (87078523)|CUMULATIVE_LIMIT_USAGE
17:02:06.87 (87078523)|LIMIT_USAGE_FOR_NS|(default)|
  Number of SOQL queries: 2 out of 100
  Number of query rows: 26 out of 50000
  Number of SOSL queries: 0 out of 20
  Number of DML statements: 0 out of 150
  Number of DML rows: 0 out of 10000
  Maximum CPU time: 0 out of 10000
  Maximum heap size: 0 out of 6000000
  Number of callouts: 0 out of 100
  Number of Email Invocations: 0 out of 10
  Number of future calls: 0 out of 50
  Number of queueable jobs added to the queue: 0 out of 50
  Number of Mobile Apex push calls: 0 out of 10

17:02:06.87 (87078523)|CUMULATIVE_LIMIT_USAGE_END

17:02:06.0 (87124021)|CODE_UNIT_FINISHED|VF: /apex/vfp_P7S1_User_ChangeProfile
17:02:06.0 (88084701)|EXECUTION_FINISHED
