38.0 APEX_CODE,FINEST;APEX_PROFILING,INFO;CALLOUT,INFO;DB,INFO;SYSTEM,DEBUG;VALIDATION,INFO;VISUALFORCE,INFO;WORKFLOW,INFO
18:13:08.0 (91831)|USER_INFO|[EXTERNAL]|00557000005jeEC|p7s1.bschneider@factory42.com.kam|Mitteleuropäische Normalzeit|GMT+02:00
18:13:08.0 (128709)|EXECUTION_STARTED
18:13:08.0 (134695)|CODE_UNIT_STARTED|[EXTERNAL]|aura
18:13:08.0 (488369)|HEAP_ALLOCATE|[72]|Bytes:3
18:13:08.0 (539362)|HEAP_ALLOCATE|[77]|Bytes:152
18:13:08.0 (557623)|HEAP_ALLOCATE|[342]|Bytes:408
18:13:08.0 (578829)|HEAP_ALLOCATE|[355]|Bytes:408
18:13:08.0 (598503)|HEAP_ALLOCATE|[467]|Bytes:48
18:13:08.0 (627612)|HEAP_ALLOCATE|[139]|Bytes:6
18:13:08.0 (653864)|HEAP_ALLOCATE|[EXTERNAL]|Bytes:18
18:13:08.0 (669036)|HEAP_ALLOCATE|[EXTERNAL]|Bytes:18
18:13:08.0 (10209105)|HEAP_ALLOCATE|[EXTERNAL]|Bytes:18
18:13:08.0 (10233558)|HEAP_ALLOCATE|[EXTERNAL]|Bytes:18
18:13:08.0 (10282370)|HEAP_ALLOCATE|[EXTERNAL]|Bytes:37
18:13:08.0 (10292219)|HEAP_ALLOCATE|[EXTERNAL]|Bytes:37
18:13:08.0 (11725569)|CODE_UNIT_STARTED|[EXTERNAL]|01p3E0000004a8n|Som_Kam_CmpCtrl.inviteForKickoff
18:13:08.0 (11961526)|HEAP_ALLOCATE|[EXTERNAL]|Bytes:89
18:13:08.0 (11968757)|HEAP_ALLOCATE|[EXTERNAL]|Bytes:83
18:13:08.0 (11971392)|HEAP_ALLOCATE|[EXTERNAL]|Bytes:84
18:13:08.0 (11988421)|METHOD_ENTRY|[14]|01p3E0000004a8n|Som_Kam_CmpCtrl.Som_Kam_CmpCtrl()
18:13:08.0 (11992840)|STATEMENT_EXECUTE|[14]
18:13:08.0 (12000088)|STATEMENT_EXECUTE|[14]
18:13:08.0 (12045594)|HEAP_ALLOCATE|[50]|Bytes:5
18:13:08.0 (12072008)|HEAP_ALLOCATE|[56]|Bytes:5
18:13:08.0 (12080610)|HEAP_ALLOCATE|[64]|Bytes:7
18:13:08.0 (12109217)|SYSTEM_MODE_ENTER|true
18:13:08.0 (12124187)|HEAP_ALLOCATE|[EXTERNAL]|Bytes:5
18:13:08.0 (12131489)|STATEMENT_EXECUTE|[1023]
18:13:08.0 (12133643)|STATEMENT_EXECUTE|[1059]
18:13:08.0 (12134717)|STATEMENT_EXECUTE|[1081]
18:13:08.0 (12135882)|STATEMENT_EXECUTE|[1130]
18:13:08.0 (12136889)|STATEMENT_EXECUTE|[1163]
18:13:08.0 (12143101)|SYSTEM_MODE_EXIT|true
18:13:08.0 (12152928)|METHOD_EXIT|[14]|Som_Kam_CmpCtrl
18:13:08.0 (12174758)|HEAP_ALLOCATE|[EXTERNAL]|Bytes:16
18:13:08.0 (12177982)|HEAP_ALLOCATE|[EXTERNAL]|Bytes:18
18:13:08.0 (12185928)|HEAP_ALLOCATE|[EXTERNAL]|Bytes:40
18:13:08.0 (12187533)|HEAP_ALLOCATE|[EXTERNAL]|Bytes:18
18:13:08.0 (12188787)|HEAP_ALLOCATE|[EXTERNAL]|Bytes:37
18:13:08.0 (12205580)|HEAP_ALLOCATE|[EXTERNAL]|Bytes:28
18:13:08.0 (12214327)|SYSTEM_MODE_ENTER|false
18:13:08.0 (12224422)|VARIABLE_SCOPE_BEGIN|[701]|accPlanTeamIds|List<String>|true|false
18:13:08.0 (12279996)|VARIABLE_ASSIGNMENT|[701]|accPlanTeamIds|{"s":1,"v":["a1P3E0000008a35UAA","a1P3E0000008iPVUAY","a1P3E0000008iD5UAI"]}|0x40d80be0
18:13:08.0 (12285815)|VARIABLE_SCOPE_BEGIN|[701]|accPlanId|String|false|false
18:13:08.0 (12291352)|VARIABLE_ASSIGNMENT|[701]|accPlanId|"a093E000000sCLFQA2"
18:13:08.0 (12294790)|VARIABLE_SCOPE_BEGIN|[701]|accPlan|Som_Kam__c|true|false
18:13:08.0 (12344309)|VARIABLE_ASSIGNMENT|[701]|accPlan|{"Som_EmailText__c":"Das ist ein Test.Tex (73 more) ...","Som_EmailSubject__c":"Account Plan Test-Ac (40 more) ...","Som_Review__c":"2016-08-05T00:00:00.000Z","Som_Year__c":2016,"Som_Account__r":{"Id":"0013E000006KJGeQAO","Name":"Test-Account RH"},"Id":"a093E000000sCLFQA2","Som_Account__c":"0013E000006KJGeQAO","Som_Kickoff__c":"2016-07-30T00:00:00.000Z","Name":"AP_2016-000004"}|0x6d5d537e
18:13:08.0 (12350001)|VARIABLE_SCOPE_BEGIN|[701]|accId|String|false|false
18:13:08.0 (12353930)|VARIABLE_ASSIGNMENT|[701]|accId|"0013E000006KJGeQAO"
18:13:08.0 (12355968)|VARIABLE_SCOPE_BEGIN|[701]|hostUrl|String|false|false
18:13:08.0 (12360340)|VARIABLE_ASSIGNMENT|[701]|hostUrl|"https://p7s1--kam.li (17 more) ..."
18:13:08.0 (12362950)|VARIABLE_SCOPE_BEGIN|[701]|selectedYear|Integer|false|false
18:13:08.0 (12367119)|VARIABLE_ASSIGNMENT|[701]|selectedYear|2016
18:13:08.0 (12379623)|SYSTEM_MODE_ENTER|true
18:13:08.0 (12384836)|HEAP_ALLOCATE|[703]|Bytes:5
18:13:08.0 (12388939)|STATEMENT_EXECUTE|[701]
18:13:08.0 (12390385)|STATEMENT_EXECUTE|[703]
18:13:08.0 (12886184)|HEAP_ALLOCATE|[703]|Bytes:21
18:13:08.0 (12908175)|SYSTEM_MODE_EXIT|true
18:13:08.0 (12979735)|FATAL_ERROR|System.UnexpectedException: Illegal arguments

Class.Som_Kam_CmpCtrl.inviteForKickoff: line 703, column 1
18:13:08.0 (12991340)|FATAL_ERROR|System.UnexpectedException: Illegal arguments

Class.Som_Kam_CmpCtrl.inviteForKickoff: line 703, column 1
18:13:08.13 (13005441)|CUMULATIVE_LIMIT_USAGE
18:13:08.13 (13005441)|LIMIT_USAGE_FOR_NS|(default)|
  Number of SOQL queries: 0 out of 100
  Number of query rows: 0 out of 50000
  Number of SOSL queries: 0 out of 20
  Number of DML statements: 0 out of 150
  Number of DML rows: 0 out of 10000
  Maximum CPU time: 0 out of 10000
  Maximum heap size: 0 out of 6000000
  Number of callouts: 0 out of 100
  Number of Email Invocations: 0 out of 10
  Number of future calls: 0 out of 50
  Number of queueable jobs added to the queue: 0 out of 50
  Number of Mobile Apex push calls: 0 out of 10

18:13:08.13 (13005441)|CUMULATIVE_LIMIT_USAGE_END

18:13:08.0 (13050323)|CODE_UNIT_FINISHED|Som_Kam_CmpCtrl.inviteForKickoff
