30.0 APEX_CODE,FINEST;APEX_PROFILING,INFO;CALLOUT,INFO;DB,INFO;SYSTEM,DEBUG;VALIDATION,INFO;VISUALFORCE,INFO;WORKFLOW,INFO
15:34:56.0 (342140)|USER_INFO|[EXTERNAL]|00557000005jeEC|p7s1.bschneider@factory42.com.kam|Mitteleuropäische Normalzeit|GMT+02:00
15:34:56.0 (384242)|EXECUTION_STARTED
15:34:56.0 (389971)|CODE_UNIT_STARTED|[EXTERNAL]|066D0000000V3u3|VF: /apex/vfp_P7S1_User_ChangeProfile
15:34:56.0 (8814617)|SYSTEM_MODE_ENTER|true
15:34:56.0 (9188862)|VARIABLE_SCOPE_BEGIN|[4]|cls_P7S1_User_ChangeProfile.PAGE_URL|String|false|true
15:34:56.0 (9199602)|VARIABLE_SCOPE_BEGIN|[5]|cls_P7S1_User_ChangeProfile.SITE_NAME|String|false|true
15:34:56.0 (9354897)|HEAP_ALLOCATE|[72]|Bytes:3
15:34:56.0 (9411921)|HEAP_ALLOCATE|[77]|Bytes:152
15:34:56.0 (9430569)|HEAP_ALLOCATE|[342]|Bytes:408
15:34:56.0 (9450331)|HEAP_ALLOCATE|[355]|Bytes:408
15:34:56.0 (9469506)|HEAP_ALLOCATE|[467]|Bytes:48
15:34:56.0 (9505431)|HEAP_ALLOCATE|[139]|Bytes:6
15:34:56.0 (9528150)|HEAP_ALLOCATE|[EXTERNAL]|Bytes:328
15:34:56.0 (9534007)|HEAP_ALLOCATE|[EXTERNAL]|Bytes:73
15:34:56.0 (9536776)|HEAP_ALLOCATE|[EXTERNAL]|Bytes:26
15:34:56.0 (9539740)|HEAP_ALLOCATE|[EXTERNAL]|Bytes:28
15:34:56.0 (9573405)|VARIABLE_ASSIGNMENT|[EXTERNAL]|cls_P7S1_User_ChangeProfile.PAGE_URL|"/vfp_P7S1_User_Chang (8 more) ..."
15:34:56.0 (9578281)|HEAP_ALLOCATE|[EXTERNAL]|Bytes:13
15:34:56.0 (9585072)|VARIABLE_ASSIGNMENT|[EXTERNAL]|cls_P7S1_User_ChangeProfile.SITE_NAME|"ChangeProfile"
15:34:56.0 (9599686)|METHOD_ENTRY|[1]|01pD0000000KT71|cls_P7S1_User_ChangeProfile.cls_P7S1_User_ChangeProfile()
15:34:56.0 (9603705)|STATEMENT_EXECUTE|[1]
15:34:56.0 (9609030)|STATEMENT_EXECUTE|[1]
15:34:56.0 (9646504)|HEAP_ALLOCATE|[50]|Bytes:5
15:34:56.0 (9670401)|HEAP_ALLOCATE|[56]|Bytes:5
15:34:56.0 (9678995)|HEAP_ALLOCATE|[64]|Bytes:7
15:34:56.0 (9713481)|HEAP_ALLOCATE|[EXTERNAL]|Bytes:5
15:34:56.0 (9725088)|METHOD_EXIT|[1]|cls_P7S1_User_ChangeProfile
15:34:56.0 (9950156)|HEAP_ALLOCATE|[EXTERNAL]|Bytes:52
15:34:56.0 (9962826)|VARIABLE_SCOPE_BEGIN|[43]|this|cls_P7S1_User_ChangeProfile|true|false
15:34:56.0 (10066790)|VARIABLE_ASSIGNMENT|[43]|this|{}|0x7540dab1
15:34:56.0 (10082266)|HEAP_ALLOCATE|[EXTERNAL]|Bytes:5
15:34:56.0 (10086909)|STATEMENT_EXECUTE|[1]
15:34:56.0 (10090299)|HEAP_ALLOCATE|[EXTERNAL]|Bytes:5
15:34:56.0 (10092156)|STATEMENT_EXECUTE|[6]
15:34:56.0 (10094009)|STATEMENT_EXECUTE|[8]
15:34:56.0 (10095043)|STATEMENT_EXECUTE|[9]
15:34:56.0 (10096088)|STATEMENT_EXECUTE|[10]
15:34:56.0 (10100016)|STATEMENT_EXECUTE|[12]
15:34:56.0 (10101220)|STATEMENT_EXECUTE|[13]
15:34:56.0 (10102191)|STATEMENT_EXECUTE|[14]
15:34:56.0 (10103242)|STATEMENT_EXECUTE|[38]
15:34:56.0 (10104437)|STATEMENT_EXECUTE|[39]
15:34:56.0 (10105469)|STATEMENT_EXECUTE|[40]
15:34:56.0 (10106415)|STATEMENT_EXECUTE|[100]
15:34:56.0 (10107514)|STATEMENT_EXECUTE|[113]
15:34:56.0 (10117045)|HEAP_ALLOCATE|[EXTERNAL]|Bytes:6
15:34:56.0 (10141690)|STATEMENT_EXECUTE|[43]
15:34:56.0 (10325081)|HEAP_ALLOCATE|[EXTERNAL]|Bytes:52
15:34:56.0 (10335600)|VARIABLE_SCOPE_BEGIN|[46]|this|cls_P7S1_User_ChangeProfile|true|false
15:34:56.0 (10366015)|VARIABLE_ASSIGNMENT|[46]|this|{}|0x7540dab1
15:34:56.0 (10383256)|HEAP_ALLOCATE|[47]|Bytes:5
15:34:56.0 (10387483)|STATEMENT_EXECUTE|[46]
15:34:56.0 (10388868)|STATEMENT_EXECUTE|[47]
15:34:56.0 (10502515)|HEAP_ALLOCATE|[47]|Bytes:285
15:34:56.0 (10572615)|HEAP_ALLOCATE|[47]|Bytes:248
15:34:56.0 (10592724)|HEAP_ALLOCATE|[47]|Bytes:9
15:34:56.0 (10620029)|VARIABLE_SCOPE_BEGIN|[47]|profileId|String|false|false
15:34:56.0 (10627623)|VARIABLE_ASSIGNMENT|[47]|profileId|null
15:34:56.0 (10630228)|STATEMENT_EXECUTE|[48]
15:34:56.0 (10657167)|METHOD_ENTRY|[48]|01pD0000000KT71|cls_P7S1_User_ChangeProfile.initializeView()
15:34:56.0 (10676300)|VARIABLE_SCOPE_BEGIN|[51]|this|cls_P7S1_User_ChangeProfile|true|false
15:34:56.0 (10703954)|VARIABLE_ASSIGNMENT|[51]|this|{}|0x7540dab1
15:34:56.0 (10713380)|HEAP_ALLOCATE|[52]|Bytes:5
15:34:56.0 (10716939)|STATEMENT_EXECUTE|[51]
15:34:56.0 (10718043)|STATEMENT_EXECUTE|[52]
15:34:56.0 (10797641)|VARIABLE_ASSIGNMENT|[EXTERNAL]|this|{}|0x7540dab1
15:34:56.0 (10806927)|VARIABLE_ASSIGNMENT|[EXTERNAL]|value|null
15:34:56.0 (10822100)|VARIABLE_ASSIGNMENT|[14]|this.ShowPanel|null|0x7540dab1
15:34:56.0 (10829411)|STATEMENT_EXECUTE|[53]
15:34:56.0 (10833149)|HEAP_ALLOCATE|[53]|Bytes:7
15:34:56.0 (10870057)|USER_DEBUG|[53]|DEBUG|###View
15:34:56.0 (10877587)|STATEMENT_EXECUTE|[54]
15:34:56.0 (10880781)|HEAP_ALLOCATE|[54]|Bytes:145
15:34:56.0 (10893849)|HEAP_ALLOCATE|[54]|Bytes:4
15:34:56.0 (10904580)|HEAP_ALLOCATE|[54]|Bytes:7
15:34:56.0 (10950915)|HEAP_ALLOCATE|[57]|Bytes:85
15:34:56.0 (10962177)|SYSTEM_METHOD_ENTRY|[1]|UserInfo.UserInfo()
15:34:56.0 (10964586)|STATEMENT_EXECUTE|[1]
15:34:56.0 (10971024)|SYSTEM_METHOD_EXIT|[1]|UserInfo
15:34:56.0 (10986177)|METHOD_ENTRY|[57]||System.UserInfo.getUserId()
15:34:56.0 (11028573)|METHOD_EXIT|[57]||System.UserInfo.getUserId()
15:34:56.0 (14810234)|SOQL_EXECUTE_BEGIN|[54]|Aggregations:0|SELECT Id, Name, UserName, ProfileId, Profile.UserLicenseId, Profile.Name, Email, P7S1_ShowTestuserLinks__c FROM User WHERE Id = :tmpVar1 LIMIT 1
15:34:56.0 (51513377)|SOQL_EXECUTE_END|[54]|Rows:1
15:34:56.0 (51551141)|HEAP_ALLOCATE|[54]|Bytes:8
15:34:56.0 (51579025)|HEAP_ALLOCATE|[54]|Bytes:320
15:34:56.0 (51643136)|HEAP_ALLOCATE|[54]|Bytes:8
15:34:56.0 (51664453)|HEAP_ALLOCATE|[54]|Bytes:30
15:34:56.0 (51775700)|HEAP_ALLOCATE|[54]|Bytes:36
15:34:56.0 (51891181)|VARIABLE_ASSIGNMENT|[EXTERNAL]|this|{}|0x7540dab1
15:34:56.0 (51941314)|VARIABLE_ASSIGNMENT|[EXTERNAL]|value|{"s":1,"v":{"Id":"00557000005jeECAAY","Name":"Benjamin Schneider","Username":"p7s1.bschneider@fact (13 more) ...","ProfileId":"00e20000000lfOjAAI","Email":"bschneider@factory42 (4 more) ...","P7S1_ShowTestuserLin (5 more) ...":true,"CurrencyIsoCode":"EUR","Profile":{"s":2,"v":{"UserLicenseId":"100200000009H1sAAE","Name":"Systemadministrator","Id":"00e20000000lfOjAAI"}}}}|0x1703a3e9
15:34:56.0 (51975910)|VARIABLE_ASSIGNMENT|[8]|this.currentUser|{"s":1,"v":{"Id":"00557000005jeECAAY","Name":"Benjamin Schneider","Username":"p7s1.bschneider@fact (13 more) ...","ProfileId":"00e20000000lfOjAAI","Email":"bschneider@factory42 (4 more) ...","P7S1_ShowTestuserLin (5 more) ...":true,"CurrencyIsoCode":"EUR","Profile":{"s":2,"v":{"UserLicenseId":"100200000009H1sAAE","Name":"Systemadministrator","Id":"00e20000000lfOjAAI"}}}}|0x7540dab1
15:34:56.0 (52006416)|METHOD_ENTRY|[61]||System.UserInfo.getProfileId()
15:34:56.0 (52072663)|METHOD_EXIT|[61]||System.UserInfo.getProfileId()
15:34:56.0 (52098704)|HEAP_ALLOCATE|[61]|Bytes:4
15:34:56.0 (52104492)|HEAP_ALLOCATE|[61]|Bytes:18
15:34:56.0 (52134516)|HEAP_ALLOCATE|[61]|Bytes:4
15:34:56.0 (52172096)|STATEMENT_EXECUTE|[61]
15:34:56.0 (52174572)|STATEMENT_EXECUTE|[62]
15:34:56.0 (52178178)|HEAP_ALLOCATE|[62]|Bytes:5
15:34:56.0 (52226225)|VARIABLE_ASSIGNMENT|[EXTERNAL]|this|{"currentUser":"0x1703a3e9"}|0x7540dab1
15:34:56.0 (52232350)|VARIABLE_ASSIGNMENT|[EXTERNAL]|value|"Admin"
15:34:56.0 (52241586)|VARIABLE_ASSIGNMENT|[14]|this.ShowPanel|"Admin"|0x7540dab1
15:34:56.0 (52248243)|STATEMENT_EXECUTE|[63]
15:34:56.0 (52251597)|HEAP_ALLOCATE|[63]|Bytes:128
15:34:56.0 (52261768)|HEAP_ALLOCATE|[63]|Bytes:4
15:34:56.0 (52609001)|SOQL_EXECUTE_BEGIN|[63]|Aggregations:0|SELECT Id, Name FROM User WHERE (P7S1_UserType__c = 'System_Tester' AND isActive = TRUE) ORDER BY Name ASC NULLS FIRST LIMIT 100
15:34:56.0 (60296892)|SOQL_EXECUTE_END|[63]|Rows:25
15:34:56.0 (60317180)|HEAP_ALLOCATE|[63]|Bytes:104
15:34:56.0 (60359913)|HEAP_ALLOCATE|[63]|Bytes:1973
15:34:56.0 (60376840)|HEAP_ALLOCATE|[63]|Bytes:104
15:34:56.0 (60444291)|VARIABLE_ASSIGNMENT|[EXTERNAL]|this|{"currentUser":"0x1703a3e9","ShowPanel":"Admin"}|0x7540dab1
15:34:56.0 (60468692)|VARIABLE_ASSIGNMENT|[EXTERNAL]|value|{"s":1,"v":"List of size 25 too large to display"}|0x3cafc6f4
15:34:56.0 (60483888)|VARIABLE_ASSIGNMENT|[10]|this.userList|{"s":1,"v":"List of size 25 too large to display"}|0x7540dab1
15:34:56.0 (60494251)|STATEMENT_EXECUTE|[88]
15:34:56.0 (60507688)|METHOD_EXIT|[48]|01pD0000000KT71|cls_P7S1_User_ChangeProfile.initializeView()
15:34:56.0 (61466551)|SYSTEM_MODE_ENTER|true
15:34:56.0 (70257555)|SYSTEM_MODE_ENTER|true
15:34:56.0 (71209313)|SYSTEM_MODE_ENTER|true
15:34:56.0 (71247005)|HEAP_ALLOCATE|[EXTERNAL]|Bytes:52
15:34:56.0 (71258453)|VARIABLE_SCOPE_BEGIN|[104]|this|cls_P7S1_User_ChangeProfile|true|false
15:34:56.0 (71302604)|VARIABLE_ASSIGNMENT|[104]|this|{"currentUser":"0x1703a3e9","ShowPanel":"Admin","userList":"0x3cafc6f4"}|0x7540dab1
15:34:56.0 (71317502)|HEAP_ALLOCATE|[105]|Bytes:5
15:34:56.0 (71322413)|STATEMENT_EXECUTE|[104]
15:34:56.0 (71324276)|STATEMENT_EXECUTE|[105]
15:34:56.0 (71334290)|VARIABLE_ASSIGNMENT|[105]|this.selUserId|null|0x7540dab1
15:34:56.0 (71341132)|STATEMENT_EXECUTE|[106]
15:34:56.0 (71346894)|HEAP_ALLOCATE|[106]|Bytes:4
15:34:56.0 (71382735)|VARIABLE_SCOPE_BEGIN|[106]|options|List<System.SelectOption>|true|false
15:34:56.0 (71414401)|HEAP_ALLOCATE|[EXTERNAL]|Bytes:4
15:34:56.0 (71431289)|VARIABLE_ASSIGNMENT|[106]|options|{"s":1,"v":[]}|0x3f86184c
15:34:56.0 (71434642)|STATEMENT_EXECUTE|[107]
15:34:56.0 (71451778)|HEAP_ALLOCATE|[107]|Bytes:10
15:34:56.0 (71529593)|HEAP_ALLOCATE|[EXTERNAL]|Bytes:4
15:34:56.0 (71601050)|VARIABLE_ASSIGNMENT|[EXTERNAL]|this|{"currentUser":"0x1703a3e9","ShowPanel":"Admin","userList":"0x3cafc6f4"}|0x7540dab1
15:34:56.0 (71802534)|HEAP_ALLOCATE|[108]|Bytes:5
15:34:56.0 (71835537)|HEAP_ALLOCATE|[108]|Bytes:16
15:34:56.0 (71849480)|VARIABLE_SCOPE_BEGIN|[108]|u|User|true|false
15:34:56.0 (71869423)|VARIABLE_ASSIGNMENT|[108]|u|{"s":1,"v":{"Id":"005D0000002QDFYIA4","Name":"Aer_Default Tester","CurrencyIsoCode":"EUR"}}|0x4da62111
15:34:56.0 (71873644)|STATEMENT_EXECUTE|[108]
15:34:56.0 (71875319)|STATEMENT_EXECUTE|[109]
15:34:56.0 (71913542)|HEAP_ALLOCATE|[109]|Bytes:18
15:34:56.0 (71975849)|HEAP_ALLOCATE|[EXTERNAL]|Bytes:4
15:34:56.0 (71990902)|HEAP_ALLOCATE|[108]|Bytes:5
15:34:56.0 (72011529)|HEAP_ALLOCATE|[108]|Bytes:16
15:34:56.0 (72020868)|VARIABLE_SCOPE_BEGIN|[108]|u|User|true|false
15:34:56.0 (72036631)|VARIABLE_ASSIGNMENT|[108]|u|{"s":1,"v":{"Id":"00557000005jeLcAAI","Name":"MA_Default Tester","CurrencyIsoCode":"EUR"}}|0x41c31518
15:34:56.0 (72040562)|STATEMENT_EXECUTE|[108]
15:34:56.0 (72041705)|STATEMENT_EXECUTE|[109]
15:34:56.0 (72055634)|HEAP_ALLOCATE|[109]|Bytes:18
15:34:56.0 (72073048)|HEAP_ALLOCATE|[EXTERNAL]|Bytes:4
15:34:56.0 (72084424)|HEAP_ALLOCATE|[108]|Bytes:5
15:34:56.0 (72102898)|HEAP_ALLOCATE|[108]|Bytes:16
15:34:56.0 (72110139)|VARIABLE_SCOPE_BEGIN|[108]|u|User|true|false
15:34:56.0 (72125670)|VARIABLE_ASSIGNMENT|[108]|u|{"s":1,"v":{"Id":"005D00000047YCbIAM","Name":"P7S1_Interface Teste (1 more) ...","CurrencyIsoCode":"EUR"}}|0x1096ee69
15:34:56.0 (72129342)|STATEMENT_EXECUTE|[108]
15:34:56.0 (72130904)|STATEMENT_EXECUTE|[109]
15:34:56.0 (72143847)|HEAP_ALLOCATE|[109]|Bytes:18
15:34:56.0 (72159835)|HEAP_ALLOCATE|[EXTERNAL]|Bytes:4
15:34:56.0 (72171241)|HEAP_ALLOCATE|[108]|Bytes:5
15:34:56.0 (72189303)|HEAP_ALLOCATE|[108]|Bytes:16
15:34:56.0 (72196366)|VARIABLE_SCOPE_BEGIN|[108]|u|User|true|false
15:34:56.0 (72210324)|VARIABLE_ASSIGNMENT|[108]|u|{"s":1,"v":{"Id":"005D0000004qFkAIAU","Name":"Sgn_Default Tester","CurrencyIsoCode":"EUR"}}|0x794b83ce
15:34:56.0 (72213664)|STATEMENT_EXECUTE|[108]
15:34:56.0 (72214740)|STATEMENT_EXECUTE|[109]
15:34:56.0 (72227130)|HEAP_ALLOCATE|[109]|Bytes:18
15:34:56.0 (72242897)|HEAP_ALLOCATE|[EXTERNAL]|Bytes:4
15:34:56.0 (72253773)|HEAP_ALLOCATE|[108]|Bytes:5
15:34:56.0 (72271552)|HEAP_ALLOCATE|[108]|Bytes:16
15:34:56.0 (72278815)|VARIABLE_SCOPE_BEGIN|[108]|u|User|true|false
15:34:56.0 (72292152)|VARIABLE_ASSIGNMENT|[108]|u|{"s":1,"v":{"Id":"005D00000052oAVIAY","Name":"SomAt Tester","CurrencyIsoCode":"EUR"}}|0x5199b5f
15:34:56.0 (72295516)|STATEMENT_EXECUTE|[108]
15:34:56.0 (72297226)|STATEMENT_EXECUTE|[109]
15:34:56.0 (72311952)|HEAP_ALLOCATE|[109]|Bytes:18
15:34:56.0 (72332485)|HEAP_ALLOCATE|[EXTERNAL]|Bytes:4
15:34:56.0 (72344350)|HEAP_ALLOCATE|[108]|Bytes:5
15:34:56.0 (72363078)|HEAP_ALLOCATE|[108]|Bytes:16
15:34:56.0 (72370447)|VARIABLE_SCOPE_BEGIN|[108]|u|User|true|false
15:34:56.0 (72386790)|VARIABLE_ASSIGNMENT|[108]|u|{"s":1,"v":{"Id":"005D0000002jJFZIA2","Name":"SomDig_AdTech Tester","CurrencyIsoCode":"EUR"}}|0x5c2b2531
15:34:56.0 (72390522)|STATEMENT_EXECUTE|[108]
15:34:56.0 (72391571)|STATEMENT_EXECUTE|[109]
15:34:56.0 (72407967)|HEAP_ALLOCATE|[109]|Bytes:18
15:34:56.0 (72424194)|HEAP_ALLOCATE|[EXTERNAL]|Bytes:4
15:34:56.0 (72435270)|HEAP_ALLOCATE|[108]|Bytes:5
15:34:56.0 (72453508)|HEAP_ALLOCATE|[108]|Bytes:16
15:34:56.0 (72462597)|VARIABLE_SCOPE_BEGIN|[108]|u|User|true|false
15:34:56.0 (72477945)|VARIABLE_ASSIGNMENT|[108]|u|{"s":1,"v":{"Id":"005D00000049FIoIAM","Name":"SomDig_Billing Teste (1 more) ...","CurrencyIsoCode":"EUR"}}|0x7be96d7b
15:34:56.0 (72482164)|STATEMENT_EXECUTE|[108]
15:34:56.0 (72487881)|STATEMENT_EXECUTE|[109]
15:34:56.0 (72501101)|HEAP_ALLOCATE|[109]|Bytes:18
15:34:56.0 (72517504)|HEAP_ALLOCATE|[EXTERNAL]|Bytes:4
15:34:56.0 (72531449)|HEAP_ALLOCATE|[108]|Bytes:5
15:34:56.0 (72554169)|HEAP_ALLOCATE|[108]|Bytes:16
15:34:56.0 (72561717)|VARIABLE_SCOPE_BEGIN|[108]|u|User|true|false
15:34:56.0 (72575503)|VARIABLE_ASSIGNMENT|[108]|u|{"s":1,"v":{"Id":"005D00000049FIpIAM","Name":"SomDig_PAM Tester","CurrencyIsoCode":"EUR"}}|0x5e19c43b
15:34:56.0 (72578705)|STATEMENT_EXECUTE|[108]
15:34:56.0 (72579761)|STATEMENT_EXECUTE|[109]
15:34:56.0 (72594848)|HEAP_ALLOCATE|[109]|Bytes:18
15:34:56.0 (72616050)|HEAP_ALLOCATE|[EXTERNAL]|Bytes:4
15:34:56.0 (72627587)|HEAP_ALLOCATE|[108]|Bytes:5
15:34:56.0 (72647648)|HEAP_ALLOCATE|[108]|Bytes:16
15:34:56.0 (72655717)|VARIABLE_SCOPE_BEGIN|[108]|u|User|true|false
15:34:56.0 (72672824)|VARIABLE_ASSIGNMENT|[108]|u|{"s":1,"v":{"Id":"005D00000049FIqIAM","Name":"SomDig_PM Tester","CurrencyIsoCode":"EUR"}}|0x17137fc4
15:34:56.0 (72676841)|STATEMENT_EXECUTE|[108]
15:34:56.0 (72678118)|STATEMENT_EXECUTE|[109]
15:34:56.0 (72690993)|HEAP_ALLOCATE|[109]|Bytes:18
15:34:56.0 (72707027)|HEAP_ALLOCATE|[EXTERNAL]|Bytes:4
15:34:56.0 (72720621)|HEAP_ALLOCATE|[108]|Bytes:5
15:34:56.0 (72747258)|HEAP_ALLOCATE|[108]|Bytes:16
15:34:56.0 (72755556)|VARIABLE_SCOPE_BEGIN|[108]|u|User|true|false
15:34:56.0 (72769867)|VARIABLE_ASSIGNMENT|[108]|u|{"s":1,"v":{"Id":"005D0000001VrNRIA0","Name":"SomDig_Sales Tester","CurrencyIsoCode":"EUR"}}|0x1214d2ba
15:34:56.0 (72773307)|STATEMENT_EXECUTE|[108]
15:34:56.0 (72774352)|STATEMENT_EXECUTE|[109]
15:34:56.0 (72786973)|HEAP_ALLOCATE|[109]|Bytes:18
15:34:56.0 (72805397)|HEAP_ALLOCATE|[EXTERNAL]|Bytes:4
15:34:56.0 (72821679)|HEAP_ALLOCATE|[108]|Bytes:5
15:34:56.0 (72841173)|HEAP_ALLOCATE|[108]|Bytes:16
15:34:56.0 (72848507)|VARIABLE_SCOPE_BEGIN|[108]|u|User|true|false
15:34:56.0 (72862292)|VARIABLE_ASSIGNMENT|[108]|u|{"s":1,"v":{"Id":"005D0000004rQF5IAM","Name":"Som_ReadOnly Tester","CurrencyIsoCode":"EUR"}}|0x22a6e736
15:34:56.0 (72866021)|STATEMENT_EXECUTE|[108]
15:34:56.0 (72867197)|STATEMENT_EXECUTE|[109]
15:34:56.0 (72879647)|HEAP_ALLOCATE|[109]|Bytes:18
15:34:56.0 (72895488)|HEAP_ALLOCATE|[EXTERNAL]|Bytes:4
15:34:56.0 (72906198)|HEAP_ALLOCATE|[108]|Bytes:5
15:34:56.0 (72924156)|HEAP_ALLOCATE|[108]|Bytes:16
15:34:56.0 (72931141)|VARIABLE_SCOPE_BEGIN|[108]|u|User|true|false
15:34:56.0 (72945345)|VARIABLE_ASSIGNMENT|[108]|u|{"s":1,"v":{"Id":"005D00000049FIrIAM","Name":"SomTv_ADFactory Test (2 more) ...","CurrencyIsoCode":"EUR"}}|0x328ec745
15:34:56.0 (72948933)|STATEMENT_EXECUTE|[108]
15:34:56.0 (72950351)|STATEMENT_EXECUTE|[109]
15:34:56.0 (72962604)|HEAP_ALLOCATE|[109]|Bytes:18
15:34:56.0 (72978081)|HEAP_ALLOCATE|[EXTERNAL]|Bytes:4
15:34:56.0 (72988895)|HEAP_ALLOCATE|[108]|Bytes:5
15:34:56.0 (73006733)|HEAP_ALLOCATE|[108]|Bytes:16
15:34:56.0 (73014935)|VARIABLE_SCOPE_BEGIN|[108]|u|User|true|false
15:34:56.0 (73029134)|VARIABLE_ASSIGNMENT|[108]|u|{"s":1,"v":{"Id":"005D00000049FItIAM","Name":"SomTv_Marketing Test (2 more) ...","CurrencyIsoCode":"EUR"}}|0x3eef738f
15:34:56.0 (73032351)|STATEMENT_EXECUTE|[108]
15:34:56.0 (73033538)|STATEMENT_EXECUTE|[109]
15:34:56.0 (73046031)|HEAP_ALLOCATE|[109]|Bytes:18
15:34:56.0 (73061623)|HEAP_ALLOCATE|[EXTERNAL]|Bytes:4
15:34:56.0 (73072421)|HEAP_ALLOCATE|[108]|Bytes:5
15:34:56.0 (73090151)|HEAP_ALLOCATE|[108]|Bytes:16
15:34:56.0 (73097056)|VARIABLE_SCOPE_BEGIN|[108]|u|User|true|false
15:34:56.0 (73110524)|VARIABLE_ASSIGNMENT|[108]|u|{"s":1,"v":{"Id":"005D00000049FIuIAM","Name":"SomTv_RM Tester","CurrencyIsoCode":"EUR"}}|0xadae7ea
15:34:56.0 (73114040)|STATEMENT_EXECUTE|[108]
15:34:56.0 (73115117)|STATEMENT_EXECUTE|[109]
15:34:56.0 (73127331)|HEAP_ALLOCATE|[109]|Bytes:18
15:34:56.0 (73143131)|HEAP_ALLOCATE|[EXTERNAL]|Bytes:4
15:34:56.0 (73153759)|HEAP_ALLOCATE|[108]|Bytes:5
15:34:56.0 (73171301)|HEAP_ALLOCATE|[108]|Bytes:16
15:34:56.0 (73178257)|VARIABLE_SCOPE_BEGIN|[108]|u|User|true|false
15:34:56.0 (73192980)|VARIABLE_ASSIGNMENT|[108]|u|{"s":1,"v":{"Id":"005D00000049FIvIAM","Name":"SomTv_Sales Tester","CurrencyIsoCode":"EUR"}}|0x1f502ed0
15:34:56.0 (73197658)|STATEMENT_EXECUTE|[108]
15:34:56.0 (73199067)|STATEMENT_EXECUTE|[109]
15:34:56.0 (73215477)|HEAP_ALLOCATE|[109]|Bytes:18
15:34:56.0 (73231958)|HEAP_ALLOCATE|[EXTERNAL]|Bytes:4
15:34:56.0 (73243627)|HEAP_ALLOCATE|[108]|Bytes:5
15:34:56.0 (73269108)|HEAP_ALLOCATE|[108]|Bytes:16
15:34:56.0 (73276951)|VARIABLE_SCOPE_BEGIN|[108]|u|User|true|false
15:34:56.0 (73291501)|VARIABLE_ASSIGNMENT|[108]|u|{"s":1,"v":{"Id":"005D00000049FIyIAM","Name":"SomTv_SalesManagemen (8 more) ...","CurrencyIsoCode":"EUR"}}|0x5ba07690
15:34:56.0 (73295059)|STATEMENT_EXECUTE|[108]
15:34:56.0 (73296111)|STATEMENT_EXECUTE|[109]
15:34:56.0 (73308844)|HEAP_ALLOCATE|[109]|Bytes:18
15:34:56.0 (73327632)|HEAP_ALLOCATE|[EXTERNAL]|Bytes:4
15:34:56.0 (73343435)|HEAP_ALLOCATE|[108]|Bytes:5
15:34:56.0 (73362022)|HEAP_ALLOCATE|[108]|Bytes:16
15:34:56.0 (73371807)|VARIABLE_SCOPE_BEGIN|[108]|u|User|true|false
15:34:56.0 (73390059)|VARIABLE_ASSIGNMENT|[108]|u|{"s":1,"v":{"Id":"005D00000049FIzIAM","Name":"SomTv_SalesSteering  (6 more) ...","CurrencyIsoCode":"EUR"}}|0x1e160560
15:34:56.0 (73394188)|STATEMENT_EXECUTE|[108]
15:34:56.0 (73395249)|STATEMENT_EXECUTE|[109]
15:34:56.0 (73408430)|HEAP_ALLOCATE|[109]|Bytes:18
15:34:56.0 (73424601)|HEAP_ALLOCATE|[EXTERNAL]|Bytes:4
15:34:56.0 (73438903)|HEAP_ALLOCATE|[108]|Bytes:5
15:34:56.0 (73461792)|HEAP_ALLOCATE|[108]|Bytes:16
15:34:56.0 (73469371)|VARIABLE_SCOPE_BEGIN|[108]|u|User|true|false
15:34:56.0 (73485349)|VARIABLE_ASSIGNMENT|[108]|u|{"s":1,"v":{"Id":"005D00000049FJ0IAM","Name":"SomTv_TeamCRM Tester","CurrencyIsoCode":"EUR"}}|0x432e44ff
15:34:56.0 (73489302)|STATEMENT_EXECUTE|[108]
15:34:56.0 (73490420)|STATEMENT_EXECUTE|[109]
15:34:56.0 (73506359)|HEAP_ALLOCATE|[109]|Bytes:18
15:34:56.0 (73522733)|HEAP_ALLOCATE|[EXTERNAL]|Bytes:4
15:34:56.0 (73533561)|HEAP_ALLOCATE|[108]|Bytes:5
15:34:56.0 (73554260)|HEAP_ALLOCATE|[108]|Bytes:16
15:34:56.0 (73561860)|VARIABLE_SCOPE_BEGIN|[108]|u|User|true|false
15:34:56.0 (73579988)|VARIABLE_ASSIGNMENT|[108]|u|{"s":1,"v":{"Id":"005D00000049FJ2IAM","Name":"Ven_Controlling Test (2 more) ...","CurrencyIsoCode":"EUR"}}|0x5d96c4e4
15:34:56.0 (73584147)|STATEMENT_EXECUTE|[108]
15:34:56.0 (73585248)|STATEMENT_EXECUTE|[109]
15:34:56.0 (73601124)|HEAP_ALLOCATE|[109]|Bytes:18
15:34:56.0 (73622290)|HEAP_ALLOCATE|[EXTERNAL]|Bytes:4
15:34:56.0 (73634028)|HEAP_ALLOCATE|[108]|Bytes:5
15:34:56.0 (73652874)|HEAP_ALLOCATE|[108]|Bytes:16
15:34:56.0 (73660214)|VARIABLE_SCOPE_BEGIN|[108]|u|User|true|false
15:34:56.0 (73674547)|VARIABLE_ASSIGNMENT|[108]|u|{"s":1,"v":{"Id":"005D0000002jIReIAM","Name":"Ven_DataManager Test (2 more) ...","CurrencyIsoCode":"EUR"}}|0x5da3d30
15:34:56.0 (73678193)|STATEMENT_EXECUTE|[108]
15:34:56.0 (73679278)|STATEMENT_EXECUTE|[109]
15:34:56.0 (73691664)|HEAP_ALLOCATE|[109]|Bytes:18
15:34:56.0 (73707346)|HEAP_ALLOCATE|[EXTERNAL]|Bytes:4
15:34:56.0 (73718297)|HEAP_ALLOCATE|[108]|Bytes:5
15:34:56.0 (73736081)|HEAP_ALLOCATE|[108]|Bytes:16
15:34:56.0 (73746609)|VARIABLE_SCOPE_BEGIN|[108]|u|User|true|false
15:34:56.0 (73761243)|VARIABLE_ASSIGNMENT|[108]|u|{"s":1,"v":{"Id":"005D000000410gaIAA","Name":"Ven_Extern Tester","CurrencyIsoCode":"EUR"}}|0x2bc915ee
15:34:56.0 (73764610)|STATEMENT_EXECUTE|[108]
15:34:56.0 (73765646)|STATEMENT_EXECUTE|[109]
15:34:56.0 (73778550)|HEAP_ALLOCATE|[109]|Bytes:18
15:34:56.0 (73794186)|HEAP_ALLOCATE|[EXTERNAL]|Bytes:4
15:34:56.0 (73805003)|HEAP_ALLOCATE|[108]|Bytes:5
15:34:56.0 (73822973)|HEAP_ALLOCATE|[108]|Bytes:16
15:34:56.0 (73830103)|VARIABLE_SCOPE_BEGIN|[108]|u|User|true|false
15:34:56.0 (73844352)|VARIABLE_ASSIGNMENT|[108]|u|{"s":1,"v":{"Id":"005D00000049FJ3IAM","Name":"Ven_InvestmentManage (8 more) ...","CurrencyIsoCode":"EUR"}}|0x1af1b5d4
15:34:56.0 (73847425)|STATEMENT_EXECUTE|[108]
15:34:56.0 (73848466)|STATEMENT_EXECUTE|[109]
15:34:56.0 (73860746)|HEAP_ALLOCATE|[109]|Bytes:18
15:34:56.0 (73876122)|HEAP_ALLOCATE|[EXTERNAL]|Bytes:4
15:34:56.0 (73887059)|HEAP_ALLOCATE|[108]|Bytes:5
15:34:56.0 (73904741)|HEAP_ALLOCATE|[108]|Bytes:16
15:34:56.0 (73911740)|VARIABLE_SCOPE_BEGIN|[108]|u|User|true|false
15:34:56.0 (73926385)|VARIABLE_ASSIGNMENT|[108]|u|{"s":1,"v":{"Id":"005D00000049FJ4IAM","Name":"Ven_MediaExpert Test (2 more) ...","CurrencyIsoCode":"EUR"}}|0x712bf38a
15:34:56.0 (73929346)|STATEMENT_EXECUTE|[108]
15:34:56.0 (73930382)|STATEMENT_EXECUTE|[109]
15:34:56.0 (73942821)|HEAP_ALLOCATE|[109]|Bytes:18
15:34:56.0 (73958299)|HEAP_ALLOCATE|[EXTERNAL]|Bytes:4
15:34:56.0 (73969025)|HEAP_ALLOCATE|[108]|Bytes:5
15:34:56.0 (73986900)|HEAP_ALLOCATE|[108]|Bytes:16
15:34:56.0 (73993777)|VARIABLE_SCOPE_BEGIN|[108]|u|User|true|false
15:34:56.0 (74007209)|VARIABLE_ASSIGNMENT|[108]|u|{"s":1,"v":{"Id":"005D00000049FJ5IAM","Name":"Ven_ReadOnly Tester","CurrencyIsoCode":"EUR"}}|0x254c6322
15:34:56.0 (74011519)|STATEMENT_EXECUTE|[108]
15:34:56.0 (74012539)|STATEMENT_EXECUTE|[109]
15:34:56.0 (74024859)|HEAP_ALLOCATE|[109]|Bytes:18
15:34:56.0 (74040374)|HEAP_ALLOCATE|[EXTERNAL]|Bytes:4
15:34:56.0 (74051158)|HEAP_ALLOCATE|[108]|Bytes:5
15:34:56.0 (74068679)|HEAP_ALLOCATE|[108]|Bytes:16
15:34:56.0 (74076093)|VARIABLE_SCOPE_BEGIN|[108]|u|User|true|false
15:34:56.0 (74089502)|VARIABLE_ASSIGNMENT|[108]|u|{"s":1,"v":{"Id":"005D00000049FJ6IAM","Name":"Ven_Standard Tester","CurrencyIsoCode":"EUR"}}|0x46c97400
15:34:56.0 (74092665)|STATEMENT_EXECUTE|[108]
15:34:56.0 (74093687)|STATEMENT_EXECUTE|[109]
15:34:56.0 (74107059)|HEAP_ALLOCATE|[109]|Bytes:18
15:34:56.0 (74128809)|HEAP_ALLOCATE|[EXTERNAL]|Bytes:4
15:34:56.0 (74140490)|HEAP_ALLOCATE|[108]|Bytes:5
15:34:56.0 (74151777)|VARIABLE_ASSIGNMENT|[108]|u|null|
15:34:56.0 (74155177)|STATEMENT_EXECUTE|[111]
15:34:56.0 (74484299)|SYSTEM_MODE_ENTER|true
15:34:56.0 (74519466)|HEAP_ALLOCATE|[EXTERNAL]|Bytes:52
15:34:56.0 (74529515)|VARIABLE_SCOPE_BEGIN|[114]|this|cls_P7S1_User_ChangeProfile|true|false
15:34:56.0 (74567308)|VARIABLE_ASSIGNMENT|[114]|this|{"currentUser":"0x1703a3e9","ShowPanel":"Admin","userList":"0x3cafc6f4"}|0x7540dab1
15:34:56.0 (74579092)|HEAP_ALLOCATE|[114]|Bytes:5
15:34:56.0 (74582818)|STATEMENT_EXECUTE|[114]
15:34:56.0 (74584573)|STATEMENT_EXECUTE|[114]
15:34:56.0 (76970558)|VF_SERIALIZE_VIEWSTATE_BEGIN|066D0000000V3u3
15:34:56.0 (80529777)|VF_SERIALIZE_VIEWSTATE_END
15:34:56.84 (84181216)|CUMULATIVE_LIMIT_USAGE
15:34:56.84 (84181216)|LIMIT_USAGE_FOR_NS|(default)|
  Number of SOQL queries: 2 out of 100
  Number of query rows: 26 out of 50000
  Number of SOSL queries: 0 out of 20
  Number of DML statements: 0 out of 150
  Number of DML rows: 0 out of 10000
  Maximum CPU time: 0 out of 10000
  Maximum heap size: 0 out of 6000000
  Number of callouts: 0 out of 100
  Number of Email Invocations: 0 out of 10
  Number of future calls: 0 out of 50
  Number of queueable jobs added to the queue: 0 out of 50
  Number of Mobile Apex push calls: 0 out of 10

15:34:56.84 (84181216)|CUMULATIVE_LIMIT_USAGE_END

15:34:56.0 (84231290)|CODE_UNIT_FINISHED|VF: /apex/vfp_P7S1_User_ChangeProfile
15:34:56.0 (85215129)|EXECUTION_FINISHED
