30.0 APEX_CODE,FINEST;APEX_PROFILING,INFO;CALLOUT,INFO;DB,INFO;SYSTEM,DEBUG;VALIDATION,INFO;VISUALFORCE,INFO;WORKFLOW,INFO
10:07:18.0 (89925)|USER_INFO|[EXTERNAL]|00557000005jeDx|p7s1.rhamester@factory42.com.kam|Mitteleuropäische Normalzeit|GMT+02:00
10:07:18.0 (134944)|EXECUTION_STARTED
10:07:18.0 (142189)|CODE_UNIT_STARTED|[EXTERNAL]|066D0000000V3u3|VF: /apex/vfp_P7S1_User_ChangeProfile
10:07:18.0 (6958922)|SYSTEM_MODE_ENTER|true
10:07:18.0 (7298921)|VARIABLE_SCOPE_BEGIN|[4]|cls_P7S1_User_ChangeProfile.PAGE_URL|String|false|true
10:07:18.0 (7308983)|VARIABLE_SCOPE_BEGIN|[5]|cls_P7S1_User_ChangeProfile.SITE_NAME|String|false|true
10:07:18.0 (7476304)|HEAP_ALLOCATE|[72]|Bytes:3
10:07:18.0 (7537299)|HEAP_ALLOCATE|[77]|Bytes:152
10:07:18.0 (7558094)|HEAP_ALLOCATE|[342]|Bytes:408
10:07:18.0 (7577685)|HEAP_ALLOCATE|[355]|Bytes:408
10:07:18.0 (7596024)|HEAP_ALLOCATE|[467]|Bytes:48
10:07:18.0 (7630376)|HEAP_ALLOCATE|[139]|Bytes:6
10:07:18.0 (7654238)|HEAP_ALLOCATE|[EXTERNAL]|Bytes:328
10:07:18.0 (7660055)|HEAP_ALLOCATE|[EXTERNAL]|Bytes:73
10:07:18.0 (7662758)|HEAP_ALLOCATE|[EXTERNAL]|Bytes:26
10:07:18.0 (7665755)|HEAP_ALLOCATE|[EXTERNAL]|Bytes:28
10:07:18.0 (7708492)|VARIABLE_ASSIGNMENT|[EXTERNAL]|cls_P7S1_User_ChangeProfile.PAGE_URL|"/vfp_P7S1_User_Chang (8 more) ..."
10:07:18.0 (7713375)|HEAP_ALLOCATE|[EXTERNAL]|Bytes:13
10:07:18.0 (7720227)|VARIABLE_ASSIGNMENT|[EXTERNAL]|cls_P7S1_User_ChangeProfile.SITE_NAME|"ChangeProfile"
10:07:18.0 (7736918)|METHOD_ENTRY|[1]|01pD0000000KT71|cls_P7S1_User_ChangeProfile.cls_P7S1_User_ChangeProfile()
10:07:18.0 (7741139)|STATEMENT_EXECUTE|[1]
10:07:18.0 (7746739)|STATEMENT_EXECUTE|[1]
10:07:18.0 (7783906)|HEAP_ALLOCATE|[50]|Bytes:5
10:07:18.0 (7811879)|HEAP_ALLOCATE|[56]|Bytes:5
10:07:18.0 (7821188)|HEAP_ALLOCATE|[64]|Bytes:7
10:07:18.0 (7859414)|HEAP_ALLOCATE|[EXTERNAL]|Bytes:5
10:07:18.0 (7875837)|METHOD_EXIT|[1]|cls_P7S1_User_ChangeProfile
10:07:18.0 (7882643)|HEAP_ALLOCATE|[EXTERNAL]|Bytes:52
10:07:18.0 (7892377)|VARIABLE_SCOPE_BEGIN|[43]|this|cls_P7S1_User_ChangeProfile|true|false
10:07:18.0 (8223568)|VARIABLE_ASSIGNMENT|[43]|this|{}|0x248114fb
10:07:18.0 (8237426)|HEAP_ALLOCATE|[EXTERNAL]|Bytes:5
10:07:18.0 (8241269)|STATEMENT_EXECUTE|[1]
10:07:18.0 (8244152)|HEAP_ALLOCATE|[EXTERNAL]|Bytes:5
10:07:18.0 (8245977)|STATEMENT_EXECUTE|[6]
10:07:18.0 (8247537)|STATEMENT_EXECUTE|[8]
10:07:18.0 (8248575)|STATEMENT_EXECUTE|[9]
10:07:18.0 (8249404)|STATEMENT_EXECUTE|[10]
10:07:18.0 (8250572)|STATEMENT_EXECUTE|[12]
10:07:18.0 (8251638)|STATEMENT_EXECUTE|[13]
10:07:18.0 (8252560)|STATEMENT_EXECUTE|[14]
10:07:18.0 (8253572)|STATEMENT_EXECUTE|[38]
10:07:18.0 (8254475)|STATEMENT_EXECUTE|[39]
10:07:18.0 (8255584)|STATEMENT_EXECUTE|[40]
10:07:18.0 (8256589)|STATEMENT_EXECUTE|[100]
10:07:18.0 (8257706)|STATEMENT_EXECUTE|[113]
10:07:18.0 (8267634)|HEAP_ALLOCATE|[EXTERNAL]|Bytes:6
10:07:18.0 (8289842)|STATEMENT_EXECUTE|[43]
10:07:18.0 (8412794)|HEAP_ALLOCATE|[EXTERNAL]|Bytes:52
10:07:18.0 (8421926)|VARIABLE_SCOPE_BEGIN|[46]|this|cls_P7S1_User_ChangeProfile|true|false
10:07:18.0 (8448001)|VARIABLE_ASSIGNMENT|[46]|this|{}|0x248114fb
10:07:18.0 (8463565)|HEAP_ALLOCATE|[47]|Bytes:5
10:07:18.0 (8467269)|STATEMENT_EXECUTE|[46]
10:07:18.0 (8468552)|STATEMENT_EXECUTE|[47]
10:07:18.0 (8589706)|HEAP_ALLOCATE|[47]|Bytes:294
10:07:18.0 (8674104)|HEAP_ALLOCATE|[47]|Bytes:257
10:07:18.0 (8695126)|HEAP_ALLOCATE|[47]|Bytes:9
10:07:18.0 (8721865)|VARIABLE_SCOPE_BEGIN|[47]|profileId|String|false|false
10:07:18.0 (8729860)|VARIABLE_ASSIGNMENT|[47]|profileId|null
10:07:18.0 (8732460)|STATEMENT_EXECUTE|[48]
10:07:18.0 (8755438)|METHOD_ENTRY|[48]|01pD0000000KT71|cls_P7S1_User_ChangeProfile.initializeView()
10:07:18.0 (8773198)|VARIABLE_SCOPE_BEGIN|[51]|this|cls_P7S1_User_ChangeProfile|true|false
10:07:18.0 (8798250)|VARIABLE_ASSIGNMENT|[51]|this|{}|0x248114fb
10:07:18.0 (8806533)|HEAP_ALLOCATE|[52]|Bytes:5
10:07:18.0 (8810070)|STATEMENT_EXECUTE|[51]
10:07:18.0 (8811317)|STATEMENT_EXECUTE|[52]
10:07:18.0 (8869564)|VARIABLE_ASSIGNMENT|[EXTERNAL]|this|{}|0x248114fb
10:07:18.0 (8877315)|VARIABLE_ASSIGNMENT|[EXTERNAL]|value|null
10:07:18.0 (8888024)|VARIABLE_ASSIGNMENT|[14]|this.ShowPanel|null|0x248114fb
10:07:18.0 (8895708)|STATEMENT_EXECUTE|[53]
10:07:18.0 (8899290)|HEAP_ALLOCATE|[53]|Bytes:7
10:07:18.0 (8942952)|USER_DEBUG|[53]|DEBUG|###View
10:07:18.0 (8949615)|STATEMENT_EXECUTE|[54]
10:07:18.0 (8952768)|HEAP_ALLOCATE|[54]|Bytes:145
10:07:18.0 (8963401)|HEAP_ALLOCATE|[54]|Bytes:4
10:07:18.0 (8974468)|HEAP_ALLOCATE|[54]|Bytes:7
10:07:18.0 (9017695)|HEAP_ALLOCATE|[57]|Bytes:85
10:07:18.0 (9032267)|SYSTEM_METHOD_ENTRY|[1]|UserInfo.UserInfo()
10:07:18.0 (9035132)|STATEMENT_EXECUTE|[1]
10:07:18.0 (9042528)|SYSTEM_METHOD_EXIT|[1]|UserInfo
10:07:18.0 (9054448)|METHOD_ENTRY|[57]||System.UserInfo.getUserId()
10:07:18.0 (9096033)|METHOD_EXIT|[57]||System.UserInfo.getUserId()
10:07:18.0 (11695430)|SOQL_EXECUTE_BEGIN|[54]|Aggregations:0|SELECT Id, Name, UserName, ProfileId, Profile.UserLicenseId, Profile.Name, Email, P7S1_ShowTestuserLinks__c FROM User WHERE Id = :tmpVar1 LIMIT 1
10:07:18.0 (72293775)|SOQL_EXECUTE_END|[54]|Rows:1
10:07:18.0 (72330046)|HEAP_ALLOCATE|[54]|Bytes:8
10:07:18.0 (72358457)|HEAP_ALLOCATE|[54]|Bytes:314
10:07:18.0 (72424142)|HEAP_ALLOCATE|[54]|Bytes:8
10:07:18.0 (72445461)|HEAP_ALLOCATE|[54]|Bytes:30
10:07:18.0 (72557873)|HEAP_ALLOCATE|[54]|Bytes:36
10:07:18.0 (72672273)|VARIABLE_ASSIGNMENT|[EXTERNAL]|this|{}|0x248114fb
10:07:18.0 (72715854)|VARIABLE_ASSIGNMENT|[EXTERNAL]|value|{"s":1,"v":{"Id":"00557000005jeDxAAI","Name":"Ralf Hamester","Username":"p7s1.rhamester@facto (12 more) ...","ProfileId":"00e20000000lfOjAAI","Email":"rhamester@factory42. (3 more) ...","P7S1_ShowTestuserLin (5 more) ...":true,"CurrencyIsoCode":"EUR","Profile":{"s":2,"v":{"UserLicenseId":"100200000009H1sAAE","Name":"System Administrator","Id":"00e20000000lfOjAAI"}}}}|0x5fdeb6c0
10:07:18.0 (72746859)|VARIABLE_ASSIGNMENT|[8]|this.currentUser|{"s":1,"v":{"Id":"00557000005jeDxAAI","Name":"Ralf Hamester","Username":"p7s1.rhamester@facto (12 more) ...","ProfileId":"00e20000000lfOjAAI","Email":"rhamester@factory42. (3 more) ...","P7S1_ShowTestuserLin (5 more) ...":true,"CurrencyIsoCode":"EUR","Profile":{"s":2,"v":{"UserLicenseId":"100200000009H1sAAE","Name":"System Administrator","Id":"00e20000000lfOjAAI"}}}}|0x248114fb
10:07:18.0 (72776260)|METHOD_ENTRY|[61]||System.UserInfo.getProfileId()
10:07:18.0 (72837134)|METHOD_EXIT|[61]||System.UserInfo.getProfileId()
10:07:18.0 (72861595)|HEAP_ALLOCATE|[61]|Bytes:4
10:07:18.0 (72867494)|HEAP_ALLOCATE|[61]|Bytes:18
10:07:18.0 (72892808)|HEAP_ALLOCATE|[61]|Bytes:4
10:07:18.0 (72924779)|STATEMENT_EXECUTE|[61]
10:07:18.0 (72927427)|STATEMENT_EXECUTE|[62]
10:07:18.0 (72930352)|HEAP_ALLOCATE|[62]|Bytes:5
10:07:18.0 (72974494)|VARIABLE_ASSIGNMENT|[EXTERNAL]|this|{"currentUser":"0x5fdeb6c0"}|0x248114fb
10:07:18.0 (72980929)|VARIABLE_ASSIGNMENT|[EXTERNAL]|value|"Admin"
10:07:18.0 (72991003)|VARIABLE_ASSIGNMENT|[14]|this.ShowPanel|"Admin"|0x248114fb
10:07:18.0 (72998408)|STATEMENT_EXECUTE|[63]
10:07:18.0 (73002018)|HEAP_ALLOCATE|[63]|Bytes:128
10:07:18.0 (73013704)|HEAP_ALLOCATE|[63]|Bytes:4
10:07:18.0 (73369041)|SOQL_EXECUTE_BEGIN|[63]|Aggregations:0|SELECT Id, Name FROM User WHERE (P7S1_UserType__c = 'System_Tester' AND isActive = TRUE) ORDER BY Name ASC NULLS FIRST LIMIT 100
10:07:18.0 (79726560)|SOQL_EXECUTE_END|[63]|Rows:25
10:07:18.0 (79742451)|HEAP_ALLOCATE|[63]|Bytes:104
10:07:18.0 (79781691)|HEAP_ALLOCATE|[63]|Bytes:1973
10:07:18.0 (79795240)|HEAP_ALLOCATE|[63]|Bytes:104
10:07:18.0 (79854360)|VARIABLE_ASSIGNMENT|[EXTERNAL]|this|{"currentUser":"0x5fdeb6c0","ShowPanel":"Admin"}|0x248114fb
10:07:18.0 (79875814)|VARIABLE_ASSIGNMENT|[EXTERNAL]|value|{"s":1,"v":"List of size 25 too large to display"}|0x60e3bf83
10:07:18.0 (79889587)|VARIABLE_ASSIGNMENT|[10]|this.userList|{"s":1,"v":"List of size 25 too large to display"}|0x248114fb
10:07:18.0 (79899126)|STATEMENT_EXECUTE|[88]
10:07:18.0 (79912651)|METHOD_EXIT|[48]|01pD0000000KT71|cls_P7S1_User_ChangeProfile.initializeView()
10:07:18.0 (81012853)|SYSTEM_MODE_ENTER|true
10:07:18.81 (81507436)|USER_INFO|[EXTERNAL]|00557000005jeDx|p7s1.rhamester@factory42.com.kam|Mitteleuropäische Normalzeit|GMT+02:00
10:07:18.81 (81525178)|SYSTEM_MODE_ENTER|true
10:07:18.81 (81565928)|HEAP_ALLOCATE|[EXTERNAL]|Bytes:120
10:07:18.81 (81577406)|HEAP_ALLOCATE|[EXTERNAL]|Bytes:10
10:07:18.81 (81594338)|SYSTEM_METHOD_ENTRY|[1]|pagemessagecomponentcontroller.pagemessagecomponentcontroller()
10:07:18.81 (81598059)|STATEMENT_EXECUTE|[1]
10:07:18.81 (81804215)|USER_INFO|[EXTERNAL]|00557000005jeDx|p7s1.rhamester@factory42.com.kam|Mitteleuropäische Normalzeit|GMT+02:00
10:07:18.81 (81999828)|USER_INFO|[EXTERNAL]|00557000005jeDx|p7s1.rhamester@factory42.com.kam|Mitteleuropäische Normalzeit|GMT+02:00
10:07:18.82 (82163393)|USER_INFO|[EXTERNAL]|00557000005jeDx|p7s1.rhamester@factory42.com.kam|Mitteleuropäische Normalzeit|GMT+02:00
10:07:18.89 (89625875)|USER_INFO|[EXTERNAL]|00557000005jeDx|p7s1.rhamester@factory42.com.kam|Mitteleuropäische Normalzeit|GMT+02:00
10:07:18.89 (89788408)|USER_INFO|[EXTERNAL]|00557000005jeDx|p7s1.rhamester@factory42.com.kam|Mitteleuropäische Normalzeit|GMT+02:00
10:07:18.89 (89917194)|USER_INFO|[EXTERNAL]|00557000005jeDx|p7s1.rhamester@factory42.com.kam|Mitteleuropäische Normalzeit|GMT+02:00
10:07:18.90 (90141300)|USER_INFO|[EXTERNAL]|00557000005jeDx|p7s1.rhamester@factory42.com.kam|Mitteleuropäische Normalzeit|GMT+02:00
10:07:18.90 (90926525)|USER_INFO|[EXTERNAL]|00557000005jeDx|p7s1.rhamester@factory42.com.kam|Mitteleuropäische Normalzeit|GMT+02:00
10:07:18.91 (91278732)|USER_INFO|[EXTERNAL]|00557000005jeDx|p7s1.rhamester@factory42.com.kam|Mitteleuropäische Normalzeit|GMT+02:00
10:07:18.0 (91865602)|HEAP_ALLOCATE|[105]|Bytes:5
10:07:18.0 (91871703)|STATEMENT_EXECUTE|[104]
10:07:18.0 (91873453)|STATEMENT_EXECUTE|[105]
10:07:18.0 (91883180)|VARIABLE_ASSIGNMENT|[105]|this.selUserId|null|0x248114fb
10:07:18.0 (91885784)|STATEMENT_EXECUTE|[106]
10:07:18.0 (91891866)|HEAP_ALLOCATE|[106]|Bytes:4
10:07:18.0 (91931487)|VARIABLE_SCOPE_BEGIN|[106]|options|List<System.SelectOption>|true|false
10:07:18.0 (91964183)|HEAP_ALLOCATE|[EXTERNAL]|Bytes:4
10:07:18.0 (91978017)|VARIABLE_ASSIGNMENT|[106]|options|{"s":1,"v":[]}|0x5e0778e3
10:07:18.0 (91981531)|STATEMENT_EXECUTE|[107]
10:07:18.0 (91995457)|HEAP_ALLOCATE|[107]|Bytes:10
10:07:18.0 (92067309)|HEAP_ALLOCATE|[EXTERNAL]|Bytes:4
10:07:18.0 (92133747)|VARIABLE_ASSIGNMENT|[EXTERNAL]|this|{"currentUser":"0x5fdeb6c0","ShowPanel":"Admin","userList":"0x60e3bf83"}|0x248114fb
10:07:18.0 (92383408)|HEAP_ALLOCATE|[108]|Bytes:5
10:07:18.0 (92414923)|HEAP_ALLOCATE|[108]|Bytes:16
10:07:18.0 (92426220)|VARIABLE_SCOPE_BEGIN|[108]|u|User|true|false
10:07:18.0 (92443877)|VARIABLE_ASSIGNMENT|[108]|u|{"s":1,"v":{"Id":"005D0000002QDFYIA4","Name":"Aer_Default Tester","CurrencyIsoCode":"EUR"}}|0x2c8e6941
10:07:18.0 (92448445)|STATEMENT_EXECUTE|[108]
10:07:18.0 (92449647)|STATEMENT_EXECUTE|[109]
10:07:18.0 (92484628)|HEAP_ALLOCATE|[109]|Bytes:18
10:07:18.0 (92541254)|HEAP_ALLOCATE|[EXTERNAL]|Bytes:4
10:07:18.0 (92557416)|HEAP_ALLOCATE|[108]|Bytes:5
10:07:18.0 (92578553)|HEAP_ALLOCATE|[108]|Bytes:16
10:07:18.0 (92586499)|VARIABLE_SCOPE_BEGIN|[108]|u|User|true|false
10:07:18.0 (92602993)|VARIABLE_ASSIGNMENT|[108]|u|{"s":1,"v":{"Id":"00557000005jeLcAAI","Name":"MA_Default Tester","CurrencyIsoCode":"EUR"}}|0x362e0c4a
10:07:18.0 (92606507)|STATEMENT_EXECUTE|[108]
10:07:18.0 (92607666)|STATEMENT_EXECUTE|[109]
10:07:18.0 (92619976)|HEAP_ALLOCATE|[109]|Bytes:18
10:07:18.0 (92634887)|HEAP_ALLOCATE|[EXTERNAL]|Bytes:4
10:07:18.0 (92646686)|HEAP_ALLOCATE|[108]|Bytes:5
10:07:18.0 (92665476)|HEAP_ALLOCATE|[108]|Bytes:16
10:07:18.0 (92672347)|VARIABLE_SCOPE_BEGIN|[108]|u|User|true|false
10:07:18.0 (92688406)|VARIABLE_ASSIGNMENT|[108]|u|{"s":1,"v":{"Id":"005D00000047YCbIAM","Name":"P7S1_Interface Teste (1 more) ...","CurrencyIsoCode":"EUR"}}|0x19c0af22
10:07:18.0 (92692151)|STATEMENT_EXECUTE|[108]
10:07:18.0 (92693178)|STATEMENT_EXECUTE|[109]
10:07:18.0 (92704412)|HEAP_ALLOCATE|[109]|Bytes:18
10:07:18.0 (92718317)|HEAP_ALLOCATE|[EXTERNAL]|Bytes:4
10:07:18.0 (92730426)|HEAP_ALLOCATE|[108]|Bytes:5
10:07:18.0 (92748499)|HEAP_ALLOCATE|[108]|Bytes:16
10:07:18.0 (92755284)|VARIABLE_SCOPE_BEGIN|[108]|u|User|true|false
10:07:18.0 (92769597)|VARIABLE_ASSIGNMENT|[108]|u|{"s":1,"v":{"Id":"005D0000004qFkAIAU","Name":"Sgn_Default Tester","CurrencyIsoCode":"EUR"}}|0x66c82bb7
10:07:18.0 (92773172)|STATEMENT_EXECUTE|[108]
10:07:18.0 (92774246)|STATEMENT_EXECUTE|[109]
10:07:18.0 (92785067)|HEAP_ALLOCATE|[109]|Bytes:18
10:07:18.0 (92798147)|HEAP_ALLOCATE|[EXTERNAL]|Bytes:4
10:07:18.0 (92809083)|HEAP_ALLOCATE|[108]|Bytes:5
10:07:18.0 (92826748)|HEAP_ALLOCATE|[108]|Bytes:16
10:07:18.0 (92833276)|VARIABLE_SCOPE_BEGIN|[108]|u|User|true|false
10:07:18.0 (92847157)|VARIABLE_ASSIGNMENT|[108]|u|{"s":1,"v":{"Id":"005D00000052oAVIAY","Name":"SomAt Tester","CurrencyIsoCode":"EUR"}}|0x3953824e
10:07:18.0 (92850473)|STATEMENT_EXECUTE|[108]
10:07:18.0 (92851466)|STATEMENT_EXECUTE|[109]
10:07:18.0 (92861980)|HEAP_ALLOCATE|[109]|Bytes:18
10:07:18.0 (92875533)|HEAP_ALLOCATE|[EXTERNAL]|Bytes:4
10:07:18.0 (92886321)|HEAP_ALLOCATE|[108]|Bytes:5
10:07:18.0 (92903870)|HEAP_ALLOCATE|[108]|Bytes:16
10:07:18.0 (92915983)|VARIABLE_SCOPE_BEGIN|[108]|u|User|true|false
10:07:18.0 (92930546)|VARIABLE_ASSIGNMENT|[108]|u|{"s":1,"v":{"Id":"005D0000002jJFZIA2","Name":"SomDig_AdTech Tester","CurrencyIsoCode":"EUR"}}|0x7fd99572
10:07:18.0 (92933769)|STATEMENT_EXECUTE|[108]
10:07:18.0 (92934775)|STATEMENT_EXECUTE|[109]
10:07:18.0 (92945772)|HEAP_ALLOCATE|[109]|Bytes:18
10:07:18.0 (92959204)|HEAP_ALLOCATE|[EXTERNAL]|Bytes:4
10:07:18.0 (92970195)|HEAP_ALLOCATE|[108]|Bytes:5
10:07:18.0 (92988088)|HEAP_ALLOCATE|[108]|Bytes:16
10:07:18.0 (92994525)|VARIABLE_SCOPE_BEGIN|[108]|u|User|true|false
10:07:18.0 (93009168)|VARIABLE_ASSIGNMENT|[108]|u|{"s":1,"v":{"Id":"005D00000049FIoIAM","Name":"SomDig_Billing Teste (1 more) ...","CurrencyIsoCode":"EUR"}}|0x637c8c14
10:07:18.0 (93013667)|STATEMENT_EXECUTE|[108]
10:07:18.0 (93014674)|STATEMENT_EXECUTE|[109]
10:07:18.0 (93025220)|HEAP_ALLOCATE|[109]|Bytes:18
10:07:18.0 (93039043)|HEAP_ALLOCATE|[EXTERNAL]|Bytes:4
10:07:18.0 (93049883)|HEAP_ALLOCATE|[108]|Bytes:5
10:07:18.0 (93069151)|HEAP_ALLOCATE|[108]|Bytes:16
10:07:18.0 (93077673)|VARIABLE_SCOPE_BEGIN|[108]|u|User|true|false
10:07:18.0 (93091849)|VARIABLE_ASSIGNMENT|[108]|u|{"s":1,"v":{"Id":"005D00000049FIpIAM","Name":"SomDig_PAM Tester","CurrencyIsoCode":"EUR"}}|0x44ce965f
10:07:18.0 (93094785)|STATEMENT_EXECUTE|[108]
10:07:18.0 (93095745)|STATEMENT_EXECUTE|[109]
10:07:18.0 (93106713)|HEAP_ALLOCATE|[109]|Bytes:18
10:07:18.0 (93120213)|HEAP_ALLOCATE|[EXTERNAL]|Bytes:4
10:07:18.0 (93131178)|HEAP_ALLOCATE|[108]|Bytes:5
10:07:18.0 (93148988)|HEAP_ALLOCATE|[108]|Bytes:16
10:07:18.0 (93155541)|VARIABLE_SCOPE_BEGIN|[108]|u|User|true|false
10:07:18.0 (93169168)|VARIABLE_ASSIGNMENT|[108]|u|{"s":1,"v":{"Id":"005D00000049FIqIAM","Name":"SomDig_PM Tester","CurrencyIsoCode":"EUR"}}|0x612a3d7a
10:07:18.0 (93172662)|STATEMENT_EXECUTE|[108]
10:07:18.0 (93173664)|STATEMENT_EXECUTE|[109]
10:07:18.0 (93184070)|HEAP_ALLOCATE|[109]|Bytes:18
10:07:18.0 (93197535)|HEAP_ALLOCATE|[EXTERNAL]|Bytes:4
10:07:18.0 (93208255)|HEAP_ALLOCATE|[108]|Bytes:5
10:07:18.0 (93225882)|HEAP_ALLOCATE|[108]|Bytes:16
10:07:18.0 (93232486)|VARIABLE_SCOPE_BEGIN|[108]|u|User|true|false
10:07:18.0 (93245811)|VARIABLE_ASSIGNMENT|[108]|u|{"s":1,"v":{"Id":"005D0000001VrNRIA0","Name":"SomDig_Sales Tester","CurrencyIsoCode":"EUR"}}|0x526b4628
10:07:18.0 (93248900)|STATEMENT_EXECUTE|[108]
10:07:18.0 (93249872)|STATEMENT_EXECUTE|[109]
10:07:18.0 (93260147)|HEAP_ALLOCATE|[109]|Bytes:18
10:07:18.0 (93273183)|HEAP_ALLOCATE|[EXTERNAL]|Bytes:4
10:07:18.0 (93284106)|HEAP_ALLOCATE|[108]|Bytes:5
10:07:18.0 (93301739)|HEAP_ALLOCATE|[108]|Bytes:16
10:07:18.0 (93308187)|VARIABLE_SCOPE_BEGIN|[108]|u|User|true|false
10:07:18.0 (93321800)|VARIABLE_ASSIGNMENT|[108]|u|{"s":1,"v":{"Id":"005D0000004rQF5IAM","Name":"Som_ReadOnly Tester","CurrencyIsoCode":"EUR"}}|0x55707c5d
10:07:18.0 (93325147)|STATEMENT_EXECUTE|[108]
10:07:18.0 (93326129)|STATEMENT_EXECUTE|[109]
10:07:18.0 (93336767)|HEAP_ALLOCATE|[109]|Bytes:18
10:07:18.0 (93349616)|HEAP_ALLOCATE|[EXTERNAL]|Bytes:4
10:07:18.0 (93360255)|HEAP_ALLOCATE|[108]|Bytes:5
10:07:18.0 (93377885)|HEAP_ALLOCATE|[108]|Bytes:16
10:07:18.0 (93384471)|VARIABLE_SCOPE_BEGIN|[108]|u|User|true|false
10:07:18.0 (93398882)|VARIABLE_ASSIGNMENT|[108]|u|{"s":1,"v":{"Id":"005D00000049FIrIAM","Name":"SomTv_ADFactory Test (2 more) ...","CurrencyIsoCode":"EUR"}}|0x65bc64c2
10:07:18.0 (93401959)|STATEMENT_EXECUTE|[108]
10:07:18.0 (93402918)|STATEMENT_EXECUTE|[109]
10:07:18.0 (93413311)|HEAP_ALLOCATE|[109]|Bytes:18
10:07:18.0 (93426223)|HEAP_ALLOCATE|[EXTERNAL]|Bytes:4
10:07:18.0 (93437002)|HEAP_ALLOCATE|[108]|Bytes:5
10:07:18.0 (93454270)|HEAP_ALLOCATE|[108]|Bytes:16
10:07:18.0 (93460855)|VARIABLE_SCOPE_BEGIN|[108]|u|User|true|false
10:07:18.0 (93475039)|VARIABLE_ASSIGNMENT|[108]|u|{"s":1,"v":{"Id":"005D00000049FItIAM","Name":"SomTv_Marketing Test (2 more) ...","CurrencyIsoCode":"EUR"}}|0x554d54e2
10:07:18.0 (93478093)|STATEMENT_EXECUTE|[108]
10:07:18.0 (93479467)|STATEMENT_EXECUTE|[109]
10:07:18.0 (93490086)|HEAP_ALLOCATE|[109]|Bytes:18
10:07:18.0 (93503397)|HEAP_ALLOCATE|[EXTERNAL]|Bytes:4
10:07:18.0 (93514278)|HEAP_ALLOCATE|[108]|Bytes:5
10:07:18.0 (93531776)|HEAP_ALLOCATE|[108]|Bytes:16
10:07:18.0 (93538323)|VARIABLE_SCOPE_BEGIN|[108]|u|User|true|false
10:07:18.0 (93551780)|VARIABLE_ASSIGNMENT|[108]|u|{"s":1,"v":{"Id":"005D00000049FIuIAM","Name":"SomTv_RM Tester","CurrencyIsoCode":"EUR"}}|0x5d1f1265
10:07:18.0 (93554871)|STATEMENT_EXECUTE|[108]
10:07:18.0 (93555804)|STATEMENT_EXECUTE|[109]
10:07:18.0 (93566243)|HEAP_ALLOCATE|[109]|Bytes:18
10:07:18.0 (93579168)|HEAP_ALLOCATE|[EXTERNAL]|Bytes:4
10:07:18.0 (93589788)|HEAP_ALLOCATE|[108]|Bytes:5
10:07:18.0 (93607414)|HEAP_ALLOCATE|[108]|Bytes:16
10:07:18.0 (93613888)|VARIABLE_SCOPE_BEGIN|[108]|u|User|true|false
10:07:18.0 (93627108)|VARIABLE_ASSIGNMENT|[108]|u|{"s":1,"v":{"Id":"005D00000049FIvIAM","Name":"SomTv_Sales Tester","CurrencyIsoCode":"EUR"}}|0xb5b0f0f
10:07:18.0 (93630179)|STATEMENT_EXECUTE|[108]
10:07:18.0 (93631577)|STATEMENT_EXECUTE|[109]
10:07:18.0 (93642105)|HEAP_ALLOCATE|[109]|Bytes:18
10:07:18.0 (93654971)|HEAP_ALLOCATE|[EXTERNAL]|Bytes:4
10:07:18.0 (93665757)|HEAP_ALLOCATE|[108]|Bytes:5
10:07:18.0 (93683353)|HEAP_ALLOCATE|[108]|Bytes:16
10:07:18.0 (93690015)|VARIABLE_SCOPE_BEGIN|[108]|u|User|true|false
10:07:18.0 (93704320)|VARIABLE_ASSIGNMENT|[108]|u|{"s":1,"v":{"Id":"005D00000049FIyIAM","Name":"SomTv_SalesManagemen (8 more) ...","CurrencyIsoCode":"EUR"}}|0xdc7e0d2
10:07:18.0 (93707688)|STATEMENT_EXECUTE|[108]
10:07:18.0 (93708611)|STATEMENT_EXECUTE|[109]
10:07:18.0 (93718809)|HEAP_ALLOCATE|[109]|Bytes:18
10:07:18.0 (93731876)|HEAP_ALLOCATE|[EXTERNAL]|Bytes:4
10:07:18.0 (93742475)|HEAP_ALLOCATE|[108]|Bytes:5
10:07:18.0 (93760201)|HEAP_ALLOCATE|[108]|Bytes:16
10:07:18.0 (93766715)|VARIABLE_SCOPE_BEGIN|[108]|u|User|true|false
10:07:18.0 (93780913)|VARIABLE_ASSIGNMENT|[108]|u|{"s":1,"v":{"Id":"005D00000049FIzIAM","Name":"SomTv_SalesSteering  (6 more) ...","CurrencyIsoCode":"EUR"}}|0x32924fcc
10:07:18.0 (93784389)|STATEMENT_EXECUTE|[108]
10:07:18.0 (93785447)|STATEMENT_EXECUTE|[109]
10:07:18.0 (93795809)|HEAP_ALLOCATE|[109]|Bytes:18
10:07:18.0 (93808894)|HEAP_ALLOCATE|[EXTERNAL]|Bytes:4
10:07:18.0 (93819521)|HEAP_ALLOCATE|[108]|Bytes:5
10:07:18.0 (93837121)|HEAP_ALLOCATE|[108]|Bytes:16
10:07:18.0 (93843577)|VARIABLE_SCOPE_BEGIN|[108]|u|User|true|false
10:07:18.0 (93857054)|VARIABLE_ASSIGNMENT|[108]|u|{"s":1,"v":{"Id":"005D00000049FJ0IAM","Name":"SomTv_TeamCRM Tester","CurrencyIsoCode":"EUR"}}|0x173befc1
10:07:18.0 (93860626)|STATEMENT_EXECUTE|[108]
10:07:18.0 (93861561)|STATEMENT_EXECUTE|[109]
10:07:18.0 (93871878)|HEAP_ALLOCATE|[109]|Bytes:18
10:07:18.0 (93884906)|HEAP_ALLOCATE|[EXTERNAL]|Bytes:4
10:07:18.0 (93895726)|HEAP_ALLOCATE|[108]|Bytes:5
10:07:18.0 (93917360)|HEAP_ALLOCATE|[108]|Bytes:16
10:07:18.0 (93924392)|VARIABLE_SCOPE_BEGIN|[108]|u|User|true|false
10:07:18.0 (93938873)|VARIABLE_ASSIGNMENT|[108]|u|{"s":1,"v":{"Id":"005D00000049FJ2IAM","Name":"Ven_Controlling Test (2 more) ...","CurrencyIsoCode":"EUR"}}|0x44cba95e
10:07:18.0 (93942496)|STATEMENT_EXECUTE|[108]
10:07:18.0 (93943575)|STATEMENT_EXECUTE|[109]
10:07:18.0 (93954244)|HEAP_ALLOCATE|[109]|Bytes:18
10:07:18.0 (93967621)|HEAP_ALLOCATE|[EXTERNAL]|Bytes:4
10:07:18.0 (93978445)|HEAP_ALLOCATE|[108]|Bytes:5
10:07:18.0 (93996163)|HEAP_ALLOCATE|[108]|Bytes:16
10:07:18.0 (94002648)|VARIABLE_SCOPE_BEGIN|[108]|u|User|true|false
10:07:18.0 (94017512)|VARIABLE_ASSIGNMENT|[108]|u|{"s":1,"v":{"Id":"005D0000002jIReIAM","Name":"Ven_DataManager Test (2 more) ...","CurrencyIsoCode":"EUR"}}|0x76381065
10:07:18.0 (94020928)|STATEMENT_EXECUTE|[108]
10:07:18.0 (94021926)|STATEMENT_EXECUTE|[109]
10:07:18.0 (94032592)|HEAP_ALLOCATE|[109]|Bytes:18
10:07:18.0 (94045861)|HEAP_ALLOCATE|[EXTERNAL]|Bytes:4
10:07:18.0 (94056657)|HEAP_ALLOCATE|[108]|Bytes:5
10:07:18.0 (94077058)|HEAP_ALLOCATE|[108]|Bytes:16
10:07:18.0 (94084509)|VARIABLE_SCOPE_BEGIN|[108]|u|User|true|false
10:07:18.0 (94098622)|VARIABLE_ASSIGNMENT|[108]|u|{"s":1,"v":{"Id":"005D000000410gaIAA","Name":"Ven_Extern Tester","CurrencyIsoCode":"EUR"}}|0x56f4dd41
10:07:18.0 (94101957)|STATEMENT_EXECUTE|[108]
10:07:18.0 (94103122)|STATEMENT_EXECUTE|[109]
10:07:18.0 (94113865)|HEAP_ALLOCATE|[109]|Bytes:18
10:07:18.0 (94127058)|HEAP_ALLOCATE|[EXTERNAL]|Bytes:4
10:07:18.0 (94137903)|HEAP_ALLOCATE|[108]|Bytes:5
10:07:18.0 (94155598)|HEAP_ALLOCATE|[108]|Bytes:16
10:07:18.0 (94162135)|VARIABLE_SCOPE_BEGIN|[108]|u|User|true|false
10:07:18.0 (94176497)|VARIABLE_ASSIGNMENT|[108]|u|{"s":1,"v":{"Id":"005D00000049FJ3IAM","Name":"Ven_InvestmentManage (8 more) ...","CurrencyIsoCode":"EUR"}}|0x1ef975b9
10:07:18.0 (94179712)|STATEMENT_EXECUTE|[108]
10:07:18.0 (94180727)|STATEMENT_EXECUTE|[109]
10:07:18.0 (94191059)|HEAP_ALLOCATE|[109]|Bytes:18
10:07:18.0 (94204138)|HEAP_ALLOCATE|[EXTERNAL]|Bytes:4
10:07:18.0 (94214916)|HEAP_ALLOCATE|[108]|Bytes:5
10:07:18.0 (94232620)|HEAP_ALLOCATE|[108]|Bytes:16
10:07:18.0 (94239241)|VARIABLE_SCOPE_BEGIN|[108]|u|User|true|false
10:07:18.0 (94253581)|VARIABLE_ASSIGNMENT|[108]|u|{"s":1,"v":{"Id":"005D00000049FJ4IAM","Name":"Ven_MediaExpert Test (2 more) ...","CurrencyIsoCode":"EUR"}}|0x761ae61
10:07:18.0 (94257157)|STATEMENT_EXECUTE|[108]
10:07:18.0 (94258234)|STATEMENT_EXECUTE|[109]
10:07:18.0 (94268661)|HEAP_ALLOCATE|[109]|Bytes:18
10:07:18.0 (94281812)|HEAP_ALLOCATE|[EXTERNAL]|Bytes:4
10:07:18.0 (94293061)|HEAP_ALLOCATE|[108]|Bytes:5
10:07:18.0 (94310885)|HEAP_ALLOCATE|[108]|Bytes:16
10:07:18.0 (94317342)|VARIABLE_SCOPE_BEGIN|[108]|u|User|true|false
10:07:18.0 (94330769)|VARIABLE_ASSIGNMENT|[108]|u|{"s":1,"v":{"Id":"005D00000049FJ5IAM","Name":"Ven_ReadOnly Tester","CurrencyIsoCode":"EUR"}}|0x316c2dd0
10:07:18.0 (94333823)|STATEMENT_EXECUTE|[108]
10:07:18.0 (94334857)|STATEMENT_EXECUTE|[109]
10:07:18.0 (94345078)|HEAP_ALLOCATE|[109]|Bytes:18
10:07:18.0 (94358074)|HEAP_ALLOCATE|[EXTERNAL]|Bytes:4
10:07:18.0 (94368690)|HEAP_ALLOCATE|[108]|Bytes:5
10:07:18.0 (94386341)|HEAP_ALLOCATE|[108]|Bytes:16
10:07:18.0 (94392793)|VARIABLE_SCOPE_BEGIN|[108]|u|User|true|false
10:07:18.0 (94406382)|VARIABLE_ASSIGNMENT|[108]|u|{"s":1,"v":{"Id":"005D00000049FJ6IAM","Name":"Ven_Standard Tester","CurrencyIsoCode":"EUR"}}|0x4182f069
10:07:18.0 (94409589)|STATEMENT_EXECUTE|[108]
10:07:18.0 (94410723)|STATEMENT_EXECUTE|[109]
10:07:18.0 (94421025)|HEAP_ALLOCATE|[109]|Bytes:18
10:07:18.0 (94433936)|HEAP_ALLOCATE|[EXTERNAL]|Bytes:4
10:07:18.0 (94444784)|HEAP_ALLOCATE|[108]|Bytes:5
10:07:18.0 (94455188)|VARIABLE_ASSIGNMENT|[108]|u|null|
10:07:18.0 (94458232)|STATEMENT_EXECUTE|[111]
10:07:18.0 (94740765)|SYSTEM_MODE_ENTER|true
10:07:18.0 (94775570)|HEAP_ALLOCATE|[EXTERNAL]|Bytes:52
10:07:18.0 (94784530)|VARIABLE_SCOPE_BEGIN|[114]|this|cls_P7S1_User_ChangeProfile|true|false
10:07:18.0 (94817099)|VARIABLE_ASSIGNMENT|[114]|this|{"currentUser":"0x5fdeb6c0","ShowPanel":"Admin","userList":"0x60e3bf83"}|0x248114fb
10:07:18.0 (94828083)|HEAP_ALLOCATE|[114]|Bytes:5
10:07:18.0 (94831492)|STATEMENT_EXECUTE|[114]
10:07:18.0 (94832703)|STATEMENT_EXECUTE|[114]
10:07:18.0 (97243498)|VF_SERIALIZE_VIEWSTATE_BEGIN|066D0000000V3u3
10:07:18.0 (100830556)|VF_SERIALIZE_VIEWSTATE_END
10:07:18.104 (104332061)|CUMULATIVE_LIMIT_USAGE
10:07:18.104 (104332061)|LIMIT_USAGE_FOR_NS|(default)|
  Number of SOQL queries: 2 out of 100
  Number of query rows: 26 out of 50000
  Number of SOSL queries: 0 out of 20
  Number of DML statements: 0 out of 150
  Number of DML rows: 0 out of 10000
  Maximum CPU time: 0 out of 10000
  Maximum heap size: 0 out of 6000000
  Number of callouts: 0 out of 100
  Number of Email Invocations: 0 out of 10
  Number of future calls: 0 out of 50
  Number of queueable jobs added to the queue: 0 out of 50
  Number of Mobile Apex push calls: 0 out of 10

10:07:18.104 (104332061)|CUMULATIVE_LIMIT_USAGE_END

10:07:18.0 (104376644)|CODE_UNIT_FINISHED|VF: /apex/vfp_P7S1_User_ChangeProfile
10:07:18.0 (105318604)|EXECUTION_FINISHED
