38.0 APEX_CODE,FINEST;APEX_PROFILING,INFO;CALLOUT,INFO;DB,INFO;SYSTEM,DEBUG;VALIDATION,INFO;VISUALFORCE,INFO;WORKFLOW,INFO
18:18:39.0 (489370)|USER_INFO|[EXTERNAL]|00557000005jeEC|p7s1.bschneider@factory42.com.kam|Mitteleuropäische Normalzeit|GMT+02:00
18:18:39.0 (530811)|EXECUTION_STARTED
18:18:39.0 (536411)|CODE_UNIT_STARTED|[EXTERNAL]|aura
18:18:39.0 (936062)|HEAP_ALLOCATE|[72]|Bytes:3
18:18:39.0 (1013555)|HEAP_ALLOCATE|[77]|Bytes:152
18:18:39.0 (1036513)|HEAP_ALLOCATE|[342]|Bytes:408
18:18:39.0 (1055771)|HEAP_ALLOCATE|[355]|Bytes:408
18:18:39.0 (1074403)|HEAP_ALLOCATE|[467]|Bytes:48
18:18:39.0 (1107703)|HEAP_ALLOCATE|[139]|Bytes:6
18:18:39.0 (1140427)|HEAP_ALLOCATE|[EXTERNAL]|Bytes:18
18:18:39.0 (1161681)|HEAP_ALLOCATE|[EXTERNAL]|Bytes:18
18:18:39.0 (10660967)|HEAP_ALLOCATE|[EXTERNAL]|Bytes:18
18:18:39.0 (10696773)|HEAP_ALLOCATE|[EXTERNAL]|Bytes:18
18:18:39.0 (10763315)|HEAP_ALLOCATE|[EXTERNAL]|Bytes:37
18:18:39.0 (10773256)|HEAP_ALLOCATE|[EXTERNAL]|Bytes:37
18:18:39.0 (12556849)|CODE_UNIT_STARTED|[EXTERNAL]|01p3E0000004a8n|Som_Kam_CmpCtrl.inviteForKickoff2
18:18:39.0 (12932593)|HEAP_ALLOCATE|[EXTERNAL]|Bytes:89
18:18:39.0 (12942323)|HEAP_ALLOCATE|[EXTERNAL]|Bytes:83
18:18:39.0 (12945454)|HEAP_ALLOCATE|[EXTERNAL]|Bytes:84
18:18:39.0 (12967381)|METHOD_ENTRY|[14]|01p3E0000004a8n|Som_Kam_CmpCtrl.Som_Kam_CmpCtrl()
18:18:39.0 (12972174)|STATEMENT_EXECUTE|[14]
18:18:39.0 (12980035)|STATEMENT_EXECUTE|[14]
18:18:39.0 (13027013)|HEAP_ALLOCATE|[50]|Bytes:5
18:18:39.0 (13067195)|HEAP_ALLOCATE|[56]|Bytes:5
18:18:39.0 (13078186)|HEAP_ALLOCATE|[64]|Bytes:7
18:18:39.0 (13114833)|SYSTEM_MODE_ENTER|true
18:18:39.0 (13144509)|HEAP_ALLOCATE|[EXTERNAL]|Bytes:5
18:18:39.0 (13149267)|STATEMENT_EXECUTE|[1023]
18:18:39.0 (13158149)|STATEMENT_EXECUTE|[1059]
18:18:39.0 (13159422)|STATEMENT_EXECUTE|[1081]
18:18:39.0 (13160570)|STATEMENT_EXECUTE|[1130]
18:18:39.0 (13161686)|STATEMENT_EXECUTE|[1163]
18:18:39.0 (13169479)|SYSTEM_MODE_EXIT|true
18:18:39.0 (13180689)|METHOD_EXIT|[14]|Som_Kam_CmpCtrl
18:18:39.0 (13210126)|HEAP_ALLOCATE|[EXTERNAL]|Bytes:16
18:18:39.0 (13213472)|HEAP_ALLOCATE|[EXTERNAL]|Bytes:18
18:18:39.0 (13224256)|HEAP_ALLOCATE|[EXTERNAL]|Bytes:40
18:18:39.0 (13225857)|HEAP_ALLOCATE|[EXTERNAL]|Bytes:18
18:18:39.0 (13227137)|HEAP_ALLOCATE|[EXTERNAL]|Bytes:37
18:18:39.0 (13248409)|HEAP_ALLOCATE|[EXTERNAL]|Bytes:28
18:18:39.0 (13257628)|SYSTEM_MODE_ENTER|false
18:18:39.0 (13270178)|VARIABLE_SCOPE_BEGIN|[701]|accPlanTeamIds|List<String>|true|false
18:18:39.0 (13329340)|VARIABLE_ASSIGNMENT|[701]|accPlanTeamIds|{"s":1,"v":["a1P3E0000008a35UAA","a1P3E0000008iPVUAY","a1P3E0000008iD5UAI"]}|0x51de6a1c
18:18:39.0 (13335959)|VARIABLE_SCOPE_BEGIN|[701]|accPlanId|String|false|false
18:18:39.0 (13341883)|VARIABLE_ASSIGNMENT|[701]|accPlanId|"a093E000000sCLFQA2"
18:18:39.0 (13346019)|VARIABLE_SCOPE_BEGIN|[701]|accPlan|Som_Kam__c|true|false
18:18:39.0 (13397047)|VARIABLE_ASSIGNMENT|[701]|accPlan|{"Som_EmailText__c":"Das ist ein Test.Tex (73 more) ...","Som_EmailSubject__c":"Account Plan Test-Ac (40 more) ...","Som_Review__c":"2016-08-05T00:00:00.000Z","Som_Year__c":2016,"Som_Account__r":{"Id":"0013E000006KJGeQAO","Name":"Test-Account RH"},"Id":"a093E000000sCLFQA2","Som_Account__c":"0013E000006KJGeQAO","Som_Kickoff__c":"2016-07-30T00:00:00.000Z","Name":"AP_2016-000004"}|0x59f8a0ff
18:18:39.0 (13403910)|VARIABLE_SCOPE_BEGIN|[701]|accId|String|false|false
18:18:39.0 (13407754)|VARIABLE_ASSIGNMENT|[701]|accId|"0013E000006KJGeQAO"
18:18:39.0 (13410372)|VARIABLE_SCOPE_BEGIN|[701]|hostUrl|String|false|false
18:18:39.0 (13414615)|VARIABLE_ASSIGNMENT|[701]|hostUrl|"https://p7s1--kam.li (17 more) ..."
18:18:39.0 (13417772)|VARIABLE_SCOPE_BEGIN|[701]|selectedYear|Integer|false|false
18:18:39.0 (13424034)|VARIABLE_ASSIGNMENT|[701]|selectedYear|2016
18:18:39.0 (13440305)|SYSTEM_MODE_ENTER|true
18:18:39.0 (13446010)|HEAP_ALLOCATE|[703]|Bytes:5
18:18:39.0 (13450479)|STATEMENT_EXECUTE|[701]
18:18:39.0 (13451843)|STATEMENT_EXECUTE|[703]
18:18:39.0 (13935697)|HEAP_ALLOCATE|[703]|Bytes:21
18:18:39.0 (13963738)|SYSTEM_MODE_EXIT|true
18:18:39.0 (14043829)|FATAL_ERROR|System.UnexpectedException: Illegal arguments

Class.Som_Kam_CmpCtrl.inviteForKickoff2: line 703, column 1
18:18:39.0 (14057483)|FATAL_ERROR|System.UnexpectedException: Illegal arguments

Class.Som_Kam_CmpCtrl.inviteForKickoff2: line 703, column 1
18:18:39.14 (14068713)|CUMULATIVE_LIMIT_USAGE
18:18:39.14 (14068713)|LIMIT_USAGE_FOR_NS|(default)|
  Number of SOQL queries: 0 out of 100
  Number of query rows: 0 out of 50000
  Number of SOSL queries: 0 out of 20
  Number of DML statements: 0 out of 150
  Number of DML rows: 0 out of 10000
  Maximum CPU time: 0 out of 10000
  Maximum heap size: 0 out of 6000000
  Number of callouts: 0 out of 100
  Number of Email Invocations: 0 out of 10
  Number of future calls: 0 out of 50
  Number of queueable jobs added to the queue: 0 out of 50
  Number of Mobile Apex push calls: 0 out of 10

18:18:39.14 (14068713)|CUMULATIVE_LIMIT_USAGE_END

18:18:39.0 (14122678)|CODE_UNIT_FINISHED|Som_Kam_CmpCtrl.inviteForKickoff2
