30.0 APEX_CODE,FINEST;APEX_PROFILING,INFO;CALLOUT,INFO;DB,INFO;SYSTEM,DEBUG;VALIDATION,INFO;VISUALFORCE,INFO;WORKFLOW,INFO
13:43:34.0 (520795)|USER_INFO|[EXTERNAL]|00557000005jeEC|p7s1.bschneider@factory42.com.kam|Mitteleuropäische Normalzeit|GMT+02:00
13:43:34.0 (566838)|EXECUTION_STARTED
13:43:34.0 (574105)|CODE_UNIT_STARTED|[EXTERNAL]|066D0000000V3u3|VF: /apex/vfp_P7S1_User_ChangeProfile
13:43:34.0 (10770764)|SYSTEM_MODE_ENTER|true
13:43:34.0 (11154730)|VARIABLE_SCOPE_BEGIN|[4]|cls_P7S1_User_ChangeProfile.PAGE_URL|String|false|true
13:43:34.0 (11164425)|VARIABLE_SCOPE_BEGIN|[5]|cls_P7S1_User_ChangeProfile.SITE_NAME|String|false|true
13:43:34.0 (11324234)|HEAP_ALLOCATE|[72]|Bytes:3
13:43:34.0 (11384665)|HEAP_ALLOCATE|[77]|Bytes:152
13:43:34.0 (11402434)|HEAP_ALLOCATE|[342]|Bytes:408
13:43:34.0 (11427725)|HEAP_ALLOCATE|[355]|Bytes:408
13:43:34.0 (11446705)|HEAP_ALLOCATE|[467]|Bytes:48
13:43:34.0 (11482465)|HEAP_ALLOCATE|[139]|Bytes:6
13:43:34.0 (11504970)|HEAP_ALLOCATE|[EXTERNAL]|Bytes:328
13:43:34.0 (11510813)|HEAP_ALLOCATE|[EXTERNAL]|Bytes:73
13:43:34.0 (11513725)|HEAP_ALLOCATE|[EXTERNAL]|Bytes:26
13:43:34.0 (11516986)|HEAP_ALLOCATE|[EXTERNAL]|Bytes:28
13:43:34.0 (11557883)|VARIABLE_ASSIGNMENT|[EXTERNAL]|cls_P7S1_User_ChangeProfile.PAGE_URL|"/vfp_P7S1_User_Chang (8 more) ..."
13:43:34.0 (11562922)|HEAP_ALLOCATE|[EXTERNAL]|Bytes:13
13:43:34.0 (11570361)|VARIABLE_ASSIGNMENT|[EXTERNAL]|cls_P7S1_User_ChangeProfile.SITE_NAME|"ChangeProfile"
13:43:34.0 (11590792)|METHOD_ENTRY|[1]|01pD0000000KT71|cls_P7S1_User_ChangeProfile.cls_P7S1_User_ChangeProfile()
13:43:34.0 (11596455)|STATEMENT_EXECUTE|[1]
13:43:34.0 (11602597)|STATEMENT_EXECUTE|[1]
13:43:34.0 (11655722)|HEAP_ALLOCATE|[50]|Bytes:5
13:43:34.0 (11682352)|HEAP_ALLOCATE|[56]|Bytes:5
13:43:34.0 (11691357)|HEAP_ALLOCATE|[64]|Bytes:7
13:43:34.0 (11734329)|HEAP_ALLOCATE|[EXTERNAL]|Bytes:5
13:43:34.0 (11755410)|METHOD_EXIT|[1]|cls_P7S1_User_ChangeProfile
13:43:34.0 (11998287)|HEAP_ALLOCATE|[EXTERNAL]|Bytes:52
13:43:34.0 (12008535)|VARIABLE_SCOPE_BEGIN|[43]|this|cls_P7S1_User_ChangeProfile|true|false
13:43:34.0 (12102662)|VARIABLE_ASSIGNMENT|[43]|this|{}|0x594edd5f
13:43:34.0 (12115230)|HEAP_ALLOCATE|[EXTERNAL]|Bytes:5
13:43:34.0 (12119044)|STATEMENT_EXECUTE|[1]
13:43:34.0 (12121994)|HEAP_ALLOCATE|[EXTERNAL]|Bytes:5
13:43:34.0 (12123627)|STATEMENT_EXECUTE|[6]
13:43:34.0 (12125734)|STATEMENT_EXECUTE|[8]
13:43:34.0 (12126597)|STATEMENT_EXECUTE|[9]
13:43:34.0 (12127464)|STATEMENT_EXECUTE|[10]
13:43:34.0 (12128455)|STATEMENT_EXECUTE|[12]
13:43:34.0 (12129298)|STATEMENT_EXECUTE|[13]
13:43:34.0 (12130131)|STATEMENT_EXECUTE|[14]
13:43:34.0 (12131022)|STATEMENT_EXECUTE|[38]
13:43:34.0 (12132097)|STATEMENT_EXECUTE|[39]
13:43:34.0 (12133026)|STATEMENT_EXECUTE|[40]
13:43:34.0 (12133977)|STATEMENT_EXECUTE|[100]
13:43:34.0 (12134990)|STATEMENT_EXECUTE|[113]
13:43:34.0 (12144023)|HEAP_ALLOCATE|[EXTERNAL]|Bytes:6
13:43:34.0 (12168910)|STATEMENT_EXECUTE|[43]
13:43:34.0 (12353634)|HEAP_ALLOCATE|[EXTERNAL]|Bytes:52
13:43:34.0 (12361997)|VARIABLE_SCOPE_BEGIN|[46]|this|cls_P7S1_User_ChangeProfile|true|false
13:43:34.0 (12388356)|VARIABLE_ASSIGNMENT|[46]|this|{}|0x594edd5f
13:43:34.0 (12404932)|HEAP_ALLOCATE|[47]|Bytes:5
13:43:34.0 (12408250)|STATEMENT_EXECUTE|[46]
13:43:34.0 (12409370)|STATEMENT_EXECUTE|[47]
13:43:34.0 (12543842)|HEAP_ALLOCATE|[47]|Bytes:294
13:43:34.0 (12621330)|HEAP_ALLOCATE|[47]|Bytes:257
13:43:34.0 (12640074)|HEAP_ALLOCATE|[47]|Bytes:9
13:43:34.0 (12666173)|VARIABLE_SCOPE_BEGIN|[47]|profileId|String|false|false
13:43:34.0 (12674558)|VARIABLE_ASSIGNMENT|[47]|profileId|null
13:43:34.0 (12677294)|STATEMENT_EXECUTE|[48]
13:43:34.0 (12707356)|METHOD_ENTRY|[48]|01pD0000000KT71|cls_P7S1_User_ChangeProfile.initializeView()
13:43:34.0 (12727385)|VARIABLE_SCOPE_BEGIN|[51]|this|cls_P7S1_User_ChangeProfile|true|false
13:43:34.0 (12754112)|VARIABLE_ASSIGNMENT|[51]|this|{}|0x594edd5f
13:43:34.0 (12763147)|HEAP_ALLOCATE|[52]|Bytes:5
13:43:34.0 (12766494)|STATEMENT_EXECUTE|[51]
13:43:34.0 (12767668)|STATEMENT_EXECUTE|[52]
13:43:34.0 (12840246)|VARIABLE_ASSIGNMENT|[EXTERNAL]|this|{}|0x594edd5f
13:43:34.0 (12846908)|VARIABLE_ASSIGNMENT|[EXTERNAL]|value|null
13:43:34.0 (12856804)|VARIABLE_ASSIGNMENT|[14]|this.ShowPanel|null|0x594edd5f
13:43:34.0 (12864144)|STATEMENT_EXECUTE|[53]
13:43:34.0 (12867893)|HEAP_ALLOCATE|[53]|Bytes:7
13:43:34.0 (12913222)|USER_DEBUG|[53]|DEBUG|###View
13:43:34.0 (12921444)|STATEMENT_EXECUTE|[54]
13:43:34.0 (12924523)|HEAP_ALLOCATE|[54]|Bytes:145
13:43:34.0 (12934944)|HEAP_ALLOCATE|[54]|Bytes:4
13:43:34.0 (12945102)|HEAP_ALLOCATE|[54]|Bytes:7
13:43:34.0 (12989042)|HEAP_ALLOCATE|[57]|Bytes:85
13:43:34.0 (13003055)|SYSTEM_METHOD_ENTRY|[1]|UserInfo.UserInfo()
13:43:34.0 (13007149)|STATEMENT_EXECUTE|[1]
13:43:34.0 (13015303)|SYSTEM_METHOD_EXIT|[1]|UserInfo
13:43:34.0 (13030909)|METHOD_ENTRY|[57]||System.UserInfo.getUserId()
13:43:34.0 (13075997)|METHOD_EXIT|[57]||System.UserInfo.getUserId()
13:43:34.0 (17391953)|SOQL_EXECUTE_BEGIN|[54]|Aggregations:0|SELECT Id, Name, UserName, ProfileId, Profile.UserLicenseId, Profile.Name, Email, P7S1_ShowTestuserLinks__c FROM User WHERE Id = :tmpVar1 LIMIT 1
13:43:34.0 (54424858)|SOQL_EXECUTE_END|[54]|Rows:1
13:43:34.0 (54458937)|HEAP_ALLOCATE|[54]|Bytes:8
13:43:34.0 (54484520)|HEAP_ALLOCATE|[54]|Bytes:320
13:43:34.0 (54529726)|HEAP_ALLOCATE|[54]|Bytes:8
13:43:34.0 (54546151)|HEAP_ALLOCATE|[54]|Bytes:30
13:43:34.0 (54660111)|HEAP_ALLOCATE|[54]|Bytes:36
13:43:34.0 (54780479)|VARIABLE_ASSIGNMENT|[EXTERNAL]|this|{}|0x594edd5f
13:43:34.0 (54840345)|VARIABLE_ASSIGNMENT|[EXTERNAL]|value|{"s":1,"v":{"Id":"00557000005jeECAAY","Name":"Benjamin Schneider","Username":"p7s1.bschneider@fact (13 more) ...","ProfileId":"00e20000000lfOjAAI","Email":"bschneider@factory42 (4 more) ...","P7S1_ShowTestuserLin (5 more) ...":true,"CurrencyIsoCode":"EUR","Profile":{"s":2,"v":{"UserLicenseId":"100200000009H1sAAE","Name":"Systemadministrator","Id":"00e20000000lfOjAAI"}}}}|0x224457f9
13:43:34.0 (54892898)|VARIABLE_ASSIGNMENT|[8]|this.currentUser|{"s":1,"v":{"Id":"00557000005jeECAAY","Name":"Benjamin Schneider","Username":"p7s1.bschneider@fact (13 more) ...","ProfileId":"00e20000000lfOjAAI","Email":"bschneider@factory42 (4 more) ...","P7S1_ShowTestuserLin (5 more) ...":true,"CurrencyIsoCode":"EUR","Profile":{"s":2,"v":{"UserLicenseId":"100200000009H1sAAE","Name":"Systemadministrator","Id":"00e20000000lfOjAAI"}}}}|0x594edd5f
13:43:34.0 (54925011)|METHOD_ENTRY|[61]||System.UserInfo.getProfileId()
13:43:34.0 (54990634)|METHOD_EXIT|[61]||System.UserInfo.getProfileId()
13:43:34.0 (55014832)|HEAP_ALLOCATE|[61]|Bytes:4
13:43:34.0 (55024060)|HEAP_ALLOCATE|[61]|Bytes:18
13:43:34.0 (55061917)|HEAP_ALLOCATE|[61]|Bytes:4
13:43:34.0 (55118759)|STATEMENT_EXECUTE|[61]
13:43:34.0 (55122964)|STATEMENT_EXECUTE|[62]
13:43:34.0 (55127868)|HEAP_ALLOCATE|[62]|Bytes:5
13:43:34.0 (55194990)|VARIABLE_ASSIGNMENT|[EXTERNAL]|this|{"currentUser":"0x224457f9"}|0x594edd5f
13:43:34.0 (55204049)|VARIABLE_ASSIGNMENT|[EXTERNAL]|value|"Admin"
13:43:34.0 (55216620)|VARIABLE_ASSIGNMENT|[14]|this.ShowPanel|"Admin"|0x594edd5f
13:43:34.0 (55226042)|STATEMENT_EXECUTE|[63]
13:43:34.0 (55231027)|HEAP_ALLOCATE|[63]|Bytes:128
13:43:34.0 (55240706)|HEAP_ALLOCATE|[63]|Bytes:4
13:43:34.0 (55747636)|SOQL_EXECUTE_BEGIN|[63]|Aggregations:0|SELECT Id, Name FROM User WHERE (P7S1_UserType__c = 'System_Tester' AND isActive = TRUE) ORDER BY Name ASC NULLS FIRST LIMIT 100
13:43:34.0 (64598282)|SOQL_EXECUTE_END|[63]|Rows:25
13:43:34.0 (64629188)|HEAP_ALLOCATE|[63]|Bytes:104
13:43:34.0 (64692080)|HEAP_ALLOCATE|[63]|Bytes:1973
13:43:34.0 (64714653)|HEAP_ALLOCATE|[63]|Bytes:104
13:43:34.0 (64831508)|VARIABLE_ASSIGNMENT|[EXTERNAL]|this|{"currentUser":"0x224457f9","ShowPanel":"Admin"}|0x594edd5f
13:43:34.0 (64863848)|VARIABLE_ASSIGNMENT|[EXTERNAL]|value|{"s":1,"v":"List of size 25 too large to display"}|0x39bef029
13:43:34.0 (64890242)|VARIABLE_ASSIGNMENT|[10]|this.userList|{"s":1,"v":"List of size 25 too large to display"}|0x594edd5f
13:43:34.0 (64904524)|STATEMENT_EXECUTE|[88]
13:43:34.0 (64917801)|METHOD_EXIT|[48]|01pD0000000KT71|cls_P7S1_User_ChangeProfile.initializeView()
13:43:34.0 (66011700)|SYSTEM_MODE_ENTER|true
13:43:34.0 (82777095)|SYSTEM_MODE_ENTER|true
13:43:34.0 (83700868)|SYSTEM_MODE_ENTER|true
13:43:34.0 (83739884)|HEAP_ALLOCATE|[EXTERNAL]|Bytes:52
13:43:34.0 (83751321)|VARIABLE_SCOPE_BEGIN|[104]|this|cls_P7S1_User_ChangeProfile|true|false
13:43:34.0 (83803480)|VARIABLE_ASSIGNMENT|[104]|this|{"currentUser":"0x224457f9","ShowPanel":"Admin","userList":"0x39bef029"}|0x594edd5f
13:43:34.0 (83816562)|HEAP_ALLOCATE|[105]|Bytes:5
13:43:34.0 (83821042)|STATEMENT_EXECUTE|[104]
13:43:34.0 (83822673)|STATEMENT_EXECUTE|[105]
13:43:34.0 (83833939)|VARIABLE_ASSIGNMENT|[105]|this.selUserId|null|0x594edd5f
13:43:34.0 (83836490)|STATEMENT_EXECUTE|[106]
13:43:34.0 (83841969)|HEAP_ALLOCATE|[106]|Bytes:4
13:43:34.0 (83890749)|VARIABLE_SCOPE_BEGIN|[106]|options|List<System.SelectOption>|true|false
13:43:34.0 (83937490)|HEAP_ALLOCATE|[EXTERNAL]|Bytes:4
13:43:34.0 (83958310)|VARIABLE_ASSIGNMENT|[106]|options|{"s":1,"v":[]}|0x62583613
13:43:34.0 (83964136)|STATEMENT_EXECUTE|[107]
13:43:34.0 (83990627)|HEAP_ALLOCATE|[107]|Bytes:10
13:43:34.0 (84062381)|HEAP_ALLOCATE|[EXTERNAL]|Bytes:4
13:43:34.0 (84139261)|VARIABLE_ASSIGNMENT|[EXTERNAL]|this|{"currentUser":"0x224457f9","ShowPanel":"Admin","userList":"0x39bef029"}|0x594edd5f
13:43:34.0 (84391584)|HEAP_ALLOCATE|[108]|Bytes:5
13:43:34.0 (84424604)|HEAP_ALLOCATE|[108]|Bytes:16
13:43:34.0 (84435442)|VARIABLE_SCOPE_BEGIN|[108]|u|User|true|false
13:43:34.0 (84457382)|VARIABLE_ASSIGNMENT|[108]|u|{"s":1,"v":{"Id":"005D0000002QDFYIA4","Name":"Aer_Default Tester","CurrencyIsoCode":"EUR"}}|0x42f38bb8
13:43:34.0 (84461370)|STATEMENT_EXECUTE|[108]
13:43:34.0 (84462979)|STATEMENT_EXECUTE|[109]
13:43:34.0 (84509021)|HEAP_ALLOCATE|[109]|Bytes:18
13:43:34.0 (84568251)|HEAP_ALLOCATE|[EXTERNAL]|Bytes:4
13:43:34.0 (84584862)|HEAP_ALLOCATE|[108]|Bytes:5
13:43:34.0 (84616241)|HEAP_ALLOCATE|[108]|Bytes:16
13:43:34.0 (84624617)|VARIABLE_SCOPE_BEGIN|[108]|u|User|true|false
13:43:34.0 (84641830)|VARIABLE_ASSIGNMENT|[108]|u|{"s":1,"v":{"Id":"00557000005jeLcAAI","Name":"MA_Default Tester","CurrencyIsoCode":"EUR"}}|0x72ebf57a
13:43:34.0 (84645253)|STATEMENT_EXECUTE|[108]
13:43:34.0 (84646362)|STATEMENT_EXECUTE|[109]
13:43:34.0 (84658227)|HEAP_ALLOCATE|[109]|Bytes:18
13:43:34.0 (84673640)|HEAP_ALLOCATE|[EXTERNAL]|Bytes:4
13:43:34.0 (84686030)|HEAP_ALLOCATE|[108]|Bytes:5
13:43:34.0 (84705803)|HEAP_ALLOCATE|[108]|Bytes:16
13:43:34.0 (84712733)|VARIABLE_SCOPE_BEGIN|[108]|u|User|true|false
13:43:34.0 (84730564)|VARIABLE_ASSIGNMENT|[108]|u|{"s":1,"v":{"Id":"005D00000047YCbIAM","Name":"P7S1_Interface Teste (1 more) ...","CurrencyIsoCode":"EUR"}}|0x42b0536e
13:43:34.0 (84733747)|STATEMENT_EXECUTE|[108]
13:43:34.0 (84735272)|STATEMENT_EXECUTE|[109]
13:43:34.0 (84745757)|HEAP_ALLOCATE|[109]|Bytes:18
13:43:34.0 (84759535)|HEAP_ALLOCATE|[EXTERNAL]|Bytes:4
13:43:34.0 (84771604)|HEAP_ALLOCATE|[108]|Bytes:5
13:43:34.0 (84790387)|HEAP_ALLOCATE|[108]|Bytes:16
13:43:34.0 (84797295)|VARIABLE_SCOPE_BEGIN|[108]|u|User|true|false
13:43:34.0 (84812231)|VARIABLE_ASSIGNMENT|[108]|u|{"s":1,"v":{"Id":"005D0000004qFkAIAU","Name":"Sgn_Default Tester","CurrencyIsoCode":"EUR"}}|0x54f252be
13:43:34.0 (84815553)|STATEMENT_EXECUTE|[108]
13:43:34.0 (84816558)|STATEMENT_EXECUTE|[109]
13:43:34.0 (84826791)|HEAP_ALLOCATE|[109]|Bytes:18
13:43:34.0 (84840612)|HEAP_ALLOCATE|[EXTERNAL]|Bytes:4
13:43:34.0 (84852043)|HEAP_ALLOCATE|[108]|Bytes:5
13:43:34.0 (84870450)|HEAP_ALLOCATE|[108]|Bytes:16
13:43:34.0 (84877116)|VARIABLE_SCOPE_BEGIN|[108]|u|User|true|false
13:43:34.0 (84891852)|VARIABLE_ASSIGNMENT|[108]|u|{"s":1,"v":{"Id":"005D00000052oAVIAY","Name":"SomAt Tester","CurrencyIsoCode":"EUR"}}|0xa02add3
13:43:34.0 (84895013)|STATEMENT_EXECUTE|[108]
13:43:34.0 (84896262)|STATEMENT_EXECUTE|[109]
13:43:34.0 (84906579)|HEAP_ALLOCATE|[109]|Bytes:18
13:43:34.0 (84919906)|HEAP_ALLOCATE|[EXTERNAL]|Bytes:4
13:43:34.0 (84931099)|HEAP_ALLOCATE|[108]|Bytes:5
13:43:34.0 (84949352)|HEAP_ALLOCATE|[108]|Bytes:16
13:43:34.0 (84956046)|VARIABLE_SCOPE_BEGIN|[108]|u|User|true|false
13:43:34.0 (84970932)|VARIABLE_ASSIGNMENT|[108]|u|{"s":1,"v":{"Id":"005D0000002jJFZIA2","Name":"SomDig_AdTech Tester","CurrencyIsoCode":"EUR"}}|0x276fd9cc
13:43:34.0 (84974384)|STATEMENT_EXECUTE|[108]
13:43:34.0 (84975450)|STATEMENT_EXECUTE|[109]
13:43:34.0 (84985451)|HEAP_ALLOCATE|[109]|Bytes:18
13:43:34.0 (84998324)|HEAP_ALLOCATE|[EXTERNAL]|Bytes:4
13:43:34.0 (85009817)|HEAP_ALLOCATE|[108]|Bytes:5
13:43:34.0 (85029378)|HEAP_ALLOCATE|[108]|Bytes:16
13:43:34.0 (85036230)|VARIABLE_SCOPE_BEGIN|[108]|u|User|true|false
13:43:34.0 (85051686)|VARIABLE_ASSIGNMENT|[108]|u|{"s":1,"v":{"Id":"005D00000049FIoIAM","Name":"SomDig_Billing Teste (1 more) ...","CurrencyIsoCode":"EUR"}}|0x6704c56c
13:43:34.0 (85055363)|STATEMENT_EXECUTE|[108]
13:43:34.0 (85056410)|STATEMENT_EXECUTE|[109]
13:43:34.0 (85066421)|HEAP_ALLOCATE|[109]|Bytes:18
13:43:34.0 (85079513)|HEAP_ALLOCATE|[EXTERNAL]|Bytes:4
13:43:34.0 (85090826)|HEAP_ALLOCATE|[108]|Bytes:5
13:43:34.0 (85108991)|HEAP_ALLOCATE|[108]|Bytes:16
13:43:34.0 (85115526)|VARIABLE_SCOPE_BEGIN|[108]|u|User|true|false
13:43:34.0 (85130104)|VARIABLE_ASSIGNMENT|[108]|u|{"s":1,"v":{"Id":"005D00000049FIpIAM","Name":"SomDig_PAM Tester","CurrencyIsoCode":"EUR"}}|0x21251c90
13:43:34.0 (85141370)|STATEMENT_EXECUTE|[108]
13:43:34.0 (85142689)|STATEMENT_EXECUTE|[109]
13:43:34.0 (85154007)|HEAP_ALLOCATE|[109]|Bytes:18
13:43:34.0 (85168077)|HEAP_ALLOCATE|[EXTERNAL]|Bytes:4
13:43:34.0 (85179438)|HEAP_ALLOCATE|[108]|Bytes:5
13:43:34.0 (85198143)|HEAP_ALLOCATE|[108]|Bytes:16
13:43:34.0 (85205117)|VARIABLE_SCOPE_BEGIN|[108]|u|User|true|false
13:43:34.0 (85219675)|VARIABLE_ASSIGNMENT|[108]|u|{"s":1,"v":{"Id":"005D00000049FIqIAM","Name":"SomDig_PM Tester","CurrencyIsoCode":"EUR"}}|0x3ed65152
13:43:34.0 (85223368)|STATEMENT_EXECUTE|[108]
13:43:34.0 (85224545)|STATEMENT_EXECUTE|[109]
13:43:34.0 (85234626)|HEAP_ALLOCATE|[109]|Bytes:18
13:43:34.0 (85247814)|HEAP_ALLOCATE|[EXTERNAL]|Bytes:4
13:43:34.0 (85258824)|HEAP_ALLOCATE|[108]|Bytes:5
13:43:34.0 (85277261)|HEAP_ALLOCATE|[108]|Bytes:16
13:43:34.0 (85292707)|VARIABLE_SCOPE_BEGIN|[108]|u|User|true|false
13:43:34.0 (85308262)|VARIABLE_ASSIGNMENT|[108]|u|{"s":1,"v":{"Id":"005D0000001VrNRIA0","Name":"SomDig_Sales Tester","CurrencyIsoCode":"EUR"}}|0x67ae4efd
13:43:34.0 (85311466)|STATEMENT_EXECUTE|[108]
13:43:34.0 (85312449)|STATEMENT_EXECUTE|[109]
13:43:34.0 (85323399)|HEAP_ALLOCATE|[109]|Bytes:18
13:43:34.0 (85341749)|HEAP_ALLOCATE|[EXTERNAL]|Bytes:4
13:43:34.0 (85353959)|HEAP_ALLOCATE|[108]|Bytes:5
13:43:34.0 (85373219)|HEAP_ALLOCATE|[108]|Bytes:16
13:43:34.0 (85380160)|VARIABLE_SCOPE_BEGIN|[108]|u|User|true|false
13:43:34.0 (85394853)|VARIABLE_ASSIGNMENT|[108]|u|{"s":1,"v":{"Id":"005D0000004rQF5IAM","Name":"Som_ReadOnly Tester","CurrencyIsoCode":"EUR"}}|0x2640d8c1
13:43:34.0 (85398157)|STATEMENT_EXECUTE|[108]
13:43:34.0 (85399506)|STATEMENT_EXECUTE|[109]
13:43:34.0 (85409701)|HEAP_ALLOCATE|[109]|Bytes:18
13:43:34.0 (85422684)|HEAP_ALLOCATE|[EXTERNAL]|Bytes:4
13:43:34.0 (85433847)|HEAP_ALLOCATE|[108]|Bytes:5
13:43:34.0 (85460623)|HEAP_ALLOCATE|[108]|Bytes:16
13:43:34.0 (85473198)|VARIABLE_SCOPE_BEGIN|[108]|u|User|true|false
13:43:34.0 (85496017)|VARIABLE_ASSIGNMENT|[108]|u|{"s":1,"v":{"Id":"005D00000049FIrIAM","Name":"SomTv_ADFactory Test (2 more) ...","CurrencyIsoCode":"EUR"}}|0x2f088105
13:43:34.0 (85501375)|STATEMENT_EXECUTE|[108]
13:43:34.0 (85503368)|STATEMENT_EXECUTE|[109]
13:43:34.0 (85518255)|HEAP_ALLOCATE|[109]|Bytes:18
13:43:34.0 (85538770)|HEAP_ALLOCATE|[EXTERNAL]|Bytes:4
13:43:34.0 (85557744)|HEAP_ALLOCATE|[108]|Bytes:5
13:43:34.0 (85587254)|HEAP_ALLOCATE|[108]|Bytes:16
13:43:34.0 (85598079)|VARIABLE_SCOPE_BEGIN|[108]|u|User|true|false
13:43:34.0 (85622545)|VARIABLE_ASSIGNMENT|[108]|u|{"s":1,"v":{"Id":"005D00000049FItIAM","Name":"SomTv_Marketing Test (2 more) ...","CurrencyIsoCode":"EUR"}}|0x23d80977
13:43:34.0 (85628233)|STATEMENT_EXECUTE|[108]
13:43:34.0 (85630360)|STATEMENT_EXECUTE|[109]
13:43:34.0 (85645337)|HEAP_ALLOCATE|[109]|Bytes:18
13:43:34.0 (85668124)|HEAP_ALLOCATE|[EXTERNAL]|Bytes:4
13:43:34.0 (85688765)|HEAP_ALLOCATE|[108]|Bytes:5
13:43:34.0 (85719448)|HEAP_ALLOCATE|[108]|Bytes:16
13:43:34.0 (85732538)|VARIABLE_SCOPE_BEGIN|[108]|u|User|true|false
13:43:34.0 (85753709)|VARIABLE_ASSIGNMENT|[108]|u|{"s":1,"v":{"Id":"005D00000049FIuIAM","Name":"SomTv_RM Tester","CurrencyIsoCode":"EUR"}}|0x36947257
13:43:34.0 (85757547)|STATEMENT_EXECUTE|[108]
13:43:34.0 (85758599)|STATEMENT_EXECUTE|[109]
13:43:34.0 (85770921)|HEAP_ALLOCATE|[109]|Bytes:18
13:43:34.0 (85785769)|HEAP_ALLOCATE|[EXTERNAL]|Bytes:4
13:43:34.0 (85797946)|HEAP_ALLOCATE|[108]|Bytes:5
13:43:34.0 (85817028)|HEAP_ALLOCATE|[108]|Bytes:16
13:43:34.0 (85823854)|VARIABLE_SCOPE_BEGIN|[108]|u|User|true|false
13:43:34.0 (85848664)|VARIABLE_ASSIGNMENT|[108]|u|{"s":1,"v":{"Id":"005D00000049FIvIAM","Name":"SomTv_Sales Tester","CurrencyIsoCode":"EUR"}}|0x16323294
13:43:34.0 (85852397)|STATEMENT_EXECUTE|[108]
13:43:34.0 (85853438)|STATEMENT_EXECUTE|[109]
13:43:34.0 (85866492)|HEAP_ALLOCATE|[109]|Bytes:18
13:43:34.0 (85889170)|HEAP_ALLOCATE|[EXTERNAL]|Bytes:4
13:43:34.0 (85908528)|HEAP_ALLOCATE|[108]|Bytes:5
13:43:34.0 (85937047)|HEAP_ALLOCATE|[108]|Bytes:16
13:43:34.0 (85947602)|VARIABLE_SCOPE_BEGIN|[108]|u|User|true|false
13:43:34.0 (85970876)|VARIABLE_ASSIGNMENT|[108]|u|{"s":1,"v":{"Id":"005D00000049FIyIAM","Name":"SomTv_SalesManagemen (8 more) ...","CurrencyIsoCode":"EUR"}}|0x7dd989fe
13:43:34.0 (85977145)|STATEMENT_EXECUTE|[108]
13:43:34.0 (85979069)|STATEMENT_EXECUTE|[109]
13:43:34.0 (85995704)|HEAP_ALLOCATE|[109]|Bytes:18
13:43:34.0 (86031708)|HEAP_ALLOCATE|[EXTERNAL]|Bytes:4
13:43:34.0 (86053677)|HEAP_ALLOCATE|[108]|Bytes:5
13:43:34.0 (86100667)|HEAP_ALLOCATE|[108]|Bytes:16
13:43:34.0 (86111937)|VARIABLE_SCOPE_BEGIN|[108]|u|User|true|false
13:43:34.0 (86129022)|VARIABLE_ASSIGNMENT|[108]|u|{"s":1,"v":{"Id":"005D00000049FIzIAM","Name":"SomTv_SalesSteering  (6 more) ...","CurrencyIsoCode":"EUR"}}|0x1ea9a483
13:43:34.0 (86132826)|STATEMENT_EXECUTE|[108]
13:43:34.0 (86133884)|STATEMENT_EXECUTE|[109]
13:43:34.0 (86145551)|HEAP_ALLOCATE|[109]|Bytes:18
13:43:34.0 (86159627)|HEAP_ALLOCATE|[EXTERNAL]|Bytes:4
13:43:34.0 (86171523)|HEAP_ALLOCATE|[108]|Bytes:5
13:43:34.0 (86190479)|HEAP_ALLOCATE|[108]|Bytes:16
13:43:34.0 (86197630)|VARIABLE_SCOPE_BEGIN|[108]|u|User|true|false
13:43:34.0 (86219393)|VARIABLE_ASSIGNMENT|[108]|u|{"s":1,"v":{"Id":"005D00000049FJ0IAM","Name":"SomTv_TeamCRM Tester","CurrencyIsoCode":"EUR"}}|0xbba7bcb
13:43:34.0 (86225361)|STATEMENT_EXECUTE|[108]
13:43:34.0 (86227314)|STATEMENT_EXECUTE|[109]
13:43:34.0 (86242887)|HEAP_ALLOCATE|[109]|Bytes:18
13:43:34.0 (86263522)|HEAP_ALLOCATE|[EXTERNAL]|Bytes:4
13:43:34.0 (86281390)|HEAP_ALLOCATE|[108]|Bytes:5
13:43:34.0 (86310847)|HEAP_ALLOCATE|[108]|Bytes:16
13:43:34.0 (86324224)|VARIABLE_SCOPE_BEGIN|[108]|u|User|true|false
13:43:34.0 (86355935)|VARIABLE_ASSIGNMENT|[108]|u|{"s":1,"v":{"Id":"005D00000049FJ2IAM","Name":"Ven_Controlling Test (2 more) ...","CurrencyIsoCode":"EUR"}}|0xc1b5eba
13:43:34.0 (86362022)|STATEMENT_EXECUTE|[108]
13:43:34.0 (86364032)|STATEMENT_EXECUTE|[109]
13:43:34.0 (86379584)|HEAP_ALLOCATE|[109]|Bytes:18
13:43:34.0 (86402333)|HEAP_ALLOCATE|[EXTERNAL]|Bytes:4
13:43:34.0 (86423688)|HEAP_ALLOCATE|[108]|Bytes:5
13:43:34.0 (86448088)|HEAP_ALLOCATE|[108]|Bytes:16
13:43:34.0 (86464681)|VARIABLE_SCOPE_BEGIN|[108]|u|User|true|false
13:43:34.0 (86481639)|VARIABLE_ASSIGNMENT|[108]|u|{"s":1,"v":{"Id":"005D0000002jIReIAM","Name":"Ven_DataManager Test (2 more) ...","CurrencyIsoCode":"EUR"}}|0x3d3ca0be
13:43:34.0 (86485042)|STATEMENT_EXECUTE|[108]
13:43:34.0 (86486067)|STATEMENT_EXECUTE|[109]
13:43:34.0 (86497522)|HEAP_ALLOCATE|[109]|Bytes:18
13:43:34.0 (86511436)|HEAP_ALLOCATE|[EXTERNAL]|Bytes:4
13:43:34.0 (86523243)|HEAP_ALLOCATE|[108]|Bytes:5
13:43:34.0 (86541646)|HEAP_ALLOCATE|[108]|Bytes:16
13:43:34.0 (86548752)|VARIABLE_SCOPE_BEGIN|[108]|u|User|true|false
13:43:34.0 (86568569)|VARIABLE_ASSIGNMENT|[108]|u|{"s":1,"v":{"Id":"005D000000410gaIAA","Name":"Ven_Extern Tester","CurrencyIsoCode":"EUR"}}|0x6e629626
13:43:34.0 (86574280)|STATEMENT_EXECUTE|[108]
13:43:34.0 (86576327)|STATEMENT_EXECUTE|[109]
13:43:34.0 (86591379)|HEAP_ALLOCATE|[109]|Bytes:18
13:43:34.0 (86611907)|HEAP_ALLOCATE|[EXTERNAL]|Bytes:4
13:43:34.0 (86629387)|HEAP_ALLOCATE|[108]|Bytes:5
13:43:34.0 (86658626)|HEAP_ALLOCATE|[108]|Bytes:16
13:43:34.0 (86671367)|VARIABLE_SCOPE_BEGIN|[108]|u|User|true|false
13:43:34.0 (86697741)|VARIABLE_ASSIGNMENT|[108]|u|{"s":1,"v":{"Id":"005D00000049FJ3IAM","Name":"Ven_InvestmentManage (8 more) ...","CurrencyIsoCode":"EUR"}}|0x365ecc02
13:43:34.0 (86703804)|STATEMENT_EXECUTE|[108]
13:43:34.0 (86705894)|STATEMENT_EXECUTE|[109]
13:43:34.0 (86722361)|HEAP_ALLOCATE|[109]|Bytes:18
13:43:34.0 (86744517)|HEAP_ALLOCATE|[EXTERNAL]|Bytes:4
13:43:34.0 (86765284)|HEAP_ALLOCATE|[108]|Bytes:5
13:43:34.0 (86791379)|HEAP_ALLOCATE|[108]|Bytes:16
13:43:34.0 (86799062)|VARIABLE_SCOPE_BEGIN|[108]|u|User|true|false
13:43:34.0 (86815191)|VARIABLE_ASSIGNMENT|[108]|u|{"s":1,"v":{"Id":"005D00000049FJ4IAM","Name":"Ven_MediaExpert Test (2 more) ...","CurrencyIsoCode":"EUR"}}|0x60e6bafd
13:43:34.0 (86818431)|STATEMENT_EXECUTE|[108]
13:43:34.0 (86819562)|STATEMENT_EXECUTE|[109]
13:43:34.0 (86830283)|HEAP_ALLOCATE|[109]|Bytes:18
13:43:34.0 (86843831)|HEAP_ALLOCATE|[EXTERNAL]|Bytes:4
13:43:34.0 (86855297)|HEAP_ALLOCATE|[108]|Bytes:5
13:43:34.0 (86877939)|HEAP_ALLOCATE|[108]|Bytes:16
13:43:34.0 (86890141)|VARIABLE_SCOPE_BEGIN|[108]|u|User|true|false
13:43:34.0 (86912843)|VARIABLE_ASSIGNMENT|[108]|u|{"s":1,"v":{"Id":"005D00000049FJ5IAM","Name":"Ven_ReadOnly Tester","CurrencyIsoCode":"EUR"}}|0x3807cf0f
13:43:34.0 (86919111)|STATEMENT_EXECUTE|[108]
13:43:34.0 (86921240)|STATEMENT_EXECUTE|[109]
13:43:34.0 (86941790)|HEAP_ALLOCATE|[109]|Bytes:18
13:43:34.0 (86966322)|HEAP_ALLOCATE|[EXTERNAL]|Bytes:4
13:43:34.0 (86980036)|HEAP_ALLOCATE|[108]|Bytes:5
13:43:34.0 (87000089)|HEAP_ALLOCATE|[108]|Bytes:16
13:43:34.0 (87008843)|VARIABLE_SCOPE_BEGIN|[108]|u|User|true|false
13:43:34.0 (87024552)|VARIABLE_ASSIGNMENT|[108]|u|{"s":1,"v":{"Id":"005D00000049FJ6IAM","Name":"Ven_Standard Tester","CurrencyIsoCode":"EUR"}}|0x422ebd8f
13:43:34.0 (87028143)|STATEMENT_EXECUTE|[108]
13:43:34.0 (87029133)|STATEMENT_EXECUTE|[109]
13:43:34.0 (87040005)|HEAP_ALLOCATE|[109]|Bytes:18
13:43:34.0 (87053670)|HEAP_ALLOCATE|[EXTERNAL]|Bytes:4
13:43:34.0 (87065226)|HEAP_ALLOCATE|[108]|Bytes:5
13:43:34.0 (87075697)|VARIABLE_ASSIGNMENT|[108]|u|null|
13:43:34.0 (87078628)|STATEMENT_EXECUTE|[111]
13:43:34.0 (87415712)|SYSTEM_MODE_ENTER|true
13:43:34.0 (87450494)|HEAP_ALLOCATE|[EXTERNAL]|Bytes:52
13:43:34.0 (87458530)|VARIABLE_SCOPE_BEGIN|[114]|this|cls_P7S1_User_ChangeProfile|true|false
13:43:34.0 (87492154)|VARIABLE_ASSIGNMENT|[114]|this|{"currentUser":"0x224457f9","ShowPanel":"Admin","userList":"0x39bef029"}|0x594edd5f
13:43:34.0 (87503327)|HEAP_ALLOCATE|[114]|Bytes:5
13:43:34.0 (87506609)|STATEMENT_EXECUTE|[114]
13:43:34.0 (87508324)|STATEMENT_EXECUTE|[114]
13:43:34.0 (90567568)|VF_SERIALIZE_VIEWSTATE_BEGIN|066D0000000V3u3
13:43:34.0 (100168349)|VF_SERIALIZE_VIEWSTATE_END
13:43:34.104 (104926029)|CUMULATIVE_LIMIT_USAGE
13:43:34.104 (104926029)|LIMIT_USAGE_FOR_NS|(default)|
  Number of SOQL queries: 2 out of 100
  Number of query rows: 26 out of 50000
  Number of SOSL queries: 0 out of 20
  Number of DML statements: 0 out of 150
  Number of DML rows: 0 out of 10000
  Maximum CPU time: 0 out of 10000
  Maximum heap size: 0 out of 6000000
  Number of callouts: 0 out of 100
  Number of Email Invocations: 0 out of 10
  Number of future calls: 0 out of 50
  Number of queueable jobs added to the queue: 0 out of 50
  Number of Mobile Apex push calls: 0 out of 10

13:43:34.104 (104926029)|CUMULATIVE_LIMIT_USAGE_END

13:43:34.0 (104979368)|CODE_UNIT_FINISHED|VF: /apex/vfp_P7S1_User_ChangeProfile
13:43:34.0 (106485346)|EXECUTION_FINISHED
