29.0 APEX_CODE,FINEST;APEX_PROFILING,INFO;CALLOUT,INFO;DB,INFO;SYSTEM,DEBUG;VALIDATION,INFO;VISUALFORCE,INFO;WORKFLOW,INFO
10:07:33.0 (72136)|USER_INFO|[EXTERNAL]|00557000005jeDx|p7s1.rhamester@factory42.com.kam|Mitteleuropäische Normalzeit|GMT+02:00
10:07:33.0 (121102)|EXECUTION_STARTED
10:07:33.0 (126235)|CODE_UNIT_STARTED|[EXTERNAL]|06657000000G47o|VF: /apex/P7S1_Account_Dashboard
10:07:33.12 (12507518)|USER_INFO|[EXTERNAL]|00557000005jeDx|p7s1.rhamester@factory42.com.kam|Mitteleuropäische Normalzeit|GMT+02:00
10:07:33.15 (15232484)|CUMULATIVE_LIMIT_USAGE
10:07:33.15 (15232484)|LIMIT_USAGE_FOR_NS|(default)|
  Number of SOQL queries: 0 out of 100
  Number of query rows: 0 out of 50000
  Number of SOSL queries: 0 out of 20
  Number of DML statements: 0 out of 150
  Number of DML rows: 0 out of 10000
  Maximum CPU time: 0 out of 10000
  Maximum heap size: 0 out of 6000000
  Number of callouts: 0 out of 100
  Number of Email Invocations: 0 out of 10
  Number of future calls: 0 out of 50
  Number of queueable jobs added to the queue: 0 out of 50
  Number of Mobile Apex push calls: 0 out of 10

10:07:33.15 (15232484)|CUMULATIVE_LIMIT_USAGE_END

10:07:33.0 (15278810)|CODE_UNIT_FINISHED|VF: /apex/P7S1_Account_Dashboard
10:07:33.0 (16181375)|EXECUTION_FINISHED
