29.0 APEX_CODE,FINEST;APEX_PROFILING,INFO;CALLOUT,INFO;DB,INFO;SYSTEM,DEBUG;VALIDATION,INFO;VISUALFORCE,INFO;WORKFLOW,INFO
13:46:39.0 (308087)|USER_INFO|[EXTERNAL]|00557000005jeEC|p7s1.bschneider@factory42.com.kam|Mitteleuropäische Normalzeit|GMT+02:00
13:46:39.0 (345256)|EXECUTION_STARTED
13:46:39.0 (351826)|CODE_UNIT_STARTED|[EXTERNAL]|06657000000G47o|VF: /apex/P7S1_Account_Dashboard
13:46:39.19 (19239735)|CUMULATIVE_LIMIT_USAGE
13:46:39.19 (19239735)|LIMIT_USAGE_FOR_NS|(default)|
  Number of SOQL queries: 0 out of 100
  Number of query rows: 0 out of 50000
  Number of SOSL queries: 0 out of 20
  Number of DML statements: 0 out of 150
  Number of DML rows: 0 out of 10000
  Maximum CPU time: 0 out of 10000
  Maximum heap size: 0 out of 6000000
  Number of callouts: 0 out of 100
  Number of Email Invocations: 0 out of 10
  Number of future calls: 0 out of 50
  Number of queueable jobs added to the queue: 0 out of 50
  Number of Mobile Apex push calls: 0 out of 10

13:46:39.19 (19239735)|CUMULATIVE_LIMIT_USAGE_END

13:46:39.0 (19288366)|CODE_UNIT_FINISHED|VF: /apex/P7S1_Account_Dashboard
13:46:39.0 (20207503)|EXECUTION_FINISHED
