30.0 APEX_CODE,FINEST;APEX_PROFILING,INFO;CALLOUT,INFO;DB,INFO;SYSTEM,DEBUG;VALIDATION,INFO;VISUALFORCE,INFO;WORKFLOW,INFO
14:37:34.0 (319579)|USER_INFO|[EXTERNAL]|00557000005jeEC|p7s1.bschneider@factory42.com.kam|Mitteleuropäische Normalzeit|GMT+02:00
14:37:34.0 (352049)|EXECUTION_STARTED
14:37:34.0 (357582)|CODE_UNIT_STARTED|[EXTERNAL]|066D0000000V3u3|VF: /apex/vfp_P7S1_User_ChangeProfile
14:37:34.0 (8671779)|SYSTEM_MODE_ENTER|true
14:37:34.0 (8973429)|VARIABLE_SCOPE_BEGIN|[4]|cls_P7S1_User_ChangeProfile.PAGE_URL|String|false|true
14:37:34.0 (8982459)|VARIABLE_SCOPE_BEGIN|[5]|cls_P7S1_User_ChangeProfile.SITE_NAME|String|false|true
14:37:34.0 (9132996)|HEAP_ALLOCATE|[72]|Bytes:3
14:37:34.0 (9190355)|HEAP_ALLOCATE|[77]|Bytes:152
14:37:34.0 (9206244)|HEAP_ALLOCATE|[342]|Bytes:408
14:37:34.0 (9223297)|HEAP_ALLOCATE|[355]|Bytes:408
14:37:34.0 (9239683)|HEAP_ALLOCATE|[467]|Bytes:48
14:37:34.0 (9584938)|HEAP_ALLOCATE|[139]|Bytes:6
14:37:34.0 (9608910)|HEAP_ALLOCATE|[EXTERNAL]|Bytes:328
14:37:34.0 (9615084)|HEAP_ALLOCATE|[EXTERNAL]|Bytes:73
14:37:34.0 (9618222)|HEAP_ALLOCATE|[EXTERNAL]|Bytes:26
14:37:34.0 (9621573)|HEAP_ALLOCATE|[EXTERNAL]|Bytes:28
14:37:34.0 (9654086)|VARIABLE_ASSIGNMENT|[EXTERNAL]|cls_P7S1_User_ChangeProfile.PAGE_URL|"/vfp_P7S1_User_Chang (8 more) ..."
14:37:34.0 (9658303)|HEAP_ALLOCATE|[EXTERNAL]|Bytes:13
14:37:34.0 (9665629)|VARIABLE_ASSIGNMENT|[EXTERNAL]|cls_P7S1_User_ChangeProfile.SITE_NAME|"ChangeProfile"
14:37:34.0 (9684675)|METHOD_ENTRY|[1]|01pD0000000KT71|cls_P7S1_User_ChangeProfile.cls_P7S1_User_ChangeProfile()
14:37:34.0 (9689370)|STATEMENT_EXECUTE|[1]
14:37:34.0 (9695284)|STATEMENT_EXECUTE|[1]
14:37:34.0 (9734292)|HEAP_ALLOCATE|[50]|Bytes:5
14:37:34.0 (9760698)|HEAP_ALLOCATE|[56]|Bytes:5
14:37:34.0 (9770099)|HEAP_ALLOCATE|[64]|Bytes:7
14:37:34.0 (9806548)|HEAP_ALLOCATE|[EXTERNAL]|Bytes:5
14:37:34.0 (9822241)|METHOD_EXIT|[1]|cls_P7S1_User_ChangeProfile
14:37:34.0 (10013843)|HEAP_ALLOCATE|[EXTERNAL]|Bytes:52
14:37:34.0 (10025825)|VARIABLE_SCOPE_BEGIN|[43]|this|cls_P7S1_User_ChangeProfile|true|false
14:37:34.0 (10144071)|VARIABLE_ASSIGNMENT|[43]|this|{}|0x49120814
14:37:34.0 (10157003)|HEAP_ALLOCATE|[EXTERNAL]|Bytes:5
14:37:34.0 (10161053)|STATEMENT_EXECUTE|[1]
14:37:34.0 (10163808)|HEAP_ALLOCATE|[EXTERNAL]|Bytes:5
14:37:34.0 (10165592)|STATEMENT_EXECUTE|[6]
14:37:34.0 (10167087)|STATEMENT_EXECUTE|[8]
14:37:34.0 (10168079)|STATEMENT_EXECUTE|[9]
14:37:34.0 (10168972)|STATEMENT_EXECUTE|[10]
14:37:34.0 (10170054)|STATEMENT_EXECUTE|[12]
14:37:34.0 (10170964)|STATEMENT_EXECUTE|[13]
14:37:34.0 (10171857)|STATEMENT_EXECUTE|[14]
14:37:34.0 (10172770)|STATEMENT_EXECUTE|[38]
14:37:34.0 (10174136)|STATEMENT_EXECUTE|[39]
14:37:34.0 (10175268)|STATEMENT_EXECUTE|[40]
14:37:34.0 (10176137)|STATEMENT_EXECUTE|[100]
14:37:34.0 (10177162)|STATEMENT_EXECUTE|[113]
14:37:34.0 (10186556)|HEAP_ALLOCATE|[EXTERNAL]|Bytes:6
14:37:34.0 (10208729)|STATEMENT_EXECUTE|[43]
14:37:34.0 (10371933)|HEAP_ALLOCATE|[EXTERNAL]|Bytes:52
14:37:34.0 (10381359)|VARIABLE_SCOPE_BEGIN|[46]|this|cls_P7S1_User_ChangeProfile|true|false
14:37:34.0 (10409073)|VARIABLE_ASSIGNMENT|[46]|this|{}|0x49120814
14:37:34.0 (10423868)|HEAP_ALLOCATE|[47]|Bytes:5
14:37:34.0 (10427361)|STATEMENT_EXECUTE|[46]
14:37:34.0 (10428782)|STATEMENT_EXECUTE|[47]
14:37:34.0 (10528915)|HEAP_ALLOCATE|[47]|Bytes:294
14:37:34.0 (10593445)|HEAP_ALLOCATE|[47]|Bytes:257
14:37:34.0 (10611261)|HEAP_ALLOCATE|[47]|Bytes:9
14:37:34.0 (10639298)|VARIABLE_SCOPE_BEGIN|[47]|profileId|String|false|false
14:37:34.0 (10647580)|VARIABLE_ASSIGNMENT|[47]|profileId|null
14:37:34.0 (10650254)|STATEMENT_EXECUTE|[48]
14:37:34.0 (10678634)|METHOD_ENTRY|[48]|01pD0000000KT71|cls_P7S1_User_ChangeProfile.initializeView()
14:37:34.0 (10702430)|VARIABLE_SCOPE_BEGIN|[51]|this|cls_P7S1_User_ChangeProfile|true|false
14:37:34.0 (10729827)|VARIABLE_ASSIGNMENT|[51]|this|{}|0x49120814
14:37:34.0 (10740136)|HEAP_ALLOCATE|[52]|Bytes:5
14:37:34.0 (10745424)|STATEMENT_EXECUTE|[51]
14:37:34.0 (10747433)|STATEMENT_EXECUTE|[52]
14:37:34.0 (10814639)|VARIABLE_ASSIGNMENT|[EXTERNAL]|this|{}|0x49120814
14:37:34.0 (10822462)|VARIABLE_ASSIGNMENT|[EXTERNAL]|value|null
14:37:34.0 (10834166)|VARIABLE_ASSIGNMENT|[14]|this.ShowPanel|null|0x49120814
14:37:34.0 (10841048)|STATEMENT_EXECUTE|[53]
14:37:34.0 (10844558)|HEAP_ALLOCATE|[53]|Bytes:7
14:37:34.0 (10878155)|USER_DEBUG|[53]|DEBUG|###View
14:37:34.0 (10884522)|STATEMENT_EXECUTE|[54]
14:37:34.0 (10887562)|HEAP_ALLOCATE|[54]|Bytes:145
14:37:34.0 (10896587)|HEAP_ALLOCATE|[54]|Bytes:4
14:37:34.0 (10906195)|HEAP_ALLOCATE|[54]|Bytes:7
14:37:34.0 (10949933)|HEAP_ALLOCATE|[57]|Bytes:85
14:37:34.0 (10965709)|SYSTEM_METHOD_ENTRY|[1]|UserInfo.UserInfo()
14:37:34.0 (10969075)|STATEMENT_EXECUTE|[1]
14:37:34.0 (10977552)|SYSTEM_METHOD_EXIT|[1]|UserInfo
14:37:34.0 (10990327)|METHOD_ENTRY|[57]||System.UserInfo.getUserId()
14:37:34.0 (11033024)|METHOD_EXIT|[57]||System.UserInfo.getUserId()
14:37:34.0 (14544286)|SOQL_EXECUTE_BEGIN|[54]|Aggregations:0|SELECT Id, Name, UserName, ProfileId, Profile.UserLicenseId, Profile.Name, Email, P7S1_ShowTestuserLinks__c FROM User WHERE Id = :tmpVar1 LIMIT 1
14:37:34.0 (46855826)|SOQL_EXECUTE_END|[54]|Rows:1
14:37:34.0 (46895705)|HEAP_ALLOCATE|[54]|Bytes:8
14:37:34.0 (46923543)|HEAP_ALLOCATE|[54]|Bytes:320
14:37:34.0 (46981822)|HEAP_ALLOCATE|[54]|Bytes:8
14:37:34.0 (47002716)|HEAP_ALLOCATE|[54]|Bytes:30
14:37:34.0 (47123552)|HEAP_ALLOCATE|[54]|Bytes:36
14:37:34.0 (47232218)|VARIABLE_ASSIGNMENT|[EXTERNAL]|this|{}|0x49120814
14:37:34.0 (47274770)|VARIABLE_ASSIGNMENT|[EXTERNAL]|value|{"s":1,"v":{"Id":"00557000005jeECAAY","Name":"Benjamin Schneider","Username":"p7s1.bschneider@fact (13 more) ...","ProfileId":"00e20000000lfOjAAI","Email":"bschneider@factory42 (4 more) ...","P7S1_ShowTestuserLin (5 more) ...":true,"CurrencyIsoCode":"EUR","Profile":{"s":2,"v":{"UserLicenseId":"100200000009H1sAAE","Name":"Systemadministrator","Id":"00e20000000lfOjAAI"}}}}|0xffe4c2e
14:37:34.0 (47307631)|VARIABLE_ASSIGNMENT|[8]|this.currentUser|{"s":1,"v":{"Id":"00557000005jeECAAY","Name":"Benjamin Schneider","Username":"p7s1.bschneider@fact (13 more) ...","ProfileId":"00e20000000lfOjAAI","Email":"bschneider@factory42 (4 more) ...","P7S1_ShowTestuserLin (5 more) ...":true,"CurrencyIsoCode":"EUR","Profile":{"s":2,"v":{"UserLicenseId":"100200000009H1sAAE","Name":"Systemadministrator","Id":"00e20000000lfOjAAI"}}}}|0x49120814
14:37:34.0 (47335624)|METHOD_ENTRY|[61]||System.UserInfo.getProfileId()
14:37:34.0 (47394074)|METHOD_EXIT|[61]||System.UserInfo.getProfileId()
14:37:34.0 (47416546)|HEAP_ALLOCATE|[61]|Bytes:4
14:37:34.0 (47422184)|HEAP_ALLOCATE|[61]|Bytes:18
14:37:34.0 (47443160)|HEAP_ALLOCATE|[61]|Bytes:4
14:37:34.0 (47474656)|STATEMENT_EXECUTE|[61]
14:37:34.0 (47478474)|STATEMENT_EXECUTE|[62]
14:37:34.0 (47481510)|HEAP_ALLOCATE|[62]|Bytes:5
14:37:34.0 (47528905)|VARIABLE_ASSIGNMENT|[EXTERNAL]|this|{"currentUser":"0xffe4c2e"}|0x49120814
14:37:34.0 (47535067)|VARIABLE_ASSIGNMENT|[EXTERNAL]|value|"Admin"
14:37:34.0 (47545874)|VARIABLE_ASSIGNMENT|[14]|this.ShowPanel|"Admin"|0x49120814
14:37:34.0 (47552496)|STATEMENT_EXECUTE|[63]
14:37:34.0 (47556532)|HEAP_ALLOCATE|[63]|Bytes:128
14:37:34.0 (47566772)|HEAP_ALLOCATE|[63]|Bytes:4
14:37:34.0 (47865792)|SOQL_EXECUTE_BEGIN|[63]|Aggregations:0|SELECT Id, Name FROM User WHERE (P7S1_UserType__c = 'System_Tester' AND isActive = TRUE) ORDER BY Name ASC NULLS FIRST LIMIT 100
14:37:34.0 (54721878)|SOQL_EXECUTE_END|[63]|Rows:25
14:37:34.0 (54739389)|HEAP_ALLOCATE|[63]|Bytes:104
14:37:34.0 (54777850)|HEAP_ALLOCATE|[63]|Bytes:1973
14:37:34.0 (54791247)|HEAP_ALLOCATE|[63]|Bytes:104
14:37:34.0 (54852590)|VARIABLE_ASSIGNMENT|[EXTERNAL]|this|{"currentUser":"0xffe4c2e","ShowPanel":"Admin"}|0x49120814
14:37:34.0 (54873188)|VARIABLE_ASSIGNMENT|[EXTERNAL]|value|{"s":1,"v":"List of size 25 too large to display"}|0x12867364
14:37:34.0 (54887961)|VARIABLE_ASSIGNMENT|[10]|this.userList|{"s":1,"v":"List of size 25 too large to display"}|0x49120814
14:37:34.0 (54896601)|STATEMENT_EXECUTE|[88]
14:37:34.0 (54909903)|METHOD_EXIT|[48]|01pD0000000KT71|cls_P7S1_User_ChangeProfile.initializeView()
14:37:34.0 (55842588)|SYSTEM_MODE_ENTER|true
14:37:34.56 (56259924)|SYSTEM_MODE_ENTER|true
14:37:34.56 (56303833)|HEAP_ALLOCATE|[EXTERNAL]|Bytes:120
14:37:34.56 (56311769)|HEAP_ALLOCATE|[EXTERNAL]|Bytes:10
14:37:34.56 (56328452)|SYSTEM_METHOD_ENTRY|[1]|pagemessagecomponentcontroller.pagemessagecomponentcontroller()
14:37:34.56 (56332451)|STATEMENT_EXECUTE|[1]
14:37:34.0 (68914698)|HEAP_ALLOCATE|[105]|Bytes:5
14:37:34.0 (68921516)|STATEMENT_EXECUTE|[104]
14:37:34.0 (68923583)|STATEMENT_EXECUTE|[105]
14:37:34.0 (68936174)|VARIABLE_ASSIGNMENT|[105]|this.selUserId|null|0x49120814
14:37:34.0 (68938840)|STATEMENT_EXECUTE|[106]
14:37:34.0 (68944868)|HEAP_ALLOCATE|[106]|Bytes:4
14:37:34.0 (68983195)|VARIABLE_SCOPE_BEGIN|[106]|options|List<System.SelectOption>|true|false
14:37:34.0 (69014457)|HEAP_ALLOCATE|[EXTERNAL]|Bytes:4
14:37:34.0 (69029016)|VARIABLE_ASSIGNMENT|[106]|options|{"s":1,"v":[]}|0x4ba603c1
14:37:34.0 (69032496)|STATEMENT_EXECUTE|[107]
14:37:34.0 (69045758)|HEAP_ALLOCATE|[107]|Bytes:10
14:37:34.0 (69110748)|HEAP_ALLOCATE|[EXTERNAL]|Bytes:4
14:37:34.0 (69175205)|VARIABLE_ASSIGNMENT|[EXTERNAL]|this|{"currentUser":"0xffe4c2e","ShowPanel":"Admin","userList":"0x12867364"}|0x49120814
14:37:34.0 (69360847)|HEAP_ALLOCATE|[108]|Bytes:5
14:37:34.0 (69392303)|HEAP_ALLOCATE|[108]|Bytes:16
14:37:34.0 (69403736)|VARIABLE_SCOPE_BEGIN|[108]|u|User|true|false
14:37:34.0 (69421237)|VARIABLE_ASSIGNMENT|[108]|u|{"s":1,"v":{"Id":"005D0000002QDFYIA4","Name":"Aer_Default Tester","CurrencyIsoCode":"EUR"}}|0x5dd7dcaf
14:37:34.0 (69425605)|STATEMENT_EXECUTE|[108]
14:37:34.0 (69427086)|STATEMENT_EXECUTE|[109]
14:37:34.0 (69461637)|HEAP_ALLOCATE|[109]|Bytes:18
14:37:34.0 (69519936)|HEAP_ALLOCATE|[EXTERNAL]|Bytes:4
14:37:34.0 (69535797)|HEAP_ALLOCATE|[108]|Bytes:5
14:37:34.0 (69557006)|HEAP_ALLOCATE|[108]|Bytes:16
14:37:34.0 (69564982)|VARIABLE_SCOPE_BEGIN|[108]|u|User|true|false
14:37:34.0 (69580613)|VARIABLE_ASSIGNMENT|[108]|u|{"s":1,"v":{"Id":"00557000005jeLcAAI","Name":"MA_Default Tester","CurrencyIsoCode":"EUR"}}|0x6896247a
14:37:34.0 (69584451)|STATEMENT_EXECUTE|[108]
14:37:34.0 (69585829)|STATEMENT_EXECUTE|[109]
14:37:34.0 (69597901)|HEAP_ALLOCATE|[109]|Bytes:18
14:37:34.0 (69613701)|HEAP_ALLOCATE|[EXTERNAL]|Bytes:4
14:37:34.0 (69625160)|HEAP_ALLOCATE|[108]|Bytes:5
14:37:34.0 (69644336)|HEAP_ALLOCATE|[108]|Bytes:16
14:37:34.0 (69651450)|VARIABLE_SCOPE_BEGIN|[108]|u|User|true|false
14:37:34.0 (69666988)|VARIABLE_ASSIGNMENT|[108]|u|{"s":1,"v":{"Id":"005D00000047YCbIAM","Name":"P7S1_Interface Teste (1 more) ...","CurrencyIsoCode":"EUR"}}|0x4e1e1811
14:37:34.0 (69670209)|STATEMENT_EXECUTE|[108]
14:37:34.0 (69671486)|STATEMENT_EXECUTE|[109]
14:37:34.0 (69687732)|HEAP_ALLOCATE|[109]|Bytes:18
14:37:34.0 (69703841)|HEAP_ALLOCATE|[EXTERNAL]|Bytes:4
14:37:34.0 (69715622)|HEAP_ALLOCATE|[108]|Bytes:5
14:37:34.0 (69734390)|HEAP_ALLOCATE|[108]|Bytes:16
14:37:34.0 (69741424)|VARIABLE_SCOPE_BEGIN|[108]|u|User|true|false
14:37:34.0 (69755430)|VARIABLE_ASSIGNMENT|[108]|u|{"s":1,"v":{"Id":"005D0000004qFkAIAU","Name":"Sgn_Default Tester","CurrencyIsoCode":"EUR"}}|0x304d1ec
14:37:34.0 (69758850)|STATEMENT_EXECUTE|[108]
14:37:34.0 (69760098)|STATEMENT_EXECUTE|[109]
14:37:34.0 (69770754)|HEAP_ALLOCATE|[109]|Bytes:18
14:37:34.0 (69785132)|HEAP_ALLOCATE|[EXTERNAL]|Bytes:4
14:37:34.0 (69796098)|HEAP_ALLOCATE|[108]|Bytes:5
14:37:34.0 (69813995)|HEAP_ALLOCATE|[108]|Bytes:16
14:37:34.0 (69820938)|VARIABLE_SCOPE_BEGIN|[108]|u|User|true|false
14:37:34.0 (69834444)|VARIABLE_ASSIGNMENT|[108]|u|{"s":1,"v":{"Id":"005D00000052oAVIAY","Name":"SomAt Tester","CurrencyIsoCode":"EUR"}}|0x60d54787
14:37:34.0 (69837492)|STATEMENT_EXECUTE|[108]
14:37:34.0 (69838721)|STATEMENT_EXECUTE|[109]
14:37:34.0 (69849295)|HEAP_ALLOCATE|[109]|Bytes:18
14:37:34.0 (69863479)|HEAP_ALLOCATE|[EXTERNAL]|Bytes:4
14:37:34.0 (69874183)|HEAP_ALLOCATE|[108]|Bytes:5
14:37:34.0 (69892291)|HEAP_ALLOCATE|[108]|Bytes:16
14:37:34.0 (69899217)|VARIABLE_SCOPE_BEGIN|[108]|u|User|true|false
14:37:34.0 (69912578)|VARIABLE_ASSIGNMENT|[108]|u|{"s":1,"v":{"Id":"005D0000002jJFZIA2","Name":"SomDig_AdTech Tester","CurrencyIsoCode":"EUR"}}|0x39b91a13
14:37:34.0 (69915883)|STATEMENT_EXECUTE|[108]
14:37:34.0 (69917219)|STATEMENT_EXECUTE|[109]
14:37:34.0 (69927612)|HEAP_ALLOCATE|[109]|Bytes:18
14:37:34.0 (69941808)|HEAP_ALLOCATE|[EXTERNAL]|Bytes:4
14:37:34.0 (69952660)|HEAP_ALLOCATE|[108]|Bytes:5
14:37:34.0 (69970793)|HEAP_ALLOCATE|[108]|Bytes:16
14:37:34.0 (69977737)|VARIABLE_SCOPE_BEGIN|[108]|u|User|true|false
14:37:34.0 (69992240)|VARIABLE_ASSIGNMENT|[108]|u|{"s":1,"v":{"Id":"005D00000049FIoIAM","Name":"SomDig_Billing Teste (1 more) ...","CurrencyIsoCode":"EUR"}}|0x7d953a5
14:37:34.0 (69995690)|STATEMENT_EXECUTE|[108]
14:37:34.0 (69996940)|STATEMENT_EXECUTE|[109]
14:37:34.0 (70007653)|HEAP_ALLOCATE|[109]|Bytes:18
14:37:34.0 (70022789)|HEAP_ALLOCATE|[EXTERNAL]|Bytes:4
14:37:34.0 (70033541)|HEAP_ALLOCATE|[108]|Bytes:5
14:37:34.0 (70051641)|HEAP_ALLOCATE|[108]|Bytes:16
14:37:34.0 (70058364)|VARIABLE_SCOPE_BEGIN|[108]|u|User|true|false
14:37:34.0 (70071790)|VARIABLE_ASSIGNMENT|[108]|u|{"s":1,"v":{"Id":"005D00000049FIpIAM","Name":"SomDig_PAM Tester","CurrencyIsoCode":"EUR"}}|0x22777903
14:37:34.0 (70074943)|STATEMENT_EXECUTE|[108]
14:37:34.0 (70076228)|STATEMENT_EXECUTE|[109]
14:37:34.0 (70086210)|HEAP_ALLOCATE|[109]|Bytes:18
14:37:34.0 (70100401)|HEAP_ALLOCATE|[EXTERNAL]|Bytes:4
14:37:34.0 (70111148)|HEAP_ALLOCATE|[108]|Bytes:5
14:37:34.0 (70129057)|HEAP_ALLOCATE|[108]|Bytes:16
14:37:34.0 (70135979)|VARIABLE_SCOPE_BEGIN|[108]|u|User|true|false
14:37:34.0 (70148960)|VARIABLE_ASSIGNMENT|[108]|u|{"s":1,"v":{"Id":"005D00000049FIqIAM","Name":"SomDig_PM Tester","CurrencyIsoCode":"EUR"}}|0x68d4fbb5
14:37:34.0 (70152412)|STATEMENT_EXECUTE|[108]
14:37:34.0 (70153624)|STATEMENT_EXECUTE|[109]
14:37:34.0 (70164173)|HEAP_ALLOCATE|[109]|Bytes:18
14:37:34.0 (70178247)|HEAP_ALLOCATE|[EXTERNAL]|Bytes:4
14:37:34.0 (70189038)|HEAP_ALLOCATE|[108]|Bytes:5
14:37:34.0 (70207172)|HEAP_ALLOCATE|[108]|Bytes:16
14:37:34.0 (70214157)|VARIABLE_SCOPE_BEGIN|[108]|u|User|true|false
14:37:34.0 (70227351)|VARIABLE_ASSIGNMENT|[108]|u|{"s":1,"v":{"Id":"005D0000001VrNRIA0","Name":"SomDig_Sales Tester","CurrencyIsoCode":"EUR"}}|0x194c0d3e
14:37:34.0 (70230615)|STATEMENT_EXECUTE|[108]
14:37:34.0 (70231858)|STATEMENT_EXECUTE|[109]
14:37:34.0 (70242123)|HEAP_ALLOCATE|[109]|Bytes:18
14:37:34.0 (70256318)|HEAP_ALLOCATE|[EXTERNAL]|Bytes:4
14:37:34.0 (70267383)|HEAP_ALLOCATE|[108]|Bytes:5
14:37:34.0 (70285312)|HEAP_ALLOCATE|[108]|Bytes:16
14:37:34.0 (70292048)|VARIABLE_SCOPE_BEGIN|[108]|u|User|true|false
14:37:34.0 (70305248)|VARIABLE_ASSIGNMENT|[108]|u|{"s":1,"v":{"Id":"005D0000004rQF5IAM","Name":"Som_ReadOnly Tester","CurrencyIsoCode":"EUR"}}|0x544531c9
14:37:34.0 (70308358)|STATEMENT_EXECUTE|[108]
14:37:34.0 (70309865)|STATEMENT_EXECUTE|[109]
14:37:34.0 (70320247)|HEAP_ALLOCATE|[109]|Bytes:18
14:37:34.0 (70334505)|HEAP_ALLOCATE|[EXTERNAL]|Bytes:4
14:37:34.0 (70345342)|HEAP_ALLOCATE|[108]|Bytes:5
14:37:34.0 (70363364)|HEAP_ALLOCATE|[108]|Bytes:16
14:37:34.0 (70370319)|VARIABLE_SCOPE_BEGIN|[108]|u|User|true|false
14:37:34.0 (70384538)|VARIABLE_ASSIGNMENT|[108]|u|{"s":1,"v":{"Id":"005D00000049FIrIAM","Name":"SomTv_ADFactory Test (2 more) ...","CurrencyIsoCode":"EUR"}}|0x4de3e523
14:37:34.0 (70387711)|STATEMENT_EXECUTE|[108]
14:37:34.0 (70389010)|STATEMENT_EXECUTE|[109]
14:37:34.0 (70399350)|HEAP_ALLOCATE|[109]|Bytes:18
14:37:34.0 (70413490)|HEAP_ALLOCATE|[EXTERNAL]|Bytes:4
14:37:34.0 (70424213)|HEAP_ALLOCATE|[108]|Bytes:5
14:37:34.0 (70442216)|HEAP_ALLOCATE|[108]|Bytes:16
14:37:34.0 (70449250)|VARIABLE_SCOPE_BEGIN|[108]|u|User|true|false
14:37:34.0 (70463274)|VARIABLE_ASSIGNMENT|[108]|u|{"s":1,"v":{"Id":"005D00000049FItIAM","Name":"SomTv_Marketing Test (2 more) ...","CurrencyIsoCode":"EUR"}}|0x2a5b679
14:37:34.0 (70466896)|STATEMENT_EXECUTE|[108]
14:37:34.0 (70468154)|STATEMENT_EXECUTE|[109]
14:37:34.0 (70478417)|HEAP_ALLOCATE|[109]|Bytes:18
14:37:34.0 (70492640)|HEAP_ALLOCATE|[EXTERNAL]|Bytes:4
14:37:34.0 (70503397)|HEAP_ALLOCATE|[108]|Bytes:5
14:37:34.0 (70521268)|HEAP_ALLOCATE|[108]|Bytes:16
14:37:34.0 (70528219)|VARIABLE_SCOPE_BEGIN|[108]|u|User|true|false
14:37:34.0 (70541518)|VARIABLE_ASSIGNMENT|[108]|u|{"s":1,"v":{"Id":"005D00000049FIuIAM","Name":"SomTv_RM Tester","CurrencyIsoCode":"EUR"}}|0x7bf96eee
14:37:34.0 (70544585)|STATEMENT_EXECUTE|[108]
14:37:34.0 (70545791)|STATEMENT_EXECUTE|[109]
14:37:34.0 (70556157)|HEAP_ALLOCATE|[109]|Bytes:18
14:37:34.0 (70570353)|HEAP_ALLOCATE|[EXTERNAL]|Bytes:4
14:37:34.0 (70581179)|HEAP_ALLOCATE|[108]|Bytes:5
14:37:34.0 (70598974)|HEAP_ALLOCATE|[108]|Bytes:16
14:37:34.0 (70605873)|VARIABLE_SCOPE_BEGIN|[108]|u|User|true|false
14:37:34.0 (70619218)|VARIABLE_ASSIGNMENT|[108]|u|{"s":1,"v":{"Id":"005D00000049FIvIAM","Name":"SomTv_Sales Tester","CurrencyIsoCode":"EUR"}}|0x64fd321
14:37:34.0 (70622527)|STATEMENT_EXECUTE|[108]
14:37:34.0 (70623819)|STATEMENT_EXECUTE|[109]
14:37:34.0 (70634059)|HEAP_ALLOCATE|[109]|Bytes:18
14:37:34.0 (70648171)|HEAP_ALLOCATE|[EXTERNAL]|Bytes:4
14:37:34.0 (70659209)|HEAP_ALLOCATE|[108]|Bytes:5
14:37:34.0 (70677156)|HEAP_ALLOCATE|[108]|Bytes:16
14:37:34.0 (70688646)|VARIABLE_SCOPE_BEGIN|[108]|u|User|true|false
14:37:34.0 (70703704)|VARIABLE_ASSIGNMENT|[108]|u|{"s":1,"v":{"Id":"005D00000049FIyIAM","Name":"SomTv_SalesManagemen (8 more) ...","CurrencyIsoCode":"EUR"}}|0x54d7e436
14:37:34.0 (70706717)|STATEMENT_EXECUTE|[108]
14:37:34.0 (70708017)|STATEMENT_EXECUTE|[109]
14:37:34.0 (70718665)|HEAP_ALLOCATE|[109]|Bytes:18
14:37:34.0 (70733226)|HEAP_ALLOCATE|[EXTERNAL]|Bytes:4
14:37:34.0 (70744261)|HEAP_ALLOCATE|[108]|Bytes:5
14:37:34.0 (70762891)|HEAP_ALLOCATE|[108]|Bytes:16
14:37:34.0 (70769863)|VARIABLE_SCOPE_BEGIN|[108]|u|User|true|false
14:37:34.0 (70784160)|VARIABLE_ASSIGNMENT|[108]|u|{"s":1,"v":{"Id":"005D00000049FIzIAM","Name":"SomTv_SalesSteering  (6 more) ...","CurrencyIsoCode":"EUR"}}|0x7bee86ab
14:37:34.0 (70787865)|STATEMENT_EXECUTE|[108]
14:37:34.0 (70789270)|STATEMENT_EXECUTE|[109]
14:37:34.0 (70799543)|HEAP_ALLOCATE|[109]|Bytes:18
14:37:34.0 (70813689)|HEAP_ALLOCATE|[EXTERNAL]|Bytes:4
14:37:34.0 (70824695)|HEAP_ALLOCATE|[108]|Bytes:5
14:37:34.0 (70842974)|HEAP_ALLOCATE|[108]|Bytes:16
14:37:34.0 (70849976)|VARIABLE_SCOPE_BEGIN|[108]|u|User|true|false
14:37:34.0 (70863233)|VARIABLE_ASSIGNMENT|[108]|u|{"s":1,"v":{"Id":"005D00000049FJ0IAM","Name":"SomTv_TeamCRM Tester","CurrencyIsoCode":"EUR"}}|0x4bd01926
14:37:34.0 (70866172)|STATEMENT_EXECUTE|[108]
14:37:34.0 (70867394)|STATEMENT_EXECUTE|[109]
14:37:34.0 (70877772)|HEAP_ALLOCATE|[109]|Bytes:18
14:37:34.0 (70892081)|HEAP_ALLOCATE|[EXTERNAL]|Bytes:4
14:37:34.0 (70902958)|HEAP_ALLOCATE|[108]|Bytes:5
14:37:34.0 (70920915)|HEAP_ALLOCATE|[108]|Bytes:16
14:37:34.0 (70927766)|VARIABLE_SCOPE_BEGIN|[108]|u|User|true|false
14:37:34.0 (70941773)|VARIABLE_ASSIGNMENT|[108]|u|{"s":1,"v":{"Id":"005D00000049FJ2IAM","Name":"Ven_Controlling Test (2 more) ...","CurrencyIsoCode":"EUR"}}|0x337e0da6
14:37:34.0 (70945831)|STATEMENT_EXECUTE|[108]
14:37:34.0 (70947174)|STATEMENT_EXECUTE|[109]
14:37:34.0 (70957315)|HEAP_ALLOCATE|[109]|Bytes:18
14:37:34.0 (70971349)|HEAP_ALLOCATE|[EXTERNAL]|Bytes:4
14:37:34.0 (70982184)|HEAP_ALLOCATE|[108]|Bytes:5
14:37:34.0 (71000114)|HEAP_ALLOCATE|[108]|Bytes:16
14:37:34.0 (71007981)|VARIABLE_SCOPE_BEGIN|[108]|u|User|true|false
14:37:34.0 (71022034)|VARIABLE_ASSIGNMENT|[108]|u|{"s":1,"v":{"Id":"005D0000002jIReIAM","Name":"Ven_DataManager Test (2 more) ...","CurrencyIsoCode":"EUR"}}|0x5863b9ab
14:37:34.0 (71025399)|STATEMENT_EXECUTE|[108]
14:37:34.0 (71026616)|STATEMENT_EXECUTE|[109]
14:37:34.0 (71036993)|HEAP_ALLOCATE|[109]|Bytes:18
14:37:34.0 (71051343)|HEAP_ALLOCATE|[EXTERNAL]|Bytes:4
14:37:34.0 (71062258)|HEAP_ALLOCATE|[108]|Bytes:5
14:37:34.0 (71080260)|HEAP_ALLOCATE|[108]|Bytes:16
14:37:34.0 (71087129)|VARIABLE_SCOPE_BEGIN|[108]|u|User|true|false
14:37:34.0 (71100481)|VARIABLE_ASSIGNMENT|[108]|u|{"s":1,"v":{"Id":"005D000000410gaIAA","Name":"Ven_Extern Tester","CurrencyIsoCode":"EUR"}}|0x57b7b7d2
14:37:34.0 (71104073)|STATEMENT_EXECUTE|[108]
14:37:34.0 (71105390)|STATEMENT_EXECUTE|[109]
14:37:34.0 (71115552)|HEAP_ALLOCATE|[109]|Bytes:18
14:37:34.0 (71129561)|HEAP_ALLOCATE|[EXTERNAL]|Bytes:4
14:37:34.0 (71140253)|HEAP_ALLOCATE|[108]|Bytes:5
14:37:34.0 (71158270)|HEAP_ALLOCATE|[108]|Bytes:16
14:37:34.0 (71165074)|VARIABLE_SCOPE_BEGIN|[108]|u|User|true|false
14:37:34.0 (71179158)|VARIABLE_ASSIGNMENT|[108]|u|{"s":1,"v":{"Id":"005D00000049FJ3IAM","Name":"Ven_InvestmentManage (8 more) ...","CurrencyIsoCode":"EUR"}}|0x1ce58d2b
14:37:34.0 (71182061)|STATEMENT_EXECUTE|[108]
14:37:34.0 (71183262)|STATEMENT_EXECUTE|[109]
14:37:34.0 (71193676)|HEAP_ALLOCATE|[109]|Bytes:18
14:37:34.0 (71207927)|HEAP_ALLOCATE|[EXTERNAL]|Bytes:4
14:37:34.0 (71218925)|HEAP_ALLOCATE|[108]|Bytes:5
14:37:34.0 (71236873)|HEAP_ALLOCATE|[108]|Bytes:16
14:37:34.0 (71243832)|VARIABLE_SCOPE_BEGIN|[108]|u|User|true|false
14:37:34.0 (71258077)|VARIABLE_ASSIGNMENT|[108]|u|{"s":1,"v":{"Id":"005D00000049FJ4IAM","Name":"Ven_MediaExpert Test (2 more) ...","CurrencyIsoCode":"EUR"}}|0x5fb5a02c
14:37:34.0 (71261400)|STATEMENT_EXECUTE|[108]
14:37:34.0 (71262646)|STATEMENT_EXECUTE|[109]
14:37:34.0 (71273004)|HEAP_ALLOCATE|[109]|Bytes:18
14:37:34.0 (71287104)|HEAP_ALLOCATE|[EXTERNAL]|Bytes:4
14:37:34.0 (71297765)|HEAP_ALLOCATE|[108]|Bytes:5
14:37:34.0 (71315789)|HEAP_ALLOCATE|[108]|Bytes:16
14:37:34.0 (71322555)|VARIABLE_SCOPE_BEGIN|[108]|u|User|true|false
14:37:34.0 (71335591)|VARIABLE_ASSIGNMENT|[108]|u|{"s":1,"v":{"Id":"005D00000049FJ5IAM","Name":"Ven_ReadOnly Tester","CurrencyIsoCode":"EUR"}}|0x1a5ee490
14:37:34.0 (71338609)|STATEMENT_EXECUTE|[108]
14:37:34.0 (71339799)|STATEMENT_EXECUTE|[109]
14:37:34.0 (71350037)|HEAP_ALLOCATE|[109]|Bytes:18
14:37:34.0 (71364102)|HEAP_ALLOCATE|[EXTERNAL]|Bytes:4
14:37:34.0 (71375087)|HEAP_ALLOCATE|[108]|Bytes:5
14:37:34.0 (71392978)|HEAP_ALLOCATE|[108]|Bytes:16
14:37:34.0 (71399744)|VARIABLE_SCOPE_BEGIN|[108]|u|User|true|false
14:37:34.0 (71412963)|VARIABLE_ASSIGNMENT|[108]|u|{"s":1,"v":{"Id":"005D00000049FJ6IAM","Name":"Ven_Standard Tester","CurrencyIsoCode":"EUR"}}|0x70bdc92e
14:37:34.0 (71416423)|STATEMENT_EXECUTE|[108]
14:37:34.0 (71417602)|STATEMENT_EXECUTE|[109]
14:37:34.0 (71427759)|HEAP_ALLOCATE|[109]|Bytes:18
14:37:34.0 (71441843)|HEAP_ALLOCATE|[EXTERNAL]|Bytes:4
14:37:34.0 (71452656)|HEAP_ALLOCATE|[108]|Bytes:5
14:37:34.0 (71463371)|VARIABLE_ASSIGNMENT|[108]|u|null|
14:37:34.0 (71466275)|STATEMENT_EXECUTE|[111]
14:37:34.0 (71734801)|SYSTEM_MODE_ENTER|true
14:37:34.0 (71766095)|HEAP_ALLOCATE|[EXTERNAL]|Bytes:52
14:37:34.0 (71775395)|VARIABLE_SCOPE_BEGIN|[114]|this|cls_P7S1_User_ChangeProfile|true|false
14:37:34.0 (71808845)|VARIABLE_ASSIGNMENT|[114]|this|{"currentUser":"0xffe4c2e","ShowPanel":"Admin","userList":"0x12867364"}|0x49120814
14:37:34.0 (71820086)|HEAP_ALLOCATE|[114]|Bytes:5
14:37:34.0 (71823725)|STATEMENT_EXECUTE|[114]
14:37:34.0 (71825316)|STATEMENT_EXECUTE|[114]
14:37:34.0 (73531392)|VF_SERIALIZE_VIEWSTATE_BEGIN|066D0000000V3u3
14:37:34.0 (82277012)|VF_SERIALIZE_VIEWSTATE_END
14:37:34.85 (85496920)|CUMULATIVE_LIMIT_USAGE
14:37:34.85 (85496920)|LIMIT_USAGE_FOR_NS|(default)|
  Number of SOQL queries: 2 out of 100
  Number of query rows: 26 out of 50000
  Number of SOSL queries: 0 out of 20
  Number of DML statements: 0 out of 150
  Number of DML rows: 0 out of 10000
  Maximum CPU time: 0 out of 10000
  Maximum heap size: 0 out of 6000000
  Number of callouts: 0 out of 100
  Number of Email Invocations: 0 out of 10
  Number of future calls: 0 out of 50
  Number of queueable jobs added to the queue: 0 out of 50
  Number of Mobile Apex push calls: 0 out of 10

14:37:34.85 (85496920)|CUMULATIVE_LIMIT_USAGE_END

14:37:34.0 (85534237)|CODE_UNIT_FINISHED|VF: /apex/vfp_P7S1_User_ChangeProfile
14:37:34.0 (86752989)|EXECUTION_FINISHED
