30.0 APEX_CODE,FINEST;APEX_PROFILING,INFO;CALLOUT,INFO;DB,INFO;SYSTEM,DEBUG;VALIDATION,INFO;VISUALFORCE,INFO;WORKFLOW,INFO
15:35:00.0 (444290)|USER_INFO|[EXTERNAL]|00557000005jeEC|p7s1.bschneider@factory42.com.kam|Mitteleuropäische Normalzeit|GMT+02:00
15:35:00.0 (490371)|EXECUTION_STARTED
15:35:00.0 (498923)|CODE_UNIT_STARTED|[EXTERNAL]|066D0000000V3u3|VF: /apex/vfp_P7S1_User_ChangeProfile
15:35:00.0 (11256123)|SYSTEM_MODE_ENTER|true
15:35:00.0 (11732108)|VARIABLE_SCOPE_BEGIN|[4]|cls_P7S1_User_ChangeProfile.PAGE_URL|String|false|true
15:35:00.0 (11741403)|VARIABLE_SCOPE_BEGIN|[5]|cls_P7S1_User_ChangeProfile.SITE_NAME|String|false|true
15:35:00.0 (11899262)|HEAP_ALLOCATE|[72]|Bytes:3
15:35:00.0 (11957628)|HEAP_ALLOCATE|[77]|Bytes:152
15:35:00.0 (11975277)|HEAP_ALLOCATE|[342]|Bytes:408
15:35:00.0 (11992692)|HEAP_ALLOCATE|[355]|Bytes:408
15:35:00.0 (12009480)|HEAP_ALLOCATE|[467]|Bytes:48
15:35:00.0 (12043294)|HEAP_ALLOCATE|[139]|Bytes:6
15:35:00.0 (12066804)|HEAP_ALLOCATE|[EXTERNAL]|Bytes:328
15:35:00.0 (12072232)|HEAP_ALLOCATE|[EXTERNAL]|Bytes:73
15:35:00.0 (12075072)|HEAP_ALLOCATE|[EXTERNAL]|Bytes:26
15:35:00.0 (12077986)|HEAP_ALLOCATE|[EXTERNAL]|Bytes:28
15:35:00.0 (12124712)|VARIABLE_ASSIGNMENT|[EXTERNAL]|cls_P7S1_User_ChangeProfile.PAGE_URL|"/vfp_P7S1_User_Chang (8 more) ..."
15:35:00.0 (12133419)|HEAP_ALLOCATE|[EXTERNAL]|Bytes:13
15:35:00.0 (12153694)|VARIABLE_ASSIGNMENT|[EXTERNAL]|cls_P7S1_User_ChangeProfile.SITE_NAME|"ChangeProfile"
15:35:00.0 (12165396)|METHOD_ENTRY|[1]|01pD0000000KT71|cls_P7S1_User_ChangeProfile.cls_P7S1_User_ChangeProfile()
15:35:00.0 (12169365)|STATEMENT_EXECUTE|[1]
15:35:00.0 (12173914)|STATEMENT_EXECUTE|[1]
15:35:00.0 (12209714)|HEAP_ALLOCATE|[50]|Bytes:5
15:35:00.0 (12234160)|HEAP_ALLOCATE|[56]|Bytes:5
15:35:00.0 (12243340)|HEAP_ALLOCATE|[64]|Bytes:7
15:35:00.0 (12277066)|HEAP_ALLOCATE|[EXTERNAL]|Bytes:5
15:35:00.0 (12288033)|METHOD_EXIT|[1]|cls_P7S1_User_ChangeProfile
15:35:00.0 (12506813)|HEAP_ALLOCATE|[EXTERNAL]|Bytes:52
15:35:00.0 (12517244)|VARIABLE_SCOPE_BEGIN|[43]|this|cls_P7S1_User_ChangeProfile|true|false
15:35:00.0 (12606499)|VARIABLE_ASSIGNMENT|[43]|this|{}|0x62ce8ef4
15:35:00.0 (12619932)|HEAP_ALLOCATE|[EXTERNAL]|Bytes:5
15:35:00.0 (12623346)|STATEMENT_EXECUTE|[1]
15:35:00.0 (12626331)|HEAP_ALLOCATE|[EXTERNAL]|Bytes:5
15:35:00.0 (12627998)|STATEMENT_EXECUTE|[6]
15:35:00.0 (12629830)|STATEMENT_EXECUTE|[8]
15:35:00.0 (12630748)|STATEMENT_EXECUTE|[9]
15:35:00.0 (12631640)|STATEMENT_EXECUTE|[10]
15:35:00.0 (12632770)|STATEMENT_EXECUTE|[12]
15:35:00.0 (12633692)|STATEMENT_EXECUTE|[13]
15:35:00.0 (12634601)|STATEMENT_EXECUTE|[14]
15:35:00.0 (12635513)|STATEMENT_EXECUTE|[38]
15:35:00.0 (12636870)|STATEMENT_EXECUTE|[39]
15:35:00.0 (12637890)|STATEMENT_EXECUTE|[40]
15:35:00.0 (12638808)|STATEMENT_EXECUTE|[100]
15:35:00.0 (12639941)|STATEMENT_EXECUTE|[113]
15:35:00.0 (12649275)|HEAP_ALLOCATE|[EXTERNAL]|Bytes:6
15:35:00.0 (12670943)|STATEMENT_EXECUTE|[43]
15:35:00.0 (12840038)|HEAP_ALLOCATE|[EXTERNAL]|Bytes:52
15:35:00.0 (12848433)|VARIABLE_SCOPE_BEGIN|[46]|this|cls_P7S1_User_ChangeProfile|true|false
15:35:00.0 (12874509)|VARIABLE_ASSIGNMENT|[46]|this|{}|0x62ce8ef4
15:35:00.0 (12890712)|HEAP_ALLOCATE|[47]|Bytes:5
15:35:00.0 (12894010)|STATEMENT_EXECUTE|[46]
15:35:00.0 (12895289)|STATEMENT_EXECUTE|[47]
15:35:00.0 (13012735)|HEAP_ALLOCATE|[47]|Bytes:285
15:35:00.0 (13090935)|HEAP_ALLOCATE|[47]|Bytes:248
15:35:00.0 (13110606)|HEAP_ALLOCATE|[47]|Bytes:9
15:35:00.0 (13136324)|VARIABLE_SCOPE_BEGIN|[47]|profileId|String|false|false
15:35:00.0 (13144324)|VARIABLE_ASSIGNMENT|[47]|profileId|null
15:35:00.0 (13151348)|STATEMENT_EXECUTE|[48]
15:35:00.0 (13181268)|METHOD_ENTRY|[48]|01pD0000000KT71|cls_P7S1_User_ChangeProfile.initializeView()
15:35:00.0 (13199199)|VARIABLE_SCOPE_BEGIN|[51]|this|cls_P7S1_User_ChangeProfile|true|false
15:35:00.0 (13225867)|VARIABLE_ASSIGNMENT|[51]|this|{}|0x62ce8ef4
15:35:00.0 (13235120)|HEAP_ALLOCATE|[52]|Bytes:5
15:35:00.0 (13238593)|STATEMENT_EXECUTE|[51]
15:35:00.0 (13239782)|STATEMENT_EXECUTE|[52]
15:35:00.0 (13306624)|VARIABLE_ASSIGNMENT|[EXTERNAL]|this|{}|0x62ce8ef4
15:35:00.0 (13313526)|VARIABLE_ASSIGNMENT|[EXTERNAL]|value|null
15:35:00.0 (13324604)|VARIABLE_ASSIGNMENT|[14]|this.ShowPanel|null|0x62ce8ef4
15:35:00.0 (13332319)|STATEMENT_EXECUTE|[53]
15:35:00.0 (13335880)|HEAP_ALLOCATE|[53]|Bytes:7
15:35:00.0 (13371208)|USER_DEBUG|[53]|DEBUG|###View
15:35:00.0 (13377819)|STATEMENT_EXECUTE|[54]
15:35:00.0 (13380687)|HEAP_ALLOCATE|[54]|Bytes:145
15:35:00.0 (13391203)|HEAP_ALLOCATE|[54]|Bytes:4
15:35:00.0 (13403681)|HEAP_ALLOCATE|[54]|Bytes:7
15:35:00.0 (13446398)|HEAP_ALLOCATE|[57]|Bytes:85
15:35:00.0 (13456153)|SYSTEM_METHOD_ENTRY|[1]|UserInfo.UserInfo()
15:35:00.0 (13458576)|STATEMENT_EXECUTE|[1]
15:35:00.0 (13464277)|SYSTEM_METHOD_EXIT|[1]|UserInfo
15:35:00.0 (13477082)|METHOD_ENTRY|[57]||System.UserInfo.getUserId()
15:35:00.0 (13521045)|METHOD_EXIT|[57]||System.UserInfo.getUserId()
15:35:00.0 (17211412)|SOQL_EXECUTE_BEGIN|[54]|Aggregations:0|SELECT Id, Name, UserName, ProfileId, Profile.UserLicenseId, Profile.Name, Email, P7S1_ShowTestuserLinks__c FROM User WHERE Id = :tmpVar1 LIMIT 1
15:35:00.0 (57845570)|SOQL_EXECUTE_END|[54]|Rows:1
15:35:00.0 (57904019)|HEAP_ALLOCATE|[54]|Bytes:8
15:35:00.0 (57940181)|HEAP_ALLOCATE|[54]|Bytes:320
15:35:00.0 (58017716)|HEAP_ALLOCATE|[54]|Bytes:8
15:35:00.0 (58044685)|HEAP_ALLOCATE|[54]|Bytes:30
15:35:00.0 (58163748)|HEAP_ALLOCATE|[54]|Bytes:36
15:35:00.0 (58295992)|VARIABLE_ASSIGNMENT|[EXTERNAL]|this|{}|0x62ce8ef4
15:35:00.0 (58344172)|VARIABLE_ASSIGNMENT|[EXTERNAL]|value|{"s":1,"v":{"Id":"00557000005jeECAAY","Name":"Benjamin Schneider","Username":"p7s1.bschneider@fact (13 more) ...","ProfileId":"00e20000000lfOjAAI","Email":"bschneider@factory42 (4 more) ...","P7S1_ShowTestuserLin (5 more) ...":true,"CurrencyIsoCode":"EUR","Profile":{"s":2,"v":{"UserLicenseId":"100200000009H1sAAE","Name":"Systemadministrator","Id":"00e20000000lfOjAAI"}}}}|0x56d13cd0
15:35:00.0 (58383889)|VARIABLE_ASSIGNMENT|[8]|this.currentUser|{"s":1,"v":{"Id":"00557000005jeECAAY","Name":"Benjamin Schneider","Username":"p7s1.bschneider@fact (13 more) ...","ProfileId":"00e20000000lfOjAAI","Email":"bschneider@factory42 (4 more) ...","P7S1_ShowTestuserLin (5 more) ...":true,"CurrencyIsoCode":"EUR","Profile":{"s":2,"v":{"UserLicenseId":"100200000009H1sAAE","Name":"Systemadministrator","Id":"00e20000000lfOjAAI"}}}}|0x62ce8ef4
15:35:00.0 (58416029)|METHOD_ENTRY|[61]||System.UserInfo.getProfileId()
15:35:00.0 (58492720)|METHOD_EXIT|[61]||System.UserInfo.getProfileId()
15:35:00.0 (58518047)|HEAP_ALLOCATE|[61]|Bytes:4
15:35:00.0 (58523577)|HEAP_ALLOCATE|[61]|Bytes:18
15:35:00.0 (58553541)|HEAP_ALLOCATE|[61]|Bytes:4
15:35:00.0 (58592611)|STATEMENT_EXECUTE|[61]
15:35:00.0 (58594894)|STATEMENT_EXECUTE|[62]
15:35:00.0 (58598091)|HEAP_ALLOCATE|[62]|Bytes:5
15:35:00.0 (58645550)|VARIABLE_ASSIGNMENT|[EXTERNAL]|this|{"currentUser":"0x56d13cd0"}|0x62ce8ef4
15:35:00.0 (58651828)|VARIABLE_ASSIGNMENT|[EXTERNAL]|value|"Admin"
15:35:00.0 (58660483)|VARIABLE_ASSIGNMENT|[14]|this.ShowPanel|"Admin"|0x62ce8ef4
15:35:00.0 (58667776)|STATEMENT_EXECUTE|[63]
15:35:00.0 (58671613)|HEAP_ALLOCATE|[63]|Bytes:128
15:35:00.0 (58683860)|HEAP_ALLOCATE|[63]|Bytes:4
15:35:00.0 (59079883)|SOQL_EXECUTE_BEGIN|[63]|Aggregations:0|SELECT Id, Name FROM User WHERE (P7S1_UserType__c = 'System_Tester' AND isActive = TRUE) ORDER BY Name ASC NULLS FIRST LIMIT 100
15:35:00.0 (69249759)|SOQL_EXECUTE_END|[63]|Rows:25
15:35:00.0 (69300451)|HEAP_ALLOCATE|[63]|Bytes:104
15:35:00.0 (69367121)|HEAP_ALLOCATE|[63]|Bytes:1973
15:35:00.0 (69427986)|HEAP_ALLOCATE|[63]|Bytes:104
15:35:00.0 (69572713)|VARIABLE_ASSIGNMENT|[EXTERNAL]|this|{"currentUser":"0x56d13cd0","ShowPanel":"Admin"}|0x62ce8ef4
15:35:00.0 (69598292)|VARIABLE_ASSIGNMENT|[EXTERNAL]|value|{"s":1,"v":"List of size 25 too large to display"}|0x660ac9ab
15:35:00.0 (69618142)|VARIABLE_ASSIGNMENT|[10]|this.userList|{"s":1,"v":"List of size 25 too large to display"}|0x62ce8ef4
15:35:00.0 (69631058)|STATEMENT_EXECUTE|[88]
15:35:00.0 (69650811)|METHOD_EXIT|[48]|01pD0000000KT71|cls_P7S1_User_ChangeProfile.initializeView()
15:35:00.0 (70925305)|SYSTEM_MODE_ENTER|true
15:35:00.0 (86645704)|SYSTEM_MODE_ENTER|true
15:35:00.0 (87639435)|SYSTEM_MODE_ENTER|true
15:35:00.0 (87677756)|HEAP_ALLOCATE|[EXTERNAL]|Bytes:52
15:35:00.0 (87690960)|VARIABLE_SCOPE_BEGIN|[104]|this|cls_P7S1_User_ChangeProfile|true|false
15:35:00.0 (87755538)|VARIABLE_ASSIGNMENT|[104]|this|{"currentUser":"0x56d13cd0","ShowPanel":"Admin","userList":"0x660ac9ab"}|0x62ce8ef4
15:35:00.0 (87769136)|HEAP_ALLOCATE|[105]|Bytes:5
15:35:00.0 (87775977)|STATEMENT_EXECUTE|[104]
15:35:00.0 (87777926)|STATEMENT_EXECUTE|[105]
15:35:00.0 (87791833)|VARIABLE_ASSIGNMENT|[105]|this.selUserId|null|0x62ce8ef4
15:35:00.0 (87795625)|STATEMENT_EXECUTE|[106]
15:35:00.0 (87803422)|HEAP_ALLOCATE|[106]|Bytes:4
15:35:00.0 (87845885)|VARIABLE_SCOPE_BEGIN|[106]|options|List<System.SelectOption>|true|false
15:35:00.0 (87889580)|HEAP_ALLOCATE|[EXTERNAL]|Bytes:4
15:35:00.0 (87908422)|VARIABLE_ASSIGNMENT|[106]|options|{"s":1,"v":[]}|0x4543889a
15:35:00.0 (87911537)|STATEMENT_EXECUTE|[107]
15:35:00.0 (87930640)|HEAP_ALLOCATE|[107]|Bytes:10
15:35:00.0 (88015711)|HEAP_ALLOCATE|[EXTERNAL]|Bytes:4
15:35:00.0 (88081303)|VARIABLE_ASSIGNMENT|[EXTERNAL]|this|{"currentUser":"0x56d13cd0","ShowPanel":"Admin","userList":"0x660ac9ab"}|0x62ce8ef4
15:35:00.0 (88351957)|HEAP_ALLOCATE|[108]|Bytes:5
15:35:00.0 (88394238)|HEAP_ALLOCATE|[108]|Bytes:16
15:35:00.0 (88408345)|VARIABLE_SCOPE_BEGIN|[108]|u|User|true|false
15:35:00.0 (88433683)|VARIABLE_ASSIGNMENT|[108]|u|{"s":1,"v":{"Id":"005D0000002QDFYIA4","Name":"Aer_Default Tester","CurrencyIsoCode":"EUR"}}|0xf4571d7
15:35:00.0 (88437939)|STATEMENT_EXECUTE|[108]
15:35:00.0 (88439656)|STATEMENT_EXECUTE|[109]
15:35:00.0 (88484742)|HEAP_ALLOCATE|[109]|Bytes:18
15:35:00.0 (88547080)|HEAP_ALLOCATE|[EXTERNAL]|Bytes:4
15:35:00.0 (88567286)|HEAP_ALLOCATE|[108]|Bytes:5
15:35:00.0 (88590108)|HEAP_ALLOCATE|[108]|Bytes:16
15:35:00.0 (88598319)|VARIABLE_SCOPE_BEGIN|[108]|u|User|true|false
15:35:00.0 (88615730)|VARIABLE_ASSIGNMENT|[108]|u|{"s":1,"v":{"Id":"00557000005jeLcAAI","Name":"MA_Default Tester","CurrencyIsoCode":"EUR"}}|0x1b0455e2
15:35:00.0 (88619195)|STATEMENT_EXECUTE|[108]
15:35:00.0 (88620594)|STATEMENT_EXECUTE|[109]
15:35:00.0 (88634134)|HEAP_ALLOCATE|[109]|Bytes:18
15:35:00.0 (88653954)|HEAP_ALLOCATE|[EXTERNAL]|Bytes:4
15:35:00.0 (88666493)|HEAP_ALLOCATE|[108]|Bytes:5
15:35:00.0 (88686615)|HEAP_ALLOCATE|[108]|Bytes:16
15:35:00.0 (88693916)|VARIABLE_SCOPE_BEGIN|[108]|u|User|true|false
15:35:00.0 (88711879)|VARIABLE_ASSIGNMENT|[108]|u|{"s":1,"v":{"Id":"005D00000047YCbIAM","Name":"P7S1_Interface Teste (1 more) ...","CurrencyIsoCode":"EUR"}}|0x52349522
15:35:00.0 (88715736)|STATEMENT_EXECUTE|[108]
15:35:00.0 (88717298)|STATEMENT_EXECUTE|[109]
15:35:00.0 (88729750)|HEAP_ALLOCATE|[109]|Bytes:18
15:35:00.0 (88748083)|HEAP_ALLOCATE|[EXTERNAL]|Bytes:4
15:35:00.0 (88760412)|HEAP_ALLOCATE|[108]|Bytes:5
15:35:00.0 (88780028)|HEAP_ALLOCATE|[108]|Bytes:16
15:35:00.0 (88787449)|VARIABLE_SCOPE_BEGIN|[108]|u|User|true|false
15:35:00.0 (88802553)|VARIABLE_ASSIGNMENT|[108]|u|{"s":1,"v":{"Id":"005D0000004qFkAIAU","Name":"Sgn_Default Tester","CurrencyIsoCode":"EUR"}}|0x21aa8327
15:35:00.0 (88805766)|STATEMENT_EXECUTE|[108]
15:35:00.0 (88806978)|STATEMENT_EXECUTE|[109]
15:35:00.0 (88819129)|HEAP_ALLOCATE|[109]|Bytes:18
15:35:00.0 (88836722)|HEAP_ALLOCATE|[EXTERNAL]|Bytes:4
15:35:00.0 (88848810)|HEAP_ALLOCATE|[108]|Bytes:5
15:35:00.0 (88868476)|HEAP_ALLOCATE|[108]|Bytes:16
15:35:00.0 (88875621)|VARIABLE_SCOPE_BEGIN|[108]|u|User|true|false
15:35:00.0 (88890565)|VARIABLE_ASSIGNMENT|[108]|u|{"s":1,"v":{"Id":"005D00000052oAVIAY","Name":"SomAt Tester","CurrencyIsoCode":"EUR"}}|0x545950c
15:35:00.0 (88893743)|STATEMENT_EXECUTE|[108]
15:35:00.0 (88895204)|STATEMENT_EXECUTE|[109]
15:35:00.0 (88907500)|HEAP_ALLOCATE|[109]|Bytes:18
15:35:00.0 (88924972)|HEAP_ALLOCATE|[EXTERNAL]|Bytes:4
15:35:00.0 (88936839)|HEAP_ALLOCATE|[108]|Bytes:5
15:35:00.0 (88956221)|HEAP_ALLOCATE|[108]|Bytes:16
15:35:00.0 (88963187)|VARIABLE_SCOPE_BEGIN|[108]|u|User|true|false
15:35:00.0 (88978227)|VARIABLE_ASSIGNMENT|[108]|u|{"s":1,"v":{"Id":"005D0000002jJFZIA2","Name":"SomDig_AdTech Tester","CurrencyIsoCode":"EUR"}}|0x3c576b03
15:35:00.0 (88981882)|STATEMENT_EXECUTE|[108]
15:35:00.0 (88983012)|STATEMENT_EXECUTE|[109]
15:35:00.0 (88994801)|HEAP_ALLOCATE|[109]|Bytes:18
15:35:00.0 (89011899)|HEAP_ALLOCATE|[EXTERNAL]|Bytes:4
15:35:00.0 (89024527)|HEAP_ALLOCATE|[108]|Bytes:5
15:35:00.0 (89043829)|HEAP_ALLOCATE|[108]|Bytes:16
15:35:00.0 (89050928)|VARIABLE_SCOPE_BEGIN|[108]|u|User|true|false
15:35:00.0 (89067009)|VARIABLE_ASSIGNMENT|[108]|u|{"s":1,"v":{"Id":"005D00000049FIoIAM","Name":"SomDig_Billing Teste (1 more) ...","CurrencyIsoCode":"EUR"}}|0x4a3c742e
15:35:00.0 (89070848)|STATEMENT_EXECUTE|[108]
15:35:00.0 (89072076)|STATEMENT_EXECUTE|[109]
15:35:00.0 (89084275)|HEAP_ALLOCATE|[109]|Bytes:18
15:35:00.0 (89101641)|HEAP_ALLOCATE|[EXTERNAL]|Bytes:4
15:35:00.0 (89113323)|HEAP_ALLOCATE|[108]|Bytes:5
15:35:00.0 (89132526)|HEAP_ALLOCATE|[108]|Bytes:16
15:35:00.0 (89139520)|VARIABLE_SCOPE_BEGIN|[108]|u|User|true|false
15:35:00.0 (89154085)|VARIABLE_ASSIGNMENT|[108]|u|{"s":1,"v":{"Id":"005D00000049FIpIAM","Name":"SomDig_PAM Tester","CurrencyIsoCode":"EUR"}}|0x3f7a65f5
15:35:00.0 (89157247)|STATEMENT_EXECUTE|[108]
15:35:00.0 (89158405)|STATEMENT_EXECUTE|[109]
15:35:00.0 (89170296)|HEAP_ALLOCATE|[109]|Bytes:18
15:35:00.0 (89187572)|HEAP_ALLOCATE|[EXTERNAL]|Bytes:4
15:35:00.0 (89199183)|HEAP_ALLOCATE|[108]|Bytes:5
15:35:00.0 (89221561)|HEAP_ALLOCATE|[108]|Bytes:16
15:35:00.0 (89229437)|VARIABLE_SCOPE_BEGIN|[108]|u|User|true|false
15:35:00.0 (89244199)|VARIABLE_ASSIGNMENT|[108]|u|{"s":1,"v":{"Id":"005D00000049FIqIAM","Name":"SomDig_PM Tester","CurrencyIsoCode":"EUR"}}|0x163e7ae3
15:35:00.0 (89247585)|STATEMENT_EXECUTE|[108]
15:35:00.0 (89248678)|STATEMENT_EXECUTE|[109]
15:35:00.0 (89260922)|HEAP_ALLOCATE|[109]|Bytes:18
15:35:00.0 (89278298)|HEAP_ALLOCATE|[EXTERNAL]|Bytes:4
15:35:00.0 (89290057)|HEAP_ALLOCATE|[108]|Bytes:5
15:35:00.0 (89309379)|HEAP_ALLOCATE|[108]|Bytes:16
15:35:00.0 (89316364)|VARIABLE_SCOPE_BEGIN|[108]|u|User|true|false
15:35:00.0 (89330585)|VARIABLE_ASSIGNMENT|[108]|u|{"s":1,"v":{"Id":"005D0000001VrNRIA0","Name":"SomDig_Sales Tester","CurrencyIsoCode":"EUR"}}|0x11b61454
15:35:00.0 (89333889)|STATEMENT_EXECUTE|[108]
15:35:00.0 (89335013)|STATEMENT_EXECUTE|[109]
15:35:00.0 (89347029)|HEAP_ALLOCATE|[109]|Bytes:18
15:35:00.0 (89364235)|HEAP_ALLOCATE|[EXTERNAL]|Bytes:4
15:35:00.0 (89380987)|HEAP_ALLOCATE|[108]|Bytes:5
15:35:00.0 (89406121)|HEAP_ALLOCATE|[108]|Bytes:16
15:35:00.0 (89414090)|VARIABLE_SCOPE_BEGIN|[108]|u|User|true|false
15:35:00.0 (89429470)|VARIABLE_ASSIGNMENT|[108]|u|{"s":1,"v":{"Id":"005D0000004rQF5IAM","Name":"Som_ReadOnly Tester","CurrencyIsoCode":"EUR"}}|0x38028f48
15:35:00.0 (89432991)|STATEMENT_EXECUTE|[108]
15:35:00.0 (89434355)|STATEMENT_EXECUTE|[109]
15:35:00.0 (89446511)|HEAP_ALLOCATE|[109]|Bytes:18
15:35:00.0 (89463988)|HEAP_ALLOCATE|[EXTERNAL]|Bytes:4
15:35:00.0 (89475895)|HEAP_ALLOCATE|[108]|Bytes:5
15:35:00.0 (89494921)|HEAP_ALLOCATE|[108]|Bytes:16
15:35:00.0 (89501846)|VARIABLE_SCOPE_BEGIN|[108]|u|User|true|false
15:35:00.0 (89517125)|VARIABLE_ASSIGNMENT|[108]|u|{"s":1,"v":{"Id":"005D00000049FIrIAM","Name":"SomTv_ADFactory Test (2 more) ...","CurrencyIsoCode":"EUR"}}|0x54bb1070
15:35:00.0 (89520723)|STATEMENT_EXECUTE|[108]
15:35:00.0 (89521849)|STATEMENT_EXECUTE|[109]
15:35:00.0 (89533649)|HEAP_ALLOCATE|[109]|Bytes:18
15:35:00.0 (89551012)|HEAP_ALLOCATE|[EXTERNAL]|Bytes:4
15:35:00.0 (89562776)|HEAP_ALLOCATE|[108]|Bytes:5
15:35:00.0 (89581793)|HEAP_ALLOCATE|[108]|Bytes:16
15:35:00.0 (89588763)|VARIABLE_SCOPE_BEGIN|[108]|u|User|true|false
15:35:00.0 (89603813)|VARIABLE_ASSIGNMENT|[108]|u|{"s":1,"v":{"Id":"005D00000049FItIAM","Name":"SomTv_Marketing Test (2 more) ...","CurrencyIsoCode":"EUR"}}|0x31378166
15:35:00.0 (89607353)|STATEMENT_EXECUTE|[108]
15:35:00.0 (89608473)|STATEMENT_EXECUTE|[109]
15:35:00.0 (89620351)|HEAP_ALLOCATE|[109]|Bytes:18
15:35:00.0 (89637445)|HEAP_ALLOCATE|[EXTERNAL]|Bytes:4
15:35:00.0 (89648952)|HEAP_ALLOCATE|[108]|Bytes:5
15:35:00.0 (89668176)|HEAP_ALLOCATE|[108]|Bytes:16
15:35:00.0 (89674981)|VARIABLE_SCOPE_BEGIN|[108]|u|User|true|false
15:35:00.0 (89689129)|VARIABLE_ASSIGNMENT|[108]|u|{"s":1,"v":{"Id":"005D00000049FIuIAM","Name":"SomTv_RM Tester","CurrencyIsoCode":"EUR"}}|0x108237a0
15:35:00.0 (89692091)|STATEMENT_EXECUTE|[108]
15:35:00.0 (89693175)|STATEMENT_EXECUTE|[109]
15:35:00.0 (89705022)|HEAP_ALLOCATE|[109]|Bytes:18
15:35:00.0 (89722185)|HEAP_ALLOCATE|[EXTERNAL]|Bytes:4
15:35:00.0 (89733825)|HEAP_ALLOCATE|[108]|Bytes:5
15:35:00.0 (89752873)|HEAP_ALLOCATE|[108]|Bytes:16
15:35:00.0 (89759733)|VARIABLE_SCOPE_BEGIN|[108]|u|User|true|false
15:35:00.0 (89773842)|VARIABLE_ASSIGNMENT|[108]|u|{"s":1,"v":{"Id":"005D00000049FIvIAM","Name":"SomTv_Sales Tester","CurrencyIsoCode":"EUR"}}|0x3cd68237
15:35:00.0 (89777280)|STATEMENT_EXECUTE|[108]
15:35:00.0 (89778417)|STATEMENT_EXECUTE|[109]
15:35:00.0 (89790428)|HEAP_ALLOCATE|[109]|Bytes:18
15:35:00.0 (89807544)|HEAP_ALLOCATE|[EXTERNAL]|Bytes:4
15:35:00.0 (89819356)|HEAP_ALLOCATE|[108]|Bytes:5
15:35:00.0 (89838598)|HEAP_ALLOCATE|[108]|Bytes:16
15:35:00.0 (89845503)|VARIABLE_SCOPE_BEGIN|[108]|u|User|true|false
15:35:00.0 (89860617)|VARIABLE_ASSIGNMENT|[108]|u|{"s":1,"v":{"Id":"005D00000049FIyIAM","Name":"SomTv_SalesManagemen (8 more) ...","CurrencyIsoCode":"EUR"}}|0x30e22d4d
15:35:00.0 (89863793)|STATEMENT_EXECUTE|[108]
15:35:00.0 (89864887)|STATEMENT_EXECUTE|[109]
15:35:00.0 (89876635)|HEAP_ALLOCATE|[109]|Bytes:18
15:35:00.0 (89893891)|HEAP_ALLOCATE|[EXTERNAL]|Bytes:4
15:35:00.0 (89905796)|HEAP_ALLOCATE|[108]|Bytes:5
15:35:00.0 (89924943)|HEAP_ALLOCATE|[108]|Bytes:16
15:35:00.0 (89931922)|VARIABLE_SCOPE_BEGIN|[108]|u|User|true|false
15:35:00.0 (89947203)|VARIABLE_ASSIGNMENT|[108]|u|{"s":1,"v":{"Id":"005D00000049FIzIAM","Name":"SomTv_SalesSteering  (6 more) ...","CurrencyIsoCode":"EUR"}}|0x3dd3a686
15:35:00.0 (89951087)|STATEMENT_EXECUTE|[108]
15:35:00.0 (89952245)|STATEMENT_EXECUTE|[109]
15:35:00.0 (89964035)|HEAP_ALLOCATE|[109]|Bytes:18
15:35:00.0 (89981162)|HEAP_ALLOCATE|[EXTERNAL]|Bytes:4
15:35:00.0 (89992702)|HEAP_ALLOCATE|[108]|Bytes:5
15:35:00.0 (90015307)|HEAP_ALLOCATE|[108]|Bytes:16
15:35:00.0 (90023627)|VARIABLE_SCOPE_BEGIN|[108]|u|User|true|false
15:35:00.0 (90038416)|VARIABLE_ASSIGNMENT|[108]|u|{"s":1,"v":{"Id":"005D00000049FJ0IAM","Name":"SomTv_TeamCRM Tester","CurrencyIsoCode":"EUR"}}|0x3ceda9ab
15:35:00.0 (90041425)|STATEMENT_EXECUTE|[108]
15:35:00.0 (90042573)|STATEMENT_EXECUTE|[109]
15:35:00.0 (90054782)|HEAP_ALLOCATE|[109]|Bytes:18
15:35:00.0 (90072201)|HEAP_ALLOCATE|[EXTERNAL]|Bytes:4
15:35:00.0 (90084000)|HEAP_ALLOCATE|[108]|Bytes:5
15:35:00.0 (90102997)|HEAP_ALLOCATE|[108]|Bytes:16
15:35:00.0 (90109948)|VARIABLE_SCOPE_BEGIN|[108]|u|User|true|false
15:35:00.0 (90125628)|VARIABLE_ASSIGNMENT|[108]|u|{"s":1,"v":{"Id":"005D00000049FJ2IAM","Name":"Ven_Controlling Test (2 more) ...","CurrencyIsoCode":"EUR"}}|0x34a2533b
15:35:00.0 (90128904)|STATEMENT_EXECUTE|[108]
15:35:00.0 (90130065)|STATEMENT_EXECUTE|[109]
15:35:00.0 (90141870)|HEAP_ALLOCATE|[109]|Bytes:18
15:35:00.0 (90159206)|HEAP_ALLOCATE|[EXTERNAL]|Bytes:4
15:35:00.0 (90171003)|HEAP_ALLOCATE|[108]|Bytes:5
15:35:00.0 (90189735)|HEAP_ALLOCATE|[108]|Bytes:16
15:35:00.0 (90196719)|VARIABLE_SCOPE_BEGIN|[108]|u|User|true|false
15:35:00.0 (90213858)|VARIABLE_ASSIGNMENT|[108]|u|{"s":1,"v":{"Id":"005D0000002jIReIAM","Name":"Ven_DataManager Test (2 more) ...","CurrencyIsoCode":"EUR"}}|0x150b88a7
15:35:00.0 (90217316)|STATEMENT_EXECUTE|[108]
15:35:00.0 (90218435)|STATEMENT_EXECUTE|[109]
15:35:00.0 (90230768)|HEAP_ALLOCATE|[109]|Bytes:18
15:35:00.0 (90248420)|HEAP_ALLOCATE|[EXTERNAL]|Bytes:4
15:35:00.0 (90260342)|HEAP_ALLOCATE|[108]|Bytes:5
15:35:00.0 (90279578)|HEAP_ALLOCATE|[108]|Bytes:16
15:35:00.0 (90286550)|VARIABLE_SCOPE_BEGIN|[108]|u|User|true|false
15:35:00.0 (90301401)|VARIABLE_ASSIGNMENT|[108]|u|{"s":1,"v":{"Id":"005D000000410gaIAA","Name":"Ven_Extern Tester","CurrencyIsoCode":"EUR"}}|0x354ceb16
15:35:00.0 (90304719)|STATEMENT_EXECUTE|[108]
15:35:00.0 (90305816)|STATEMENT_EXECUTE|[109]
15:35:00.0 (90317528)|HEAP_ALLOCATE|[109]|Bytes:18
15:35:00.0 (90334956)|HEAP_ALLOCATE|[EXTERNAL]|Bytes:4
15:35:00.0 (90346598)|HEAP_ALLOCATE|[108]|Bytes:5
15:35:00.0 (90369278)|HEAP_ALLOCATE|[108]|Bytes:16
15:35:00.0 (90376745)|VARIABLE_SCOPE_BEGIN|[108]|u|User|true|false
15:35:00.0 (90392379)|VARIABLE_ASSIGNMENT|[108]|u|{"s":1,"v":{"Id":"005D00000049FJ3IAM","Name":"Ven_InvestmentManage (8 more) ...","CurrencyIsoCode":"EUR"}}|0x64bdbce5
15:35:00.0 (90395588)|STATEMENT_EXECUTE|[108]
15:35:00.0 (90396706)|STATEMENT_EXECUTE|[109]
15:35:00.0 (90408927)|HEAP_ALLOCATE|[109]|Bytes:18
15:35:00.0 (90426382)|HEAP_ALLOCATE|[EXTERNAL]|Bytes:4
15:35:00.0 (90438483)|HEAP_ALLOCATE|[108]|Bytes:5
15:35:00.0 (90457707)|HEAP_ALLOCATE|[108]|Bytes:16
15:35:00.0 (90465182)|VARIABLE_SCOPE_BEGIN|[108]|u|User|true|false
15:35:00.0 (90480687)|VARIABLE_ASSIGNMENT|[108]|u|{"s":1,"v":{"Id":"005D00000049FJ4IAM","Name":"Ven_MediaExpert Test (2 more) ...","CurrencyIsoCode":"EUR"}}|0x422000c2
15:35:00.0 (90484026)|STATEMENT_EXECUTE|[108]
15:35:00.0 (90485080)|STATEMENT_EXECUTE|[109]
15:35:00.0 (90497155)|HEAP_ALLOCATE|[109]|Bytes:18
15:35:00.0 (90514595)|HEAP_ALLOCATE|[EXTERNAL]|Bytes:4
15:35:00.0 (90526166)|HEAP_ALLOCATE|[108]|Bytes:5
15:35:00.0 (90545382)|HEAP_ALLOCATE|[108]|Bytes:16
15:35:00.0 (90552348)|VARIABLE_SCOPE_BEGIN|[108]|u|User|true|false
15:35:00.0 (90566452)|VARIABLE_ASSIGNMENT|[108]|u|{"s":1,"v":{"Id":"005D00000049FJ5IAM","Name":"Ven_ReadOnly Tester","CurrencyIsoCode":"EUR"}}|0xba7e691
15:35:00.0 (90569562)|STATEMENT_EXECUTE|[108]
15:35:00.0 (90570603)|STATEMENT_EXECUTE|[109]
15:35:00.0 (90582522)|HEAP_ALLOCATE|[109]|Bytes:18
15:35:00.0 (90599603)|HEAP_ALLOCATE|[EXTERNAL]|Bytes:4
15:35:00.0 (90611055)|HEAP_ALLOCATE|[108]|Bytes:5
15:35:00.0 (90630161)|HEAP_ALLOCATE|[108]|Bytes:16
15:35:00.0 (90637670)|VARIABLE_SCOPE_BEGIN|[108]|u|User|true|false
15:35:00.0 (90651827)|VARIABLE_ASSIGNMENT|[108]|u|{"s":1,"v":{"Id":"005D00000049FJ6IAM","Name":"Ven_Standard Tester","CurrencyIsoCode":"EUR"}}|0x59e1a8a8
15:35:00.0 (90654796)|STATEMENT_EXECUTE|[108]
15:35:00.0 (90655942)|STATEMENT_EXECUTE|[109]
15:35:00.0 (90667911)|HEAP_ALLOCATE|[109]|Bytes:18
15:35:00.0 (90685325)|HEAP_ALLOCATE|[EXTERNAL]|Bytes:4
15:35:00.0 (90696910)|HEAP_ALLOCATE|[108]|Bytes:5
15:35:00.0 (90707774)|VARIABLE_ASSIGNMENT|[108]|u|null|
15:35:00.0 (90711079)|STATEMENT_EXECUTE|[111]
15:35:00.0 (91037332)|SYSTEM_MODE_ENTER|true
15:35:00.0 (91073837)|HEAP_ALLOCATE|[EXTERNAL]|Bytes:52
15:35:00.0 (91081821)|VARIABLE_SCOPE_BEGIN|[114]|this|cls_P7S1_User_ChangeProfile|true|false
15:35:00.0 (91115363)|VARIABLE_ASSIGNMENT|[114]|this|{"currentUser":"0x56d13cd0","ShowPanel":"Admin","userList":"0x660ac9ab"}|0x62ce8ef4
15:35:00.0 (91126614)|HEAP_ALLOCATE|[114]|Bytes:5
15:35:00.0 (91130395)|STATEMENT_EXECUTE|[114]
15:35:00.0 (91132354)|STATEMENT_EXECUTE|[114]
15:35:00.0 (93832160)|VF_SERIALIZE_VIEWSTATE_BEGIN|066D0000000V3u3
15:35:00.0 (102124203)|VF_SERIALIZE_VIEWSTATE_END
15:35:00.106 (106205672)|CUMULATIVE_LIMIT_USAGE
15:35:00.106 (106205672)|LIMIT_USAGE_FOR_NS|(default)|
  Number of SOQL queries: 2 out of 100
  Number of query rows: 26 out of 50000
  Number of SOSL queries: 0 out of 20
  Number of DML statements: 0 out of 150
  Number of DML rows: 0 out of 10000
  Maximum CPU time: 0 out of 10000
  Maximum heap size: 0 out of 6000000
  Number of callouts: 0 out of 100
  Number of Email Invocations: 0 out of 10
  Number of future calls: 0 out of 50
  Number of queueable jobs added to the queue: 0 out of 50
  Number of Mobile Apex push calls: 0 out of 10

15:35:00.106 (106205672)|CUMULATIVE_LIMIT_USAGE_END

15:35:00.0 (106267012)|CODE_UNIT_FINISHED|VF: /apex/vfp_P7S1_User_ChangeProfile
15:35:00.0 (107677961)|EXECUTION_FINISHED
