38.0 APEX_CODE,FINEST;APEX_PROFILING,INFO;CALLOUT,INFO;DB,INFO;SYSTEM,DEBUG;VALIDATION,INFO;VISUALFORCE,INFO;WORKFLOW,INFO
16:42:36.0 (389374)|USER_INFO|[EXTERNAL]|00557000005jeEC|p7s1.bschneider@factory42.com.kam|Mitteleuropäische Normalzeit|GMT+02:00
16:42:36.0 (428161)|EXECUTION_STARTED
16:42:36.0 (436383)|CODE_UNIT_STARTED|[EXTERNAL]|01p3E0000004a8n|Som_Kam_CmpCtrl.getAccountPlanEditData
16:42:36.0 (1761413)|HEAP_ALLOCATE|[72]|Bytes:3
16:42:36.0 (1829450)|HEAP_ALLOCATE|[77]|Bytes:152
16:42:36.0 (1850300)|HEAP_ALLOCATE|[342]|Bytes:408
16:42:36.0 (1871543)|HEAP_ALLOCATE|[355]|Bytes:408
16:42:36.0 (1890252)|HEAP_ALLOCATE|[467]|Bytes:48
16:42:36.0 (1937399)|HEAP_ALLOCATE|[139]|Bytes:6
16:42:36.0 (1965416)|HEAP_ALLOCATE|[EXTERNAL]|Bytes:89
16:42:36.0 (1970471)|HEAP_ALLOCATE|[EXTERNAL]|Bytes:83
16:42:36.0 (1978679)|HEAP_ALLOCATE|[EXTERNAL]|Bytes:84
16:42:36.0 (2000826)|METHOD_ENTRY|[14]|01p3E0000004a8n|Som_Kam_CmpCtrl.Som_Kam_CmpCtrl()
16:42:36.0 (2007967)|STATEMENT_EXECUTE|[14]
16:42:36.0 (2013935)|STATEMENT_EXECUTE|[14]
16:42:36.0 (2052728)|HEAP_ALLOCATE|[50]|Bytes:5
16:42:36.0 (2080523)|HEAP_ALLOCATE|[56]|Bytes:5
16:42:36.0 (2090229)|HEAP_ALLOCATE|[64]|Bytes:7
16:42:36.0 (2115371)|SYSTEM_MODE_ENTER|true
16:42:36.0 (2140908)|HEAP_ALLOCATE|[EXTERNAL]|Bytes:5
16:42:36.0 (2145438)|STATEMENT_EXECUTE|[1021]
16:42:36.0 (2147146)|STATEMENT_EXECUTE|[1057]
16:42:36.0 (2148253)|STATEMENT_EXECUTE|[1079]
16:42:36.0 (2149463)|STATEMENT_EXECUTE|[1128]
16:42:36.0 (2150565)|STATEMENT_EXECUTE|[1161]
16:42:36.0 (2157954)|SYSTEM_MODE_EXIT|true
16:42:36.0 (2169579)|METHOD_EXIT|[14]|Som_Kam_CmpCtrl
16:42:36.0 (2183430)|SYSTEM_MODE_ENTER|false
16:42:36.0 (2196391)|VARIABLE_SCOPE_BEGIN|[124]|accId|String|false|false
16:42:36.0 (2225144)|VARIABLE_ASSIGNMENT|[124]|accId|null
16:42:36.0 (2230120)|VARIABLE_SCOPE_BEGIN|[124]|accPlanId|String|false|false
16:42:36.0 (2233728)|VARIABLE_ASSIGNMENT|[124]|accPlanId|null
16:42:36.0 (2236232)|VARIABLE_SCOPE_BEGIN|[124]|selectedYear|String|false|false
16:42:36.0 (2239345)|VARIABLE_ASSIGNMENT|[124]|selectedYear|null
16:42:36.0 (2253110)|SYSTEM_MODE_ENTER|true
16:42:36.0 (2258644)|HEAP_ALLOCATE|[126]|Bytes:5
16:42:36.0 (2262609)|STATEMENT_EXECUTE|[124]
16:42:36.0 (2264075)|STATEMENT_EXECUTE|[126]
16:42:36.0 (2271022)|VARIABLE_SCOPE_BEGIN|[126]|resp|P7S1_ApexResponse|true|false
16:42:36.0 (2276323)|VARIABLE_ASSIGNMENT|[126]|resp|null|
16:42:36.0 (2278003)|STATEMENT_EXECUTE|[128]
16:42:36.0 (2278968)|STATEMENT_EXECUTE|[128]
16:42:36.0 (2279992)|STATEMENT_EXECUTE|[129]
16:42:36.0 (2307355)|HEAP_ALLOCATE|[129]|Bytes:4
16:42:36.0 (2323288)|VARIABLE_SCOPE_BEGIN|[129]|result|Map<ANY,ANY>|true|false
16:42:36.0 (2358262)|VARIABLE_ASSIGNMENT|[129]|result|{"s":1,"v":{}}|0x3027a120
16:42:36.0 (2403317)|HEAP_ALLOCATE|[131]|Bytes:85
16:42:36.0 (2417538)|SYSTEM_METHOD_ENTRY|[1]|UserInfo.UserInfo()
16:42:36.0 (2420419)|STATEMENT_EXECUTE|[1]
16:42:36.0 (2428637)|SYSTEM_METHOD_EXIT|[1]|UserInfo
16:42:36.0 (2444617)|METHOD_ENTRY|[131]||System.UserInfo.getUserId()
16:42:36.0 (2498732)|METHOD_EXIT|[131]||System.UserInfo.getUserId()
16:42:36.0 (2519655)|HEAP_ALLOCATE|[131]|Bytes:4
16:42:36.0 (2538277)|METHOD_ENTRY|[131]|01p3E0000004a8n|Som_Kam_CmpCtrl.isUserKamSek(String, Id)
16:42:36.0 (2547756)|VARIABLE_SCOPE_BEGIN|[19]|accId|String|false|false
16:42:36.0 (2553552)|VARIABLE_ASSIGNMENT|[19]|accId|null
16:42:36.0 (2556638)|VARIABLE_SCOPE_BEGIN|[19]|userId|Id|false|false
16:42:36.0 (2705971)|VARIABLE_ASSIGNMENT|[19]|userId|"00557000005jeECAAY"
16:42:36.0 (2717001)|HEAP_ALLOCATE|[20]|Bytes:5
16:42:36.0 (2721459)|STATEMENT_EXECUTE|[19]
16:42:36.0 (2722751)|STATEMENT_EXECUTE|[20]
16:42:36.0 (2726125)|HEAP_ALLOCATE|[20]|Bytes:97
16:42:36.0 (2734215)|HEAP_ALLOCATE|[20]|Bytes:4
16:42:36.0 (2743383)|HEAP_ALLOCATE|[20]|Bytes:7
16:42:36.0 (2765072)|HEAP_ALLOCATE|[20]|Bytes:7
16:42:36.0 (2774083)|HEAP_ALLOCATE|[20]|Bytes:7
16:42:36.0 (7026877)|SOQL_EXECUTE_BEGIN|[20]|Aggregations:0|SELECT Id FROM Account WHERE (Id = :tmpVar1 AND (Som_Sek__c = :tmpVar2 OR Som_Kam__c = :tmpVar3))
16:42:36.0 (8872298)|SOQL_EXECUTE_END|[20]|Rows:0
16:42:36.0 (8903479)|HEAP_ALLOCATE|[20]|Bytes:4
16:42:36.0 (8920198)|HEAP_ALLOCATE|[20]|Bytes:0
16:42:36.0 (9104775)|HEAP_ALLOCATE|[20]|Bytes:4
16:42:36.0 (9121633)|VARIABLE_SCOPE_BEGIN|[20]|accs|List<Account>|true|false
16:42:36.0 (9140581)|VARIABLE_ASSIGNMENT|[20]|accs|{"s":1,"v":[]}|0x43282d42
16:42:36.0 (9143776)|STATEMENT_EXECUTE|[30]
16:42:36.0 (9283862)|HEAP_ALLOCATE|[30]|Bytes:5
16:42:36.0 (9295651)|METHOD_EXIT|[131]|01p3E0000004a8n|Som_Kam_CmpCtrl.isUserKamSek(String, Id)
16:42:36.0 (9309360)|METHOD_ENTRY|[134]||System.UserInfo.getUserId()
16:42:36.0 (9335577)|METHOD_EXIT|[134]||System.UserInfo.getUserId()
16:42:36.0 (9344646)|HEAP_ALLOCATE|[134]|Bytes:4
16:42:36.0 (9363180)|METHOD_ENTRY|[134]|01p3E0000004a8n|Som_Kam_CmpCtrl.isUserDetailPlanerAccPlan(String, Id)
16:42:36.0 (9372328)|VARIABLE_SCOPE_BEGIN|[58]|accPlanId|String|false|false
16:42:36.0 (9378317)|VARIABLE_ASSIGNMENT|[58]|accPlanId|null
16:42:36.0 (9381565)|VARIABLE_SCOPE_BEGIN|[58]|userId|Id|false|false
16:42:36.0 (9455237)|VARIABLE_ASSIGNMENT|[58]|userId|"00557000005jeECAAY"
16:42:36.0 (9466642)|HEAP_ALLOCATE|[59]|Bytes:5
16:42:36.0 (9470949)|STATEMENT_EXECUTE|[58]
16:42:36.0 (9472829)|STATEMENT_EXECUTE|[59]
16:42:36.0 (9474174)|STATEMENT_EXECUTE|[60]
16:42:36.0 (9476678)|HEAP_ALLOCATE|[60]|Bytes:5
16:42:36.0 (9485351)|METHOD_EXIT|[134]|01p3E0000004a8n|Som_Kam_CmpCtrl.isUserDetailPlanerAccPlan(String, Id)
16:42:36.0 (9497527)|METHOD_ENTRY|[137]||System.UserInfo.getUserId()
16:42:36.0 (9522316)|METHOD_EXIT|[137]||System.UserInfo.getUserId()
16:42:36.0 (9529471)|HEAP_ALLOCATE|[137]|Bytes:4
16:42:36.0 (9557232)|METHOD_ENTRY|[137]|01p3E0000004a8n|Som_Kam_CmpCtrl.isUserUnitInvited(String, Id)
16:42:36.0 (9566157)|VARIABLE_SCOPE_BEGIN|[79]|accPlanId|String|false|false
16:42:36.0 (9571708)|VARIABLE_ASSIGNMENT|[79]|accPlanId|null
16:42:36.0 (9574731)|VARIABLE_SCOPE_BEGIN|[79]|userId|Id|false|false
16:42:36.0 (9620639)|VARIABLE_ASSIGNMENT|[79]|userId|"00557000005jeECAAY"
16:42:36.0 (9631737)|HEAP_ALLOCATE|[80]|Bytes:5
16:42:36.0 (9635990)|STATEMENT_EXECUTE|[79]
16:42:36.0 (9637699)|STATEMENT_EXECUTE|[80]
16:42:36.0 (9638842)|STATEMENT_EXECUTE|[81]
16:42:36.0 (9643686)|HEAP_ALLOCATE|[81]|Bytes:5
16:42:36.0 (9652576)|METHOD_EXIT|[137]|01p3E0000004a8n|Som_Kam_CmpCtrl.isUserUnitInvited(String, Id)
16:42:36.0 (9656835)|STATEMENT_EXECUTE|[131]
16:42:36.0 (9658230)|STATEMENT_EXECUTE|[141]
16:42:36.0 (9661620)|HEAP_ALLOCATE|[141]|Bytes:4
16:42:36.0 (9680473)|METHOD_ENTRY|[141]|01p3E0000004a8n|Som_Kam_CmpCtrl.buildAccountPlanEditData(String, String, String)
16:42:36.0 (10309115)|VARIABLE_SCOPE_BEGIN|[185]|accId|String|false|false
16:42:36.0 (10317048)|VARIABLE_ASSIGNMENT|[185]|accId|null
16:42:36.0 (10320585)|VARIABLE_SCOPE_BEGIN|[185]|accPlanId|String|false|false
16:42:36.0 (10323702)|VARIABLE_ASSIGNMENT|[185]|accPlanId|null
16:42:36.0 (10326318)|VARIABLE_SCOPE_BEGIN|[185]|selectedYear|String|false|false
16:42:36.0 (10329266)|VARIABLE_ASSIGNMENT|[185]|selectedYear|null
16:42:36.0 (10338456)|HEAP_ALLOCATE|[187]|Bytes:5
16:42:36.0 (10342914)|STATEMENT_EXECUTE|[185]
16:42:36.0 (10344430)|STATEMENT_EXECUTE|[187]
16:42:36.0 (10627550)|HEAP_ALLOCATE|[187]|Bytes:4
16:42:36.0 (10791658)|HEAP_ALLOCATE|[187]|Bytes:4
16:42:36.0 (10850808)|HEAP_ALLOCATE|[187]|Bytes:28
16:42:36.0 (11950362)|VARIABLE_ASSIGNMENT|[187]|this.Som_Year__c|2016|0x532f69fe
16:42:36.0 (12003764)|VARIABLE_ASSIGNMENT|[187]|this.Som_Account__c|null|0x532f69fe
16:42:36.0 (12046587)|VARIABLE_SCOPE_BEGIN|[187]|accPlan|Som_Kam__c|true|false
16:42:36.0 (12065772)|VARIABLE_ASSIGNMENT|[187]|accPlan|{"Som_Year__c":2016}|0x532f69fe
16:42:36.0 (12068701)|STATEMENT_EXECUTE|[189]
16:42:36.0 (12381750)|HEAP_ALLOCATE|[189]|Bytes:4
16:42:36.0 (12455976)|VARIABLE_SCOPE_BEGIN|[189]|accPlanDetails|List<Som_Kam_CmpCtrl.AccountPlanDetail>|true|false
16:42:36.0 (12485794)|HEAP_ALLOCATE|[EXTERNAL]|Bytes:4
16:42:36.0 (12499350)|VARIABLE_ASSIGNMENT|[189]|accPlanDetails|{"s":1,"v":[]}|0x17115411
16:42:36.0 (12502477)|STATEMENT_EXECUTE|[190]
16:42:36.0 (12555535)|HEAP_ALLOCATE|[190]|Bytes:4
16:42:36.0 (12615266)|VARIABLE_SCOPE_BEGIN|[190]|strategyProfiles|List<Som_KamStrategyProfileTopic__c>|true|false
16:42:36.0 (12622790)|HEAP_ALLOCATE|[EXTERNAL]|Bytes:4
16:42:36.0 (12633348)|VARIABLE_ASSIGNMENT|[190]|strategyProfiles|{"s":1,"v":[]}|0x2e7eebee
16:42:36.0 (12636103)|STATEMENT_EXECUTE|[195]
16:42:36.0 (12640383)|HEAP_ALLOCATE|[195]|Bytes:5
16:42:36.0 (12709920)|HEAP_ALLOCATE|[195]|Bytes:5
16:42:36.0 (12734537)|HEAP_ALLOCATE|[195]|Bytes:10
16:42:36.0 (12762538)|USER_DEBUG|[195]|DEBUG|Test false
16:42:36.0 (12768724)|STATEMENT_EXECUTE|[196]
16:42:36.0 (12775166)|VARIABLE_SCOPE_BEGIN|[196]|test|Boolean|false|false
16:42:36.0 (12781557)|HEAP_ALLOCATE|[196]|Bytes:5
16:42:36.0 (12788571)|VARIABLE_ASSIGNMENT|[196]|test|true
16:42:36.0 (12790561)|STATEMENT_EXECUTE|[197]
16:42:36.0 (12824009)|USER_DEBUG|[197]|DEBUG|true
16:42:36.0 (12830758)|STATEMENT_EXECUTE|[199]
16:42:36.0 (12835080)|HEAP_ALLOCATE|[199]|Bytes:6
16:42:36.0 (12855490)|USER_DEBUG|[199]|DEBUG|Hallo1
16:42:36.0 (12862033)|STATEMENT_EXECUTE|[200]
16:42:36.0 (12863497)|STATEMENT_EXECUTE|[221]
16:42:36.0 (12866480)|HEAP_ALLOCATE|[221]|Bytes:6
16:42:36.0 (12882072)|USER_DEBUG|[221]|DEBUG|Hallo2
16:42:36.0 (12887423)|STATEMENT_EXECUTE|[222]
16:42:36.0 (13131249)|HEAP_ALLOCATE|[222]|Bytes:156
16:42:36.0 (13138994)|HEAP_ALLOCATE|[222]|Bytes:19
16:42:36.0 (13163981)|HEAP_ALLOCATE|[222]|Bytes:16
16:42:36.0 (13193973)|CONSTRUCTOR_ENTRY|[222]|01p3E0000004a8n|<init>(Som_Kam__c,List<Som_Kam_CmpCtrl.AccountPlanDetail>,List<Som_KamStrategyProfileTopic__c>)
16:42:36.0 (13232457)|VARIABLE_SCOPE_BEGIN|[1068]|this|Som_Kam_CmpCtrl.AccountPlan|true|false
16:42:36.0 (13285657)|VARIABLE_ASSIGNMENT|[1068]|this|{}|0x1afedae
16:42:36.0 (13291726)|VARIABLE_SCOPE_BEGIN|[1068]|accPlan|Som_Kam__c|true|false
16:42:36.0 (13302224)|VARIABLE_ASSIGNMENT|[1068]|accPlan|{"Som_Year__c":2016}|0x532f69fe
16:42:36.0 (13306586)|VARIABLE_SCOPE_BEGIN|[1068]|accPlanDetails|List<Som_Kam_CmpCtrl.AccountPlanDetail>|true|false
16:42:36.0 (13315020)|VARIABLE_ASSIGNMENT|[1068]|accPlanDetails|{"s":1,"v":[]}|0x17115411
16:42:36.0 (13318825)|VARIABLE_SCOPE_BEGIN|[1068]|stratProfileTopics|List<Som_KamStrategyProfileTopic__c>|true|false
16:42:36.0 (13325088)|VARIABLE_ASSIGNMENT|[1068]|stratProfileTopics|{"s":1,"v":[]}|0x2e7eebee
16:42:36.0 (13328595)|STATEMENT_EXECUTE|[1057]
16:42:36.0 (13329945)|STATEMENT_EXECUTE|[1060]
16:42:36.0 (13331112)|STATEMENT_EXECUTE|[1063]
16:42:36.0 (13332105)|STATEMENT_EXECUTE|[1066]
16:42:36.0 (13340981)|HEAP_ALLOCATE|[1069]|Bytes:6
16:42:36.0 (13365951)|STATEMENT_EXECUTE|[1068]
16:42:36.0 (13367826)|STATEMENT_EXECUTE|[1069]
16:42:36.0 (13452337)|VARIABLE_ASSIGNMENT|[EXTERNAL]|this|{}|0x1afedae
16:42:36.0 (13465384)|VARIABLE_ASSIGNMENT|[EXTERNAL]|value|{"Som_Year__c":2016}|0x532f69fe
16:42:36.0 (13479300)|VARIABLE_ASSIGNMENT|[1060]|this.accPlan|{"Som_Year__c":2016}|0x1afedae
16:42:36.0 (13487523)|STATEMENT_EXECUTE|[1070]
16:42:36.0 (13542283)|VARIABLE_ASSIGNMENT|[EXTERNAL]|this|{"accPlan":"0x532f69fe"}|0x1afedae
16:42:36.0 (13553896)|VARIABLE_ASSIGNMENT|[EXTERNAL]|value|{"s":1,"v":[]}|0x17115411
16:42:36.0 (13563632)|VARIABLE_ASSIGNMENT|[1063]|this.accPlanDetails|{"s":1,"v":[]}|0x1afedae
16:42:36.0 (13571296)|STATEMENT_EXECUTE|[1071]
16:42:36.0 (13624894)|VARIABLE_ASSIGNMENT|[EXTERNAL]|this|{"accPlan":"0x532f69fe","accPlanDetails":"0x17115411"}|0x1afedae
16:42:36.0 (13639198)|VARIABLE_ASSIGNMENT|[EXTERNAL]|value|{"s":1,"v":[]}|0x2e7eebee
16:42:36.0 (13648522)|VARIABLE_ASSIGNMENT|[1066]|this.stratProfileTopics|{"s":1,"v":[]}|0x1afedae
16:42:36.0 (13662898)|CONSTRUCTOR_EXIT|[222]|01p3E0000004a8n|<init>(Som_Kam__c,List<Som_Kam_CmpCtrl.AccountPlanDetail>,List<Som_KamStrategyProfileTopic__c>)
16:42:36.0 (13667998)|VARIABLE_SCOPE_BEGIN|[222]|ap|Som_Kam_CmpCtrl.AccountPlan|true|false
16:42:36.0 (13686817)|VARIABLE_ASSIGNMENT|[222]|ap|{"accPlan":"0x532f69fe","accPlanDetails":"0x17115411","stratProfileTopics":"0x2e7eebee"}|0x1afedae
16:42:36.0 (13692532)|STATEMENT_EXECUTE|[223]
16:42:36.0 (13697071)|HEAP_ALLOCATE|[223]|Bytes:6
16:42:36.0 (13722810)|USER_DEBUG|[223]|DEBUG|Hallo3
16:42:36.0 (13729427)|STATEMENT_EXECUTE|[224]
16:42:36.0 (13733448)|HEAP_ALLOCATE|[224]|Bytes:72
16:42:36.0 (13742627)|HEAP_ALLOCATE|[224]|Bytes:4
16:42:36.0 (13969803)|SOQL_EXECUTE_BEGIN|[224]|Aggregations:0|SELECT Id, Name, Som_Kam__c, Som_Sek__c FROM Account WHERE Id = :tmpVar1
16:42:36.0 (15318383)|SOQL_EXECUTE_END|[224]|Rows:0
16:42:36.0 (15338138)|HEAP_ALLOCATE|[224]|Bytes:4
16:42:36.0 (15350633)|HEAP_ALLOCATE|[224]|Bytes:0
16:42:36.0 (15366616)|HEAP_ALLOCATE|[224]|Bytes:4
16:42:36.0 (15375447)|HEAP_ALLOCATE|[224]|Bytes:33
16:42:36.0 (15444748)|HEAP_ALLOCATE|[224]|Bytes:46
16:42:36.0 (15466559)|METHOD_EXIT|[141]|01p3E0000004a8n|Som_Kam_CmpCtrl.buildAccountPlanEditData(String, String, String)
16:42:36.0 (15499610)|VARIABLE_SCOPE_BEGIN|[145]|e|Exception|true|false
16:42:36.0 (15569155)|VARIABLE_ASSIGNMENT|[145]|e|"common.apex.runtime.impl.ExecutionException: List has no rows for assignment to SObject"|0x78966f8a
16:42:36.0 (15574115)|STATEMENT_EXECUTE|[145]
16:42:36.0 (15575654)|STATEMENT_EXECUTE|[146]
16:42:36.0 (15737584)|HEAP_ALLOCATE|[146]|Bytes:20
16:42:36.0 (15781775)|HEAP_ALLOCATE|[146]|Bytes:8
16:42:36.0 (15804851)|HEAP_ALLOCATE|[146]|Bytes:3
16:42:36.0 (15814697)|HEAP_ALLOCATE|[146]|Bytes:4
16:42:36.0 (15829901)|HEAP_ALLOCATE|[146]|Bytes:42
16:42:36.0 (15844931)|HEAP_ALLOCATE|[146]|Bytes:69
16:42:36.0 (15868910)|USER_DEBUG|[146]|ERROR|Some error occured: 224 => List has no rows for assignment to SObject
16:42:36.0 (15874871)|STATEMENT_EXECUTE|[147]
16:42:36.0 (15892248)|HEAP_ALLOCATE|[147]|Bytes:140
16:42:36.0 (15898658)|HEAP_ALLOCATE|[147]|Bytes:23
16:42:36.0 (15923475)|METHOD_ENTRY|[1]|01p3E0000004a7k|P7S1_ApexResponse.P7S1_ApexResponse()
16:42:36.0 (15927342)|STATEMENT_EXECUTE|[1]
16:42:36.0 (15931481)|STATEMENT_EXECUTE|[1]
16:42:36.0 (15937840)|HEAP_ALLOCATE|[147]|Bytes:5
16:42:36.0 (15948095)|METHOD_EXIT|[1]|P7S1_ApexResponse
16:42:36.0 (15965975)|HEAP_ALLOCATE|[147]|Bytes:16
16:42:36.0 (16010068)|HEAP_ALLOCATE|[147]|Bytes:8
16:42:36.0 (16040559)|HEAP_ALLOCATE|[147]|Bytes:3
16:42:36.0 (16062400)|HEAP_ALLOCATE|[147]|Bytes:42
16:42:36.0 (16072571)|HEAP_ALLOCATE|[147]|Bytes:69
16:42:36.0 (16087157)|CONSTRUCTOR_ENTRY|[147]|01p3E0000004a7k|<init>(String)
16:42:36.0 (16102552)|VARIABLE_SCOPE_BEGIN|[45]|this|P7S1_ApexResponse|true|false
16:42:36.0 (16139881)|VARIABLE_ASSIGNMENT|[45]|this|{}|0x37c88e41
16:42:36.0 (16145522)|VARIABLE_SCOPE_BEGIN|[45]|message|String|false|false
16:42:36.0 (16153488)|VARIABLE_ASSIGNMENT|[45]|message|"Some error occured:  (49 more) ..."
16:42:36.0 (16162010)|HEAP_ALLOCATE|[46]|Bytes:5
16:42:36.0 (16165833)|STATEMENT_EXECUTE|[46]
16:42:36.0 (16186029)|CONSTRUCTOR_ENTRY|[46]|01p3E0000004a7k|<init>(Boolean,String,Object,Object)
16:42:36.0 (16234387)|VARIABLE_SCOPE_BEGIN|[63]|this|P7S1_ApexResponse|true|false
16:42:36.0 (16252327)|VARIABLE_ASSIGNMENT|[63]|this|{}|0x37c88e41
16:42:36.0 (16259187)|VARIABLE_SCOPE_BEGIN|[63]|isSuccess|Boolean|false|false
16:42:36.0 (16264086)|VARIABLE_ASSIGNMENT|[63]|isSuccess|false
16:42:36.0 (16267194)|VARIABLE_SCOPE_BEGIN|[63]|msg|String|false|false
16:42:36.0 (16272985)|VARIABLE_ASSIGNMENT|[63]|msg|"Some error occured:  (49 more) ..."
16:42:36.0 (16282136)|VARIABLE_SCOPE_BEGIN|[63]|key|Object|false|false
16:42:36.0 (16285981)|VARIABLE_ASSIGNMENT|[63]|key|null
16:42:36.0 (16291825)|VARIABLE_SCOPE_BEGIN|[63]|value|Object|false|false
16:42:36.0 (16294894)|VARIABLE_ASSIGNMENT|[63]|value|null
16:42:36.0 (16301902)|HEAP_ALLOCATE|[64]|Bytes:5
16:42:36.0 (16305438)|STATEMENT_EXECUTE|[1]
16:42:36.0 (16308004)|HEAP_ALLOCATE|[64]|Bytes:5
16:42:36.0 (16309878)|STATEMENT_EXECUTE|[10]
16:42:36.0 (16311195)|STATEMENT_EXECUTE|[16]
16:42:36.0 (16312225)|STATEMENT_EXECUTE|[22]
16:42:36.0 (16327442)|STATEMENT_EXECUTE|[63]
16:42:36.0 (16329121)|STATEMENT_EXECUTE|[64]
16:42:36.0 (16400289)|VARIABLE_ASSIGNMENT|[EXTERNAL]|this|{}|0x37c88e41
16:42:36.0 (16410542)|VARIABLE_ASSIGNMENT|[EXTERNAL]|value|false
16:42:36.0 (16416152)|HEAP_ALLOCATE|[10]|Bytes:5
16:42:36.0 (16423411)|VARIABLE_ASSIGNMENT|[10]|this.isSuccess|false|0x37c88e41
16:42:36.0 (16431092)|STATEMENT_EXECUTE|[65]
16:42:36.0 (16500247)|VARIABLE_ASSIGNMENT|[EXTERNAL]|this|{"isSuccess":false}|0x37c88e41
16:42:36.0 (16509497)|VARIABLE_ASSIGNMENT|[EXTERNAL]|value|"Some error occured:  (49 more) ..."
16:42:36.0 (16518489)|VARIABLE_ASSIGNMENT|[16]|this.message|"Some error occured:  (49 more) ..."|0x37c88e41
16:42:36.0 (16525957)|STATEMENT_EXECUTE|[66]
16:42:36.0 (16531232)|HEAP_ALLOCATE|[66]|Bytes:4
16:42:36.0 (16603862)|VARIABLE_ASSIGNMENT|[EXTERNAL]|this|{"isSuccess":false,"message":"Some error occured:  (49 more) ..."}|0x37c88e41
16:42:36.0 (16624213)|VARIABLE_ASSIGNMENT|[EXTERNAL]|value|{"s":1,"v":{}}|0x2298a06f
16:42:36.0 (16637617)|VARIABLE_ASSIGNMENT|[22]|this.values|{"s":1,"v":{}}|0x37c88e41
16:42:36.0 (16648202)|STATEMENT_EXECUTE|[68]
16:42:36.0 (16666650)|CONSTRUCTOR_EXIT|[46]|01p3E0000004a7k|<init>(Boolean,String,Object,Object)
16:42:36.0 (16669920)|STATEMENT_EXECUTE|[45]
16:42:36.0 (16676625)|CONSTRUCTOR_EXIT|[147]|01p3E0000004a7k|<init>(String)
16:42:36.0 (16698633)|VARIABLE_ASSIGNMENT|[147]|resp|{"isSuccess":false,"message":"Some error occured:  (49 more) ...","values":"0x2298a06f"}|0x37c88e41
16:42:36.0 (16702481)|STATEMENT_EXECUTE|[150]
16:42:36.0 (16709504)|SYSTEM_MODE_EXIT|true
16:42:36.0 (17139733)|SYSTEM_MODE_EXIT|false
16:42:36.17 (17212697)|CUMULATIVE_LIMIT_USAGE
16:42:36.17 (17212697)|LIMIT_USAGE_FOR_NS|(default)|
  Number of SOQL queries: 2 out of 100
  Number of query rows: 0 out of 50000
  Number of SOSL queries: 0 out of 20
  Number of DML statements: 0 out of 150
  Number of DML rows: 0 out of 10000
  Maximum CPU time: 0 out of 10000
  Maximum heap size: 0 out of 6000000
  Number of callouts: 0 out of 100
  Number of Email Invocations: 0 out of 10
  Number of future calls: 0 out of 50
  Number of queueable jobs added to the queue: 0 out of 50
  Number of Mobile Apex push calls: 0 out of 10

16:42:36.17 (17212697)|CUMULATIVE_LIMIT_USAGE_END

16:42:36.0 (17259743)|CODE_UNIT_FINISHED|Som_Kam_CmpCtrl.getAccountPlanEditData
16:42:36.0 (18645937)|EXECUTION_FINISHED
16:42:36.20 (20745001)|USER_INFO|[EXTERNAL]|00557000005jeEC|p7s1.bschneider@factory42.com.kam|Mitteleuropäische Normalzeit|GMT+02:00
16:42:36.20 (20757349)|EXECUTION_STARTED
16:42:36.20 (20764459)|CODE_UNIT_STARTED|[EXTERNAL]|Aura
16:42:36.20 (20811601)|CODE_UNIT_FINISHED|Aura
16:42:36.20 (21702019)|EXECUTION_FINISHED
