30.0 APEX_CODE,FINEST;APEX_PROFILING,INFO;CALLOUT,INFO;DB,INFO;SYSTEM,DEBUG;VALIDATION,INFO;VISUALFORCE,INFO;WORKFLOW,INFO
14:40:03.0 (73383)|USER_INFO|[EXTERNAL]|00557000005jeEC|p7s1.bschneider@factory42.com.kam|Mitteleuropäische Normalzeit|GMT+02:00
14:40:03.0 (112005)|EXECUTION_STARTED
14:40:03.0 (119198)|CODE_UNIT_STARTED|[EXTERNAL]|066D0000000V3u3|VF: /apex/vfp_P7S1_User_ChangeProfile
14:40:03.0 (6208823)|SYSTEM_MODE_ENTER|true
14:40:03.0 (6551153)|HEAP_ALLOCATE|[72]|Bytes:3
14:40:03.0 (6615467)|HEAP_ALLOCATE|[77]|Bytes:152
14:40:03.0 (6638632)|HEAP_ALLOCATE|[342]|Bytes:408
14:40:03.0 (6663067)|HEAP_ALLOCATE|[355]|Bytes:408
14:40:03.0 (6685698)|HEAP_ALLOCATE|[467]|Bytes:48
14:40:03.0 (6724830)|HEAP_ALLOCATE|[139]|Bytes:6
14:40:03.0 (6767350)|VARIABLE_SCOPE_BEGIN|[4]|cls_P7S1_User_ChangeProfile.PAGE_URL|String|false|true
14:40:03.0 (6772924)|VARIABLE_SCOPE_BEGIN|[5]|cls_P7S1_User_ChangeProfile.SITE_NAME|String|false|true
14:40:03.0 (6830911)|HEAP_ALLOCATE|[EXTERNAL]|Bytes:328
14:40:03.0 (6837722)|HEAP_ALLOCATE|[EXTERNAL]|Bytes:73
14:40:03.0 (6840806)|HEAP_ALLOCATE|[EXTERNAL]|Bytes:26
14:40:03.0 (6843744)|HEAP_ALLOCATE|[EXTERNAL]|Bytes:28
14:40:03.0 (6876331)|VARIABLE_ASSIGNMENT|[EXTERNAL]|cls_P7S1_User_ChangeProfile.PAGE_URL|"/vfp_P7S1_User_Chang (8 more) ..."
14:40:03.0 (6884140)|HEAP_ALLOCATE|[EXTERNAL]|Bytes:13
14:40:03.0 (6891809)|VARIABLE_ASSIGNMENT|[EXTERNAL]|cls_P7S1_User_ChangeProfile.SITE_NAME|"ChangeProfile"
14:40:03.0 (6905791)|METHOD_ENTRY|[1]|01pD0000000KT71|cls_P7S1_User_ChangeProfile.cls_P7S1_User_ChangeProfile()
14:40:03.0 (6909390)|STATEMENT_EXECUTE|[1]
14:40:03.0 (6914167)|STATEMENT_EXECUTE|[1]
14:40:03.0 (6956902)|HEAP_ALLOCATE|[50]|Bytes:5
14:40:03.0 (6983207)|HEAP_ALLOCATE|[56]|Bytes:5
14:40:03.0 (6991719)|HEAP_ALLOCATE|[64]|Bytes:7
14:40:03.0 (7027862)|HEAP_ALLOCATE|[EXTERNAL]|Bytes:5
14:40:03.0 (7044566)|METHOD_EXIT|[1]|cls_P7S1_User_ChangeProfile
14:40:03.0 (7051223)|HEAP_ALLOCATE|[EXTERNAL]|Bytes:52
14:40:03.0 (7058256)|VARIABLE_SCOPE_BEGIN|[43]|this|cls_P7S1_User_ChangeProfile|true|false
14:40:03.0 (7111218)|VARIABLE_ASSIGNMENT|[43]|this|{}|0x30a3cc11
14:40:03.0 (7121861)|HEAP_ALLOCATE|[EXTERNAL]|Bytes:5
14:40:03.0 (7125188)|STATEMENT_EXECUTE|[1]
14:40:03.0 (7127859)|HEAP_ALLOCATE|[EXTERNAL]|Bytes:5
14:40:03.0 (7129805)|STATEMENT_EXECUTE|[6]
14:40:03.0 (7131465)|STATEMENT_EXECUTE|[8]
14:40:03.0 (7132365)|STATEMENT_EXECUTE|[9]
14:40:03.0 (7133474)|STATEMENT_EXECUTE|[10]
14:40:03.0 (7134753)|STATEMENT_EXECUTE|[12]
14:40:03.0 (7135731)|STATEMENT_EXECUTE|[13]
14:40:03.0 (7136681)|STATEMENT_EXECUTE|[14]
14:40:03.0 (7137815)|STATEMENT_EXECUTE|[38]
14:40:03.0 (7138816)|STATEMENT_EXECUTE|[39]
14:40:03.0 (7139953)|STATEMENT_EXECUTE|[40]
14:40:03.0 (7140907)|STATEMENT_EXECUTE|[100]
14:40:03.0 (7142166)|STATEMENT_EXECUTE|[113]
14:40:03.0 (7150793)|HEAP_ALLOCATE|[EXTERNAL]|Bytes:6
14:40:03.0 (7173278)|STATEMENT_EXECUTE|[43]
14:40:03.0 (7297807)|HEAP_ALLOCATE|[EXTERNAL]|Bytes:52
14:40:03.0 (7305237)|VARIABLE_SCOPE_BEGIN|[46]|this|cls_P7S1_User_ChangeProfile|true|false
14:40:03.0 (7333751)|VARIABLE_ASSIGNMENT|[46]|this|{}|0x30a3cc11
14:40:03.0 (7348340)|HEAP_ALLOCATE|[47]|Bytes:5
14:40:03.0 (7352236)|STATEMENT_EXECUTE|[46]
14:40:03.0 (7353499)|STATEMENT_EXECUTE|[47]
14:40:03.0 (7491734)|HEAP_ALLOCATE|[47]|Bytes:285
14:40:03.0 (7576248)|HEAP_ALLOCATE|[47]|Bytes:248
14:40:03.0 (7598890)|HEAP_ALLOCATE|[47]|Bytes:9
14:40:03.0 (7625494)|VARIABLE_SCOPE_BEGIN|[47]|profileId|String|false|false
14:40:03.0 (7633776)|VARIABLE_ASSIGNMENT|[47]|profileId|null
14:40:03.0 (7636400)|STATEMENT_EXECUTE|[48]
14:40:03.0 (7654093)|METHOD_ENTRY|[48]|01pD0000000KT71|cls_P7S1_User_ChangeProfile.initializeView()
14:40:03.0 (7677256)|VARIABLE_SCOPE_BEGIN|[51]|this|cls_P7S1_User_ChangeProfile|true|false
14:40:03.0 (7706488)|VARIABLE_ASSIGNMENT|[51]|this|{}|0x30a3cc11
14:40:03.0 (7715293)|HEAP_ALLOCATE|[52]|Bytes:5
14:40:03.0 (7719286)|STATEMENT_EXECUTE|[51]
14:40:03.0 (7720533)|STATEMENT_EXECUTE|[52]
14:40:03.0 (7774097)|VARIABLE_ASSIGNMENT|[EXTERNAL]|this|{}|0x30a3cc11
14:40:03.0 (7779924)|VARIABLE_ASSIGNMENT|[EXTERNAL]|value|null
14:40:03.0 (7791229)|VARIABLE_ASSIGNMENT|[14]|this.ShowPanel|null|0x30a3cc11
14:40:03.0 (7798604)|STATEMENT_EXECUTE|[53]
14:40:03.0 (7802066)|HEAP_ALLOCATE|[53]|Bytes:7
14:40:03.0 (7850336)|USER_DEBUG|[53]|DEBUG|###View
14:40:03.0 (7857819)|STATEMENT_EXECUTE|[54]
14:40:03.0 (7861133)|HEAP_ALLOCATE|[54]|Bytes:145
14:40:03.0 (7872070)|HEAP_ALLOCATE|[54]|Bytes:4
14:40:03.0 (7883250)|HEAP_ALLOCATE|[54]|Bytes:7
14:40:03.0 (7928857)|HEAP_ALLOCATE|[57]|Bytes:85
14:40:03.0 (7941840)|SYSTEM_METHOD_ENTRY|[1]|UserInfo.UserInfo()
14:40:03.0 (7944598)|STATEMENT_EXECUTE|[1]
14:40:03.0 (7951966)|SYSTEM_METHOD_EXIT|[1]|UserInfo
14:40:03.0 (7963164)|METHOD_ENTRY|[57]||System.UserInfo.getUserId()
14:40:03.0 (8009648)|METHOD_EXIT|[57]||System.UserInfo.getUserId()
14:40:03.0 (10041832)|SOQL_EXECUTE_BEGIN|[54]|Aggregations:0|SELECT Id, Name, UserName, ProfileId, Profile.UserLicenseId, Profile.Name, Email, P7S1_ShowTestuserLinks__c FROM User WHERE Id = :tmpVar1 LIMIT 1
14:40:03.0 (50415908)|SOQL_EXECUTE_END|[54]|Rows:1
14:40:03.0 (50462943)|HEAP_ALLOCATE|[54]|Bytes:8
14:40:03.0 (50491210)|HEAP_ALLOCATE|[54]|Bytes:320
14:40:03.0 (50671104)|HEAP_ALLOCATE|[54]|Bytes:8
14:40:03.0 (50692322)|HEAP_ALLOCATE|[54]|Bytes:30
14:40:03.0 (50796785)|HEAP_ALLOCATE|[54]|Bytes:36
14:40:03.0 (50885331)|VARIABLE_ASSIGNMENT|[EXTERNAL]|this|{}|0x30a3cc11
14:40:03.0 (50929895)|VARIABLE_ASSIGNMENT|[EXTERNAL]|value|{"s":1,"v":{"Id":"00557000005jeECAAY","Name":"Benjamin Schneider","Username":"p7s1.bschneider@fact (13 more) ...","ProfileId":"00e20000000lfOjAAI","Email":"bschneider@factory42 (4 more) ...","P7S1_ShowTestuserLin (5 more) ...":true,"CurrencyIsoCode":"EUR","Profile":{"s":2,"v":{"UserLicenseId":"100200000009H1sAAE","Name":"Systemadministrator","Id":"00e20000000lfOjAAI"}}}}|0x7775eace
14:40:03.0 (50960105)|VARIABLE_ASSIGNMENT|[8]|this.currentUser|{"s":1,"v":{"Id":"00557000005jeECAAY","Name":"Benjamin Schneider","Username":"p7s1.bschneider@fact (13 more) ...","ProfileId":"00e20000000lfOjAAI","Email":"bschneider@factory42 (4 more) ...","P7S1_ShowTestuserLin (5 more) ...":true,"CurrencyIsoCode":"EUR","Profile":{"s":2,"v":{"UserLicenseId":"100200000009H1sAAE","Name":"Systemadministrator","Id":"00e20000000lfOjAAI"}}}}|0x30a3cc11
14:40:03.0 (50986019)|METHOD_ENTRY|[61]||System.UserInfo.getProfileId()
14:40:03.0 (51061909)|METHOD_EXIT|[61]||System.UserInfo.getProfileId()
14:40:03.0 (51083649)|HEAP_ALLOCATE|[61]|Bytes:4
14:40:03.0 (51089468)|HEAP_ALLOCATE|[61]|Bytes:18
14:40:03.0 (51115983)|HEAP_ALLOCATE|[61]|Bytes:4
14:40:03.0 (51150448)|STATEMENT_EXECUTE|[61]
14:40:03.0 (51152741)|STATEMENT_EXECUTE|[62]
14:40:03.0 (51155823)|HEAP_ALLOCATE|[62]|Bytes:5
14:40:03.0 (51214640)|VARIABLE_ASSIGNMENT|[EXTERNAL]|this|{"currentUser":"0x7775eace"}|0x30a3cc11
14:40:03.0 (51221126)|VARIABLE_ASSIGNMENT|[EXTERNAL]|value|"Admin"
14:40:03.0 (51233562)|VARIABLE_ASSIGNMENT|[14]|this.ShowPanel|"Admin"|0x30a3cc11
14:40:03.0 (51244844)|STATEMENT_EXECUTE|[63]
14:40:03.0 (51250174)|HEAP_ALLOCATE|[63]|Bytes:128
14:40:03.0 (51260547)|HEAP_ALLOCATE|[63]|Bytes:4
14:40:03.0 (51664282)|SOQL_EXECUTE_BEGIN|[63]|Aggregations:0|SELECT Id, Name FROM User WHERE (P7S1_UserType__c = 'System_Tester' AND isActive = TRUE) ORDER BY Name ASC NULLS FIRST LIMIT 100
14:40:03.0 (59120067)|SOQL_EXECUTE_END|[63]|Rows:25
14:40:03.0 (59141241)|HEAP_ALLOCATE|[63]|Bytes:104
14:40:03.0 (59181184)|HEAP_ALLOCATE|[63]|Bytes:1973
14:40:03.0 (59196360)|HEAP_ALLOCATE|[63]|Bytes:104
14:40:03.0 (59249334)|VARIABLE_ASSIGNMENT|[EXTERNAL]|this|{"currentUser":"0x7775eace","ShowPanel":"Admin"}|0x30a3cc11
14:40:03.0 (59273335)|VARIABLE_ASSIGNMENT|[EXTERNAL]|value|{"s":1,"v":"List of size 25 too large to display"}|0x218be3a8
14:40:03.0 (59288826)|VARIABLE_ASSIGNMENT|[10]|this.userList|{"s":1,"v":"List of size 25 too large to display"}|0x30a3cc11
14:40:03.0 (59298314)|STATEMENT_EXECUTE|[88]
14:40:03.0 (59311107)|METHOD_EXIT|[48]|01pD0000000KT71|cls_P7S1_User_ChangeProfile.initializeView()
14:40:03.0 (60287781)|SYSTEM_MODE_ENTER|true
14:40:03.60 (60724280)|USER_INFO|[EXTERNAL]|00557000005jeEC|p7s1.bschneider@factory42.com.kam|Mitteleuropäische Normalzeit|GMT+02:00
14:40:03.60 (60742860)|SYSTEM_MODE_ENTER|true
14:40:03.60 (60799364)|HEAP_ALLOCATE|[EXTERNAL]|Bytes:120
14:40:03.60 (60806617)|HEAP_ALLOCATE|[EXTERNAL]|Bytes:10
14:40:03.60 (60820952)|SYSTEM_METHOD_ENTRY|[1]|pagemessagecomponentcontroller.pagemessagecomponentcontroller()
14:40:03.60 (60824414)|STATEMENT_EXECUTE|[1]
14:40:03.61 (61037821)|USER_INFO|[EXTERNAL]|00557000005jeEC|p7s1.bschneider@factory42.com.kam|Mitteleuropäische Normalzeit|GMT+02:00
14:40:03.61 (61258456)|USER_INFO|[EXTERNAL]|00557000005jeEC|p7s1.bschneider@factory42.com.kam|Mitteleuropäische Normalzeit|GMT+02:00
14:40:03.61 (61419654)|USER_INFO|[EXTERNAL]|00557000005jeEC|p7s1.bschneider@factory42.com.kam|Mitteleuropäische Normalzeit|GMT+02:00
14:40:03.67 (67609535)|USER_INFO|[EXTERNAL]|00557000005jeEC|p7s1.bschneider@factory42.com.kam|Mitteleuropäische Normalzeit|GMT+02:00
14:40:03.67 (67797873)|USER_INFO|[EXTERNAL]|00557000005jeEC|p7s1.bschneider@factory42.com.kam|Mitteleuropäische Normalzeit|GMT+02:00
14:40:03.67 (67929027)|USER_INFO|[EXTERNAL]|00557000005jeEC|p7s1.bschneider@factory42.com.kam|Mitteleuropäische Normalzeit|GMT+02:00
14:40:03.68 (68153707)|USER_INFO|[EXTERNAL]|00557000005jeEC|p7s1.bschneider@factory42.com.kam|Mitteleuropäische Normalzeit|GMT+02:00
14:40:03.69 (69022742)|USER_INFO|[EXTERNAL]|00557000005jeEC|p7s1.bschneider@factory42.com.kam|Mitteleuropäische Normalzeit|GMT+02:00
14:40:03.69 (69394326)|USER_INFO|[EXTERNAL]|00557000005jeEC|p7s1.bschneider@factory42.com.kam|Mitteleuropäische Normalzeit|GMT+02:00
14:40:03.0 (70017827)|HEAP_ALLOCATE|[105]|Bytes:5
14:40:03.0 (70023991)|STATEMENT_EXECUTE|[104]
14:40:03.0 (70025684)|STATEMENT_EXECUTE|[105]
14:40:03.0 (70036266)|VARIABLE_ASSIGNMENT|[105]|this.selUserId|null|0x30a3cc11
14:40:03.0 (70038872)|STATEMENT_EXECUTE|[106]
14:40:03.0 (70049806)|HEAP_ALLOCATE|[106]|Bytes:4
14:40:03.0 (70092000)|VARIABLE_SCOPE_BEGIN|[106]|options|List<System.SelectOption>|true|false
14:40:03.0 (70126341)|HEAP_ALLOCATE|[EXTERNAL]|Bytes:4
14:40:03.0 (70142678)|VARIABLE_ASSIGNMENT|[106]|options|{"s":1,"v":[]}|0x7bb3eae8
14:40:03.0 (70146086)|STATEMENT_EXECUTE|[107]
14:40:03.0 (70156132)|HEAP_ALLOCATE|[107]|Bytes:10
14:40:03.0 (70241715)|HEAP_ALLOCATE|[EXTERNAL]|Bytes:4
14:40:03.0 (70311692)|VARIABLE_ASSIGNMENT|[EXTERNAL]|this|{"currentUser":"0x7775eace","ShowPanel":"Admin","userList":"0x218be3a8"}|0x30a3cc11
14:40:03.0 (70548895)|HEAP_ALLOCATE|[108]|Bytes:5
14:40:03.0 (70587127)|HEAP_ALLOCATE|[108]|Bytes:16
14:40:03.0 (70601291)|VARIABLE_SCOPE_BEGIN|[108]|u|User|true|false
14:40:03.0 (70619820)|VARIABLE_ASSIGNMENT|[108]|u|{"s":1,"v":{"Id":"005D0000002QDFYIA4","Name":"Aer_Default Tester","CurrencyIsoCode":"EUR"}}|0x5e1b0dae
14:40:03.0 (70623854)|STATEMENT_EXECUTE|[108]
14:40:03.0 (70625184)|STATEMENT_EXECUTE|[109]
14:40:03.0 (70666286)|HEAP_ALLOCATE|[109]|Bytes:18
14:40:03.0 (70742180)|HEAP_ALLOCATE|[EXTERNAL]|Bytes:4
14:40:03.0 (70759340)|HEAP_ALLOCATE|[108]|Bytes:5
14:40:03.0 (70781789)|HEAP_ALLOCATE|[108]|Bytes:16
14:40:03.0 (70789960)|VARIABLE_SCOPE_BEGIN|[108]|u|User|true|false
14:40:03.0 (70808565)|VARIABLE_ASSIGNMENT|[108]|u|{"s":1,"v":{"Id":"00557000005jeLcAAI","Name":"MA_Default Tester","CurrencyIsoCode":"EUR"}}|0x710268ca
14:40:03.0 (70812072)|STATEMENT_EXECUTE|[108]
14:40:03.0 (70813364)|STATEMENT_EXECUTE|[109]
14:40:03.0 (70825589)|HEAP_ALLOCATE|[109]|Bytes:18
14:40:03.0 (70843325)|HEAP_ALLOCATE|[EXTERNAL]|Bytes:4
14:40:03.0 (70855676)|HEAP_ALLOCATE|[108]|Bytes:5
14:40:03.0 (70875662)|HEAP_ALLOCATE|[108]|Bytes:16
14:40:03.0 (70883125)|VARIABLE_SCOPE_BEGIN|[108]|u|User|true|false
14:40:03.0 (70898769)|VARIABLE_ASSIGNMENT|[108]|u|{"s":1,"v":{"Id":"005D00000047YCbIAM","Name":"P7S1_Interface Teste (1 more) ...","CurrencyIsoCode":"EUR"}}|0x52dce657
14:40:03.0 (70902413)|STATEMENT_EXECUTE|[108]
14:40:03.0 (70903559)|STATEMENT_EXECUTE|[109]
14:40:03.0 (70914719)|HEAP_ALLOCATE|[109]|Bytes:18
14:40:03.0 (70931474)|HEAP_ALLOCATE|[EXTERNAL]|Bytes:4
14:40:03.0 (70946295)|HEAP_ALLOCATE|[108]|Bytes:5
14:40:03.0 (70966297)|HEAP_ALLOCATE|[108]|Bytes:16
14:40:03.0 (70973572)|VARIABLE_SCOPE_BEGIN|[108]|u|User|true|false
14:40:03.0 (70987704)|VARIABLE_ASSIGNMENT|[108]|u|{"s":1,"v":{"Id":"005D0000004qFkAIAU","Name":"Sgn_Default Tester","CurrencyIsoCode":"EUR"}}|0x61b558a2
14:40:03.0 (70990951)|STATEMENT_EXECUTE|[108]
14:40:03.0 (70992076)|STATEMENT_EXECUTE|[109]
14:40:03.0 (71002977)|HEAP_ALLOCATE|[109]|Bytes:18
14:40:03.0 (71020177)|HEAP_ALLOCATE|[EXTERNAL]|Bytes:4
14:40:03.0 (71032012)|HEAP_ALLOCATE|[108]|Bytes:5
14:40:03.0 (71051376)|HEAP_ALLOCATE|[108]|Bytes:16
14:40:03.0 (71058552)|VARIABLE_SCOPE_BEGIN|[108]|u|User|true|false
14:40:03.0 (71074896)|VARIABLE_ASSIGNMENT|[108]|u|{"s":1,"v":{"Id":"005D00000052oAVIAY","Name":"SomAt Tester","CurrencyIsoCode":"EUR"}}|0x67454f47
14:40:03.0 (71078618)|STATEMENT_EXECUTE|[108]
14:40:03.0 (71079784)|STATEMENT_EXECUTE|[109]
14:40:03.0 (71090819)|HEAP_ALLOCATE|[109]|Bytes:18
14:40:03.0 (71107178)|HEAP_ALLOCATE|[EXTERNAL]|Bytes:4
14:40:03.0 (71118840)|HEAP_ALLOCATE|[108]|Bytes:5
14:40:03.0 (71138388)|HEAP_ALLOCATE|[108]|Bytes:16
14:40:03.0 (71145579)|VARIABLE_SCOPE_BEGIN|[108]|u|User|true|false
14:40:03.0 (71159385)|VARIABLE_ASSIGNMENT|[108]|u|{"s":1,"v":{"Id":"005D0000002jJFZIA2","Name":"SomDig_AdTech Tester","CurrencyIsoCode":"EUR"}}|0x5e33f5d
14:40:03.0 (71162607)|STATEMENT_EXECUTE|[108]
14:40:03.0 (71163763)|STATEMENT_EXECUTE|[109]
14:40:03.0 (71174417)|HEAP_ALLOCATE|[109]|Bytes:18
14:40:03.0 (71189939)|HEAP_ALLOCATE|[EXTERNAL]|Bytes:4
14:40:03.0 (71201480)|HEAP_ALLOCATE|[108]|Bytes:5
14:40:03.0 (71223531)|HEAP_ALLOCATE|[108]|Bytes:16
14:40:03.0 (71230884)|VARIABLE_SCOPE_BEGIN|[108]|u|User|true|false
14:40:03.0 (71245567)|VARIABLE_ASSIGNMENT|[108]|u|{"s":1,"v":{"Id":"005D00000049FIoIAM","Name":"SomDig_Billing Teste (1 more) ...","CurrencyIsoCode":"EUR"}}|0x30b89fe8
14:40:03.0 (71249287)|STATEMENT_EXECUTE|[108]
14:40:03.0 (71250478)|STATEMENT_EXECUTE|[109]
14:40:03.0 (71261605)|HEAP_ALLOCATE|[109]|Bytes:18
14:40:03.0 (71277619)|HEAP_ALLOCATE|[EXTERNAL]|Bytes:4
14:40:03.0 (71289084)|HEAP_ALLOCATE|[108]|Bytes:5
14:40:03.0 (71308345)|HEAP_ALLOCATE|[108]|Bytes:16
14:40:03.0 (71315641)|VARIABLE_SCOPE_BEGIN|[108]|u|User|true|false
14:40:03.0 (71329110)|VARIABLE_ASSIGNMENT|[108]|u|{"s":1,"v":{"Id":"005D00000049FIpIAM","Name":"SomDig_PAM Tester","CurrencyIsoCode":"EUR"}}|0x7b83a115
14:40:03.0 (71332272)|STATEMENT_EXECUTE|[108]
14:40:03.0 (71333408)|STATEMENT_EXECUTE|[109]
14:40:03.0 (71347007)|HEAP_ALLOCATE|[109]|Bytes:18
14:40:03.0 (71362907)|HEAP_ALLOCATE|[EXTERNAL]|Bytes:4
14:40:03.0 (71374381)|HEAP_ALLOCATE|[108]|Bytes:5
14:40:03.0 (71393748)|HEAP_ALLOCATE|[108]|Bytes:16
14:40:03.0 (71401279)|VARIABLE_SCOPE_BEGIN|[108]|u|User|true|false
14:40:03.0 (71414725)|VARIABLE_ASSIGNMENT|[108]|u|{"s":1,"v":{"Id":"005D00000049FIqIAM","Name":"SomDig_PM Tester","CurrencyIsoCode":"EUR"}}|0x36f1e655
14:40:03.0 (71418001)|STATEMENT_EXECUTE|[108]
14:40:03.0 (71419053)|STATEMENT_EXECUTE|[109]
14:40:03.0 (71429862)|HEAP_ALLOCATE|[109]|Bytes:18
14:40:03.0 (71445437)|HEAP_ALLOCATE|[EXTERNAL]|Bytes:4
14:40:03.0 (71456859)|HEAP_ALLOCATE|[108]|Bytes:5
14:40:03.0 (71476416)|HEAP_ALLOCATE|[108]|Bytes:16
14:40:03.0 (71483589)|VARIABLE_SCOPE_BEGIN|[108]|u|User|true|false
14:40:03.0 (71496888)|VARIABLE_ASSIGNMENT|[108]|u|{"s":1,"v":{"Id":"005D0000001VrNRIA0","Name":"SomDig_Sales Tester","CurrencyIsoCode":"EUR"}}|0x2a742e01
14:40:03.0 (71502566)|STATEMENT_EXECUTE|[108]
14:40:03.0 (71503799)|STATEMENT_EXECUTE|[109]
14:40:03.0 (71514746)|HEAP_ALLOCATE|[109]|Bytes:18
14:40:03.0 (71530394)|HEAP_ALLOCATE|[EXTERNAL]|Bytes:4
14:40:03.0 (71541912)|HEAP_ALLOCATE|[108]|Bytes:5
14:40:03.0 (71561097)|HEAP_ALLOCATE|[108]|Bytes:16
14:40:03.0 (71568449)|VARIABLE_SCOPE_BEGIN|[108]|u|User|true|false
14:40:03.0 (71586124)|VARIABLE_ASSIGNMENT|[108]|u|{"s":1,"v":{"Id":"005D0000004rQF5IAM","Name":"Som_ReadOnly Tester","CurrencyIsoCode":"EUR"}}|0x5ec7a378
14:40:03.0 (71589168)|STATEMENT_EXECUTE|[108]
14:40:03.0 (71590272)|STATEMENT_EXECUTE|[109]
14:40:03.0 (71601568)|HEAP_ALLOCATE|[109]|Bytes:18
14:40:03.0 (71617519)|HEAP_ALLOCATE|[EXTERNAL]|Bytes:4
14:40:03.0 (71629145)|HEAP_ALLOCATE|[108]|Bytes:5
14:40:03.0 (71648366)|HEAP_ALLOCATE|[108]|Bytes:16
14:40:03.0 (71655562)|VARIABLE_SCOPE_BEGIN|[108]|u|User|true|false
14:40:03.0 (71672529)|VARIABLE_ASSIGNMENT|[108]|u|{"s":1,"v":{"Id":"005D00000049FIrIAM","Name":"SomTv_ADFactory Test (2 more) ...","CurrencyIsoCode":"EUR"}}|0x382a2abc
14:40:03.0 (71675974)|STATEMENT_EXECUTE|[108]
14:40:03.0 (71677022)|STATEMENT_EXECUTE|[109]
14:40:03.0 (71687963)|HEAP_ALLOCATE|[109]|Bytes:18
14:40:03.0 (71703420)|HEAP_ALLOCATE|[EXTERNAL]|Bytes:4
14:40:03.0 (71714961)|HEAP_ALLOCATE|[108]|Bytes:5
14:40:03.0 (71734151)|HEAP_ALLOCATE|[108]|Bytes:16
14:40:03.0 (71741367)|VARIABLE_SCOPE_BEGIN|[108]|u|User|true|false
14:40:03.0 (71755197)|VARIABLE_ASSIGNMENT|[108]|u|{"s":1,"v":{"Id":"005D00000049FItIAM","Name":"SomTv_Marketing Test (2 more) ...","CurrencyIsoCode":"EUR"}}|0x150a0a2
14:40:03.0 (71758644)|STATEMENT_EXECUTE|[108]
14:40:03.0 (71760168)|STATEMENT_EXECUTE|[109]
14:40:03.0 (71771051)|HEAP_ALLOCATE|[109]|Bytes:18
14:40:03.0 (71786139)|HEAP_ALLOCATE|[EXTERNAL]|Bytes:4
14:40:03.0 (71797528)|HEAP_ALLOCATE|[108]|Bytes:5
14:40:03.0 (71819062)|HEAP_ALLOCATE|[108]|Bytes:16
14:40:03.0 (71826731)|VARIABLE_SCOPE_BEGIN|[108]|u|User|true|false
14:40:03.0 (71840209)|VARIABLE_ASSIGNMENT|[108]|u|{"s":1,"v":{"Id":"005D00000049FIuIAM","Name":"SomTv_RM Tester","CurrencyIsoCode":"EUR"}}|0xa5f92af
14:40:03.0 (71843391)|STATEMENT_EXECUTE|[108]
14:40:03.0 (71844559)|STATEMENT_EXECUTE|[109]
14:40:03.0 (71855287)|HEAP_ALLOCATE|[109]|Bytes:18
14:40:03.0 (71870676)|HEAP_ALLOCATE|[EXTERNAL]|Bytes:4
14:40:03.0 (71882086)|HEAP_ALLOCATE|[108]|Bytes:5
14:40:03.0 (71901232)|HEAP_ALLOCATE|[108]|Bytes:16
14:40:03.0 (71908366)|VARIABLE_SCOPE_BEGIN|[108]|u|User|true|false
14:40:03.0 (71921399)|VARIABLE_ASSIGNMENT|[108]|u|{"s":1,"v":{"Id":"005D00000049FIvIAM","Name":"SomTv_Sales Tester","CurrencyIsoCode":"EUR"}}|0x69e03cff
14:40:03.0 (71924428)|STATEMENT_EXECUTE|[108]
14:40:03.0 (71925829)|STATEMENT_EXECUTE|[109]
14:40:03.0 (71936538)|HEAP_ALLOCATE|[109]|Bytes:18
14:40:03.0 (71954249)|HEAP_ALLOCATE|[EXTERNAL]|Bytes:4
14:40:03.0 (71966167)|HEAP_ALLOCATE|[108]|Bytes:5
14:40:03.0 (71985433)|HEAP_ALLOCATE|[108]|Bytes:16
14:40:03.0 (71992643)|VARIABLE_SCOPE_BEGIN|[108]|u|User|true|false
14:40:03.0 (72010075)|VARIABLE_ASSIGNMENT|[108]|u|{"s":1,"v":{"Id":"005D00000049FIyIAM","Name":"SomTv_SalesManagemen (8 more) ...","CurrencyIsoCode":"EUR"}}|0xf694b5
14:40:03.0 (72014538)|STATEMENT_EXECUTE|[108]
14:40:03.0 (72015637)|STATEMENT_EXECUTE|[109]
14:40:03.0 (72026673)|HEAP_ALLOCATE|[109]|Bytes:18
14:40:03.0 (72042267)|HEAP_ALLOCATE|[EXTERNAL]|Bytes:4
14:40:03.0 (72056344)|HEAP_ALLOCATE|[108]|Bytes:5
14:40:03.0 (72075521)|HEAP_ALLOCATE|[108]|Bytes:16
14:40:03.0 (72082640)|VARIABLE_SCOPE_BEGIN|[108]|u|User|true|false
14:40:03.0 (72098898)|VARIABLE_ASSIGNMENT|[108]|u|{"s":1,"v":{"Id":"005D00000049FIzIAM","Name":"SomTv_SalesSteering  (6 more) ...","CurrencyIsoCode":"EUR"}}|0x4a761b9
14:40:03.0 (72102617)|STATEMENT_EXECUTE|[108]
14:40:03.0 (72104016)|STATEMENT_EXECUTE|[109]
14:40:03.0 (72114791)|HEAP_ALLOCATE|[109]|Bytes:18
14:40:03.0 (72130257)|HEAP_ALLOCATE|[EXTERNAL]|Bytes:4
14:40:03.0 (72141649)|HEAP_ALLOCATE|[108]|Bytes:5
14:40:03.0 (72160547)|HEAP_ALLOCATE|[108]|Bytes:16
14:40:03.0 (72167643)|VARIABLE_SCOPE_BEGIN|[108]|u|User|true|false
14:40:03.0 (72181001)|VARIABLE_ASSIGNMENT|[108]|u|{"s":1,"v":{"Id":"005D00000049FJ0IAM","Name":"SomTv_TeamCRM Tester","CurrencyIsoCode":"EUR"}}|0x721b5168
14:40:03.0 (72184346)|STATEMENT_EXECUTE|[108]
14:40:03.0 (72185390)|STATEMENT_EXECUTE|[109]
14:40:03.0 (72195918)|HEAP_ALLOCATE|[109]|Bytes:18
14:40:03.0 (72211022)|HEAP_ALLOCATE|[EXTERNAL]|Bytes:4
14:40:03.0 (72222418)|HEAP_ALLOCATE|[108]|Bytes:5
14:40:03.0 (72244593)|HEAP_ALLOCATE|[108]|Bytes:16
14:40:03.0 (72251965)|VARIABLE_SCOPE_BEGIN|[108]|u|User|true|false
14:40:03.0 (72266027)|VARIABLE_ASSIGNMENT|[108]|u|{"s":1,"v":{"Id":"005D00000049FJ2IAM","Name":"Ven_Controlling Test (2 more) ...","CurrencyIsoCode":"EUR"}}|0x1af48c10
14:40:03.0 (72269880)|STATEMENT_EXECUTE|[108]
14:40:03.0 (72271121)|STATEMENT_EXECUTE|[109]
14:40:03.0 (72281776)|HEAP_ALLOCATE|[109]|Bytes:18
14:40:03.0 (72297143)|HEAP_ALLOCATE|[EXTERNAL]|Bytes:4
14:40:03.0 (72308680)|HEAP_ALLOCATE|[108]|Bytes:5
14:40:03.0 (72327662)|HEAP_ALLOCATE|[108]|Bytes:16
14:40:03.0 (72334834)|VARIABLE_SCOPE_BEGIN|[108]|u|User|true|false
14:40:03.0 (72348830)|VARIABLE_ASSIGNMENT|[108]|u|{"s":1,"v":{"Id":"005D0000002jIReIAM","Name":"Ven_DataManager Test (2 more) ...","CurrencyIsoCode":"EUR"}}|0x2e93e0c7
14:40:03.0 (72352304)|STATEMENT_EXECUTE|[108]
14:40:03.0 (72353334)|STATEMENT_EXECUTE|[109]
14:40:03.0 (72363680)|HEAP_ALLOCATE|[109]|Bytes:18
14:40:03.0 (72378960)|HEAP_ALLOCATE|[EXTERNAL]|Bytes:4
14:40:03.0 (72390490)|HEAP_ALLOCATE|[108]|Bytes:5
14:40:03.0 (72412545)|HEAP_ALLOCATE|[108]|Bytes:16
14:40:03.0 (72419828)|VARIABLE_SCOPE_BEGIN|[108]|u|User|true|false
14:40:03.0 (72433469)|VARIABLE_ASSIGNMENT|[108]|u|{"s":1,"v":{"Id":"005D000000410gaIAA","Name":"Ven_Extern Tester","CurrencyIsoCode":"EUR"}}|0x1186e605
14:40:03.0 (72436831)|STATEMENT_EXECUTE|[108]
14:40:03.0 (72437979)|STATEMENT_EXECUTE|[109]
14:40:03.0 (72448563)|HEAP_ALLOCATE|[109]|Bytes:18
14:40:03.0 (72463823)|HEAP_ALLOCATE|[EXTERNAL]|Bytes:4
14:40:03.0 (72475243)|HEAP_ALLOCATE|[108]|Bytes:5
14:40:03.0 (72494232)|HEAP_ALLOCATE|[108]|Bytes:16
14:40:03.0 (72501282)|VARIABLE_SCOPE_BEGIN|[108]|u|User|true|false
14:40:03.0 (72515022)|VARIABLE_ASSIGNMENT|[108]|u|{"s":1,"v":{"Id":"005D00000049FJ3IAM","Name":"Ven_InvestmentManage (8 more) ...","CurrencyIsoCode":"EUR"}}|0x393e754c
14:40:03.0 (72518354)|STATEMENT_EXECUTE|[108]
14:40:03.0 (72519464)|STATEMENT_EXECUTE|[109]
14:40:03.0 (72529797)|HEAP_ALLOCATE|[109]|Bytes:18
14:40:03.0 (72544937)|HEAP_ALLOCATE|[EXTERNAL]|Bytes:4
14:40:03.0 (72559324)|HEAP_ALLOCATE|[108]|Bytes:5
14:40:03.0 (72582255)|HEAP_ALLOCATE|[108]|Bytes:16
14:40:03.0 (72589903)|VARIABLE_SCOPE_BEGIN|[108]|u|User|true|false
14:40:03.0 (72603730)|VARIABLE_ASSIGNMENT|[108]|u|{"s":1,"v":{"Id":"005D00000049FJ4IAM","Name":"Ven_MediaExpert Test (2 more) ...","CurrencyIsoCode":"EUR"}}|0x714fa77
14:40:03.0 (72607497)|STATEMENT_EXECUTE|[108]
14:40:03.0 (72608837)|STATEMENT_EXECUTE|[109]
14:40:03.0 (72619611)|HEAP_ALLOCATE|[109]|Bytes:18
14:40:03.0 (72635099)|HEAP_ALLOCATE|[EXTERNAL]|Bytes:4
14:40:03.0 (72646498)|HEAP_ALLOCATE|[108]|Bytes:5
14:40:03.0 (72665721)|HEAP_ALLOCATE|[108]|Bytes:16
14:40:03.0 (72672834)|VARIABLE_SCOPE_BEGIN|[108]|u|User|true|false
14:40:03.0 (72686078)|VARIABLE_ASSIGNMENT|[108]|u|{"s":1,"v":{"Id":"005D00000049FJ5IAM","Name":"Ven_ReadOnly Tester","CurrencyIsoCode":"EUR"}}|0x3630b78a
14:40:03.0 (72689220)|STATEMENT_EXECUTE|[108]
14:40:03.0 (72692710)|STATEMENT_EXECUTE|[109]
14:40:03.0 (72703615)|HEAP_ALLOCATE|[109]|Bytes:18
14:40:03.0 (72719117)|HEAP_ALLOCATE|[EXTERNAL]|Bytes:4
14:40:03.0 (72730621)|HEAP_ALLOCATE|[108]|Bytes:5
14:40:03.0 (72749799)|HEAP_ALLOCATE|[108]|Bytes:16
14:40:03.0 (72756938)|VARIABLE_SCOPE_BEGIN|[108]|u|User|true|false
14:40:03.0 (72770084)|VARIABLE_ASSIGNMENT|[108]|u|{"s":1,"v":{"Id":"005D00000049FJ6IAM","Name":"Ven_Standard Tester","CurrencyIsoCode":"EUR"}}|0x1020d987
14:40:03.0 (72773201)|STATEMENT_EXECUTE|[108]
14:40:03.0 (72774363)|STATEMENT_EXECUTE|[109]
14:40:03.0 (72784866)|HEAP_ALLOCATE|[109]|Bytes:18
14:40:03.0 (72799833)|HEAP_ALLOCATE|[EXTERNAL]|Bytes:4
14:40:03.0 (72811620)|HEAP_ALLOCATE|[108]|Bytes:5
14:40:03.0 (72822806)|VARIABLE_ASSIGNMENT|[108]|u|null|
14:40:03.0 (72825769)|STATEMENT_EXECUTE|[111]
14:40:03.0 (73133364)|SYSTEM_MODE_ENTER|true
14:40:03.0 (73183455)|HEAP_ALLOCATE|[EXTERNAL]|Bytes:52
14:40:03.0 (73190533)|VARIABLE_SCOPE_BEGIN|[114]|this|cls_P7S1_User_ChangeProfile|true|false
14:40:03.0 (73239852)|VARIABLE_ASSIGNMENT|[114]|this|{"currentUser":"0x7775eace","ShowPanel":"Admin","userList":"0x218be3a8"}|0x30a3cc11
14:40:03.0 (73253204)|HEAP_ALLOCATE|[114]|Bytes:5
14:40:03.0 (73257198)|STATEMENT_EXECUTE|[114]
14:40:03.0 (73258723)|STATEMENT_EXECUTE|[114]
14:40:03.0 (75480547)|VF_SERIALIZE_VIEWSTATE_BEGIN|066D0000000V3u3
14:40:03.0 (77441610)|VF_SERIALIZE_VIEWSTATE_END
14:40:03.80 (80779430)|CUMULATIVE_LIMIT_USAGE
14:40:03.80 (80779430)|LIMIT_USAGE_FOR_NS|(default)|
  Number of SOQL queries: 2 out of 100
  Number of query rows: 26 out of 50000
  Number of SOSL queries: 0 out of 20
  Number of DML statements: 0 out of 150
  Number of DML rows: 0 out of 10000
  Maximum CPU time: 0 out of 10000
  Maximum heap size: 0 out of 6000000
  Number of callouts: 0 out of 100
  Number of Email Invocations: 0 out of 10
  Number of future calls: 0 out of 50
  Number of queueable jobs added to the queue: 0 out of 50
  Number of Mobile Apex push calls: 0 out of 10

14:40:03.80 (80779430)|CUMULATIVE_LIMIT_USAGE_END

14:40:03.0 (80825037)|CODE_UNIT_FINISHED|VF: /apex/vfp_P7S1_User_ChangeProfile
14:40:03.0 (81804008)|EXECUTION_FINISHED
