38.0 APEX_CODE,FINEST;APEX_PROFILING,INFO;CALLOUT,INFO;DB,INFO;SYSTEM,DEBUG;VALIDATION,INFO;VISUALFORCE,INFO;WORKFLOW,INFO
18:21:45.0 (84996)|USER_INFO|[EXTERNAL]|00557000005jeEC|p7s1.bschneider@factory42.com.kam|Mitteleuropäische Normalzeit|GMT+02:00
18:21:45.0 (119549)|EXECUTION_STARTED
18:21:45.0 (126090)|CODE_UNIT_STARTED|[EXTERNAL]|aura
18:21:45.0 (461215)|HEAP_ALLOCATE|[72]|Bytes:3
18:21:45.0 (519042)|HEAP_ALLOCATE|[77]|Bytes:152
18:21:45.0 (540052)|HEAP_ALLOCATE|[342]|Bytes:408
18:21:45.0 (560317)|HEAP_ALLOCATE|[355]|Bytes:408
18:21:45.0 (579121)|HEAP_ALLOCATE|[467]|Bytes:48
18:21:45.0 (607950)|HEAP_ALLOCATE|[139]|Bytes:6
18:21:45.0 (635345)|HEAP_ALLOCATE|[EXTERNAL]|Bytes:18
18:21:45.0 (654702)|HEAP_ALLOCATE|[EXTERNAL]|Bytes:18
18:21:45.0 (11682678)|HEAP_ALLOCATE|[EXTERNAL]|Bytes:18
18:21:45.0 (11714895)|HEAP_ALLOCATE|[EXTERNAL]|Bytes:18
18:21:45.0 (11781144)|HEAP_ALLOCATE|[EXTERNAL]|Bytes:37
18:21:45.0 (11791027)|HEAP_ALLOCATE|[EXTERNAL]|Bytes:37
18:21:45.0 (13835701)|CODE_UNIT_STARTED|[EXTERNAL]|01p3E0000004a8n|Som_Kam_CmpCtrl.inviteForKickoff2
18:21:45.0 (14093270)|HEAP_ALLOCATE|[EXTERNAL]|Bytes:89
18:21:45.0 (14101743)|HEAP_ALLOCATE|[EXTERNAL]|Bytes:84
18:21:45.0 (14104509)|HEAP_ALLOCATE|[EXTERNAL]|Bytes:84
18:21:45.0 (14122952)|METHOD_ENTRY|[14]|01p3E0000004a8n|Som_Kam_CmpCtrl.Som_Kam_CmpCtrl()
18:21:45.0 (14127966)|STATEMENT_EXECUTE|[14]
18:21:45.0 (14137227)|STATEMENT_EXECUTE|[14]
18:21:45.0 (14199992)|HEAP_ALLOCATE|[50]|Bytes:5
18:21:45.0 (14253167)|HEAP_ALLOCATE|[56]|Bytes:5
18:21:45.0 (14272374)|HEAP_ALLOCATE|[64]|Bytes:7
18:21:45.0 (14319727)|SYSTEM_MODE_ENTER|true
18:21:45.0 (14347025)|HEAP_ALLOCATE|[EXTERNAL]|Bytes:5
18:21:45.0 (14352194)|STATEMENT_EXECUTE|[1027]
18:21:45.0 (14354087)|STATEMENT_EXECUTE|[1063]
18:21:45.0 (14355297)|STATEMENT_EXECUTE|[1085]
18:21:45.0 (14356533)|STATEMENT_EXECUTE|[1134]
18:21:45.0 (14357409)|STATEMENT_EXECUTE|[1167]
18:21:45.0 (14369103)|SYSTEM_MODE_EXIT|true
18:21:45.0 (14379427)|METHOD_EXIT|[14]|Som_Kam_CmpCtrl
18:21:45.0 (14407115)|HEAP_ALLOCATE|[EXTERNAL]|Bytes:16
18:21:45.0 (14410213)|HEAP_ALLOCATE|[EXTERNAL]|Bytes:18
18:21:45.0 (14417420)|HEAP_ALLOCATE|[EXTERNAL]|Bytes:40
18:21:45.0 (14418876)|HEAP_ALLOCATE|[EXTERNAL]|Bytes:18
18:21:45.0 (14420042)|HEAP_ALLOCATE|[EXTERNAL]|Bytes:37
18:21:45.0 (14442388)|HEAP_ALLOCATE|[EXTERNAL]|Bytes:28
18:21:45.0 (14449216)|SYSTEM_MODE_ENTER|false
18:21:45.0 (14461471)|VARIABLE_SCOPE_BEGIN|[701]|accPlanTeamIds|List<String>|true|false
18:21:45.0 (14522613)|VARIABLE_ASSIGNMENT|[701]|accPlanTeamIds|{"s":1,"v":["a1P3E0000008a35UAA","a1P3E0000008iPVUAY","a1P3E0000008iD5UAI"]}|0x21438dd2
18:21:45.0 (14531936)|VARIABLE_SCOPE_BEGIN|[701]|accPlanId|String|false|false
18:21:45.0 (14538682)|VARIABLE_ASSIGNMENT|[701]|accPlanId|"a093E000000sCLFQA2"
18:21:45.0 (14543502)|VARIABLE_SCOPE_BEGIN|[701]|accPlan|Som_Kam__c|true|false
18:21:45.0 (14594874)|VARIABLE_ASSIGNMENT|[701]|accPlan|{"Som_EmailText__c":"Das ist ein Test.Tex (73 more) ...","Som_EmailSubject__c":"Account Plan Test-Ac (40 more) ...","Som_Review__c":"2016-08-05T00:00:00.000Z","Som_Year__c":2016,"Som_Account__r":{"Id":"0013E000006KJGeQAO","Name":"Test-Account RH"},"Id":"a093E000000sCLFQA2","Som_Account__c":"0013E000006KJGeQAO","Som_Kickoff__c":"2016-07-30T00:00:00.000Z","Name":"AP_2016-000004"}|0x57d7a01a
18:21:45.0 (14602226)|VARIABLE_SCOPE_BEGIN|[701]|accId|String|false|false
18:21:45.0 (14606812)|VARIABLE_ASSIGNMENT|[701]|accId|"0013E000006KJGeQAO"
18:21:45.0 (14609888)|VARIABLE_SCOPE_BEGIN|[701]|hostUrl|String|false|false
18:21:45.0 (14614716)|VARIABLE_ASSIGNMENT|[701]|hostUrl|"https://p7s1--kam.li (17 more) ..."
18:21:45.0 (14618251)|VARIABLE_SCOPE_BEGIN|[701]|selectedYear|Integer|false|false
18:21:45.0 (14624587)|VARIABLE_ASSIGNMENT|[701]|selectedYear|2016
18:21:45.0 (14639240)|SYSTEM_MODE_ENTER|true
18:21:45.0 (14645168)|HEAP_ALLOCATE|[704]|Bytes:5
18:21:45.0 (14649178)|STATEMENT_EXECUTE|[701]
18:21:45.0 (14650605)|STATEMENT_EXECUTE|[704]
18:21:45.0 (15127254)|HEAP_ALLOCATE|[704]|Bytes:21
18:21:45.0 (15150109)|SYSTEM_MODE_EXIT|true
18:21:45.0 (15227458)|FATAL_ERROR|System.UnexpectedException: Illegal arguments

Class.Som_Kam_CmpCtrl.inviteForKickoff2: line 704, column 1
18:21:45.0 (15241491)|FATAL_ERROR|System.UnexpectedException: Illegal arguments

Class.Som_Kam_CmpCtrl.inviteForKickoff2: line 704, column 1
18:21:45.15 (15261091)|CUMULATIVE_LIMIT_USAGE
18:21:45.15 (15261091)|LIMIT_USAGE_FOR_NS|(default)|
  Number of SOQL queries: 0 out of 100
  Number of query rows: 0 out of 50000
  Number of SOSL queries: 0 out of 20
  Number of DML statements: 0 out of 150
  Number of DML rows: 0 out of 10000
  Maximum CPU time: 0 out of 10000
  Maximum heap size: 0 out of 6000000
  Number of callouts: 0 out of 100
  Number of Email Invocations: 0 out of 10
  Number of future calls: 0 out of 50
  Number of queueable jobs added to the queue: 0 out of 50
  Number of Mobile Apex push calls: 0 out of 10

18:21:45.15 (15261091)|CUMULATIVE_LIMIT_USAGE_END

18:21:45.0 (15304566)|CODE_UNIT_FINISHED|Som_Kam_CmpCtrl.inviteForKickoff2
