38.0 APEX_CODE,FINEST;APEX_PROFILING,INFO;CALLOUT,INFO;DB,INFO;SYSTEM,DEBUG;VALIDATION,INFO;VISUALFORCE,INFO;WORKFLOW,INFO
13:46:38.0 (304281)|USER_INFO|[EXTERNAL]|00557000005jeEC|p7s1.bschneider@factory42.com.kam|Mitteleuropäische Normalzeit|GMT+02:00
13:46:38.0 (334017)|EXECUTION_STARTED
13:46:38.0 (339871)|CODE_UNIT_STARTED|[EXTERNAL]|VisualForce View State
13:46:38.0 (589712548)|HEAP_ALLOCATE|[72]|Bytes:3
13:46:38.0 (589783666)|HEAP_ALLOCATE|[77]|Bytes:152
13:46:38.0 (589802497)|HEAP_ALLOCATE|[342]|Bytes:408
13:46:38.0 (589821853)|HEAP_ALLOCATE|[355]|Bytes:408
13:46:38.0 (589840423)|HEAP_ALLOCATE|[467]|Bytes:48
13:46:38.0 (589876700)|HEAP_ALLOCATE|[139]|Bytes:6
13:46:38.0 (589914439)|HEAP_ALLOCATE|[50]|Bytes:5
13:46:38.0 (589938400)|HEAP_ALLOCATE|[56]|Bytes:5
13:46:38.0 (589947155)|HEAP_ALLOCATE|[64]|Bytes:7
13:46:38.0 (591689618)|CODE_UNIT_FINISHED|VisualForce View State
13:46:38.0 (591850264)|EXECUTION_FINISHED
13:46:38.597 (597286003)|USER_INFO|[EXTERNAL]|00557000005jeEC|p7s1.bschneider@factory42.com.kam|Mitteleuropäische Normalzeit|GMT+02:00
13:46:38.600 (600323355)|CUMULATIVE_LIMIT_USAGE
13:46:38.600 (600323355)|LIMIT_USAGE_FOR_NS|(default)|
  Number of SOQL queries: 0 out of 100
  Number of query rows: 0 out of 50000
  Number of SOSL queries: 0 out of 20
  Number of DML statements: 0 out of 150
  Number of DML rows: 0 out of 10000
  Maximum CPU time: 0 out of 10000
  Maximum heap size: 0 out of 6000000
  Number of callouts: 0 out of 100
  Number of Email Invocations: 0 out of 10
  Number of future calls: 0 out of 50
  Number of queueable jobs added to the queue: 0 out of 50
  Number of Mobile Apex push calls: 0 out of 10

13:46:38.600 (600323355)|CUMULATIVE_LIMIT_USAGE_END

