30.0 APEX_CODE,FINEST;APEX_PROFILING,INFO;CALLOUT,INFO;DB,INFO;SYSTEM,DEBUG;VALIDATION,INFO;VISUALFORCE,INFO;WORKFLOW,INFO
14:39:59.0 (335381)|USER_INFO|[EXTERNAL]|00557000005jeEC|p7s1.bschneider@factory42.com.kam|Mitteleuropäische Normalzeit|GMT+02:00
14:39:59.0 (372098)|EXECUTION_STARTED
14:39:59.0 (378451)|CODE_UNIT_STARTED|[EXTERNAL]|066D0000000V3u3|VF: /apex/vfp_P7S1_User_ChangeProfile
14:39:59.0 (8262605)|SYSTEM_MODE_ENTER|true
14:39:59.0 (8542129)|VARIABLE_SCOPE_BEGIN|[4]|cls_P7S1_User_ChangeProfile.PAGE_URL|String|false|true
14:39:59.0 (8550984)|VARIABLE_SCOPE_BEGIN|[5]|cls_P7S1_User_ChangeProfile.SITE_NAME|String|false|true
14:39:59.0 (8716830)|HEAP_ALLOCATE|[72]|Bytes:3
14:39:59.0 (8768532)|HEAP_ALLOCATE|[77]|Bytes:152
14:39:59.0 (8788908)|HEAP_ALLOCATE|[342]|Bytes:408
14:39:59.0 (8807324)|HEAP_ALLOCATE|[355]|Bytes:408
14:39:59.0 (8824683)|HEAP_ALLOCATE|[467]|Bytes:48
14:39:59.0 (8858243)|HEAP_ALLOCATE|[139]|Bytes:6
14:39:59.0 (8881838)|HEAP_ALLOCATE|[EXTERNAL]|Bytes:328
14:39:59.0 (8887813)|HEAP_ALLOCATE|[EXTERNAL]|Bytes:73
14:39:59.0 (8890873)|HEAP_ALLOCATE|[EXTERNAL]|Bytes:26
14:39:59.0 (8894384)|HEAP_ALLOCATE|[EXTERNAL]|Bytes:28
14:39:59.0 (8924917)|VARIABLE_ASSIGNMENT|[EXTERNAL]|cls_P7S1_User_ChangeProfile.PAGE_URL|"/vfp_P7S1_User_Chang (8 more) ..."
14:39:59.0 (8929619)|HEAP_ALLOCATE|[EXTERNAL]|Bytes:13
14:39:59.0 (8937631)|VARIABLE_ASSIGNMENT|[EXTERNAL]|cls_P7S1_User_ChangeProfile.SITE_NAME|"ChangeProfile"
14:39:59.0 (8951901)|METHOD_ENTRY|[1]|01pD0000000KT71|cls_P7S1_User_ChangeProfile.cls_P7S1_User_ChangeProfile()
14:39:59.0 (8956055)|STATEMENT_EXECUTE|[1]
14:39:59.0 (8960854)|STATEMENT_EXECUTE|[1]
14:39:59.0 (9004457)|HEAP_ALLOCATE|[50]|Bytes:5
14:39:59.0 (9031170)|HEAP_ALLOCATE|[56]|Bytes:5
14:39:59.0 (9040712)|HEAP_ALLOCATE|[64]|Bytes:7
14:39:59.0 (9075739)|HEAP_ALLOCATE|[EXTERNAL]|Bytes:5
14:39:59.0 (9090671)|METHOD_EXIT|[1]|cls_P7S1_User_ChangeProfile
14:39:59.0 (9096756)|HEAP_ALLOCATE|[EXTERNAL]|Bytes:52
14:39:59.0 (9103336)|VARIABLE_SCOPE_BEGIN|[43]|this|cls_P7S1_User_ChangeProfile|true|false
14:39:59.0 (9388432)|VARIABLE_ASSIGNMENT|[43]|this|{}|0x69bf9081
14:39:59.0 (9400887)|HEAP_ALLOCATE|[EXTERNAL]|Bytes:5
14:39:59.0 (9404596)|STATEMENT_EXECUTE|[1]
14:39:59.0 (9407208)|HEAP_ALLOCATE|[EXTERNAL]|Bytes:5
14:39:59.0 (9409243)|STATEMENT_EXECUTE|[6]
14:39:59.0 (9410713)|STATEMENT_EXECUTE|[8]
14:39:59.0 (9411578)|STATEMENT_EXECUTE|[9]
14:39:59.0 (9412568)|STATEMENT_EXECUTE|[10]
14:39:59.0 (9413732)|STATEMENT_EXECUTE|[12]
14:39:59.0 (9414644)|STATEMENT_EXECUTE|[13]
14:39:59.0 (9415780)|STATEMENT_EXECUTE|[14]
14:39:59.0 (9416781)|STATEMENT_EXECUTE|[38]
14:39:59.0 (9417688)|STATEMENT_EXECUTE|[39]
14:39:59.0 (9418822)|STATEMENT_EXECUTE|[40]
14:39:59.0 (9419771)|STATEMENT_EXECUTE|[100]
14:39:59.0 (9420943)|STATEMENT_EXECUTE|[113]
14:39:59.0 (9430995)|HEAP_ALLOCATE|[EXTERNAL]|Bytes:6
14:39:59.0 (9454033)|STATEMENT_EXECUTE|[43]
14:39:59.0 (9615293)|HEAP_ALLOCATE|[EXTERNAL]|Bytes:52
14:39:59.0 (9641664)|VARIABLE_SCOPE_BEGIN|[46]|this|cls_P7S1_User_ChangeProfile|true|false
14:39:59.0 (9678041)|VARIABLE_ASSIGNMENT|[46]|this|{}|0x69bf9081
14:39:59.0 (9697357)|HEAP_ALLOCATE|[47]|Bytes:5
14:39:59.0 (9703432)|STATEMENT_EXECUTE|[46]
14:39:59.0 (9705793)|STATEMENT_EXECUTE|[47]
14:39:59.0 (9850204)|HEAP_ALLOCATE|[47]|Bytes:248
14:39:59.0 (9926127)|HEAP_ALLOCATE|[47]|Bytes:211
14:39:59.0 (9944412)|HEAP_ALLOCATE|[47]|Bytes:9
14:39:59.0 (9969179)|VARIABLE_SCOPE_BEGIN|[47]|profileId|String|false|false
14:39:59.0 (9981328)|VARIABLE_ASSIGNMENT|[47]|profileId|null
14:39:59.0 (9984772)|STATEMENT_EXECUTE|[48]
14:39:59.0 (10004234)|METHOD_ENTRY|[48]|01pD0000000KT71|cls_P7S1_User_ChangeProfile.initializeView()
14:39:59.0 (10030624)|VARIABLE_SCOPE_BEGIN|[51]|this|cls_P7S1_User_ChangeProfile|true|false
14:39:59.0 (10057163)|VARIABLE_ASSIGNMENT|[51]|this|{}|0x69bf9081
14:39:59.0 (10066043)|HEAP_ALLOCATE|[52]|Bytes:5
14:39:59.0 (10069831)|STATEMENT_EXECUTE|[51]
14:39:59.0 (10071160)|STATEMENT_EXECUTE|[52]
14:39:59.0 (10136231)|VARIABLE_ASSIGNMENT|[EXTERNAL]|this|{}|0x69bf9081
14:39:59.0 (10143593)|VARIABLE_ASSIGNMENT|[EXTERNAL]|value|null
14:39:59.0 (10154465)|VARIABLE_ASSIGNMENT|[14]|this.ShowPanel|null|0x69bf9081
14:39:59.0 (10161898)|STATEMENT_EXECUTE|[53]
14:39:59.0 (10165944)|HEAP_ALLOCATE|[53]|Bytes:7
14:39:59.0 (10208976)|USER_DEBUG|[53]|DEBUG|###View
14:39:59.0 (10216728)|STATEMENT_EXECUTE|[54]
14:39:59.0 (10220092)|HEAP_ALLOCATE|[54]|Bytes:145
14:39:59.0 (10230405)|HEAP_ALLOCATE|[54]|Bytes:4
14:39:59.0 (10240587)|HEAP_ALLOCATE|[54]|Bytes:7
14:39:59.0 (10283072)|HEAP_ALLOCATE|[57]|Bytes:85
14:39:59.0 (10295762)|SYSTEM_METHOD_ENTRY|[1]|UserInfo.UserInfo()
14:39:59.0 (10298606)|STATEMENT_EXECUTE|[1]
14:39:59.0 (10306465)|SYSTEM_METHOD_EXIT|[1]|UserInfo
14:39:59.0 (10317398)|METHOD_ENTRY|[57]||System.UserInfo.getUserId()
14:39:59.0 (10359966)|METHOD_EXIT|[57]||System.UserInfo.getUserId()
14:39:59.0 (14076912)|SOQL_EXECUTE_BEGIN|[54]|Aggregations:0|SELECT Id, Name, UserName, ProfileId, Profile.UserLicenseId, Profile.Name, Email, P7S1_ShowTestuserLinks__c FROM User WHERE Id = :tmpVar1 LIMIT 1
14:39:59.0 (49275852)|SOQL_EXECUTE_END|[54]|Rows:1
14:39:59.0 (49320808)|HEAP_ALLOCATE|[54]|Bytes:8
14:39:59.0 (49348985)|HEAP_ALLOCATE|[54]|Bytes:320
14:39:59.0 (49406881)|HEAP_ALLOCATE|[54]|Bytes:8
14:39:59.0 (49427790)|HEAP_ALLOCATE|[54]|Bytes:30
14:39:59.0 (49528786)|HEAP_ALLOCATE|[54]|Bytes:36
14:39:59.0 (49628814)|VARIABLE_ASSIGNMENT|[EXTERNAL]|this|{}|0x69bf9081
14:39:59.0 (49668766)|VARIABLE_ASSIGNMENT|[EXTERNAL]|value|{"s":1,"v":{"Id":"00557000005jeECAAY","Name":"Benjamin Schneider","Username":"p7s1.bschneider@fact (13 more) ...","ProfileId":"00e20000000lfOjAAI","Email":"bschneider@factory42 (4 more) ...","P7S1_ShowTestuserLin (5 more) ...":true,"CurrencyIsoCode":"EUR","Profile":{"s":2,"v":{"UserLicenseId":"100200000009H1sAAE","Name":"Systemadministrator","Id":"00e20000000lfOjAAI"}}}}|0x4cddaf9f
14:39:59.0 (49698119)|VARIABLE_ASSIGNMENT|[8]|this.currentUser|{"s":1,"v":{"Id":"00557000005jeECAAY","Name":"Benjamin Schneider","Username":"p7s1.bschneider@fact (13 more) ...","ProfileId":"00e20000000lfOjAAI","Email":"bschneider@factory42 (4 more) ...","P7S1_ShowTestuserLin (5 more) ...":true,"CurrencyIsoCode":"EUR","Profile":{"s":2,"v":{"UserLicenseId":"100200000009H1sAAE","Name":"Systemadministrator","Id":"00e20000000lfOjAAI"}}}}|0x69bf9081
14:39:59.0 (49724285)|METHOD_ENTRY|[61]||System.UserInfo.getProfileId()
14:39:59.0 (49795660)|METHOD_EXIT|[61]||System.UserInfo.getProfileId()
14:39:59.0 (49816075)|HEAP_ALLOCATE|[61]|Bytes:4
14:39:59.0 (49821974)|HEAP_ALLOCATE|[61]|Bytes:18
14:39:59.0 (49847506)|HEAP_ALLOCATE|[61]|Bytes:4
14:39:59.0 (49879830)|STATEMENT_EXECUTE|[61]
14:39:59.0 (49882521)|STATEMENT_EXECUTE|[62]
14:39:59.0 (49885581)|HEAP_ALLOCATE|[62]|Bytes:5
14:39:59.0 (49937938)|VARIABLE_ASSIGNMENT|[EXTERNAL]|this|{"currentUser":"0x4cddaf9f"}|0x69bf9081
14:39:59.0 (49944102)|VARIABLE_ASSIGNMENT|[EXTERNAL]|value|"Admin"
14:39:59.0 (49953501)|VARIABLE_ASSIGNMENT|[14]|this.ShowPanel|"Admin"|0x69bf9081
14:39:59.0 (49960790)|STATEMENT_EXECUTE|[63]
14:39:59.0 (49964550)|HEAP_ALLOCATE|[63]|Bytes:128
14:39:59.0 (49974387)|HEAP_ALLOCATE|[63]|Bytes:4
14:39:59.0 (50377202)|SOQL_EXECUTE_BEGIN|[63]|Aggregations:0|SELECT Id, Name FROM User WHERE (P7S1_UserType__c = 'System_Tester' AND isActive = TRUE) ORDER BY Name ASC NULLS FIRST LIMIT 100
14:39:59.0 (57487655)|SOQL_EXECUTE_END|[63]|Rows:25
14:39:59.0 (57508966)|HEAP_ALLOCATE|[63]|Bytes:104
14:39:59.0 (57553219)|HEAP_ALLOCATE|[63]|Bytes:1973
14:39:59.0 (57569283)|HEAP_ALLOCATE|[63]|Bytes:104
14:39:59.0 (57627848)|VARIABLE_ASSIGNMENT|[EXTERNAL]|this|{"currentUser":"0x4cddaf9f","ShowPanel":"Admin"}|0x69bf9081
14:39:59.0 (57653397)|VARIABLE_ASSIGNMENT|[EXTERNAL]|value|{"s":1,"v":"List of size 25 too large to display"}|0x4d94a72
14:39:59.0 (57669093)|VARIABLE_ASSIGNMENT|[10]|this.userList|{"s":1,"v":"List of size 25 too large to display"}|0x69bf9081
14:39:59.0 (57678394)|STATEMENT_EXECUTE|[88]
14:39:59.0 (57690902)|METHOD_EXIT|[48]|01pD0000000KT71|cls_P7S1_User_ChangeProfile.initializeView()
14:39:59.0 (58683068)|SYSTEM_MODE_ENTER|true
14:39:59.59 (59143263)|USER_INFO|[EXTERNAL]|00557000005jeEC|p7s1.bschneider@factory42.com.kam|Mitteleuropäische Normalzeit|GMT+02:00
14:39:59.59 (59162239)|SYSTEM_MODE_ENTER|true
14:39:59.59 (59210339)|HEAP_ALLOCATE|[EXTERNAL]|Bytes:120
14:39:59.59 (59217094)|HEAP_ALLOCATE|[EXTERNAL]|Bytes:10
14:39:59.59 (59232183)|SYSTEM_METHOD_ENTRY|[1]|pagemessagecomponentcontroller.pagemessagecomponentcontroller()
14:39:59.59 (59235359)|STATEMENT_EXECUTE|[1]
14:39:59.59 (59442691)|USER_INFO|[EXTERNAL]|00557000005jeEC|p7s1.bschneider@factory42.com.kam|Mitteleuropäische Normalzeit|GMT+02:00
14:39:59.59 (59657459)|USER_INFO|[EXTERNAL]|00557000005jeEC|p7s1.bschneider@factory42.com.kam|Mitteleuropäische Normalzeit|GMT+02:00
14:39:59.59 (59820089)|USER_INFO|[EXTERNAL]|00557000005jeEC|p7s1.bschneider@factory42.com.kam|Mitteleuropäische Normalzeit|GMT+02:00
14:39:59.71 (71549365)|USER_INFO|[EXTERNAL]|00557000005jeEC|p7s1.bschneider@factory42.com.kam|Mitteleuropäische Normalzeit|GMT+02:00
14:39:59.71 (71742176)|USER_INFO|[EXTERNAL]|00557000005jeEC|p7s1.bschneider@factory42.com.kam|Mitteleuropäische Normalzeit|GMT+02:00
14:39:59.71 (71875386)|USER_INFO|[EXTERNAL]|00557000005jeEC|p7s1.bschneider@factory42.com.kam|Mitteleuropäische Normalzeit|GMT+02:00
14:39:59.72 (72104258)|USER_INFO|[EXTERNAL]|00557000005jeEC|p7s1.bschneider@factory42.com.kam|Mitteleuropäische Normalzeit|GMT+02:00
14:39:59.72 (72931787)|USER_INFO|[EXTERNAL]|00557000005jeEC|p7s1.bschneider@factory42.com.kam|Mitteleuropäische Normalzeit|GMT+02:00
14:39:59.73 (73309332)|USER_INFO|[EXTERNAL]|00557000005jeEC|p7s1.bschneider@factory42.com.kam|Mitteleuropäische Normalzeit|GMT+02:00
14:39:59.0 (73920267)|HEAP_ALLOCATE|[105]|Bytes:5
14:39:59.0 (73927099)|STATEMENT_EXECUTE|[104]
14:39:59.0 (73928874)|STATEMENT_EXECUTE|[105]
14:39:59.0 (73940125)|VARIABLE_ASSIGNMENT|[105]|this.selUserId|null|0x69bf9081
14:39:59.0 (73942416)|STATEMENT_EXECUTE|[106]
14:39:59.0 (73948629)|HEAP_ALLOCATE|[106]|Bytes:4
14:39:59.0 (73996228)|VARIABLE_SCOPE_BEGIN|[106]|options|List<System.SelectOption>|true|false
14:39:59.0 (74051306)|HEAP_ALLOCATE|[EXTERNAL]|Bytes:4
14:39:59.0 (74077177)|VARIABLE_ASSIGNMENT|[106]|options|{"s":1,"v":[]}|0x3e5839af
14:39:59.0 (74086503)|STATEMENT_EXECUTE|[107]
14:39:59.0 (74107958)|HEAP_ALLOCATE|[107]|Bytes:10
14:39:59.0 (74273924)|HEAP_ALLOCATE|[EXTERNAL]|Bytes:4
14:39:59.0 (74350522)|VARIABLE_ASSIGNMENT|[EXTERNAL]|this|{"currentUser":"0x4cddaf9f","ShowPanel":"Admin","userList":"0x4d94a72"}|0x69bf9081
14:39:59.0 (74592542)|HEAP_ALLOCATE|[108]|Bytes:5
14:39:59.0 (74627610)|HEAP_ALLOCATE|[108]|Bytes:16
14:39:59.0 (74641530)|VARIABLE_SCOPE_BEGIN|[108]|u|User|true|false
14:39:59.0 (74660816)|VARIABLE_ASSIGNMENT|[108]|u|{"s":1,"v":{"Id":"005D0000002QDFYIA4","Name":"Aer_Default Tester","CurrencyIsoCode":"EUR"}}|0x6401c24f
14:39:59.0 (74664603)|STATEMENT_EXECUTE|[108]
14:39:59.0 (74665861)|STATEMENT_EXECUTE|[109]
14:39:59.0 (74706374)|HEAP_ALLOCATE|[109]|Bytes:18
14:39:59.0 (74788912)|HEAP_ALLOCATE|[EXTERNAL]|Bytes:4
14:39:59.0 (74805638)|HEAP_ALLOCATE|[108]|Bytes:5
14:39:59.0 (74828793)|HEAP_ALLOCATE|[108]|Bytes:16
14:39:59.0 (74836633)|VARIABLE_SCOPE_BEGIN|[108]|u|User|true|false
14:39:59.0 (74852626)|VARIABLE_ASSIGNMENT|[108]|u|{"s":1,"v":{"Id":"00557000005jeLcAAI","Name":"MA_Default Tester","CurrencyIsoCode":"EUR"}}|0xd75e5bd
14:39:59.0 (74855990)|STATEMENT_EXECUTE|[108]
14:39:59.0 (74857156)|STATEMENT_EXECUTE|[109]
14:39:59.0 (74870735)|HEAP_ALLOCATE|[109]|Bytes:18
14:39:59.0 (74889116)|HEAP_ALLOCATE|[EXTERNAL]|Bytes:4
14:39:59.0 (74901602)|HEAP_ALLOCATE|[108]|Bytes:5
14:39:59.0 (74922809)|HEAP_ALLOCATE|[108]|Bytes:16
14:39:59.0 (74930099)|VARIABLE_SCOPE_BEGIN|[108]|u|User|true|false
14:39:59.0 (74946076)|VARIABLE_ASSIGNMENT|[108]|u|{"s":1,"v":{"Id":"005D00000047YCbIAM","Name":"P7S1_Interface Teste (1 more) ...","CurrencyIsoCode":"EUR"}}|0x187a4029
14:39:59.0 (74950247)|STATEMENT_EXECUTE|[108]
14:39:59.0 (74951378)|STATEMENT_EXECUTE|[109]
14:39:59.0 (74963873)|HEAP_ALLOCATE|[109]|Bytes:18
14:39:59.0 (74986817)|HEAP_ALLOCATE|[EXTERNAL]|Bytes:4
14:39:59.0 (74999503)|HEAP_ALLOCATE|[108]|Bytes:5
14:39:59.0 (75020973)|HEAP_ALLOCATE|[108]|Bytes:16
14:39:59.0 (75029109)|VARIABLE_SCOPE_BEGIN|[108]|u|User|true|false
14:39:59.0 (75043570)|VARIABLE_ASSIGNMENT|[108]|u|{"s":1,"v":{"Id":"005D0000004qFkAIAU","Name":"Sgn_Default Tester","CurrencyIsoCode":"EUR"}}|0x10bf6d7
14:39:59.0 (75046947)|STATEMENT_EXECUTE|[108]
14:39:59.0 (75048164)|STATEMENT_EXECUTE|[109]
14:39:59.0 (75060461)|HEAP_ALLOCATE|[109]|Bytes:18
14:39:59.0 (75076812)|HEAP_ALLOCATE|[EXTERNAL]|Bytes:4
14:39:59.0 (75088278)|HEAP_ALLOCATE|[108]|Bytes:5
14:39:59.0 (75108741)|HEAP_ALLOCATE|[108]|Bytes:16
14:39:59.0 (75115744)|VARIABLE_SCOPE_BEGIN|[108]|u|User|true|false
14:39:59.0 (75129790)|VARIABLE_ASSIGNMENT|[108]|u|{"s":1,"v":{"Id":"005D00000052oAVIAY","Name":"SomAt Tester","CurrencyIsoCode":"EUR"}}|0x6bf25f03
14:39:59.0 (75132952)|STATEMENT_EXECUTE|[108]
14:39:59.0 (75134862)|STATEMENT_EXECUTE|[109]
14:39:59.0 (75149804)|HEAP_ALLOCATE|[109]|Bytes:18
14:39:59.0 (75167428)|HEAP_ALLOCATE|[EXTERNAL]|Bytes:4
14:39:59.0 (75178954)|HEAP_ALLOCATE|[108]|Bytes:5
14:39:59.0 (75199350)|HEAP_ALLOCATE|[108]|Bytes:16
14:39:59.0 (75206289)|VARIABLE_SCOPE_BEGIN|[108]|u|User|true|false
14:39:59.0 (75220631)|VARIABLE_ASSIGNMENT|[108]|u|{"s":1,"v":{"Id":"005D0000002jJFZIA2","Name":"SomDig_AdTech Tester","CurrencyIsoCode":"EUR"}}|0x490817cd
14:39:59.0 (75224139)|STATEMENT_EXECUTE|[108]
14:39:59.0 (75225242)|STATEMENT_EXECUTE|[109]
14:39:59.0 (75236974)|HEAP_ALLOCATE|[109]|Bytes:18
14:39:59.0 (75252923)|HEAP_ALLOCATE|[EXTERNAL]|Bytes:4
14:39:59.0 (75264270)|HEAP_ALLOCATE|[108]|Bytes:5
14:39:59.0 (75284161)|HEAP_ALLOCATE|[108]|Bytes:16
14:39:59.0 (75290827)|VARIABLE_SCOPE_BEGIN|[108]|u|User|true|false
14:39:59.0 (75305658)|VARIABLE_ASSIGNMENT|[108]|u|{"s":1,"v":{"Id":"005D00000049FIoIAM","Name":"SomDig_Billing Teste (1 more) ...","CurrencyIsoCode":"EUR"}}|0x3b96dcd
14:39:59.0 (75308888)|STATEMENT_EXECUTE|[108]
14:39:59.0 (75310013)|STATEMENT_EXECUTE|[109]
14:39:59.0 (75322151)|HEAP_ALLOCATE|[109]|Bytes:18
14:39:59.0 (75337850)|HEAP_ALLOCATE|[EXTERNAL]|Bytes:4
14:39:59.0 (75348982)|HEAP_ALLOCATE|[108]|Bytes:5
14:39:59.0 (75369014)|HEAP_ALLOCATE|[108]|Bytes:16
14:39:59.0 (75375920)|VARIABLE_SCOPE_BEGIN|[108]|u|User|true|false
14:39:59.0 (75389544)|VARIABLE_ASSIGNMENT|[108]|u|{"s":1,"v":{"Id":"005D00000049FIpIAM","Name":"SomDig_PAM Tester","CurrencyIsoCode":"EUR"}}|0x5d5a8e23
14:39:59.0 (75392868)|STATEMENT_EXECUTE|[108]
14:39:59.0 (75393924)|STATEMENT_EXECUTE|[109]
14:39:59.0 (75405447)|HEAP_ALLOCATE|[109]|Bytes:18
14:39:59.0 (75421216)|HEAP_ALLOCATE|[EXTERNAL]|Bytes:4
14:39:59.0 (75432394)|HEAP_ALLOCATE|[108]|Bytes:5
14:39:59.0 (75452034)|HEAP_ALLOCATE|[108]|Bytes:16
14:39:59.0 (75458879)|VARIABLE_SCOPE_BEGIN|[108]|u|User|true|false
14:39:59.0 (75472403)|VARIABLE_ASSIGNMENT|[108]|u|{"s":1,"v":{"Id":"005D00000049FIqIAM","Name":"SomDig_PM Tester","CurrencyIsoCode":"EUR"}}|0x2429d8cc
14:39:59.0 (75475541)|STATEMENT_EXECUTE|[108]
14:39:59.0 (75476625)|STATEMENT_EXECUTE|[109]
14:39:59.0 (75488406)|HEAP_ALLOCATE|[109]|Bytes:18
14:39:59.0 (75504358)|HEAP_ALLOCATE|[EXTERNAL]|Bytes:4
14:39:59.0 (75515801)|HEAP_ALLOCATE|[108]|Bytes:5
14:39:59.0 (75535650)|HEAP_ALLOCATE|[108]|Bytes:16
14:39:59.0 (75542432)|VARIABLE_SCOPE_BEGIN|[108]|u|User|true|false
14:39:59.0 (75556208)|VARIABLE_ASSIGNMENT|[108]|u|{"s":1,"v":{"Id":"005D0000001VrNRIA0","Name":"SomDig_Sales Tester","CurrencyIsoCode":"EUR"}}|0x2d9605fb
14:39:59.0 (75559864)|STATEMENT_EXECUTE|[108]
14:39:59.0 (75560969)|STATEMENT_EXECUTE|[109]
14:39:59.0 (75572568)|HEAP_ALLOCATE|[109]|Bytes:18
14:39:59.0 (75588432)|HEAP_ALLOCATE|[EXTERNAL]|Bytes:4
14:39:59.0 (75600035)|HEAP_ALLOCATE|[108]|Bytes:5
14:39:59.0 (75620010)|HEAP_ALLOCATE|[108]|Bytes:16
14:39:59.0 (75626804)|VARIABLE_SCOPE_BEGIN|[108]|u|User|true|false
14:39:59.0 (75640386)|VARIABLE_ASSIGNMENT|[108]|u|{"s":1,"v":{"Id":"005D0000004rQF5IAM","Name":"Som_ReadOnly Tester","CurrencyIsoCode":"EUR"}}|0x6509c281
14:39:59.0 (75643496)|STATEMENT_EXECUTE|[108]
14:39:59.0 (75644539)|STATEMENT_EXECUTE|[109]
14:39:59.0 (75656642)|HEAP_ALLOCATE|[109]|Bytes:18
14:39:59.0 (75672513)|HEAP_ALLOCATE|[EXTERNAL]|Bytes:4
14:39:59.0 (75683701)|HEAP_ALLOCATE|[108]|Bytes:5
14:39:59.0 (75703676)|HEAP_ALLOCATE|[108]|Bytes:16
14:39:59.0 (75710557)|VARIABLE_SCOPE_BEGIN|[108]|u|User|true|false
14:39:59.0 (75725032)|VARIABLE_ASSIGNMENT|[108]|u|{"s":1,"v":{"Id":"005D00000049FIrIAM","Name":"SomTv_ADFactory Test (2 more) ...","CurrencyIsoCode":"EUR"}}|0x6c2b6395
14:39:59.0 (75728787)|STATEMENT_EXECUTE|[108]
14:39:59.0 (75729827)|STATEMENT_EXECUTE|[109]
14:39:59.0 (75741625)|HEAP_ALLOCATE|[109]|Bytes:18
14:39:59.0 (75757498)|HEAP_ALLOCATE|[EXTERNAL]|Bytes:4
14:39:59.0 (75768673)|HEAP_ALLOCATE|[108]|Bytes:5
14:39:59.0 (75788885)|HEAP_ALLOCATE|[108]|Bytes:16
14:39:59.0 (75795666)|VARIABLE_SCOPE_BEGIN|[108]|u|User|true|false
14:39:59.0 (75809882)|VARIABLE_ASSIGNMENT|[108]|u|{"s":1,"v":{"Id":"005D00000049FItIAM","Name":"SomTv_Marketing Test (2 more) ...","CurrencyIsoCode":"EUR"}}|0x62e2964
14:39:59.0 (75813028)|STATEMENT_EXECUTE|[108]
14:39:59.0 (75814383)|STATEMENT_EXECUTE|[109]
14:39:59.0 (75826228)|HEAP_ALLOCATE|[109]|Bytes:18
14:39:59.0 (75841947)|HEAP_ALLOCATE|[EXTERNAL]|Bytes:4
14:39:59.0 (75853106)|HEAP_ALLOCATE|[108]|Bytes:5
14:39:59.0 (75873253)|HEAP_ALLOCATE|[108]|Bytes:16
14:39:59.0 (75880052)|VARIABLE_SCOPE_BEGIN|[108]|u|User|true|false
14:39:59.0 (75893342)|VARIABLE_ASSIGNMENT|[108]|u|{"s":1,"v":{"Id":"005D00000049FIuIAM","Name":"SomTv_RM Tester","CurrencyIsoCode":"EUR"}}|0x1b8a4d87
14:39:59.0 (75897172)|STATEMENT_EXECUTE|[108]
14:39:59.0 (75898301)|STATEMENT_EXECUTE|[109]
14:39:59.0 (75909671)|HEAP_ALLOCATE|[109]|Bytes:18
14:39:59.0 (75925474)|HEAP_ALLOCATE|[EXTERNAL]|Bytes:4
14:39:59.0 (75936693)|HEAP_ALLOCATE|[108]|Bytes:5
14:39:59.0 (75956650)|HEAP_ALLOCATE|[108]|Bytes:16
14:39:59.0 (75963617)|VARIABLE_SCOPE_BEGIN|[108]|u|User|true|false
14:39:59.0 (75976898)|VARIABLE_ASSIGNMENT|[108]|u|{"s":1,"v":{"Id":"005D00000049FIvIAM","Name":"SomTv_Sales Tester","CurrencyIsoCode":"EUR"}}|0x303c99bd
14:39:59.0 (75984311)|STATEMENT_EXECUTE|[108]
14:39:59.0 (75985720)|STATEMENT_EXECUTE|[109]
14:39:59.0 (75998005)|HEAP_ALLOCATE|[109]|Bytes:18
14:39:59.0 (76014272)|HEAP_ALLOCATE|[EXTERNAL]|Bytes:4
14:39:59.0 (76026861)|HEAP_ALLOCATE|[108]|Bytes:5
14:39:59.0 (76047478)|HEAP_ALLOCATE|[108]|Bytes:16
14:39:59.0 (76054655)|VARIABLE_SCOPE_BEGIN|[108]|u|User|true|false
14:39:59.0 (76069616)|VARIABLE_ASSIGNMENT|[108]|u|{"s":1,"v":{"Id":"005D00000049FIyIAM","Name":"SomTv_SalesManagemen (8 more) ...","CurrencyIsoCode":"EUR"}}|0x7bc73e4
14:39:59.0 (76072816)|STATEMENT_EXECUTE|[108]
14:39:59.0 (76073866)|STATEMENT_EXECUTE|[109]
14:39:59.0 (76085882)|HEAP_ALLOCATE|[109]|Bytes:18
14:39:59.0 (76101905)|HEAP_ALLOCATE|[EXTERNAL]|Bytes:4
14:39:59.0 (76113274)|HEAP_ALLOCATE|[108]|Bytes:5
14:39:59.0 (76133567)|HEAP_ALLOCATE|[108]|Bytes:16
14:39:59.0 (76142995)|VARIABLE_SCOPE_BEGIN|[108]|u|User|true|false
14:39:59.0 (76158058)|VARIABLE_ASSIGNMENT|[108]|u|{"s":1,"v":{"Id":"005D00000049FIzIAM","Name":"SomTv_SalesSteering  (6 more) ...","CurrencyIsoCode":"EUR"}}|0x70ae1f7e
14:39:59.0 (76161573)|STATEMENT_EXECUTE|[108]
14:39:59.0 (76162587)|STATEMENT_EXECUTE|[109]
14:39:59.0 (76174931)|HEAP_ALLOCATE|[109]|Bytes:18
14:39:59.0 (76191058)|HEAP_ALLOCATE|[EXTERNAL]|Bytes:4
14:39:59.0 (76202212)|HEAP_ALLOCATE|[108]|Bytes:5
14:39:59.0 (76222636)|HEAP_ALLOCATE|[108]|Bytes:16
14:39:59.0 (76229460)|VARIABLE_SCOPE_BEGIN|[108]|u|User|true|false
14:39:59.0 (76243384)|VARIABLE_ASSIGNMENT|[108]|u|{"s":1,"v":{"Id":"005D00000049FJ0IAM","Name":"SomTv_TeamCRM Tester","CurrencyIsoCode":"EUR"}}|0x39018299
14:39:59.0 (76246616)|STATEMENT_EXECUTE|[108]
14:39:59.0 (76247686)|STATEMENT_EXECUTE|[109]
14:39:59.0 (76259203)|HEAP_ALLOCATE|[109]|Bytes:18
14:39:59.0 (76274888)|HEAP_ALLOCATE|[EXTERNAL]|Bytes:4
14:39:59.0 (76285977)|HEAP_ALLOCATE|[108]|Bytes:5
14:39:59.0 (76306040)|HEAP_ALLOCATE|[108]|Bytes:16
14:39:59.0 (76312990)|VARIABLE_SCOPE_BEGIN|[108]|u|User|true|false
14:39:59.0 (76326948)|VARIABLE_ASSIGNMENT|[108]|u|{"s":1,"v":{"Id":"005D00000049FJ2IAM","Name":"Ven_Controlling Test (2 more) ...","CurrencyIsoCode":"EUR"}}|0x6da40575
14:39:59.0 (76330704)|STATEMENT_EXECUTE|[108]
14:39:59.0 (76331752)|STATEMENT_EXECUTE|[109]
14:39:59.0 (76343410)|HEAP_ALLOCATE|[109]|Bytes:18
14:39:59.0 (76359139)|HEAP_ALLOCATE|[EXTERNAL]|Bytes:4
14:39:59.0 (76370396)|HEAP_ALLOCATE|[108]|Bytes:5
14:39:59.0 (76390385)|HEAP_ALLOCATE|[108]|Bytes:16
14:39:59.0 (76397136)|VARIABLE_SCOPE_BEGIN|[108]|u|User|true|false
14:39:59.0 (76411251)|VARIABLE_ASSIGNMENT|[108]|u|{"s":1,"v":{"Id":"005D0000002jIReIAM","Name":"Ven_DataManager Test (2 more) ...","CurrencyIsoCode":"EUR"}}|0x9637876
14:39:59.0 (76414486)|STATEMENT_EXECUTE|[108]
14:39:59.0 (76415489)|STATEMENT_EXECUTE|[109]
14:39:59.0 (76427157)|HEAP_ALLOCATE|[109]|Bytes:18
14:39:59.0 (76442825)|HEAP_ALLOCATE|[EXTERNAL]|Bytes:4
14:39:59.0 (76454159)|HEAP_ALLOCATE|[108]|Bytes:5
14:39:59.0 (76474363)|HEAP_ALLOCATE|[108]|Bytes:16
14:39:59.0 (76481231)|VARIABLE_SCOPE_BEGIN|[108]|u|User|true|false
14:39:59.0 (76502673)|VARIABLE_ASSIGNMENT|[108]|u|{"s":1,"v":{"Id":"005D000000410gaIAA","Name":"Ven_Extern Tester","CurrencyIsoCode":"EUR"}}|0x936d3cb
14:39:59.0 (76508391)|STATEMENT_EXECUTE|[108]
14:39:59.0 (76510351)|STATEMENT_EXECUTE|[109]
14:39:59.0 (76526987)|HEAP_ALLOCATE|[109]|Bytes:18
14:39:59.0 (76544614)|HEAP_ALLOCATE|[EXTERNAL]|Bytes:4
14:39:59.0 (76556320)|HEAP_ALLOCATE|[108]|Bytes:5
14:39:59.0 (76576775)|HEAP_ALLOCATE|[108]|Bytes:16
14:39:59.0 (76583827)|VARIABLE_SCOPE_BEGIN|[108]|u|User|true|false
14:39:59.0 (76598451)|VARIABLE_ASSIGNMENT|[108]|u|{"s":1,"v":{"Id":"005D00000049FJ3IAM","Name":"Ven_InvestmentManage (8 more) ...","CurrencyIsoCode":"EUR"}}|0x3c169d3e
14:39:59.0 (76601615)|STATEMENT_EXECUTE|[108]
14:39:59.0 (76602648)|STATEMENT_EXECUTE|[109]
14:39:59.0 (76614463)|HEAP_ALLOCATE|[109]|Bytes:18
14:39:59.0 (76630263)|HEAP_ALLOCATE|[EXTERNAL]|Bytes:4
14:39:59.0 (76641623)|HEAP_ALLOCATE|[108]|Bytes:5
14:39:59.0 (76664871)|HEAP_ALLOCATE|[108]|Bytes:16
14:39:59.0 (76675203)|VARIABLE_SCOPE_BEGIN|[108]|u|User|true|false
14:39:59.0 (76690151)|VARIABLE_ASSIGNMENT|[108]|u|{"s":1,"v":{"Id":"005D00000049FJ4IAM","Name":"Ven_MediaExpert Test (2 more) ...","CurrencyIsoCode":"EUR"}}|0x71d4a864
14:39:59.0 (76693839)|STATEMENT_EXECUTE|[108]
14:39:59.0 (76694934)|STATEMENT_EXECUTE|[109]
14:39:59.0 (76708062)|HEAP_ALLOCATE|[109]|Bytes:18
14:39:59.0 (76724343)|HEAP_ALLOCATE|[EXTERNAL]|Bytes:4
14:39:59.0 (76736087)|HEAP_ALLOCATE|[108]|Bytes:5
14:39:59.0 (76756987)|HEAP_ALLOCATE|[108]|Bytes:16
14:39:59.0 (76764023)|VARIABLE_SCOPE_BEGIN|[108]|u|User|true|false
14:39:59.0 (76777217)|VARIABLE_ASSIGNMENT|[108]|u|{"s":1,"v":{"Id":"005D00000049FJ5IAM","Name":"Ven_ReadOnly Tester","CurrencyIsoCode":"EUR"}}|0x63e6dee0
14:39:59.0 (76780281)|STATEMENT_EXECUTE|[108]
14:39:59.0 (76781441)|STATEMENT_EXECUTE|[109]
14:39:59.0 (76793278)|HEAP_ALLOCATE|[109]|Bytes:18
14:39:59.0 (76808979)|HEAP_ALLOCATE|[EXTERNAL]|Bytes:4
14:39:59.0 (76820168)|HEAP_ALLOCATE|[108]|Bytes:5
14:39:59.0 (76840134)|HEAP_ALLOCATE|[108]|Bytes:16
14:39:59.0 (76847019)|VARIABLE_SCOPE_BEGIN|[108]|u|User|true|false
14:39:59.0 (76860480)|VARIABLE_ASSIGNMENT|[108]|u|{"s":1,"v":{"Id":"005D00000049FJ6IAM","Name":"Ven_Standard Tester","CurrencyIsoCode":"EUR"}}|0x5c71f1dc
14:39:59.0 (76864203)|STATEMENT_EXECUTE|[108]
14:39:59.0 (76865246)|STATEMENT_EXECUTE|[109]
14:39:59.0 (76876716)|HEAP_ALLOCATE|[109]|Bytes:18
14:39:59.0 (76892303)|HEAP_ALLOCATE|[EXTERNAL]|Bytes:4
14:39:59.0 (76903650)|HEAP_ALLOCATE|[108]|Bytes:5
14:39:59.0 (76914619)|VARIABLE_ASSIGNMENT|[108]|u|null|
14:39:59.0 (76917588)|STATEMENT_EXECUTE|[111]
14:39:59.0 (77198401)|SYSTEM_MODE_ENTER|true
14:39:59.0 (77251243)|HEAP_ALLOCATE|[EXTERNAL]|Bytes:52
14:39:59.0 (77258999)|VARIABLE_SCOPE_BEGIN|[114]|this|cls_P7S1_User_ChangeProfile|true|false
14:39:59.0 (77291357)|VARIABLE_ASSIGNMENT|[114]|this|{"currentUser":"0x4cddaf9f","ShowPanel":"Admin","userList":"0x4d94a72"}|0x69bf9081
14:39:59.0 (77302254)|HEAP_ALLOCATE|[114]|Bytes:5
14:39:59.0 (77306149)|STATEMENT_EXECUTE|[114]
14:39:59.0 (77307576)|STATEMENT_EXECUTE|[114]
14:39:59.0 (79502332)|VF_SERIALIZE_VIEWSTATE_BEGIN|066D0000000V3u3
14:39:59.0 (83364901)|VF_SERIALIZE_VIEWSTATE_END
14:39:59.87 (87560898)|CUMULATIVE_LIMIT_USAGE
14:39:59.87 (87560898)|LIMIT_USAGE_FOR_NS|(default)|
  Number of SOQL queries: 2 out of 100
  Number of query rows: 26 out of 50000
  Number of SOSL queries: 0 out of 20
  Number of DML statements: 0 out of 150
  Number of DML rows: 0 out of 10000
  Maximum CPU time: 0 out of 10000
  Maximum heap size: 0 out of 6000000
  Number of callouts: 0 out of 100
  Number of Email Invocations: 0 out of 10
  Number of future calls: 0 out of 50
  Number of queueable jobs added to the queue: 0 out of 50
  Number of Mobile Apex push calls: 0 out of 10

14:39:59.87 (87560898)|CUMULATIVE_LIMIT_USAGE_END

14:39:59.0 (87613365)|CODE_UNIT_FINISHED|VF: /apex/vfp_P7S1_User_ChangeProfile
14:39:59.0 (88608119)|EXECUTION_FINISHED
